Aggregate  (cost=359121.29..359121.30 rows=1 width=96) (actual time=4598.290..4598.290 rows=1 loops=1)
  ->  Hash Join  (cost=170126.35..357994.36 rows=150257 width=42) (actual time=3419.307..4225.925 rows=670390 loops=1)
        Hash Cond: (mi.movie_id = t.id)
        ->  Nested Loop  (cost=3971.58..179403.51 rows=3036719 width=4) (actual time=212.303..1284.207 rows=3036719 loops=1)
              ->  Seq Scan on info_type it2  (cost=0.00..2.41 rows=1 width=4) (actual time=0.010..0.024 rows=1 loops=1)
                    Filter: ((info)::text = 'release dates'::text)
                    Rows Removed by Filter: 112
              ->  Bitmap Heap Scan on movie_info mi  (cost=3971.58..177280.91 rows=212019 width=8) (actual time=212.290..809.331 rows=3036719 loops=1)
                    Recheck Cond: (info_type_id = it2.id)
                    Heap Blocks: exact=25448
                    ->  Bitmap Index Scan on info_type_id_movie_info  (cost=0.00..3918.58 rows=212019 width=0) (actual time=206.776..206.776 rows=3036719 loops=1)
                          Index Cond: (info_type_id = it2.id)
        ->  Hash  (cost=165063.61..165063.61 rows=87293 width=54) (actual time=2365.217..2365.217 rows=87293 loops=1)
              Buckets: 131072  Batches: 1  Memory Usage: 8689kB
              ->  Hash Join  (cost=96367.02..165063.61 rows=87293 width=54) (actual time=1813.990..2330.886 rows=87293 loops=1)
                    Hash Cond: (mc.company_id = cn.id)
                    ->  Hash Join  (cost=89374.02..154250.17 rows=302610 width=39) (actual time=1739.230..2180.747 rows=302610 loops=1)
                          Hash Cond: (mc.company_type_id = ct.id)
                          ->  Hash Join  (cost=89372.96..146204.20 rows=773084 width=43) (actual time=1145.064..2048.964 rows=773084 loops=1)
                                Hash Cond: (mc.movie_id = t.id)
                                ->  Seq Scan on movie_companies mc  (cost=0.00..44881.29 rows=2609129 width=12) (actual time=0.009..376.101 rows=2609129 loops=1)
                                ->  Hash  (cost=86749.46..86749.46 rows=209880 width=31) (actual time=1016.283..1016.283 rows=209880 loops=1)
                                      Buckets: 262144  Batches: 1  Memory Usage: 15015kB
                                      ->  Hash Join  (cost=68118.97..86749.46 rows=209880 width=31) (actual time=684.932..946.683 rows=209880 loops=1)
                                            Hash Cond: (miidx.movie_id = t.id)
                                            ->  Nested Loop  (cost=6462.25..22162.36 rows=459925 width=10) (actual time=32.134..229.227 rows=459925 loops=1)
                                                  ->  Seq Scan on info_type it  (cost=0.00..2.41 rows=1 width=4) (actual time=0.017..0.024 rows=1 loops=1)
                                                        Filter: ((info)::text = 'rating'::text)
                                                        Rows Removed by Filter: 112
                                                  ->  Bitmap Heap Scan on movie_info_idx miidx  (cost=6462.25..18709.86 rows=345009 width=14) (actual time=32.110..151.487 rows=459925 loops=1)
                                                        Recheck Cond: (info_type_id = it.id)
                                                        Heap Blocks: exact=7934
                                                        ->  Bitmap Index Scan on info_type_id_movie_info_idx  (cost=0.00..6375.99 rows=345009 width=0) (actual time=30.629..30.629 rows=459925 loops=1)
                                                              Index Cond: (info_type_id = it.id)
                                            ->  Hash  (cost=53371.41..53371.41 rows=662825 width=21) (actual time=534.048..534.048 rows=662825 loops=1)
                                                  Buckets: 1048576  Batches: 1  Memory Usage: 44421kB
                                                  ->  Nested Loop  (cost=7890.42..53371.41 rows=662825 width=21) (actual time=47.088..337.832 rows=662825 loops=1)
                                                        ->  Seq Scan on kind_type kt  (cost=0.00..1.09 rows=1 width=4) (actual time=0.009..0.014 rows=1 loops=1)
                                                              Filter: ((kind)::text = 'movie'::text)
                                                              Rows Removed by Filter: 6
                                                        ->  Bitmap Heap Scan on title t  (cost=7890.42..49156.14 rows=421418 width=25) (actual time=47.074..230.465 rows=662825 loops=1)
                                                              Recheck Cond: (kind_id = kt.id)
                                                              Heap Blocks: exact=12863
                                                              ->  Bitmap Index Scan on kind_id_title  (cost=0.00..7785.07 rows=421418 width=0) (actual time=44.688..44.688 rows=662825 loops=1)
                                                                    Index Cond: (kind_id = kt.id)
                          ->  Hash  (cost=1.05..1.05 rows=1 width=4) (actual time=0.015..0.015 rows=1 loops=1)
                                Buckets: 1024  Batches: 1  Memory Usage: 9kB
                                ->  Seq Scan on company_type ct  (cost=0.00..1.05 rows=1 width=4) (actual time=0.008..0.008 rows=1 loops=1)
                                      Filter: ((kind)::text = 'production companies'::text)
                                      Rows Removed by Filter: 3
                    ->  Hash  (cost=5932.46..5932.46 rows=84843 width=23) (actual time=74.662..74.662 rows=84843 loops=1)
                          Buckets: 131072  Batches: 1  Memory Usage: 5810kB
                          ->  Seq Scan on company_name cn  (cost=0.00..5932.46 rows=84843 width=23) (actual time=0.023..56.972 rows=84843 loops=1)
                                Filter: ((country_code)::text = '[us]'::text)
                                Rows Removed by Filter: 150154
Planning time: 8.404 ms
Execution time: 4598.709 ms
