Aggregate  (cost=7417.49..7417.50 rows=1 width=64) (actual time=1135.959..1135.960 rows=1 loops=1)
  ->  Nested Loop  (cost=8.06..7417.48 rows=1 width=23) (actual time=4.334..1131.585 rows=4115 loops=1)
        Join Filter: (mi.info_type_id = it1.id)
        Rows Removed by Join Filter: 594
        ->  Nested Loop  (cost=8.06..7415.06 rows=1 width=27) (actual time=4.329..1104.600 rows=4709 loops=1)
              Join Filter: (t.id = mi.movie_id)
              ->  Nested Loop  (cost=7.62..7413.19 rows=1 width=35) (actual time=4.266..510.467 rows=5949 loops=1)
                    Join Filter: (mi_idx.info_type_id = it2.id)
                    Rows Removed by Join Filter: 11943
                    ->  Seq Scan on info_type it2  (cost=0.00..2.41 rows=1 width=4) (actual time=0.015..0.018 rows=1 loops=1)
                          Filter: ((info)::text = 'rating'::text)
                          Rows Removed by Filter: 112
                    ->  Nested Loop  (cost=7.62..7410.21 rows=45 width=39) (actual time=4.247..507.076 rows=17892 loops=1)
                          Join Filter: (t.id = mi_idx.movie_id)
                          ->  Nested Loop  (cost=7.20..7401.65 rows=16 width=25) (actual time=4.208..412.406 rows=8073 loops=1)
                                Join Filter: (t.kind_id = kt.id)
                                Rows Removed by Join Filter: 4332
                                ->  Nested Loop  (cost=7.20..7398.98 rows=55 width=29) (actual time=4.181..405.507 rows=9739 loops=1)
                                      ->  Nested Loop  (cost=6.77..7332.86 rows=135 width=4) (actual time=4.168..182.688 rows=37091 loops=1)
                                            ->  Seq Scan on keyword k  (cost=0.00..2961.55 rows=4 width=4) (actual time=1.393..33.601 rows=3 loops=1)
                                                  Filter: ((keyword IS NOT NULL) AND (keyword = ANY ('{murder,murder-in-title,blood,violence}'::text[])))
                                                  Rows Removed by Filter: 134167
                                            ->  Bitmap Heap Scan on movie_keyword mk  (cost=6.77..1089.82 rows=301 width=8) (actual time=3.379..47.117 rows=12364 loops=3)
                                                  Recheck Cond: (keyword_id = k.id)
                                                  Heap Blocks: exact=26312
                                                  ->  Bitmap Index Scan on keyword_id_movie_keyword  (cost=0.00..6.69 rows=301 width=0) (actual time=1.790..1.790 rows=12364 loops=3)
                                                        Index Cond: (keyword_id = k.id)
                                      ->  Index Scan using title_pkey on title t  (cost=0.43..0.49 rows=1 width=25) (actual time=0.006..0.006 rows=0 loops=37091)
                                            Index Cond: (id = mk.movie_id)
                                            Filter: (production_year > 2005)
                                            Rows Removed by Filter: 1
                                ->  Materialize  (cost=0.00..1.10 rows=2 width=4) (actual time=0.000..0.000 rows=1 loops=9739)
                                      ->  Seq Scan on kind_type kt  (cost=0.00..1.09 rows=2 width=4) (actual time=0.004..0.006 rows=2 loops=1)
                                            Filter: ((kind)::text = ANY ('{movie,episode}'::text[]))
                                            Rows Removed by Filter: 5
                          ->  Index Scan using movie_id_movie_info_idx on movie_info_idx mi_idx  (cost=0.43..0.50 rows=3 width=14) (actual time=0.010..0.011 rows=2 loops=8073)
                                Index Cond: (movie_id = mk.movie_id)
                                Filter: (info < '8.5'::text)
                                Rows Removed by Filter: 0
              ->  Index Scan using movie_id_movie_info on movie_info mi  (cost=0.43..1.84 rows=2 width=8) (actual time=0.086..0.099 rows=1 loops=5949)
                    Index Cond: (movie_id = mk.movie_id)
                    Filter: (info = ANY ('{Sweden,Norway,Germany,Denmark,Swedish,Danish,Norwegian,German,USA,American}'::text[]))
                    Rows Removed by Filter: 71
        ->  Seq Scan on info_type it1  (cost=0.00..2.41 rows=1 width=4) (actual time=0.004..0.005 rows=1 loops=4709)
              Filter: ((info)::text = 'countries'::text)
              Rows Removed by Filter: 20
Planning time: 4.915 ms
Execution time: 1136.042 ms
