Aggregate  (cost=112033.23..112033.24 rows=1 width=64) (actual time=1043.097..1043.097 rows=1 loops=1)
  ->  Nested Loop  (cost=21319.97..112033.14 rows=17 width=61) (actual time=225.121..1042.800 rows=328 loops=1)
        ->  Nested Loop  (cost=21319.55..112025.68 rows=17 width=65) (actual time=225.107..1041.542 rows=328 loops=1)
              ->  Nested Loop  (cost=21319.12..112023.88 rows=1 width=77) (actual time=221.233..1041.079 rows=57 loops=1)
                    ->  Nested Loop  (cost=21318.99..112023.72 rows=1 width=81) (actual time=221.224..1040.941 rows=57 loops=1)
                          Join Filter: (mi.info_type_id = it1.id)
                          ->  Seq Scan on info_type it1  (cost=0.00..2.41 rows=1 width=4) (actual time=0.011..0.023 rows=1 loops=1)
                                Filter: ((info)::text = 'release dates'::text)
                                Rows Removed by Filter: 112
                          ->  Nested Loop  (cost=21318.99..112020.85 rows=37 width=85) (actual time=221.211..1040.897 rows=57 loops=1)
                                ->  Nested Loop  (cost=21318.55..97394.57 rows=7484 width=33) (actual time=213.073..895.988 rows=5134 loops=1)
                                      ->  Hash Join  (cost=21318.12..84409.93 rows=13699 width=12) (actual time=213.047..841.845 rows=13699 loops=1)
                                            Hash Cond: (mc.movie_id = at.movie_id)
                                            ->  Hash Join  (cost=6993.00..65698.44 rows=43837 width=8) (actual time=67.147..673.835 rows=43837 loops=1)
                                                  Hash Cond: (mc.company_id = cn.id)
                                                  ->  Seq Scan on movie_companies mc  (cost=0.00..57926.93 rows=61664 width=12) (actual time=0.008..585.185 rows=61664 loops=1)
                                                        Filter: ((note ~~ '%(200%)%'::text) AND (note ~~ '%(worldwide)%'::text))
                                                        Rows Removed by Filter: 2547465
                                                  ->  Hash  (cost=5932.46..5932.46 rows=84843 width=4) (actual time=66.991..66.991 rows=84843 loops=1)
                                                        Buckets: 131072  Batches: 1  Memory Usage: 4007kB
                                                        ->  Seq Scan on company_name cn  (cost=0.00..5932.46 rows=84843 width=4) (actual time=0.008..53.267 rows=84843 loops=1)
                                                              Filter: ((country_code)::text = '[us]'::text)
                                                              Rows Removed by Filter: 150154
                                            ->  Hash  (cost=9806.72..9806.72 rows=361472 width=4) (actual time=144.983..144.983 rows=361472 loops=1)
                                                  Buckets: 524288  Batches: 1  Memory Usage: 16804kB
                                                  ->  Seq Scan on aka_title at  (cost=0.00..9806.72 rows=361472 width=4) (actual time=0.010..84.367 rows=361472 loops=1)
                                      ->  Index Scan using title_pkey on title t  (cost=0.43..0.95 rows=1 width=21) (actual time=0.004..0.004 rows=0 loops=13699)
                                            Index Cond: (id = at.movie_id)
                                            Filter: (production_year > 2000)
                                            Rows Removed by Filter: 1
                                ->  Index Scan using movie_id_movie_info on movie_info mi  (cost=0.43..1.94 rows=1 width=52) (actual time=0.028..0.028 rows=0 loops=5134)
                                      Index Cond: (movie_id = t.id)
                                      Filter: ((note ~~ '%internet%'::text) AND (info ~~ 'USA:% 200%'::text))
                                      Rows Removed by Filter: 72
                    ->  Index Only Scan using company_type_pkey on company_type ct  (cost=0.13..0.15 rows=1 width=4) (actual time=0.002..0.002 rows=1 loops=57)
                          Index Cond: (id = mc.company_type_id)
                          Heap Fetches: 57
              ->  Index Scan using movie_id_movie_keyword on movie_keyword mk  (cost=0.43..1.34 rows=46 width=8) (actual time=0.005..0.007 rows=6 loops=57)
                    Index Cond: (movie_id = t.id)
        ->  Index Only Scan using keyword_pkey on keyword k  (cost=0.42..0.44 rows=1 width=4) (actual time=0.003..0.003 rows=1 loops=328)
              Index Cond: (id = mk.keyword_id)
              Heap Fetches: 328
Planning time: 12.243 ms
Execution time: 1043.274 ms
