Aggregate  (cost=7241.68..7241.69 rows=1 width=64) (actual time=45.308..45.309 rows=1 loops=1)
  ->  Nested Loop  (cost=2.57..7241.63 rows=9 width=61) (actual time=9.081..45.280 rows=37 loops=1)
        ->  Nested Loop  (cost=2.15..7237.68 rows=9 width=65) (actual time=9.071..45.111 rows=37 loops=1)
              ->  Nested Loop  (cost=1.72..7235.78 rows=1 width=77) (actual time=7.669..45.065 rows=3 loops=1)
                    Join Filter: (mc.company_type_id = ct.id)
                    ->  Nested Loop  (cost=1.72..7234.69 rows=1 width=81) (actual time=7.665..45.055 rows=3 loops=1)
                          Join Filter: (mi.info_type_id = it1.id)
                          ->  Seq Scan on info_type it1  (cost=0.00..2.41 rows=1 width=4) (actual time=0.010..0.027 rows=1 loops=1)
                                Filter: ((info)::text = 'release dates'::text)
                                Rows Removed by Filter: 112
                          ->  Nested Loop  (cost=1.72..7232.24 rows=3 width=85) (actual time=7.654..45.026 rows=3 loops=1)
                                ->  Nested Loop  (cost=1.28..7167.26 rows=26 width=33) (actual time=6.547..44.542 rows=26 loops=1)
                                      ->  Nested Loop  (cost=0.85..7141.60 rows=27 width=12) (actual time=6.534..44.371 rows=27 loops=1)
                                            ->  Nested Loop  (cost=0.43..6871.62 rows=278 width=8) (actual time=6.274..43.449 rows=278 loops=1)
                                                  ->  Seq Scan on company_name cn  (cost=0.00..6519.95 rows=1 width=4) (actual time=6.248..41.613 rows=1 loops=1)
                                                        Filter: (((country_code)::text = '[us]'::text) AND (name = 'YouTube'::text))
                                                        Rows Removed by Filter: 234996
                                                  ->  Index Scan using company_id_movie_companies on movie_companies mc  (cost=0.43..351.66 rows=1 width=12) (actual time=0.022..1.787 rows=278 loops=1)
                                                        Index Cond: (company_id = cn.id)
                                                        Filter: ((note ~~ '%(200%)%'::text) AND (note ~~ '%(worldwide)%'::text))
                                                        Rows Removed by Filter: 1180
                                            ->  Index Only Scan using movie_id_aka_title on aka_title at  (cost=0.42..0.94 rows=3 width=4) (actual time=0.003..0.003 rows=0 loops=278)
                                                  Index Cond: (movie_id = mc.movie_id)
                                                  Heap Fetches: 27
                                      ->  Index Scan using title_pkey on title t  (cost=0.43..0.95 rows=1 width=21) (actual time=0.006..0.006 rows=1 loops=27)
                                            Index Cond: (id = at.movie_id)
                                            Filter: ((production_year >= 2005) AND (production_year <= 2010))
                                            Rows Removed by Filter: 0
                                ->  Index Scan using movie_id_movie_info on movie_info mi  (cost=0.43..2.49 rows=1 width=52) (actual time=0.017..0.018 rows=0 loops=26)
                                      Index Cond: (movie_id = t.id)
                                      Filter: ((note ~~ '%internet%'::text) AND (info ~~ 'USA:% 200%'::text))
                                      Rows Removed by Filter: 19
                    ->  Seq Scan on company_type ct  (cost=0.00..1.04 rows=4 width=4) (actual time=0.002..0.002 rows=1 loops=3)
              ->  Index Scan using movie_id_movie_keyword on movie_keyword mk  (cost=0.43..1.44 rows=46 width=8) (actual time=0.008..0.012 rows=12 loops=3)
                    Index Cond: (movie_id = t.id)
        ->  Index Only Scan using keyword_pkey on keyword k  (cost=0.42..0.44 rows=1 width=4) (actual time=0.004..0.004 rows=1 loops=37)
              Index Cond: (id = mk.keyword_id)
              Heap Fetches: 37
Planning time: 12.316 ms
Execution time: 45.391 ms
