Aggregate  (cost=6886.60..6886.61 rows=1 width=64) (actual time=51.063..51.063 rows=1 loops=1)
  ->  Nested Loop  (cost=2.57..6886.56 rows=9 width=61) (actual time=13.476..51.034 rows=37 loops=1)
        ->  Nested Loop  (cost=2.15..6882.61 rows=9 width=65) (actual time=13.465..50.855 rows=37 loops=1)
              ->  Nested Loop  (cost=1.72..6880.71 rows=1 width=77) (actual time=9.865..50.808 rows=3 loops=1)
                    Join Filter: (mi.info_type_id = it1.id)
                    ->  Nested Loop  (cost=1.72..6878.28 rows=1 width=81) (actual time=9.858..50.788 rows=3 loops=1)
                          ->  Nested Loop  (cost=1.28..6875.81 rows=1 width=29) (actual time=6.941..50.265 rows=26 loops=1)
                                ->  Nested Loop  (cost=0.85..6874.86 rows=1 width=8) (actual time=6.930..50.064 rows=27 loops=1)
                                      Join Filter: (mc.company_type_id = ct.id)
                                      ->  Nested Loop  (cost=0.85..6873.77 rows=1 width=12) (actual time=6.926..50.015 rows=27 loops=1)
                                            ->  Nested Loop  (cost=0.43..6871.62 rows=1 width=8) (actual time=6.316..48.966 rows=278 loops=1)
                                                  ->  Seq Scan on company_name cn  (cost=0.00..6519.95 rows=1 width=4) (actual time=6.242..41.653 rows=1 loops=1)
                                                        Filter: (((country_code)::text = '[us]'::text) AND (name = 'YouTube'::text))
                                                        Rows Removed by Filter: 234996
                                                  ->  Index Scan using company_id_movie_companies on movie_companies mc  (cost=0.43..351.66 rows=1 width=12) (actual time=0.068..7.245 rows=278 loops=1)
                                                        Index Cond: (company_id = cn.id)
                                                        Filter: ((note ~~ '%(200%)%'::text) AND (note ~~ '%(worldwide)%'::text))
                                                        Rows Removed by Filter: 1180
                                            ->  Index Only Scan using movie_id_aka_title on aka_title at  (cost=0.42..2.11 rows=3 width=4) (actual time=0.003..0.003 rows=0 loops=278)
                                                  Index Cond: (movie_id = mc.movie_id)
                                                  Heap Fetches: 27
                                      ->  Seq Scan on company_type ct  (cost=0.00..1.04 rows=4 width=4) (actual time=0.001..0.001 rows=1 loops=27)
                                ->  Index Scan using title_pkey on title t  (cost=0.43..0.95 rows=1 width=21) (actual time=0.007..0.007 rows=1 loops=27)
                                      Index Cond: (id = at.movie_id)
                                      Filter: ((production_year >= 2005) AND (production_year <= 2010))
                                      Rows Removed by Filter: 0
                          ->  Index Scan using movie_id_movie_info on movie_info mi  (cost=0.43..2.47 rows=1 width=52) (actual time=0.018..0.020 rows=0 loops=26)
                                Index Cond: (movie_id = t.id)
                                Filter: ((note ~~ '%internet%'::text) AND (info ~~ 'USA:% 200%'::text))
                                Rows Removed by Filter: 19
                    ->  Seq Scan on info_type it1  (cost=0.00..2.41 rows=1 width=4) (actual time=0.005..0.005 rows=1 loops=3)
                          Filter: ((info)::text = 'release dates'::text)
                          Rows Removed by Filter: 15
              ->  Index Scan using movie_id_movie_keyword on movie_keyword mk  (cost=0.43..1.44 rows=46 width=8) (actual time=0.009..0.013 rows=12 loops=3)
                    Index Cond: (movie_id = t.id)
        ->  Index Only Scan using keyword_pkey on keyword k  (cost=0.42..0.44 rows=1 width=4) (actual time=0.004..0.004 rows=1 loops=37)
              Index Cond: (id = mk.keyword_id)
              Heap Fetches: 37
Planning time: 12.548 ms
Execution time: 51.150 ms
