Aggregate  (cost=179283.62..179283.63 rows=1 width=64) (actual time=886.299..886.299 rows=1 loops=1)
  ->  Nested Loop  (cost=3922.22..179280.27 rows=671 width=61) (actual time=167.882..884.526 rows=2271 loops=1)
        Join Filter: (t.id = at.movie_id)
        ->  Nested Loop  (cost=3921.80..179139.66 rows=271 width=77) (actual time=165.795..867.642 rows=7964 loops=1)
              ->  Nested Loop  (cost=3921.38..179020.75 rows=271 width=81) (actual time=165.780..843.536 rows=7964 loops=1)
                    ->  Nested Loop  (cost=3920.95..178983.33 rows=21 width=73) (actual time=165.767..829.628 rows=2647 loops=1)
                          ->  Hash Join  (cost=3920.53..178957.02 rows=59 width=77) (actual time=165.753..816.456 rows=2884 loops=1)
                                Hash Cond: (mc.company_type_id = ct.id)
                                ->  Nested Loop  (cost=3919.44..178955.31 rows=60 width=81) (actual time=165.735..814.940 rows=2884 loops=1)
                                      ->  Nested Loop  (cost=3919.01..178948.42 rows=11 width=69) (actual time=165.722..803.406 rows=1782 loops=1)
                                            ->  Nested Loop  (cost=3918.58..178820.50 rows=16 width=48) (actual time=165.698..792.340 rows=1783 loops=1)
                                                  ->  Seq Scan on info_type it1  (cost=0.00..2.41 rows=1 width=4) (actual time=0.006..0.019 rows=1 loops=1)
                                                        Filter: ((info)::text = 'release dates'::text)
                                                        Rows Removed by Filter: 112
                                                  ->  Bitmap Heap Scan on movie_info mi  (cost=3918.58..178818.05 rows=4 width=52) (actual time=165.688..791.920 rows=1783 loops=1)
                                                        Recheck Cond: (info_type_id = it1.id)
                                                        Filter: ((info IS NOT NULL) AND (note ~~ '%internet%'::text) AND ((info ~~ 'USA:% 199%'::text) OR (info ~~ 'USA:% 200%'::text)))
                                                        Rows Removed by Filter: 3034936
                                                        Heap Blocks: exact=25448
                                                        ->  Bitmap Index Scan on info_type_id_movie_info  (cost=0.00..3918.58 rows=212019 width=0) (actual time=160.044..160.044 rows=3036719 loops=1)
                                                              Index Cond: (info_type_id = it1.id)
                                            ->  Index Scan using title_pkey on title t  (cost=0.43..7.99 rows=1 width=21) (actual time=0.006..0.006 rows=1 loops=1783)
                                                  Index Cond: (id = mi.movie_id)
                                                  Filter: (production_year > 1990)
                                                  Rows Removed by Filter: 0
                                      ->  Index Scan using movie_id_movie_companies on movie_companies mc  (cost=0.43..0.58 rows=5 width=12) (actual time=0.005..0.006 rows=2 loops=1782)
                                            Index Cond: (movie_id = t.id)
                                ->  Hash  (cost=1.04..1.04 rows=4 width=4) (actual time=0.008..0.008 rows=4 loops=1)
                                      Buckets: 1024  Batches: 1  Memory Usage: 9kB
                                      ->  Seq Scan on company_type ct  (cost=0.00..1.04 rows=4 width=4) (actual time=0.004..0.006 rows=4 loops=1)
                          ->  Index Scan using company_name_pkey on company_name cn  (cost=0.42..0.45 rows=1 width=4) (actual time=0.004..0.004 rows=1 loops=2884)
                                Index Cond: (id = mc.company_id)
                                Filter: ((country_code)::text = '[us]'::text)
                                Rows Removed by Filter: 0
                    ->  Index Scan using movie_id_movie_keyword on movie_keyword mk  (cost=0.43..1.32 rows=46 width=8) (actual time=0.003..0.004 rows=3 loops=2647)
                          Index Cond: (movie_id = t.id)
              ->  Index Only Scan using keyword_pkey on keyword k  (cost=0.42..0.44 rows=1 width=4) (actual time=0.003..0.003 rows=1 loops=7964)
                    Index Cond: (id = mk.keyword_id)
                    Heap Fetches: 7964
        ->  Index Only Scan using movie_id_aka_title on aka_title at  (cost=0.42..0.48 rows=3 width=4) (actual time=0.002..0.002 rows=0 loops=7964)
              Index Cond: (movie_id = mk.movie_id)
              Heap Fetches: 2271
Planning time: 12.320 ms
Execution time: 886.392 ms
