Aggregate  (cost=3793.08..3793.09 rows=1 width=64) (actual time=454.745..454.745 rows=1 loops=1)
  ->  Nested Loop  (cost=9.47..3792.72 rows=73 width=33) (actual time=16.584..454.429 rows=385 loops=1)
        Join Filter: (n.id = an.person_id)
        ->  Nested Loop  (cost=9.04..3777.64 rows=31 width=25) (actual time=16.557..451.765 rows=323 loops=1)
              ->  Nested Loop  (cost=8.61..3763.52 rows=31 width=21) (actual time=16.531..448.566 rows=323 loops=1)
                    Join Filter: (t.id = ci.movie_id)
                    ->  Nested Loop  (cost=8.05..3759.55 rows=2 width=29) (actual time=16.504..354.493 rows=25 loops=1)
                          ->  Nested Loop  (cost=7.63..3757.32 rows=5 width=33) (actual time=16.324..354.128 rows=54 loops=1)
                                Join Filter: (t.id = mc.movie_id)
                                ->  Nested Loop  (cost=7.20..3756.72 rows=1 width=25) (actual time=13.774..353.331 rows=146 loops=1)
                                      ->  Nested Loop  (cost=6.77..3739.98 rows=34 width=4) (actual time=7.035..109.701 rows=41840 loops=1)
                                            ->  Seq Scan on keyword k  (cost=0.00..2626.12 rows=1 width=4) (actual time=0.638..17.225 rows=1 loops=1)
                                                  Filter: (keyword = 'character-name-in-title'::text)
                                                  Rows Removed by Filter: 134169
                                            ->  Bitmap Heap Scan on movie_keyword mk  (cost=6.77..1110.84 rows=301 width=8) (actual time=6.391..84.023 rows=41840 loops=1)
                                                  Recheck Cond: (keyword_id = k.id)
                                                  Heap Blocks: exact=11541
                                                  ->  Bitmap Index Scan on keyword_id_movie_keyword  (cost=0.00..6.69 rows=301 width=0) (actual time=4.252..4.252 rows=41840 loops=1)
                                                        Index Cond: (keyword_id = k.id)
                                      ->  Index Scan using title_pkey on title t  (cost=0.43..0.49 rows=1 width=21) (actual time=0.005..0.005 rows=0 loops=41840)
                                            Index Cond: (id = mk.movie_id)
                                            Filter: ((episode_nr >= 50) AND (episode_nr < 100))
                                            Rows Removed by Filter: 1
                                ->  Index Scan using movie_id_movie_companies on movie_companies mc  (cost=0.43..0.54 rows=5 width=8) (actual time=0.004..0.005 rows=0 loops=146)
                                      Index Cond: (movie_id = mk.movie_id)
                          ->  Index Scan using company_name_pkey on company_name cn  (cost=0.42..0.45 rows=1 width=4) (actual time=0.006..0.006 rows=0 loops=54)
                                Index Cond: (id = mc.company_id)
                                Filter: ((country_code)::text = '[us]'::text)
                                Rows Removed by Filter: 1
                    ->  Index Scan using movie_id_cast_info on cast_info ci  (cost=0.56..1.52 rows=37 width=8) (actual time=3.713..3.757 rows=13 loops=25)
                          Index Cond: (movie_id = mk.movie_id)
              ->  Index Only Scan using name_pkey on name n  (cost=0.43..0.46 rows=1 width=4) (actual time=0.009..0.009 rows=1 loops=323)
                    Index Cond: (id = ci.person_id)
                    Heap Fetches: 323
        ->  Index Scan using person_id_aka_name on aka_name an  (cost=0.42..0.46 rows=2 width=20) (actual time=0.007..0.007 rows=1 loops=323)
              Index Cond: (person_id = ci.person_id)
Planning time: 5.882 ms
Execution time: 454.856 ms
