Aggregate  (cost=39491.44..39491.45 rows=1 width=64) (actual time=33674.769..33674.769 rows=1 loops=1)
  ->  Nested Loop  (cost=7002.05..39485.45 rows=1197 width=33) (actual time=76.241..31692.778 rows=3710592 loops=1)
        Join Filter: (n.id = an.person_id)
        ->  Nested Loop  (cost=7001.62..39001.84 rows=994 width=25) (actual time=76.229..20499.752 rows=2832555 loops=1)
              ->  Nested Loop  (cost=7001.19..38549.26 rows=994 width=21) (actual time=76.205..7501.610 rows=2832555 loops=1)
                    Join Filter: (t.id = ci.movie_id)
                    ->  Nested Loop  (cost=7000.63..38386.39 rows=82 width=29) (actual time=76.048..1137.351 rows=68316 loops=1)
                          ->  Hash Join  (cost=7000.20..38346.43 rows=82 width=8) (actual time=76.025..707.170 rows=68316 loops=1)
                                Hash Cond: (mc.company_id = cn.id)
                                ->  Nested Loop  (cost=7.20..28444.07 rows=230445 width=12) (actual time=7.055..506.447 rows=148552 loops=1)
                                      ->  Nested Loop  (cost=6.77..3739.98 rows=41840 width=4) (actual time=7.019..159.266 rows=41840 loops=1)
                                            ->  Seq Scan on keyword k  (cost=0.00..2626.12 rows=1 width=4) (actual time=0.804..18.824 rows=1 loops=1)
                                                  Filter: (keyword = 'character-name-in-title'::text)
                                                  Rows Removed by Filter: 134169
                                            ->  Bitmap Heap Scan on movie_keyword mk  (cost=6.77..1110.84 rows=301 width=8) (actual time=6.213..130.111 rows=41840 loops=1)
                                                  Recheck Cond: (keyword_id = k.id)
                                                  Heap Blocks: exact=11541
                                                  ->  Bitmap Index Scan on keyword_id_movie_keyword  (cost=0.00..6.69 rows=301 width=0) (actual time=4.124..4.124 rows=41840 loops=1)
                                                        Index Cond: (keyword_id = k.id)
                                      ->  Index Scan using movie_id_movie_companies on movie_companies mc  (cost=0.43..0.54 rows=5 width=8) (actual time=0.005..0.007 rows=4 loops=41840)
                                            Index Cond: (movie_id = mk.movie_id)
                                ->  Hash  (cost=5932.46..5932.46 rows=84843 width=4) (actual time=68.775..68.775 rows=84843 loops=1)
                                      Buckets: 131072  Batches: 1  Memory Usage: 4007kB
                                      ->  Seq Scan on company_name cn  (cost=0.00..5932.46 rows=84843 width=4) (actual time=0.012..54.922 rows=84843 loops=1)
                                            Filter: ((country_code)::text = '[us]'::text)
                                            Rows Removed by Filter: 150154
                          ->  Index Scan using title_pkey on title t  (cost=0.43..0.49 rows=1 width=21) (actual time=0.006..0.006 rows=1 loops=68316)
                                Index Cond: (id = mk.movie_id)
                    ->  Index Scan using movie_id_cast_info on cast_info ci  (cost=0.56..1.52 rows=37 width=8) (actual time=0.007..0.082 rows=41 loops=68316)
                          Index Cond: (movie_id = mk.movie_id)
              ->  Index Only Scan using name_pkey on name n  (cost=0.43..0.46 rows=1 width=4) (actual time=0.004..0.004 rows=1 loops=2832555)
                    Index Cond: (id = ci.person_id)
                    Heap Fetches: 2832555
        ->  Index Scan using person_id_aka_name on aka_name an  (cost=0.42..0.46 rows=2 width=20) (actual time=0.003..0.003 rows=1 loops=2832555)
              Index Cond: (person_id = ci.person_id)
Planning time: 5.840 ms
Execution time: 33674.869 ms
