Aggregate  (cost=423070.30..423070.31 rows=1 width=64) (actual time=23448.741..23448.741 rows=1 loops=1)
  ->  Nested Loop  (cost=387239.12..423030.27 rows=8006 width=33) (actual time=9700.535..21245.700 rows=3710592 loops=1)
        ->  Hash Join  (cost=387238.69..419407.38 rows=8007 width=28) (actual time=9700.496..11347.907 rows=3710592 loops=1)
              Hash Cond: (an.person_id = n.id)
              ->  Seq Scan on aka_name an  (cost=0.00..20409.43 rows=901343 width=20) (actual time=0.005..181.210 rows=901343 loops=1)
              ->  Hash  (cost=351832.84..351832.84 rows=2832468 width=20) (actual time=9689.376..9689.376 rows=2832555 loops=1)
                    Buckets: 4194304  Batches: 1  Memory Usage: 176609kB
                    ->  Hash Join  (cost=156383.59..351832.84 rows=2832468 width=20) (actual time=2021.944..8816.919 rows=2832555 loops=1)
                          Hash Cond: (ci.person_id = n.id)
                          ->  Nested Loop  (cost=7000.76..166689.02 rows=2832555 width=16) (actual time=83.779..5546.243 rows=2832555 loops=1)
                                ->  Hash Join  (cost=7000.20..37312.53 rows=68316 width=8) (actual time=83.633..617.679 rows=68316 loops=1)
                                      Hash Cond: (mc.company_id = cn.id)
                                      ->  Nested Loop  (cost=7.20..28444.07 rows=148552 width=12) (actual time=7.264..467.348 rows=148552 loops=1)
                                            ->  Nested Loop  (cost=6.77..3739.98 rows=41840 width=4) (actual time=7.212..148.812 rows=41840 loops=1)
                                                  ->  Seq Scan on keyword k  (cost=0.00..2626.12 rows=1 width=4) (actual time=0.869..19.446 rows=1 loops=1)
                                                        Filter: (keyword = 'character-name-in-title'::text)
                                                        Rows Removed by Filter: 134169
                                                  ->  Bitmap Heap Scan on movie_keyword mk  (cost=6.77..1110.84 rows=301 width=8) (actual time=6.336..120.173 rows=41840 loops=1)
                                                        Recheck Cond: (keyword_id = k.id)
                                                        Heap Blocks: exact=11541
                                                        ->  Bitmap Index Scan on keyword_id_movie_keyword  (cost=0.00..6.69 rows=301 width=0) (actual time=4.228..4.228 rows=41840 loops=1)
                                                              Index Cond: (keyword_id = k.id)
                                            ->  Index Scan using movie_id_movie_companies on movie_companies mc  (cost=0.43..0.54 rows=5 width=8) (actual time=0.005..0.006 rows=4 loops=41840)
                                                  Index Cond: (movie_id = mk.movie_id)
                                      ->  Hash  (cost=5932.46..5932.46 rows=84843 width=4) (actual time=76.154..76.154 rows=84843 loops=1)
                                            Buckets: 131072  Batches: 1  Memory Usage: 4007kB
                                            ->  Seq Scan on company_name cn  (cost=0.00..5932.46 rows=84843 width=4) (actual time=0.015..57.586 rows=84843 loops=1)
                                                  Filter: ((country_code)::text = '[us]'::text)
                                                  Rows Removed by Filter: 150154
                                ->  Index Scan using movie_id_cast_info on cast_info ci  (cost=0.56..1.52 rows=37 width=8) (actual time=0.006..0.063 rows=41 loops=68316)
                                      Index Cond: (movie_id = mk.movie_id)
                          ->  Hash  (cost=97289.19..97289.19 rows=4167491 width=4) (actual time=1927.072..1927.072 rows=4167491 loops=1)
                                Buckets: 4194304  Batches: 1  Memory Usage: 179282kB
                                ->  Seq Scan on name n  (cost=0.00..97289.19 rows=4167491 width=4) (actual time=0.032..857.650 rows=4167491 loops=1)
        ->  Index Scan using title_pkey on title t  (cost=0.43..0.45 rows=1 width=21) (actual time=0.002..0.002 rows=1 loops=3710592)
              Index Cond: (id = ci.movie_id)
Planning time: 5.871 ms
Execution time: 23473.459 ms
