Aggregate  (cost=38581.31..38581.32 rows=1 width=64) (actual time=33829.084..33829.084 rows=1 loops=1)
  ->  Nested Loop  (cost=7002.05..38575.91 rows=1080 width=33) (actual time=77.564..31430.881 rows=3710592 loops=1)
        Join Filter: (an.person_id = n.id)
        ->  Nested Loop  (cost=7001.62..38070.68 rows=1080 width=41) (actual time=77.542..18767.740 rows=3710592 loops=1)
              ->  Nested Loop  (cost=7001.19..37537.63 rows=1107 width=21) (actual time=77.530..7601.598 rows=2832555 loops=1)
                    Join Filter: (t.id = ci.movie_id)
                    ->  Nested Loop  (cost=7000.63..37356.87 rows=91 width=29) (actual time=77.373..1148.949 rows=68316 loops=1)
                          ->  Hash Join  (cost=7000.20..37312.53 rows=91 width=8) (actual time=77.348..713.984 rows=68316 loops=1)
                                Hash Cond: (mc.company_id = cn.id)
                                ->  Nested Loop  (cost=7.20..28444.07 rows=148552 width=12) (actual time=7.040..512.877 rows=148552 loops=1)
                                      ->  Nested Loop  (cost=6.77..3739.98 rows=41840 width=4) (actual time=7.005..162.438 rows=41840 loops=1)
                                            ->  Seq Scan on keyword k  (cost=0.00..2626.12 rows=1 width=4) (actual time=0.799..19.382 rows=1 loops=1)
                                                  Filter: (keyword = 'character-name-in-title'::text)
                                                  Rows Removed by Filter: 134169
                                            ->  Bitmap Heap Scan on movie_keyword mk  (cost=6.77..1110.84 rows=301 width=8) (actual time=6.203..132.964 rows=41840 loops=1)
                                                  Recheck Cond: (keyword_id = k.id)
                                                  Heap Blocks: exact=11541
                                                  ->  Bitmap Index Scan on keyword_id_movie_keyword  (cost=0.00..6.69 rows=301 width=0) (actual time=4.114..4.114 rows=41840 loops=1)
                                                        Index Cond: (keyword_id = k.id)
                                      ->  Index Scan using movie_id_movie_companies on movie_companies mc  (cost=0.43..0.54 rows=5 width=8) (actual time=0.005..0.007 rows=4 loops=41840)
                                            Index Cond: (movie_id = mk.movie_id)
                                ->  Hash  (cost=5932.46..5932.46 rows=84843 width=4) (actual time=70.104..70.104 rows=84843 loops=1)
                                      Buckets: 131072  Batches: 1  Memory Usage: 4007kB
                                      ->  Seq Scan on company_name cn  (cost=0.00..5932.46 rows=84843 width=4) (actual time=0.013..56.140 rows=84843 loops=1)
                                            Filter: ((country_code)::text = '[us]'::text)
                                            Rows Removed by Filter: 150154
                          ->  Index Scan using title_pkey on title t  (cost=0.43..0.49 rows=1 width=21) (actual time=0.006..0.006 rows=1 loops=68316)
                                Index Cond: (id = mk.movie_id)
                    ->  Index Scan using movie_id_cast_info on cast_info ci  (cost=0.56..1.52 rows=37 width=8) (actual time=0.007..0.083 rows=41 loops=68316)
                          Index Cond: (movie_id = mk.movie_id)
              ->  Index Scan using person_id_aka_name on aka_name an  (cost=0.42..0.46 rows=2 width=20) (actual time=0.003..0.003 rows=1 loops=2832555)
                    Index Cond: (person_id = ci.person_id)
        ->  Index Only Scan using name_pkey on name n  (cost=0.43..0.46 rows=1 width=4) (actual time=0.003..0.003 rows=1 loops=3710592)
              Index Cond: (id = ci.person_id)
              Heap Fetches: 3710592
Planning time: 6.815 ms
Execution time: 33829.195 ms
