Aggregate  (cost=35426.00..35426.01 rows=1 width=64) (actual time=2657.828..2657.829 rows=1 loops=1)
  ->  Nested Loop  (cost=7002.05..35424.52 rows=296 width=33) (actual time=79.704..2494.607 rows=249455 loops=1)
        Join Filter: (an.person_id = n.id)
        ->  Nested Loop  (cost=7001.62..35286.05 rows=296 width=41) (actual time=79.682..1654.381 rows=249455 loops=1)
              ->  Nested Loop  (cost=7001.19..35140.14 rows=303 width=21) (actual time=79.660..938.867 rows=169273 loops=1)
                    Join Filter: (t.id = ci.movie_id)
                    ->  Hash Join  (cost=7000.63..35090.48 rows=25 width=29) (actual time=79.628..542.427 rows=6766 loops=1)
                          Hash Cond: (mc.company_id = cn.id)
                          ->  Nested Loop  (cost=7.63..27583.80 rows=40688 width=33) (actual time=7.379..463.972 rows=8661 loops=1)
                                Join Filter: (t.id = mc.movie_id)
                                ->  Nested Loop  (cost=7.20..24336.96 rows=5385 width=25) (actual time=7.292..428.650 rows=5385 loops=1)
                                      ->  Nested Loop  (cost=6.77..3739.98 rows=41840 width=4) (actual time=7.259..129.446 rows=41840 loops=1)
                                            ->  Seq Scan on keyword k  (cost=0.00..2626.12 rows=1 width=4) (actual time=0.835..19.438 rows=1 loops=1)
                                                  Filter: (keyword = 'character-name-in-title'::text)
                                                  Rows Removed by Filter: 134169
                                            ->  Bitmap Heap Scan on movie_keyword mk  (cost=6.77..1110.84 rows=301 width=8) (actual time=6.422..101.911 rows=41840 loops=1)
                                                  Recheck Cond: (keyword_id = k.id)
                                                  Heap Blocks: exact=11541
                                                  ->  Bitmap Index Scan on keyword_id_movie_keyword  (cost=0.00..6.69 rows=301 width=0) (actual time=4.295..4.295 rows=41840 loops=1)
                                                        Index Cond: (keyword_id = k.id)
                                      ->  Index Scan using title_pkey on title t  (cost=0.43..0.49 rows=1 width=21) (actual time=0.007..0.007 rows=0 loops=41840)
                                            Index Cond: (id = mk.movie_id)
                                            Filter: ((episode_nr >= 5) AND (episode_nr < 100))
                                            Rows Removed by Filter: 1
                                ->  Index Scan using movie_id_movie_companies on movie_companies mc  (cost=0.43..0.54 rows=5 width=8) (actual time=0.004..0.005 rows=2 loops=5385)
                                      Index Cond: (movie_id = mk.movie_id)
                          ->  Hash  (cost=5932.46..5932.46 rows=84843 width=4) (actual time=71.714..71.714 rows=84843 loops=1)
                                Buckets: 131072  Batches: 1  Memory Usage: 4007kB
                                ->  Seq Scan on company_name cn  (cost=0.00..5932.46 rows=84843 width=4) (actual time=0.013..57.753 rows=84843 loops=1)
                                      Filter: ((country_code)::text = '[us]'::text)
                                      Rows Removed by Filter: 150154
                    ->  Index Scan using movie_id_cast_info on cast_info ci  (cost=0.56..1.52 rows=37 width=8) (actual time=0.007..0.051 rows=25 loops=6766)
                          Index Cond: (movie_id = mk.movie_id)
              ->  Index Scan using person_id_aka_name on aka_name an  (cost=0.42..0.46 rows=2 width=20) (actual time=0.003..0.004 rows=1 loops=169273)
                    Index Cond: (person_id = ci.person_id)
        ->  Index Only Scan using name_pkey on name n  (cost=0.43..0.46 rows=1 width=4) (actual time=0.003..0.003 rows=1 loops=249455)
              Index Cond: (id = ci.person_id)
              Heap Fetches: 249455
Planning time: 5.878 ms
Execution time: 2657.940 ms
