Aggregate  (cost=153309.23..153309.24 rows=1 width=64) (actual time=2109.703..2109.703 rows=1 loops=1)
  ->  Hash Join  (cost=124072.03..148227.58 rows=1016329 width=33) (actual time=1650.609..2013.124 rows=249455 loops=1)
        Hash Cond: (an.person_id = n.id)
        ->  Seq Scan on aka_name an  (cost=0.00..20409.43 rows=901343 width=20) (actual time=0.008..148.684 rows=901343 loops=1)
        ->  Hash  (cost=121956.11..121956.11 rows=169273 width=25) (actual time=1650.380..1650.380 rows=169273 loops=1)
              Buckets: 262144  Batches: 1  Memory Usage: 12490kB
              ->  Nested Loop  (cost=9.04..121956.11 rows=169273 width=25) (actual time=7.648..1591.880 rows=169273 loops=1)
                    ->  Nested Loop  (cost=8.61..44884.95 rows=169273 width=21) (actual time=7.629..867.010 rows=169273 loops=1)
                          Join Filter: (t.id = ci.movie_id)
                          ->  Nested Loop  (cost=8.05..31445.68 rows=6766 width=29) (actual time=7.607..497.258 rows=6766 loops=1)
                                ->  Nested Loop  (cost=7.63..27583.80 rows=8661 width=33) (actual time=7.226..460.588 rows=8661 loops=1)
                                      Join Filter: (t.id = mc.movie_id)
                                      ->  Nested Loop  (cost=7.20..24336.96 rows=5385 width=25) (actual time=7.139..425.942 rows=5385 loops=1)
                                            ->  Nested Loop  (cost=6.77..3739.98 rows=41840 width=4) (actual time=7.114..128.040 rows=41840 loops=1)
                                                  ->  Seq Scan on keyword k  (cost=0.00..2626.12 rows=1 width=4) (actual time=0.827..19.359 rows=1 loops=1)
                                                        Filter: (keyword = 'character-name-in-title'::text)
                                                        Rows Removed by Filter: 134169
                                                  ->  Bitmap Heap Scan on movie_keyword mk  (cost=6.77..1110.84 rows=301 width=8) (actual time=6.285..100.641 rows=41840 loops=1)
                                                        Recheck Cond: (keyword_id = k.id)
                                                        Heap Blocks: exact=11541
                                                        ->  Bitmap Index Scan on keyword_id_movie_keyword  (cost=0.00..6.69 rows=301 width=0) (actual time=4.184..4.184 rows=41840 loops=1)
                                                              Index Cond: (keyword_id = k.id)
                                            ->  Index Scan using title_pkey on title t  (cost=0.43..0.49 rows=1 width=21) (actual time=0.007..0.007 rows=0 loops=41840)
                                                  Index Cond: (id = mk.movie_id)
                                                  Filter: ((episode_nr >= 5) AND (episode_nr < 100))
                                                  Rows Removed by Filter: 1
                                      ->  Index Scan using movie_id_movie_companies on movie_companies mc  (cost=0.43..0.54 rows=5 width=8) (actual time=0.004..0.005 rows=2 loops=5385)
                                            Index Cond: (movie_id = mk.movie_id)
                                ->  Index Scan using company_name_pkey on company_name cn  (cost=0.42..0.45 rows=1 width=4) (actual time=0.004..0.004 rows=1 loops=8661)
                                      Index Cond: (id = mc.company_id)
                                      Filter: ((country_code)::text = '[us]'::text)
                                      Rows Removed by Filter: 0
                          ->  Index Scan using movie_id_cast_info on cast_info ci  (cost=0.56..1.52 rows=37 width=8) (actual time=0.006..0.048 rows=25 loops=6766)
                                Index Cond: (movie_id = mk.movie_id)
                    ->  Index Only Scan using name_pkey on name n  (cost=0.43..0.46 rows=1 width=4) (actual time=0.004..0.004 rows=1 loops=169273)
                          Index Cond: (id = ci.person_id)
                          Heap Fetches: 169273
Planning time: 6.777 ms
Execution time: 2109.848 ms
