Aggregate  (cost=166257.62..166257.63 rows=1 width=64) (actual time=2716.765..2716.765 rows=1 loops=1)
  ->  Nested Loop  (cost=38677.84..166246.66 rows=2193 width=33) (actual time=527.323..2555.837 rows=249455 loops=1)
        Join Filter: (an.person_id = n.id)
        ->  Hash Join  (cost=38677.41..165220.76 rows=2193 width=41) (actual time=527.293..1718.994 rows=249455 loops=1)
              Hash Cond: (mc.company_id = cn.id)
              ->  Hash Join  (cost=31684.41..127632.02 rows=2423432 width=45) (actual time=451.980..1537.861 rows=317940 loops=1)
                    Hash Cond: (ci.person_id = an.person_id)
                    ->  Nested Loop  (cost=8.19..44787.10 rows=239584 width=25) (actual time=7.981..929.743 rows=239584 loops=1)
                          Join Filter: (t.id = ci.movie_id)
                          ->  Nested Loop  (cost=7.63..27583.80 rows=8661 width=33) (actual time=7.946..457.560 rows=8661 loops=1)
                                Join Filter: (t.id = mc.movie_id)
                                ->  Nested Loop  (cost=7.20..24336.96 rows=5385 width=25) (actual time=7.848..423.083 rows=5385 loops=1)
                                      ->  Nested Loop  (cost=6.77..3739.98 rows=41840 width=4) (actual time=7.816..129.757 rows=41840 loops=1)
                                            ->  Seq Scan on keyword k  (cost=0.00..2626.12 rows=1 width=4) (actual time=0.823..19.385 rows=1 loops=1)
                                                  Filter: (keyword = 'character-name-in-title'::text)
                                                  Rows Removed by Filter: 134169
                                            ->  Bitmap Heap Scan on movie_keyword mk  (cost=6.77..1110.84 rows=301 width=8) (actual time=6.986..102.174 rows=41840 loops=1)
                                                  Recheck Cond: (keyword_id = k.id)
                                                  Heap Blocks: exact=11541
                                                  ->  Bitmap Index Scan on keyword_id_movie_keyword  (cost=0.00..6.69 rows=301 width=0) (actual time=4.835..4.835 rows=41840 loops=1)
                                                        Index Cond: (keyword_id = k.id)
                                      ->  Index Scan using title_pkey on title t  (cost=0.43..0.49 rows=1 width=21) (actual time=0.007..0.007 rows=0 loops=41840)
                                            Index Cond: (id = mk.movie_id)
                                            Filter: ((episode_nr >= 5) AND (episode_nr < 100))
                                            Rows Removed by Filter: 1
                                ->  Index Scan using movie_id_movie_companies on movie_companies mc  (cost=0.43..0.54 rows=5 width=8) (actual time=0.004..0.005 rows=2 loops=5385)
                                      Index Cond: (movie_id = mk.movie_id)
                          ->  Index Scan using movie_id_cast_info on cast_info ci  (cost=0.56..1.52 rows=37 width=8) (actual time=0.006..0.047 rows=28 loops=8661)
                                Index Cond: (movie_id = mk.movie_id)
                    ->  Hash  (cost=20409.43..20409.43 rows=901343 width=20) (actual time=440.915..440.915 rows=901343 loops=1)
                          Buckets: 1048576  Batches: 1  Memory Usage: 55917kB
                          ->  Seq Scan on aka_name an  (cost=0.00..20409.43 rows=901343 width=20) (actual time=0.012..211.287 rows=901343 loops=1)
              ->  Hash  (cost=5932.46..5932.46 rows=84843 width=4) (actual time=73.596..73.596 rows=84843 loops=1)
                    Buckets: 131072  Batches: 1  Memory Usage: 4007kB
                    ->  Seq Scan on company_name cn  (cost=0.00..5932.46 rows=84843 width=4) (actual time=0.016..57.612 rows=84843 loops=1)
                          Filter: ((country_code)::text = '[us]'::text)
                          Rows Removed by Filter: 150154
        ->  Index Only Scan using name_pkey on name n  (cost=0.43..0.46 rows=1 width=4) (actual time=0.003..0.003 rows=1 loops=249455)
              Index Cond: (id = ci.person_id)
              Heap Fetches: 249455
Planning time: 6.803 ms
Execution time: 2717.344 ms
