Aggregate  (cost=41259.43..41259.44 rows=1 width=64) (actual time=38363.242..38363.242 rows=1 loops=1)
  ->  Nested Loop  (cost=8291.05..41259.31 rows=24 width=15) (actual time=106.374..38311.938 rows=52306 loops=1)
        ->  Nested Loop  (cost=8290.62..41248.45 rows=24 width=27) (actual time=106.343..38102.282 rows=52306 loops=1)
              ->  Nested Loop  (cost=8290.19..39988.11 rows=2753 width=16) (actual time=99.429..11445.870 rows=7796926 loops=1)
                    ->  Hash Join  (cost=8289.63..39635.86 rows=186 width=8) (actual time=99.291..871.790 rows=148552 loops=1)
                          Hash Cond: (mc.company_id = cn.id)
                          ->  Nested Loop  (cost=7.20..28444.07 rows=230445 width=12) (actual time=7.155..531.839 rows=148552 loops=1)
                                ->  Nested Loop  (cost=6.77..3739.98 rows=41840 width=4) (actual time=7.117..170.712 rows=41840 loops=1)
                                      ->  Seq Scan on keyword k  (cost=0.00..2626.12 rows=1 width=4) (actual time=0.826..19.468 rows=1 loops=1)
                                            Filter: (keyword = 'character-name-in-title'::text)
                                            Rows Removed by Filter: 134169
                                      ->  Bitmap Heap Scan on movie_keyword mk  (cost=6.77..1110.84 rows=301 width=8) (actual time=6.286..140.628 rows=41840 loops=1)
                                            Recheck Cond: (keyword_id = k.id)
                                            Heap Blocks: exact=11541
                                            ->  Bitmap Index Scan on keyword_id_movie_keyword  (cost=0.00..6.69 rows=301 width=0) (actual time=4.151..4.151 rows=41840 loops=1)
                                                  Index Cond: (keyword_id = k.id)
                                ->  Index Scan using movie_id_movie_companies on movie_companies mc  (cost=0.43..0.54 rows=5 width=8) (actual time=0.005..0.007 rows=4 loops=41840)
                                      Index Cond: (movie_id = mk.movie_id)
                          ->  Hash  (cost=5344.97..5344.97 rows=234997 width=4) (actual time=91.800..91.800 rows=234997 loops=1)
                                Buckets: 262144  Batches: 1  Memory Usage: 10310kB
                                ->  Seq Scan on company_name cn  (cost=0.00..5344.97 rows=234997 width=4) (actual time=0.013..53.568 rows=234997 loops=1)
                    ->  Index Scan using movie_id_cast_info on cast_info ci  (cost=0.56..1.52 rows=37 width=8) (actual time=0.006..0.060 rows=52 loops=148552)
                          Index Cond: (movie_id = mk.movie_id)
              ->  Index Scan using name_pkey on name n  (cost=0.43..0.46 rows=1 width=19) (actual time=0.003..0.003 rows=0 loops=7796926)
                    Index Cond: (id = ci.person_id)
                    Filter: (name ~~ 'Z%'::text)
                    Rows Removed by Filter: 1
        ->  Index Only Scan using title_pkey on title t  (cost=0.43..0.45 rows=1 width=4) (actual time=0.003..0.003 rows=1 loops=52306)
              Index Cond: (id = ci.movie_id)
              Heap Fetches: 52306
Planning time: 3.605 ms
Execution time: 38363.371 ms
