Aggregate  (cost=220244.43..220244.44 rows=1 width=64) (actual time=6288.111..6288.111 rows=1 loops=1)
  ->  Hash Join  (cost=116451.04..219982.90 rows=52306 width=15) (actual time=823.063..6265.390 rows=52306 loops=1)
        Hash Cond: (mc.company_id = cn.id)
        ->  Nested Loop  (cost=108168.60..211040.11 rows=52306 width=19) (actual time=730.318..6144.582 rows=52306 loops=1)
              ->  Nested Loop  (cost=108168.17..207251.75 rows=6642 width=27) (actual time=730.291..6049.335 rows=6642 loops=1)
                    ->  Hash Join  (cost=108167.74..204246.48 rows=6642 width=23) (actual time=730.259..5977.146 rows=6642 loops=1)
                          Hash Cond: (ci.person_id = n.id)
                          ->  Nested Loop  (cost=7.33..82976.35 rows=1038393 width=12) (actual time=7.228..4922.807 rows=1038393 loops=1)
                                ->  Nested Loop  (cost=6.77..3739.98 rows=41840 width=4) (actual time=7.190..138.381 rows=41840 loops=1)
                                      ->  Seq Scan on keyword k  (cost=0.00..2626.12 rows=1 width=4) (actual time=0.830..19.334 rows=1 loops=1)
                                            Filter: (keyword = 'character-name-in-title'::text)
                                            Rows Removed by Filter: 134169
                                      ->  Bitmap Heap Scan on movie_keyword mk  (cost=6.77..1110.84 rows=301 width=8) (actual time=6.353..109.524 rows=41840 loops=1)
                                            Recheck Cond: (keyword_id = k.id)
                                            Heap Blocks: exact=11541
                                            ->  Bitmap Index Scan on keyword_id_movie_keyword  (cost=0.00..6.69 rows=301 width=0) (actual time=4.217..4.217 rows=41840 loops=1)
                                                  Index Cond: (keyword_id = k.id)
                                ->  Index Scan using movie_id_cast_info on cast_info ci  (cost=0.56..1.52 rows=37 width=8) (actual time=0.010..0.109 rows=25 loops=41840)
                                      Index Cond: (movie_id = mk.movie_id)
                          ->  Hash  (cost=107708.24..107708.24 rows=36174 width=19) (actual time=721.015..721.015 rows=36174 loops=1)
                                Buckets: 65536  Batches: 1  Memory Usage: 2381kB
                                ->  Seq Scan on name n  (cost=0.00..107708.24 rows=36174 width=19) (actual time=294.022..712.019 rows=36174 loops=1)
                                      Filter: (name ~~ 'Z%'::text)
                                      Rows Removed by Filter: 4131317
                    ->  Index Only Scan using title_pkey on title t  (cost=0.43..0.45 rows=1 width=4) (actual time=0.010..0.010 rows=1 loops=6642)
                          Index Cond: (id = ci.movie_id)
                          Heap Fetches: 6642
              ->  Index Scan using movie_id_movie_companies on movie_companies mc  (cost=0.43..0.52 rows=5 width=8) (actual time=0.008..0.012 rows=8 loops=6642)
                    Index Cond: (movie_id = ci.movie_id)
        ->  Hash  (cost=5344.97..5344.97 rows=234997 width=4) (actual time=92.432..92.432 rows=234997 loops=1)
              Buckets: 262144  Batches: 1  Memory Usage: 10310kB
              ->  Seq Scan on company_name cn  (cost=0.00..5344.97 rows=234997 width=4) (actual time=0.016..54.036 rows=234997 loops=1)
Planning time: 3.603 ms
Execution time: 6288.238 ms
