Aggregate  (cost=207189.31..207189.32 rows=1 width=64) (actual time=5839.664..5839.664 rows=1 loops=1)
  ->  Nested Loop  (cost=95957.55..207189.23 rows=15 width=15) (actual time=5398.711..5838.469 rows=1918 loops=1)
        ->  Nested Loop  (cost=95957.12..207182.45 rows=15 width=27) (actual time=5398.671..5831.265 rows=1918 loops=1)
              ->  Nested Loop  (cost=95956.70..204972.57 rows=4984 width=31) (actual time=5398.621..5818.447 rows=1918 loops=1)
                    ->  Hash Join  (cost=95956.27..204829.98 rows=250 width=23) (actual time=5398.582..5812.648 rows=250 loops=1)
                          Hash Cond: (n.id = ci.person_id)
                          ->  Seq Scan on name n  (cost=0.00..107708.24 rows=2664 width=19) (actual time=281.005..696.100 rows=2664 loops=1)
                                Filter: (name ~~ 'X%'::text)
                                Rows Removed by Filter: 4164827
                          ->  Hash  (cost=82976.35..82976.35 rows=1038393 width=12) (actual time=5111.985..5111.985 rows=1038393 loops=1)
                                Buckets: 1048576  Batches: 1  Memory Usage: 52811kB
                                ->  Nested Loop  (cost=7.33..82976.35 rows=1038393 width=12) (actual time=7.481..4736.483 rows=1038393 loops=1)
                                      ->  Nested Loop  (cost=6.77..3739.98 rows=41840 width=4) (actual time=7.448..134.663 rows=41840 loops=1)
                                            ->  Seq Scan on keyword k  (cost=0.00..2626.12 rows=1 width=4) (actual time=0.813..19.308 rows=1 loops=1)
                                                  Filter: (keyword = 'character-name-in-title'::text)
                                                  Rows Removed by Filter: 134169
                                            ->  Bitmap Heap Scan on movie_keyword mk  (cost=6.77..1110.84 rows=301 width=8) (actual time=6.627..106.236 rows=41840 loops=1)
                                                  Recheck Cond: (keyword_id = k.id)
                                                  Heap Blocks: exact=11541
                                                  ->  Bitmap Index Scan on keyword_id_movie_keyword  (cost=0.00..6.69 rows=301 width=0) (actual time=4.475..4.475 rows=41840 loops=1)
                                                        Index Cond: (keyword_id = k.id)
                                      ->  Index Scan using movie_id_cast_info on cast_info ci  (cost=0.56..1.52 rows=37 width=8) (actual time=0.009..0.104 rows=25 loops=41840)
                                            Index Cond: (movie_id = mk.movie_id)
                    ->  Index Scan using movie_id_movie_companies on movie_companies mc  (cost=0.43..0.52 rows=5 width=8) (actual time=0.014..0.021 rows=8 loops=250)
                          Index Cond: (movie_id = ci.movie_id)
              ->  Index Only Scan using company_name_pkey on company_name cn  (cost=0.42..0.44 rows=1 width=4) (actual time=0.006..0.006 rows=1 loops=1918)
                    Index Cond: (id = mc.company_id)
                    Heap Fetches: 1918
        ->  Index Only Scan using title_pkey on title t  (cost=0.43..0.45 rows=1 width=4) (actual time=0.003..0.003 rows=1 loops=1918)
              Index Cond: (id = ci.movie_id)
              Heap Fetches: 1918
Planning time: 4.280 ms
Execution time: 5839.984 ms
