Aggregate  (cost=4377.25..4377.26 rows=1 width=32) (actual time=15106.762..15106.762 rows=1 loops=1)
  ->  Nested Loop  (cost=9.04..4377.24 rows=4 width=15) (actual time=61.048..15098.057 rows=11538 loops=1)
        ->  Nested Loop  (cost=8.62..4375.47 rows=4 width=19) (actual time=61.035..14998.698 rows=11538 loops=1)
              ->  Nested Loop  (cost=8.19..4374.33 rows=2 width=27) (actual time=61.009..14959.629 rows=1972 loops=1)
                    ->  Nested Loop  (cost=7.76..4373.42 rows=2 width=23) (actual time=60.977..14928.509 rows=1972 loops=1)
                          ->  Nested Loop  (cost=7.33..3804.37 rows=1243 width=12) (actual time=7.280..5915.279 rows=1038393 loops=1)
                                ->  Nested Loop  (cost=6.77..3739.98 rows=34 width=4) (actual time=7.253..149.090 rows=41840 loops=1)
                                      ->  Seq Scan on keyword k  (cost=0.00..2626.12 rows=1 width=4) (actual time=0.821..19.357 rows=1 loops=1)
                                            Filter: (keyword = 'character-name-in-title'::text)
                                            Rows Removed by Filter: 134169
                                      ->  Bitmap Heap Scan on movie_keyword mk  (cost=6.77..1110.84 rows=301 width=8) (actual time=6.430..118.611 rows=41840 loops=1)
                                            Recheck Cond: (keyword_id = k.id)
                                            Heap Blocks: exact=11541
                                            ->  Bitmap Index Scan on keyword_id_movie_keyword  (cost=0.00..6.69 rows=301 width=0) (actual time=4.281..4.281 rows=41840 loops=1)
                                                  Index Cond: (keyword_id = k.id)
                                ->  Index Scan using movie_id_cast_info on cast_info ci  (cost=0.56..1.52 rows=37 width=8) (actual time=0.011..0.131 rows=25 loops=41840)
                                      Index Cond: (movie_id = mk.movie_id)
                          ->  Index Scan using name_pkey on name n  (cost=0.43..0.46 rows=1 width=19) (actual time=0.008..0.008 rows=0 loops=1038393)
                                Index Cond: (id = ci.person_id)
                                Filter: (name ~~ '%Bert%'::text)
                                Rows Removed by Filter: 1
                    ->  Index Only Scan using title_pkey on title t  (cost=0.43..0.45 rows=1 width=4) (actual time=0.014..0.014 rows=1 loops=1972)
                          Index Cond: (id = ci.movie_id)
                          Heap Fetches: 1972
              ->  Index Scan using movie_id_movie_companies on movie_companies mc  (cost=0.43..0.52 rows=5 width=8) (actual time=0.012..0.018 rows=6 loops=1972)
                    Index Cond: (movie_id = ci.movie_id)
        ->  Index Only Scan using company_name_pkey on company_name cn  (cost=0.42..0.44 rows=1 width=4) (actual time=0.008..0.008 rows=1 loops=11538)
              Index Cond: (id = mc.company_id)
              Heap Fetches: 11538
Planning time: 3.611 ms
Execution time: 15106.837 ms
