Aggregate  (cost=386143.70..386143.71 rows=1 width=32) (actual time=10712.458..10712.458 rows=1 loops=1)
  ->  Hash Join  (cost=156384.02..379062.85 rows=2832338 width=15) (actual time=2197.969..9795.982 rows=2832555 loops=1)
        Hash Cond: (ci.person_id = n.id)
        ->  Nested Loop  (cost=7001.19..193919.03 rows=2832555 width=4) (actual time=82.525..6489.923 rows=2832555 loops=1)
              Join Filter: (t.id = ci.movie_id)
              ->  Hash Join  (cost=7000.63..58223.31 rows=68316 width=12) (actual time=82.221..1007.446 rows=68316 loops=1)
                    Hash Cond: (mc.company_id = cn.id)
                    ->  Nested Loop  (cost=7.63..49354.85 rows=148552 width=16) (actual time=7.532..846.309 rows=148552 loops=1)
                          Join Filter: (t.id = mc.movie_id)
                          ->  Nested Loop  (cost=7.20..24127.76 rows=41840 width=8) (actual time=7.481..514.548 rows=41840 loops=1)
                                ->  Nested Loop  (cost=6.77..3739.98 rows=41840 width=4) (actual time=7.457..151.970 rows=41840 loops=1)
                                      ->  Seq Scan on keyword k  (cost=0.00..2626.12 rows=1 width=4) (actual time=0.832..19.463 rows=1 loops=1)
                                            Filter: (keyword = 'character-name-in-title'::text)
                                            Rows Removed by Filter: 134169
                                      ->  Bitmap Heap Scan on movie_keyword mk  (cost=6.77..1110.84 rows=301 width=8) (actual time=6.622..123.765 rows=41840 loops=1)
                                            Recheck Cond: (keyword_id = k.id)
                                            Heap Blocks: exact=11541
                                            ->  Bitmap Index Scan on keyword_id_movie_keyword  (cost=0.00..6.69 rows=301 width=0) (actual time=4.486..4.486 rows=41840 loops=1)
                                                  Index Cond: (keyword_id = k.id)
                                ->  Index Only Scan using title_pkey on title t  (cost=0.43..0.49 rows=1 width=4) (actual time=0.008..0.008 rows=1 loops=41840)
                                      Index Cond: (id = mk.movie_id)
                                      Heap Fetches: 41840
                          ->  Index Scan using movie_id_movie_companies on movie_companies mc  (cost=0.43..0.54 rows=5 width=8) (actual time=0.004..0.006 rows=4 loops=41840)
                                Index Cond: (movie_id = mk.movie_id)
                    ->  Hash  (cost=5932.46..5932.46 rows=84843 width=4) (actual time=74.053..74.053 rows=84843 loops=1)
                          Buckets: 131072  Batches: 1  Memory Usage: 4007kB
                          ->  Seq Scan on company_name cn  (cost=0.00..5932.46 rows=84843 width=4) (actual time=0.013..58.405 rows=84843 loops=1)
                                Filter: ((country_code)::text = '[us]'::text)
                                Rows Removed by Filter: 150154
              ->  Index Scan using movie_id_cast_info on cast_info ci  (cost=0.56..1.52 rows=37 width=8) (actual time=0.006..0.070 rows=41 loops=68316)
                    Index Cond: (movie_id = mk.movie_id)
        ->  Hash  (cost=97289.19..97289.19 rows=4167491 width=19) (actual time=2104.321..2104.321 rows=4167491 loops=1)
              Buckets: 4194304  Batches: 1  Memory Usage: 248744kB
              ->  Seq Scan on name n  (cost=0.00..97289.19 rows=4167491 width=19) (actual time=0.033..910.139 rows=4167491 loops=1)
Planning time: 4.364 ms
Execution time: 10713.940 ms
