Aggregate  (cost=4658.06..4658.07 rows=1 width=32) (actual time=20423.185..20423.185 rows=1 loops=1)
  ->  Nested Loop  (cost=9.04..4657.06 rows=401 width=15) (actual time=9.137..19864.037 rows=1113120 loops=1)
        ->  Nested Loop  (cost=8.62..4479.26 rows=401 width=19) (actual time=9.114..16699.015 rows=1113120 loops=1)
              ->  Nested Loop  (cost=8.19..4393.13 rows=151 width=27) (actual time=7.495..15544.901 rows=149494 loops=1)
                    ->  Nested Loop  (cost=7.76..3824.08 rows=1243 width=16) (actual time=7.468..6408.201 rows=1038393 loops=1)
                          Join Filter: (t.id = ci.movie_id)
                          ->  Nested Loop  (cost=7.20..3756.55 rows=34 width=8) (actual time=7.447..541.986 rows=41840 loops=1)
                                ->  Nested Loop  (cost=6.77..3739.98 rows=34 width=4) (actual time=7.423..151.913 rows=41840 loops=1)
                                      ->  Seq Scan on keyword k  (cost=0.00..2626.12 rows=1 width=4) (actual time=0.833..19.227 rows=1 loops=1)
                                            Filter: (keyword = 'character-name-in-title'::text)
                                            Rows Removed by Filter: 134169
                                      ->  Bitmap Heap Scan on movie_keyword mk  (cost=6.77..1110.84 rows=301 width=8) (actual time=6.587..121.856 rows=41840 loops=1)
                                            Recheck Cond: (keyword_id = k.id)
                                            Heap Blocks: exact=11541
                                            ->  Bitmap Index Scan on keyword_id_movie_keyword  (cost=0.00..6.69 rows=301 width=0) (actual time=4.455..4.455 rows=41840 loops=1)
                                                  Index Cond: (keyword_id = k.id)
                                ->  Index Only Scan using title_pkey on title t  (cost=0.43..0.49 rows=1 width=4) (actual time=0.009..0.009 rows=1 loops=41840)
                                      Index Cond: (id = mk.movie_id)
                                      Heap Fetches: 41840
                          ->  Index Scan using movie_id_cast_info on cast_info ci  (cost=0.56..1.52 rows=37 width=8) (actual time=0.010..0.132 rows=25 loops=41840)
                                Index Cond: (movie_id = mk.movie_id)
                    ->  Index Scan using name_pkey on name n  (cost=0.43..0.46 rows=1 width=19) (actual time=0.008..0.008 rows=0 loops=1038393)
                          Index Cond: (id = ci.person_id)
                          Filter: (name ~~ '%B%'::text)
                          Rows Removed by Filter: 1
              ->  Index Scan using movie_id_movie_companies on movie_companies mc  (cost=0.43..0.52 rows=5 width=8) (actual time=0.003..0.006 rows=7 loops=149494)
                    Index Cond: (movie_id = ci.movie_id)
        ->  Index Only Scan using company_name_pkey on company_name cn  (cost=0.42..0.44 rows=1 width=4) (actual time=0.002..0.002 rows=1 loops=1113120)
              Index Cond: (id = mc.company_id)
              Heap Fetches: 1113120
Planning time: 3.630 ms
Execution time: 20423.266 ms
