Aggregate  (cost=152750.58..152750.59 rows=1 width=96) (actual time=599.469..599.469 rows=1 loops=1)
  ->  Nested Loop  (cost=6381.20..152750.50 rows=11 width=67) (actual time=299.814..599.433 rows=11 loops=1)
        ->  Nested Loop  (cost=6381.05..152748.69 rows=11 width=71) (actual time=299.802..599.371 rows=11 loops=1)
              ->  Nested Loop  (cost=6380.62..152548.43 rows=268 width=75) (actual time=106.573..595.771 rows=268 loops=1)
                    ->  Nested Loop  (cost=6380.06..143697.99 rows=358 width=83) (actual time=42.390..537.505 rows=358 loops=1)
                          ->  Nested Loop  (cost=6379.62..74131.47 rows=6152 width=31) (actual time=35.159..362.560 rows=6152 loops=1)
                                ->  Nested Loop  (cost=6379.19..19619.67 rows=15849 width=10) (actual time=33.227..227.905 rows=15849 loops=1)
                                      ->  Seq Scan on info_type it2  (cost=0.00..2.41 rows=1 width=4) (actual time=0.017..0.022 rows=1 loops=1)
                                            Filter: ((info)::text = 'rating'::text)
                                            Rows Removed by Filter: 112
                                      ->  Bitmap Heap Scan on movie_info_idx mi_idx  (cost=6379.19..19489.33 rows=12793 width=14) (actual time=33.207..224.868 rows=15849 loops=1)
                                            Recheck Cond: (info_type_id = it2.id)
                                            Filter: (info > '8.0'::text)
                                            Rows Removed by Filter: 444076
                                            Heap Blocks: exact=7934
                                            ->  Bitmap Index Scan on info_type_id_movie_info_idx  (cost=0.00..6375.99 rows=345009 width=0) (actual time=31.706..31.706 rows=459925 loops=1)
                                                  Index Cond: (info_type_id = it2.id)
                                ->  Index Scan using title_pkey on title t  (cost=0.43..3.44 rows=1 width=21) (actual time=0.008..0.008 rows=0 loops=15849)
                                      Index Cond: (id = mi_idx.movie_id)
                                      Filter: ((production_year >= 2008) AND (production_year <= 2014))
                                      Rows Removed by Filter: 1
                          ->  Index Scan using movie_id_movie_info on movie_info mi  (cost=0.43..11.30 rows=1 width=52) (actual time=0.028..0.028 rows=0 loops=6152)
                                Index Cond: (movie_id = t.id)
                                Filter: ((note IS NULL) AND (info = ANY ('{Horror,Thriller}'::text[])))
                                Rows Removed by Filter: 18
                    ->  Index Scan using movie_id_cast_info on cast_info ci  (cost=0.56..24.71 rows=1 width=8) (actual time=0.125..0.162 rows=1 loops=358)
                          Index Cond: (movie_id = t.id)
                          Filter: (note = ANY ('{(writer),"(head writer)","(written by)",(story),"(story editor)"}'::text[]))
                          Rows Removed by Filter: 34
              ->  Index Scan using name_pkey on name n  (cost=0.43..0.75 rows=1 width=4) (actual time=0.013..0.013 rows=0 loops=268)
                    Index Cond: (id = ci.person_id)
                    Filter: ((gender IS NOT NULL) AND ((gender)::text = 'f'::text))
                    Rows Removed by Filter: 1
        ->  Index Scan using info_type_pkey on info_type it1  (cost=0.14..0.16 rows=1 width=4) (actual time=0.004..0.004 rows=1 loops=11)
              Index Cond: (id = mi.info_type_id)
              Filter: ((info)::text = 'genres'::text)
Planning time: 3.927 ms
Execution time: 599.561 ms
