Aggregate  (cost=1129520.26..1129520.27 rows=1 width=96) (actual time=9461.124..9461.124 rows=1 loops=1)
  ->  Nested Loop  (cost=281604.05..1129515.75 rows=601 width=67) (actual time=2106.298..9433.982 rows=28073 loops=1)
        ->  Hash Join  (cost=281603.62..1128440.47 rows=1439 width=71) (actual time=2106.250..9103.538 rows=54155 loops=1)
              Hash Cond: (ci.movie_id = t.id)
              ->  Seq Scan on cast_info ci  (cost=0.00..841664.55 rows=1244716 width=8) (actual time=185.022..7165.818 rows=1244716 loops=1)
                    Filter: (note = ANY ('{(writer),"(head writer)","(written by)",(story),"(story editor)"}'::text[]))
                    Rows Removed by Filter: 34999628
              ->  Hash  (cost=280322.27..280322.27 rows=102508 width=79) (actual time=1650.331..1650.331 rows=102516 loops=1)
                    Buckets: 131072  Batches: 1  Memory Usage: 8671kB
                    ->  Nested Loop  (cost=31831.03..280322.27 rows=102508 width=79) (actual time=442.109..1595.215 rows=102516 loops=1)
                          Join Filter: (mi.movie_id = t.id)
                          ->  Hash Join  (cost=31830.60..219796.57 rows=102516 width=58) (actual time=442.067..1127.812 rows=102516 loops=1)
                                Hash Cond: (mi.movie_id = mi_idx.movie_id)
                                ->  Nested Loop  (cost=3919.17..178844.88 rows=186594 width=48) (actual time=105.410..691.247 rows=186594 loops=1)
                                      ->  Seq Scan on info_type it1  (cost=0.00..2.41 rows=1 width=4) (actual time=0.014..0.028 rows=1 loops=1)
                                            Filter: ((info)::text = 'genres'::text)
                                            Rows Removed by Filter: 112
                                      ->  Bitmap Heap Scan on movie_info mi  (cost=3919.17..178818.64 rows=2382 width=52) (actual time=105.390..663.162 rows=186594 loops=1)
                                            Recheck Cond: (info_type_id = it1.id)
                                            Filter: (info = ANY ('{Horror,Action,Sci-Fi,Thriller,Crime,War}'::text[]))
                                            Rows Removed by Filter: 1347315
                                            Heap Blocks: exact=9770
                                            ->  Bitmap Index Scan on info_type_id_movie_info  (cost=0.00..3918.58 rows=212019 width=0) (actual time=103.570..103.570 rows=1533909 loops=1)
                                                  Index Cond: (info_type_id = it1.id)
                                ->  Hash  (cost=22162.36..22162.36 rows=459925 width=10) (actual time=336.090..336.090 rows=459925 loops=1)
                                      Buckets: 524288  Batches: 1  Memory Usage: 22143kB
                                      ->  Nested Loop  (cost=6462.25..22162.36 rows=459925 width=10) (actual time=33.256..237.976 rows=459925 loops=1)
                                            ->  Seq Scan on info_type it2  (cost=0.00..2.41 rows=1 width=4) (actual time=0.022..0.028 rows=1 loops=1)
                                                  Filter: ((info)::text = 'votes'::text)
                                                  Rows Removed by Filter: 112
                                            ->  Bitmap Heap Scan on movie_info_idx mi_idx  (cost=6462.25..18709.86 rows=345009 width=14) (actual time=33.226..154.268 rows=459925 loops=1)
                                                  Recheck Cond: (info_type_id = it2.id)
                                                  Heap Blocks: exact=7934
                                                  ->  Bitmap Index Scan on info_type_id_movie_info_idx  (cost=0.00..6375.99 rows=345009 width=0) (actual time=31.752..31.752 rows=459925 loops=1)
                                                        Index Cond: (info_type_id = it2.id)
                          ->  Index Scan using title_pkey on title t  (cost=0.43..0.58 rows=1 width=21) (actual time=0.004..0.004 rows=1 loops=102516)
                                Index Cond: (id = mi_idx.movie_id)
        ->  Index Scan using name_pkey on name n  (cost=0.43..0.75 rows=1 width=4) (actual time=0.006..0.006 rows=1 loops=54155)
              Index Cond: (id = ci.person_id)
              Filter: ((gender)::text = 'm'::text)
              Rows Removed by Filter: 0
Planning time: 3.821 ms
Execution time: 9461.809 ms
