Aggregate  (cost=159347.65..159347.66 rows=1 width=96) (actual time=23086.767..23086.767 rows=1 loops=1)
  ->  Nested Loop  (cost=6464.11..159347.48 rows=23 width=67) (actual time=58.269..23045.196 rows=28073 loops=1)
        ->  Nested Loop  (cost=6463.68..159305.63 rows=56 width=71) (actual time=45.707..22365.606 rows=54155 loops=1)
              ->  Nested Loop  (cost=6463.11..158252.59 rows=44 width=79) (actual time=33.617..7809.979 rows=102516 loops=1)
                    Join Filter: (mi.movie_id = t.id)
                    ->  Nested Loop  (cost=6462.68..158226.61 rows=44 width=58) (actual time=33.596..7056.647 rows=102516 loops=1)
                          Join Filter: (mi.info_type_id = it1.id)
                          Rows Removed by Join Filter: 2376
                          ->  Seq Scan on info_type it1  (cost=0.00..2.41 rows=1 width=4) (actual time=0.008..0.020 rows=1 loops=1)
                                Filter: ((info)::text = 'genres'::text)
                                Rows Removed by Filter: 112
                          ->  Nested Loop  (cost=6462.68..158162.18 rows=4961 width=62) (actual time=33.587..7020.278 rows=104892 loops=1)
                                ->  Nested Loop  (cost=6462.25..22162.36 rows=12213 width=10) (actual time=33.088..303.508 rows=459925 loops=1)
                                      ->  Seq Scan on info_type it2  (cost=0.00..2.41 rows=1 width=4) (actual time=0.011..0.028 rows=1 loops=1)
                                            Filter: ((info)::text = 'votes'::text)
                                            Rows Removed by Filter: 112
                                      ->  Bitmap Heap Scan on movie_info_idx mi_idx  (cost=6462.25..18709.86 rows=345009 width=14) (actual time=33.075..199.593 rows=459925 loops=1)
                                            Recheck Cond: (info_type_id = it2.id)
                                            Heap Blocks: exact=7934
                                            ->  Bitmap Index Scan on info_type_id_movie_info_idx  (cost=0.00..6375.99 rows=345009 width=0) (actual time=31.599..31.599 rows=459925 loops=1)
                                                  Index Cond: (info_type_id = it2.id)
                                ->  Index Scan using movie_id_movie_info on movie_info mi  (cost=0.43..11.13 rows=1 width=52) (actual time=0.014..0.014 rows=0 loops=459925)
                                      Index Cond: (movie_id = mi_idx.movie_id)
                                      Filter: (info = ANY ('{Horror,Action,Sci-Fi,Thriller,Crime,War}'::text[]))
                                      Rows Removed by Filter: 15
                    ->  Index Scan using title_pkey on title t  (cost=0.43..0.58 rows=1 width=21) (actual time=0.006..0.006 rows=1 loops=102516)
                          Index Cond: (id = mi_idx.movie_id)
              ->  Index Scan using movie_id_cast_info on cast_info ci  (cost=0.56..23.92 rows=1 width=8) (actual time=0.121..0.141 rows=1 loops=102516)
                    Index Cond: (movie_id = t.id)
                    Filter: (note = ANY ('{(writer),"(head writer)","(written by)",(story),"(story editor)"}'::text[]))
                    Rows Removed by Filter: 39
        ->  Index Scan using name_pkey on name n  (cost=0.43..0.75 rows=1 width=4) (actual time=0.012..0.012 rows=1 loops=54155)
              Index Cond: (id = ci.person_id)
              Filter: ((gender)::text = 'm'::text)
              Rows Removed by Filter: 0
Planning time: 4.112 ms
Execution time: 23086.861 ms
