Aggregate  (cost=159211.50..159211.51 rows=1 width=96) (actual time=23901.997..23901.997 rows=1 loops=1)
  ->  Nested Loop  (cost=6464.11..159211.35 rows=20 width=67) (actual time=89.871..23860.425 rows=28073 loops=1)
        ->  Nested Loop  (cost=6463.68..159175.71 rows=47 width=71) (actual time=77.401..23202.601 rows=54155 loops=1)
              ->  Nested Loop  (cost=6463.11..158242.33 rows=39 width=79) (actual time=33.245..7736.600 rows=102516 loops=1)
                    Join Filter: (mi.movie_id = t.id)
                    ->  Nested Loop  (cost=6462.68..158219.31 rows=39 width=58) (actual time=33.228..6997.622 rows=102516 loops=1)
                          Join Filter: (mi.info_type_id = it1.id)
                          Rows Removed by Join Filter: 2376
                          ->  Seq Scan on info_type it1  (cost=0.00..2.41 rows=1 width=4) (actual time=0.009..0.020 rows=1 loops=1)
                                Filter: ((info)::text = 'genres'::text)
                                Rows Removed by Filter: 112
                          ->  Nested Loop  (cost=6462.68..158162.18 rows=4377 width=62) (actual time=33.218..6961.364 rows=104892 loops=1)
                                ->  Nested Loop  (cost=6462.25..22162.36 rows=12213 width=10) (actual time=32.684..301.758 rows=459925 loops=1)
                                      ->  Seq Scan on info_type it2  (cost=0.00..2.41 rows=1 width=4) (actual time=0.011..0.027 rows=1 loops=1)
                                            Filter: ((info)::text = 'votes'::text)
                                            Rows Removed by Filter: 112
                                      ->  Bitmap Heap Scan on movie_info_idx mi_idx  (cost=6462.25..18709.86 rows=345009 width=14) (actual time=32.670..197.900 rows=459925 loops=1)
                                            Recheck Cond: (info_type_id = it2.id)
                                            Heap Blocks: exact=7934
                                            ->  Bitmap Index Scan on info_type_id_movie_info_idx  (cost=0.00..6375.99 rows=345009 width=0) (actual time=31.184..31.184 rows=459925 loops=1)
                                                  Index Cond: (info_type_id = it2.id)
                                ->  Index Scan using movie_id_movie_info on movie_info mi  (cost=0.43..11.13 rows=1 width=52) (actual time=0.014..0.014 rows=0 loops=459925)
                                      Index Cond: (movie_id = mi_idx.movie_id)
                                      Filter: (info = ANY ('{Horror,Action,Sci-Fi,Thriller,Crime,War}'::text[]))
                                      Rows Removed by Filter: 15
                    ->  Index Scan using title_pkey on title t  (cost=0.43..0.58 rows=1 width=21) (actual time=0.006..0.006 rows=1 loops=102516)
                          Index Cond: (id = mi_idx.movie_id)
              ->  Index Scan using movie_id_cast_info on cast_info ci  (cost=0.56..23.92 rows=1 width=8) (actual time=0.130..0.150 rows=1 loops=102516)
                    Index Cond: (movie_id = t.id)
                    Filter: (note = ANY ('{(writer),"(head writer)","(written by)",(story),"(story editor)"}'::text[]))
                    Rows Removed by Filter: 39
        ->  Index Scan using name_pkey on name n  (cost=0.43..0.76 rows=1 width=4) (actual time=0.012..0.012 rows=1 loops=54155)
              Index Cond: (id = ci.person_id)
              Filter: ((gender)::text = 'm'::text)
              Rows Removed by Filter: 0
Planning time: 3.549 ms
Execution time: 23902.083 ms
