Aggregate  (cost=257011.87..257011.88 rows=1 width=64) (actual time=3239.974..3239.974 rows=1 loops=1)
  ->  Nested Loop  (cost=118215.16..257011.87 rows=1 width=32) (actual time=1069.136..3239.793 rows=184 loops=1)
        Join Filter: (n.id = an.person_id)
        ->  Nested Loop  (cost=118214.74..257010.21 rows=1 width=40) (actual time=1067.805..3239.128 rows=162 loops=1)
              ->  Nested Loop  (cost=118214.59..257009.71 rows=3 width=44) (actual time=1067.786..3238.708 rows=162 loops=1)
                    Join Filter: (t.id = mi.movie_id)
                    ->  Nested Loop  (cost=118214.16..256929.20 rows=3 width=52) (actual time=1067.720..3232.835 rows=65 loops=1)
                          ->  Nested Loop  (cost=118213.74..256918.53 rows=9 width=56) (actual time=1067.689..3231.984 rows=71 loops=1)
                                Join Filter: (t.id = mc.movie_id)
                                ->  Nested Loop  (cost=118213.31..256885.76 rows=12 width=48) (actual time=1067.657..3229.930 rows=119 loops=1)
                                      ->  Nested Loop  (cost=118212.88..256811.26 rows=52 width=27) (actual time=1058.303..3222.112 rows=630 loops=1)
                                            ->  Hash Join  (cost=118212.45..255748.51 rows=727 width=31) (actual time=1058.248..3216.547 rows=727 loops=1)
                                                  Hash Cond: (ci.person_id = n.id)
                                                  ->  Nested Loop  (cost=0.56..134050.03 rows=276166 width=12) (actual time=0.237..2166.433 rows=276166 loops=1)
                                                        ->  Seq Scan on role_type rt  (cost=0.00..1.15 rows=1 width=4) (actual time=0.008..0.014 rows=1 loops=1)
                                                              Filter: ((role)::text = 'actress'::text)
                                                              Rows Removed by Filter: 11
                                                        ->  Index Scan using role_id_cast_info on cast_info ci  (cost=0.56..133252.59 rows=79629 width=16) (actual time=0.228..2124.840 rows=276166 loops=1)
                                                              Index Cond: (role_id = rt.id)
                                                              Filter: (note = ANY ('{(voice),"(voice: Japanese version)","(voice) (uncredited)","(voice: English version)"}'::text[]))
                                                              Rows Removed by Filter: 7175807
                                                  ->  Hash  (cost=118127.29..118127.29 rows=6768 width=19) (actual time=1008.310..1008.310 rows=6768 loops=1)
                                                        Buckets: 8192  Batches: 1  Memory Usage: 420kB
                                                        ->  Seq Scan on name n  (cost=0.00..118127.29 rows=6768 width=19) (actual time=426.498..1006.245 rows=6768 loops=1)
                                                              Filter: ((name ~~ '%Ang%'::text) AND ((gender)::text = 'f'::text))
                                                              Rows Removed by Filter: 4160723
                                            ->  Index Only Scan using char_name_pkey on char_name chn  (cost=0.43..1.46 rows=1 width=4) (actual time=0.007..0.007 rows=1 loops=727)
                                                  Index Cond: (id = ci.person_role_id)
                                                  Heap Fetches: 630
                                      ->  Index Scan using title_pkey on title t  (cost=0.43..1.43 rows=1 width=21) (actual time=0.012..0.012 rows=0 loops=630)
                                            Index Cond: (id = ci.movie_id)
                                            Filter: ((production_year >= 2005) AND (production_year <= 2009))
                                            Rows Removed by Filter: 1
                                ->  Index Scan using movie_id_movie_companies on movie_companies mc  (cost=0.43..2.72 rows=1 width=8) (actual time=0.013..0.016 rows=1 loops=119)
                                      Index Cond: (movie_id = ci.movie_id)
                                      Filter: ((note IS NOT NULL) AND ((note ~~ '%(USA)%'::text) OR (note ~~ '%(worldwide)%'::text)))
                                      Rows Removed by Filter: 4
                          ->  Index Scan using company_name_pkey on company_name cn  (cost=0.42..1.19 rows=1 width=4) (actual time=0.011..0.011 rows=1 loops=71)
                                Index Cond: (id = mc.company_id)
                                Filter: ((country_code)::text = '[us]'::text)
                                Rows Removed by Filter: 0
                    ->  Index Scan using movie_id_movie_info on movie_info mi  (cost=0.43..26.82 rows=1 width=8) (actual time=0.025..0.088 rows=2 loops=65)
                          Index Cond: (movie_id = ci.movie_id)
                          Filter: ((info IS NOT NULL) AND ((info ~~ 'Japan:%200%'::text) OR (info ~~ 'USA:%200%'::text)))
                          Rows Removed by Filter: 142
              ->  Index Scan using info_type_pkey on info_type it  (cost=0.14..0.16 rows=1 width=4) (actual time=0.002..0.002 rows=1 loops=162)
                    Index Cond: (id = mi.info_type_id)
                    Filter: ((info)::text = 'release dates'::text)
        ->  Index Only Scan using person_id_aka_name on aka_name an  (cost=0.42..1.63 rows=2 width=4) (actual time=0.003..0.003 rows=1 loops=162)
              Index Cond: (person_id = ci.person_id)
              Heap Fetches: 184
Planning time: 18.740 ms
Execution time: 3240.105 ms
