Aggregate  (cost=80563.15..80563.16 rows=1 width=64) (actual time=477.439..477.439 rows=1 loops=1)
  ->  Nested Loop  (cost=3.14..80563.15 rows=1 width=32) (actual time=386.772..477.417 rows=15 loops=1)
        Join Filter: (ci.role_id = rt.id)
        ->  Nested Loop  (cost=3.14..80561.99 rows=1 width=36) (actual time=386.762..477.381 rows=15 loops=1)
              Join Filter: (ci.person_id = n.id)
              ->  Nested Loop  (cost=2.71..80560.40 rows=1 width=29) (actual time=386.065..476.507 rows=275 loops=1)
                    ->  Nested Loop  (cost=2.27..80558.90 rows=1 width=33) (actual time=386.051..475.685 rows=275 loops=1)
                          ->  Nested Loop  (cost=1.85..80557.24 rows=1 width=29) (actual time=386.036..475.112 rows=100 loops=1)
                                Join Filter: (t.id = ci.movie_id)
                                ->  Nested Loop  (cost=1.28..80518.44 rows=1 width=29) (actual time=386.015..474.480 rows=4 loops=1)
                                      Join Filter: (mi.info_type_id = it.id)
                                      ->  Seq Scan on info_type it  (cost=0.00..2.41 rows=1 width=4) (actual time=0.011..0.023 rows=1 loops=1)
                                            Filter: ((info)::text = 'release dates'::text)
                                            Rows Removed by Filter: 112
                                      ->  Nested Loop  (cost=1.28..80515.98 rows=4 width=33) (actual time=386.002..474.453 rows=4 loops=1)
                                            Join Filter: (t.id = mi.movie_id)
                                            ->  Nested Loop  (cost=0.85..80400.72 rows=4 width=25) (actual time=385.961..473.972 rows=4 loops=1)
                                                  ->  Nested Loop  (cost=0.43..80395.82 rows=4 width=29) (actual time=385.944..473.933 rows=4 loops=1)
                                                        ->  Seq Scan on title t  (cost=0.00..80246.86 rows=7 width=21) (actual time=38.409..473.784 rows=7 loops=1)
                                                              Filter: ((production_year >= 2007) AND (production_year <= 2008) AND (title ~~ '%Kung%Fu%Panda%'::text))
                                                              Rows Removed by Filter: 2528305
                                                        ->  Index Scan using movie_id_movie_companies on movie_companies mc  (cost=0.43..21.27 rows=1 width=8) (actual time=0.015..0.017 rows=1 loops=7)
                                                              Index Cond: (movie_id = t.id)
                                                              Filter: ((note ~~ '%(200%)%'::text) AND ((note ~~ '%(USA)%'::text) OR (note ~~ '%(worldwide)%'::text)))
                                                              Rows Removed by Filter: 6
                                                  ->  Index Scan using company_name_pkey on company_name cn  (cost=0.42..1.22 rows=1 width=4) (actual time=0.008..0.008 rows=1 loops=4)
                                                        Index Cond: (id = mc.company_id)
                                                        Filter: ((country_code)::text = '[us]'::text)
                                            ->  Index Scan using movie_id_movie_info on movie_info mi  (cost=0.43..28.80 rows=1 width=8) (actual time=0.022..0.119 rows=1 loops=4)
                                                  Index Cond: (movie_id = mc.movie_id)
                                                  Filter: ((info IS NOT NULL) AND ((info ~~ 'Japan:%2007%'::text) OR (info ~~ 'USA:%2008%'::text)))
                                                  Rows Removed by Filter: 287
                                ->  Index Scan using movie_id_cast_info on cast_info ci  (cost=0.56..38.79 rows=1 width=16) (actual time=0.010..0.150 rows=25 loops=4)
                                      Index Cond: (movie_id = mc.movie_id)
                                      Filter: (note = '(voice)'::text)
                                      Rows Removed by Filter: 127
                          ->  Index Only Scan using person_id_aka_name on aka_name an  (cost=0.42..1.64 rows=2 width=4) (actual time=0.004..0.005 rows=3 loops=100)
                                Index Cond: (person_id = ci.person_id)
                                Heap Fetches: 275
                    ->  Index Only Scan using char_name_pkey on char_name chn  (cost=0.43..1.50 rows=1 width=4) (actual time=0.002..0.002 rows=1 loops=275)
                          Index Cond: (id = ci.person_role_id)
                          Heap Fetches: 275
              ->  Index Scan using name_pkey on name n  (cost=0.43..1.58 rows=1 width=19) (actual time=0.003..0.003 rows=0 loops=275)
                    Index Cond: (id = an.person_id)
                    Filter: ((name ~~ '%Angel%'::text) AND ((gender)::text = 'f'::text))
                    Rows Removed by Filter: 1
        ->  Seq Scan on role_type rt  (cost=0.00..1.15 rows=1 width=4) (actual time=0.001..0.001 rows=1 loops=15)
              Filter: ((role)::text = 'actress'::text)
              Rows Removed by Filter: 1
Planning time: 19.409 ms
Execution time: 477.544 ms
