Aggregate  (cost=360231.61..360231.62 rows=1 width=64) (actual time=3523.341..3523.341 rows=1 loops=1)
  ->  Nested Loop  (cost=118755.56..360220.37 rows=2247 width=32) (actual time=1053.323..3521.052 rows=3575 loops=1)
        Join Filter: (n.id = an.person_id)
        ->  Nested Loop  (cost=118755.13..355865.94 rows=2632 width=40) (actual time=1034.546..3511.669 rows=2632 loops=1)
              Join Filter: (mi.info_type_id = it.id)
              ->  Seq Scan on info_type it  (cost=0.00..2.41 rows=1 width=4) (actual time=0.011..0.022 rows=1 loops=1)
                    Filter: ((info)::text = 'release dates'::text)
                    Rows Removed by Filter: 112
              ->  Nested Loop  (cost=118755.13..355830.63 rows=2632 width=44) (actual time=1034.532..3510.948 rows=2632 loops=1)
                    Join Filter: (t.id = mi.movie_id)
                    ->  Nested Loop  (cost=118754.70..289034.60 rows=2526 width=52) (actual time=1034.461..3414.525 rows=2526 loops=1)
                          ->  Nested Loop  (cost=118754.28..280125.78 rows=7611 width=56) (actual time=1034.438..3375.563 rows=7611 loops=1)
                                ->  Nested Loop  (cost=118753.85..271047.99 rows=3349 width=48) (actual time=1034.410..3345.397 rows=3349 loops=1)
                                      ->  Nested Loop  (cost=118753.42..265659.71 rows=3686 width=52) (actual time=1034.393..3319.642 rows=3686 loops=1)
                                            ->  Hash Join  (cost=118752.99..256289.05 rows=6552 width=31) (actual time=1034.357..3248.633 rows=6552 loops=1)
                                                  Hash Cond: (ci.person_id = n.id)
                                                  ->  Nested Loop  (cost=0.56..134050.03 rows=276166 width=12) (actual time=0.216..2171.448 rows=276166 loops=1)
                                                        ->  Seq Scan on role_type rt  (cost=0.00..1.15 rows=1 width=4) (actual time=0.002..0.007 rows=1 loops=1)
                                                              Filter: ((role)::text = 'actress'::text)
                                                              Rows Removed by Filter: 11
                                                        ->  Index Scan using role_id_cast_info on cast_info ci  (cost=0.56..133252.59 rows=79629 width=16) (actual time=0.213..2129.827 rows=276166 loops=1)
                                                              Index Cond: (role_id = rt.id)
                                                              Filter: (note = ANY ('{(voice),"(voice: Japanese version)","(voice) (uncredited)","(voice: English version)"}'::text[]))
                                                              Rows Removed by Filter: 7175807
                                                  ->  Hash  (cost=118127.29..118127.29 rows=50011 width=19) (actual time=1026.898..1026.898 rows=50011 loops=1)
                                                        Buckets: 65536  Batches: 1  Memory Usage: 3135kB
                                                        ->  Seq Scan on name n  (cost=0.00..118127.29 rows=50011 width=19) (actual time=427.583..1014.554 rows=50011 loops=1)
                                                              Filter: ((name ~~ '%An%'::text) AND ((gender)::text = 'f'::text))
                                                              Rows Removed by Filter: 4117480
                                            ->  Index Scan using title_pkey on title t  (cost=0.43..1.43 rows=1 width=21) (actual time=0.010..0.010 rows=1 loops=6552)
                                                  Index Cond: (id = ci.movie_id)
                                                  Filter: (production_year > 2000)
                                                  Rows Removed by Filter: 0
                                      ->  Index Only Scan using char_name_pkey on char_name chn  (cost=0.43..1.46 rows=1 width=4) (actual time=0.006..0.006 rows=1 loops=3686)
                                            Index Cond: (id = ci.person_role_id)
                                            Heap Fetches: 3349
                                ->  Index Scan using movie_id_movie_companies on movie_companies mc  (cost=0.43..2.66 rows=5 width=8) (actual time=0.006..0.008 rows=2 loops=3349)
                                      Index Cond: (movie_id = t.id)
                          ->  Index Scan using company_name_pkey on company_name cn  (cost=0.42..1.17 rows=1 width=4) (actual time=0.005..0.005 rows=0 loops=7611)
                                Index Cond: (id = mc.company_id)
                                Filter: ((country_code)::text = '[us]'::text)
                                Rows Removed by Filter: 1
                    ->  Index Scan using movie_id_movie_info on movie_info mi  (cost=0.43..26.43 rows=1 width=8) (actual time=0.020..0.037 rows=1 loops=2526)
                          Index Cond: (movie_id = mc.movie_id)
                          Filter: ((info IS NOT NULL) AND ((info ~~ 'Japan:%200%'::text) OR (info ~~ 'USA:%200%'::text)))
                          Rows Removed by Filter: 61
        ->  Index Only Scan using person_id_aka_name on aka_name an  (cost=0.42..1.63 rows=2 width=4) (actual time=0.002..0.003 rows=1 loops=2632)
              Index Cond: (person_id = ci.person_id)
              Heap Fetches: 3575
Planning time: 19.014 ms
Execution time: 3523.447 ms
