Aggregate  (cost=608284.33..608284.34 rows=1 width=64) (actual time=17411.226..17411.227 rows=1 loops=1)
  ->  Nested Loop  (cost=352958.00..608257.55 rows=5356 width=32) (actual time=5063.992..16332.141 rows=1760645 loops=1)
        ->  Nested Loop  (cost=352957.57..596818.80 rows=7825 width=36) (actual time=5063.947..12098.255 rows=1909379 loops=1)
              ->  Hash Join  (cost=352957.14..543092.04 rows=33917 width=29) (actual time=5063.911..7065.066 rows=1910248 loops=1)
                    Hash Cond: (mi.movie_id = t.id)
                    ->  Nested Loop  (cost=3971.58..179403.51 rows=3036719 width=4) (actual time=204.400..1233.690 rows=3036719 loops=1)
                          ->  Seq Scan on info_type it  (cost=0.00..2.41 rows=1 width=4) (actual time=0.011..0.024 rows=1 loops=1)
                                Filter: ((info)::text = 'release dates'::text)
                                Rows Removed by Filter: 112
                          ->  Bitmap Heap Scan on movie_info mi  (cost=3971.58..177280.91 rows=212019 width=8) (actual time=204.385..762.002 rows=3036719 loops=1)
                                Recheck Cond: (info_type_id = it.id)
                                Heap Blocks: exact=25448
                                ->  Bitmap Index Scan on info_type_id_movie_info  (cost=0.00..3918.58 rows=212019 width=0) (actual time=199.070..199.070 rows=3036719 loops=1)
                                      Index Cond: (info_type_id = it.id)
                    ->  Hash  (cost=345535.01..345535.01 rows=276044 width=41) (actual time=4857.142..4857.142 rows=276501 loops=1)
                          Buckets: 524288  Batches: 1  Memory Usage: 25909kB
                          ->  Hash Join  (cost=263183.42..345535.01 rows=276044 width=41) (actual time=3812.432..4776.865 rows=276501 loops=1)
                                Hash Cond: (ci.person_id = an.person_id)
                                ->  Hash Join  (cost=231507.20..291563.68 rows=104391 width=37) (actual time=3439.104..4330.703 rows=104391 loops=1)
                                      Hash Cond: (mc.company_id = cn.id)
                                      ->  Hash Join  (cost=224514.20..280917.50 rows=289362 width=41) (actual time=3364.795..4199.889 rows=289362 loops=1)
                                            Hash Cond: (mc.movie_id = t.id)
                                            ->  Seq Scan on movie_companies mc  (cost=0.00..44881.29 rows=2609129 width=8) (actual time=0.012..345.208 rows=2609129 loops=1)
                                            ->  Hash  (cost=222409.12..222409.12 rows=168407 width=33) (actual time=3363.690..3363.690 rows=168407 loops=1)
                                                  Buckets: 262144  Batches: 1  Memory Usage: 14124kB
                                                  ->  Hash Join  (cost=84873.05..222409.12 rows=168407 width=33) (actual time=1012.092..3294.836 rows=168407 loops=1)
                                                        Hash Cond: (ci.movie_id = t.id)
                                                        ->  Nested Loop  (cost=0.56..134050.03 rows=276166 width=12) (actual time=0.245..2149.660 rows=276166 loops=1)
                                                              ->  Seq Scan on role_type rt  (cost=0.00..1.15 rows=1 width=4) (actual time=0.008..0.012 rows=1 loops=1)
                                                                    Filter: ((role)::text = 'actress'::text)
                                                                    Rows Removed by Filter: 11
                                                              ->  Index Scan using role_id_cast_info on cast_info ci  (cost=0.56..133252.59 rows=79629 width=16) (actual time=0.233..2107.020 rows=276166 loops=1)
                                                                    Index Cond: (role_id = rt.id)
                                                                    Filter: (note = ANY ('{(voice),"(voice: Japanese version)","(voice) (uncredited)","(voice: English version)"}'::text[]))
                                                                    Rows Removed by Filter: 7175807
                                                        ->  Hash  (cost=67604.32..67604.32 rows=1381453 width=21) (actual time=1005.855..1005.855 rows=1381453 loops=1)
                                                              Buckets: 2097152  Batches: 1  Memory Usage: 90381kB
                                                              ->  Seq Scan on title t  (cost=0.00..67604.32 rows=1381453 width=21) (actual time=0.017..601.580 rows=1381453 loops=1)
                                                                    Filter: (production_year > 2000)
                                                                    Rows Removed by Filter: 1146859
                                      ->  Hash  (cost=5932.46..5932.46 rows=84843 width=4) (actual time=73.757..73.757 rows=84843 loops=1)
                                            Buckets: 131072  Batches: 1  Memory Usage: 4007kB
                                            ->  Seq Scan on company_name cn  (cost=0.00..5932.46 rows=84843 width=4) (actual time=0.019..57.720 rows=84843 loops=1)
                                                  Filter: ((country_code)::text = '[us]'::text)
                                                  Rows Removed by Filter: 150154
                                ->  Hash  (cost=20409.43..20409.43 rows=901343 width=4) (actual time=370.276..370.276 rows=901343 loops=1)
                                      Buckets: 1048576  Batches: 1  Memory Usage: 39880kB
                                      ->  Seq Scan on aka_name an  (cost=0.00..20409.43 rows=901343 width=4) (actual time=0.013..185.835 rows=901343 loops=1)
              ->  Index Scan using name_pkey on name n  (cost=0.43..1.58 rows=1 width=19) (actual time=0.002..0.002 rows=1 loops=1910248)
                    Index Cond: (id = ci.person_id)
                    Filter: ((gender)::text = 'f'::text)
                    Rows Removed by Filter: 0
        ->  Index Only Scan using char_name_pkey on char_name chn  (cost=0.43..1.46 rows=1 width=4) (actual time=0.002..0.002 rows=1 loops=1909379)
              Index Cond: (id = ci.person_role_id)
              Heap Fetches: 1760645
Planning time: 18.761 ms
Execution time: 17415.222 ms
