Aggregate  (cost=743985.36..743985.37 rows=1 width=64) (actual time=9930.374..9930.374 rows=1 loops=1)
  ->  Hash Join  (cost=553431.18..743420.63 rows=112947 width=32) (actual time=7490.831..9272.803 rows=1760645 loops=1)
        Hash Cond: (mi.movie_id = t.id)
        ->  Nested Loop  (cost=3971.58..179403.51 rows=3036719 width=4) (actual time=202.902..1244.673 rows=3036719 loops=1)
              ->  Seq Scan on info_type it  (cost=0.00..2.41 rows=1 width=4) (actual time=0.011..0.025 rows=1 loops=1)
                    Filter: ((info)::text = 'release dates'::text)
                    Rows Removed by Filter: 112
              ->  Bitmap Heap Scan on movie_info mi  (cost=3971.58..177280.91 rows=212019 width=8) (actual time=202.887..773.888 rows=3036719 loops=1)
                    Recheck Cond: (info_type_id = it.id)
                    Heap Blocks: exact=25448
                    ->  Bitmap Index Scan on info_type_id_movie_info  (cost=0.00..3918.58 rows=212019 width=0) (actual time=197.586..197.586 rows=3036719 loops=1)
                          Index Cond: (info_type_id = it.id)
        ->  Hash  (cost=546160.44..546160.44 rows=263933 width=44) (actual time=7285.505..7285.505 rows=265983 loops=1)
              Buckets: 524288  Batches: 1  Memory Usage: 26123kB
              ->  Hash Join  (cost=522160.49..546160.44 rows=263933 width=44) (actual time=6844.191..7208.999 rows=265983 loops=1)
                    Hash Cond: (an.person_id = n.id)
                    ->  Seq Scan on aka_name an  (cost=0.00..20409.43 rows=901343 width=4) (actual time=0.012..154.822 rows=901343 loops=1)
                    ->  Hash  (cost=520943.99..520943.99 rows=97320 width=52) (actual time=6843.808..6843.808 rows=97320 loops=1)
                          Buckets: 131072  Batches: 1  Memory Usage: 9935kB
                          ->  Hash Join  (cost=458340.08..520943.99 rows=97320 width=52) (actual time=5833.935..6807.490 rows=97320 loops=1)
                                Hash Cond: (ci.person_id = n.id)
                                ->  Hash Join  (cost=338612.40..399986.82 rows=97386 width=33) (actual time=4774.387..5707.075 rows=97386 loops=1)
                                      Hash Cond: (ci.person_role_id = chn.id)
                                      ->  Hash Join  (cost=231507.20..291563.68 rows=104391 width=37) (actual time=3452.366..4347.005 rows=104391 loops=1)
                                            Hash Cond: (mc.company_id = cn.id)
                                            ->  Hash Join  (cost=224514.20..280917.50 rows=289362 width=41) (actual time=3380.307..4219.188 rows=289362 loops=1)
                                                  Hash Cond: (mc.movie_id = t.id)
                                                  ->  Seq Scan on movie_companies mc  (cost=0.00..44881.29 rows=2609129 width=8) (actual time=0.012..346.445 rows=2609129 loops=1)
                                                  ->  Hash  (cost=222409.12..222409.12 rows=168407 width=33) (actual time=3379.249..3379.249 rows=168407 loops=1)
                                                        Buckets: 262144  Batches: 1  Memory Usage: 14124kB
                                                        ->  Hash Join  (cost=84873.05..222409.12 rows=168407 width=33) (actual time=997.130..3310.367 rows=168407 loops=1)
                                                              Hash Cond: (ci.movie_id = t.id)
                                                              ->  Nested Loop  (cost=0.56..134050.03 rows=276166 width=12) (actual time=0.240..2171.401 rows=276166 loops=1)
                                                                    ->  Seq Scan on role_type rt  (cost=0.00..1.15 rows=1 width=4) (actual time=0.007..0.016 rows=1 loops=1)
                                                                          Filter: ((role)::text = 'actress'::text)
                                                                          Rows Removed by Filter: 11
                                                                    ->  Index Scan using role_id_cast_info on cast_info ci  (cost=0.56..133252.59 rows=79629 width=16) (actual time=0.226..2129.332 rows=276166 loops=1)
                                                                          Index Cond: (role_id = rt.id)
                                                                          Filter: (note = ANY ('{(voice),"(voice: Japanese version)","(voice) (uncredited)","(voice: English version)"}'::text[]))
                                                                          Rows Removed by Filter: 7175807
                                                              ->  Hash  (cost=67604.32..67604.32 rows=1381453 width=21) (actual time=991.253..991.253 rows=1381453 loops=1)
                                                                    Buckets: 2097152  Batches: 1  Memory Usage: 90381kB
                                                                    ->  Seq Scan on title t  (cost=0.00..67604.32 rows=1381453 width=21) (actual time=0.016..593.169 rows=1381453 loops=1)
                                                                          Filter: (production_year > 2000)
                                                                          Rows Removed by Filter: 1146859
                                            ->  Hash  (cost=5932.46..5932.46 rows=84843 width=4) (actual time=71.523..71.523 rows=84843 loops=1)
                                                  Buckets: 131072  Batches: 1  Memory Usage: 4007kB
                                                  ->  Seq Scan on company_name cn  (cost=0.00..5932.46 rows=84843 width=4) (actual time=0.018..55.623 rows=84843 loops=1)
                                                        Filter: ((country_code)::text = '[us]'::text)
                                                        Rows Removed by Filter: 150154
                                      ->  Hash  (cost=67850.96..67850.96 rows=3140339 width=4) (actual time=1310.934..1310.934 rows=3140339 loops=1)
                                            Buckets: 4194304  Batches: 1  Memory Usage: 143171kB
                                            ->  Seq Scan on char_name chn  (cost=0.00..67850.96 rows=3140339 width=4) (actual time=0.029..555.622 rows=3140339 loops=1)
                                ->  Hash  (cost=107708.24..107708.24 rows=961555 width=19) (actual time=1056.651..1056.651 rows=961555 loops=1)
                                      Buckets: 1048576  Batches: 1  Memory Usage: 58170kB
                                      ->  Seq Scan on name n  (cost=0.00..107708.24 rows=961555 width=19) (actual time=322.415..810.915 rows=961555 loops=1)
                                            Filter: ((gender)::text = 'f'::text)
                                            Rows Removed by Filter: 3205936
Planning time: 19.843 ms
Execution time: 9932.230 ms
