Aggregate  (cost=496954.34..496954.35 rows=1 width=64) (actual time=12092.192..12092.192 rows=1 loops=1)
  ->  Nested Loop  (cost=231508.92..496930.40 rows=4788 width=32) (actual time=3429.173..11298.883 rows=1760645 loops=1)
        ->  Nested Loop  (cost=231508.50..494522.54 rows=1464 width=40) (actual time=3428.820..8930.587 rows=787043 loops=1)
              Join Filter: (mi.info_type_id = it.id)
              Rows Removed by Join Filter: 3639796
              ->  Seq Scan on info_type it  (cost=0.00..2.41 rows=1 width=4) (actual time=0.011..0.021 rows=1 loops=1)
                    Filter: ((info)::text = 'release dates'::text)
                    Rows Removed by Filter: 112
              ->  Nested Loop  (cost=231508.50..492452.75 rows=165390 width=44) (actual time=3428.793..8501.823 rows=4426839 loops=1)
                    Join Filter: (t.id = mi.movie_id)
                    ->  Nested Loop  (cost=231508.06..349937.09 rows=5330 width=52) (actual time=3428.768..5494.615 rows=97320 loops=1)
                          ->  Nested Loop  (cost=231507.63..339622.48 rows=7056 width=56) (actual time=3428.747..4980.104 rows=104325 loops=1)
                                ->  Hash Join  (cost=231507.20..291180.16 rows=30581 width=37) (actual time=3428.713..4465.232 rows=104391 loops=1)
                                      Hash Cond: (mc.company_id = cn.id)
                                      ->  Hash Join  (cost=224514.20..280917.50 rows=258984 width=41) (actual time=3362.282..4319.534 rows=289362 loops=1)
                                            Hash Cond: (mc.movie_id = t.id)
                                            ->  Seq Scan on movie_companies mc  (cost=0.00..44881.29 rows=2609129 width=8) (actual time=0.010..311.134 rows=2609129 loops=1)
                                            ->  Hash  (cost=222409.12..222409.12 rows=168407 width=33) (actual time=3361.234..3361.234 rows=168407 loops=1)
                                                  Buckets: 262144  Batches: 1  Memory Usage: 14124kB
                                                  ->  Hash Join  (cost=84873.05..222409.12 rows=168407 width=33) (actual time=999.319..3292.065 rows=168407 loops=1)
                                                        Hash Cond: (ci.movie_id = t.id)
                                                        ->  Nested Loop  (cost=0.56..134050.03 rows=276166 width=12) (actual time=0.230..2161.019 rows=276166 loops=1)
                                                              ->  Seq Scan on role_type rt  (cost=0.00..1.15 rows=1 width=4) (actual time=0.006..0.011 rows=1 loops=1)
                                                                    Filter: ((role)::text = 'actress'::text)
                                                                    Rows Removed by Filter: 11
                                                              ->  Index Scan using role_id_cast_info on cast_info ci  (cost=0.56..133252.59 rows=79629 width=16) (actual time=0.219..2117.978 rows=276166 loops=1)
                                                                    Index Cond: (role_id = rt.id)
                                                                    Filter: (note = ANY ('{(voice),"(voice: Japanese version)","(voice) (uncredited)","(voice: English version)"}'::text[]))
                                                                    Rows Removed by Filter: 7175807
                                                        ->  Hash  (cost=67604.32..67604.32 rows=1381453 width=21) (actual time=993.482..993.482 rows=1381453 loops=1)
                                                              Buckets: 2097152  Batches: 1  Memory Usage: 90381kB
                                                              ->  Seq Scan on title t  (cost=0.00..67604.32 rows=1381453 width=21) (actual time=0.018..594.192 rows=1381453 loops=1)
                                                                    Filter: (production_year > 2000)
                                                                    Rows Removed by Filter: 1146859
                                      ->  Hash  (cost=5932.46..5932.46 rows=84843 width=4) (actual time=65.939..65.939 rows=84843 loops=1)
                                            Buckets: 131072  Batches: 1  Memory Usage: 4007kB
                                            ->  Seq Scan on company_name cn  (cost=0.00..5932.46 rows=84843 width=4) (actual time=0.009..50.753 rows=84843 loops=1)
                                                  Filter: ((country_code)::text = '[us]'::text)
                                                  Rows Removed by Filter: 150154
                                ->  Index Scan using name_pkey on name n  (cost=0.43..1.58 rows=1 width=19) (actual time=0.004..0.004 rows=1 loops=104391)
                                      Index Cond: (id = ci.person_id)
                                      Filter: ((gender)::text = 'f'::text)
                                      Rows Removed by Filter: 0
                          ->  Index Only Scan using char_name_pkey on char_name chn  (cost=0.43..1.46 rows=1 width=4) (actual time=0.004..0.004 rows=1 loops=104325)
                                Index Cond: (id = ci.person_role_id)
                                Heap Fetches: 97320
                    ->  Index Scan using movie_id_movie_info on movie_info mi  (cost=0.43..26.23 rows=41 width=8) (actual time=0.003..0.018 rows=45 loops=97320)
                          Index Cond: (movie_id = mc.movie_id)
        ->  Index Only Scan using person_id_aka_name on aka_name an  (cost=0.42..1.62 rows=2 width=4) (actual time=0.002..0.002 rows=2 loops=787043)
              Index Cond: (person_id = n.id)
              Heap Fetches: 1760645
Planning time: 18.784 ms
Execution time: 12094.453 ms
