Aggregate  (cost=513595.20..513595.21 rows=1 width=64) (actual time=14293.626..14293.626 rows=1 loops=1)
  ->  Nested Loop  (cost=296831.09..513577.47 rows=3546 width=32) (actual time=4584.326..13470.942 rows=1760645 loops=1)
        ->  Nested Loop  (cost=296830.66..510633.43 rows=1790 width=40) (actual time=4583.383..11062.414 rows=787043 loops=1)
              ->  Nested Loop  (cost=296830.23..506114.94 rows=3091 width=44) (actual time=4583.361..8900.273 rows=880631 loops=1)
                    ->  Hash Join  (cost=296829.80..484893.21 rows=13397 width=25) (actual time=4583.320..6318.860 rows=881478 loops=1)
                          Hash Cond: (mi.movie_id = t.id)
                          ->  Nested Loop  (cost=3971.58..179403.51 rows=3036719 width=4) (actual time=212.058..1264.773 rows=3036719 loops=1)
                                ->  Seq Scan on info_type it  (cost=0.00..2.41 rows=1 width=4) (actual time=0.010..0.024 rows=1 loops=1)
                                      Filter: ((info)::text = 'release dates'::text)
                                      Rows Removed by Filter: 112
                                ->  Bitmap Heap Scan on movie_info mi  (cost=3971.58..177280.91 rows=212019 width=8) (actual time=212.044..782.466 rows=3036719 loops=1)
                                      Recheck Cond: (info_type_id = it.id)
                                      Heap Blocks: exact=25448
                                      ->  Bitmap Index Scan on info_type_id_movie_info  (cost=0.00..3918.58 rows=212019 width=0) (actual time=206.750..206.750 rows=3036719 loops=1)
                                            Index Cond: (info_type_id = it.id)
                          ->  Hash  (cost=291563.68..291563.68 rows=103563 width=37) (actual time=4371.037..4371.037 rows=104391 loops=1)
                                Buckets: 131072  Batches: 1  Memory Usage: 8815kB
                                ->  Hash Join  (cost=231507.20..291563.68 rows=103563 width=37) (actual time=3449.801..4337.730 rows=104391 loops=1)
                                      Hash Cond: (mc.company_id = cn.id)
                                      ->  Hash Join  (cost=224514.20..280917.50 rows=289362 width=41) (actual time=3375.949..4205.710 rows=289362 loops=1)
                                            Hash Cond: (mc.movie_id = t.id)
                                            ->  Seq Scan on movie_companies mc  (cost=0.00..44881.29 rows=2609129 width=8) (actual time=0.012..339.691 rows=2609129 loops=1)
                                            ->  Hash  (cost=222409.12..222409.12 rows=168407 width=33) (actual time=3374.840..3374.840 rows=168407 loops=1)
                                                  Buckets: 262144  Batches: 1  Memory Usage: 14124kB
                                                  ->  Hash Join  (cost=84873.05..222409.12 rows=168407 width=33) (actual time=999.129..3306.070 rows=168407 loops=1)
                                                        Hash Cond: (ci.movie_id = t.id)
                                                        ->  Nested Loop  (cost=0.56..134050.03 rows=276166 width=12) (actual time=0.243..2174.315 rows=276166 loops=1)
                                                              ->  Seq Scan on role_type rt  (cost=0.00..1.15 rows=1 width=4) (actual time=0.007..0.012 rows=1 loops=1)
                                                                    Filter: ((role)::text = 'actress'::text)
                                                                    Rows Removed by Filter: 11
                                                              ->  Index Scan using role_id_cast_info on cast_info ci  (cost=0.56..133252.59 rows=79629 width=16) (actual time=0.231..2131.157 rows=276166 loops=1)
                                                                    Index Cond: (role_id = rt.id)
                                                                    Filter: (note = ANY ('{(voice),"(voice: Japanese version)","(voice) (uncredited)","(voice: English version)"}'::text[]))
                                                                    Rows Removed by Filter: 7175807
                                                        ->  Hash  (cost=67604.32..67604.32 rows=1381453 width=21) (actual time=992.880..992.880 rows=1381453 loops=1)
                                                              Buckets: 2097152  Batches: 1  Memory Usage: 90381kB
                                                              ->  Seq Scan on title t  (cost=0.00..67604.32 rows=1381453 width=21) (actual time=0.019..593.537 rows=1381453 loops=1)
                                                                    Filter: (production_year > 2000)
                                                                    Rows Removed by Filter: 1146859
                                      ->  Hash  (cost=5932.46..5932.46 rows=84843 width=4) (actual time=73.754..73.754 rows=84843 loops=1)
                                            Buckets: 131072  Batches: 1  Memory Usage: 4007kB
                                            ->  Seq Scan on company_name cn  (cost=0.00..5932.46 rows=84843 width=4) (actual time=0.022..58.177 rows=84843 loops=1)
                                                  Filter: ((country_code)::text = '[us]'::text)
                                                  Rows Removed by Filter: 150154
                    ->  Index Scan using name_pkey on name n  (cost=0.43..1.58 rows=1 width=19) (actual time=0.002..0.002 rows=1 loops=881478)
                          Index Cond: (id = ci.person_id)
                          Filter: ((gender)::text = 'f'::text)
                          Rows Removed by Filter: 0
              ->  Index Only Scan using char_name_pkey on char_name chn  (cost=0.43..1.46 rows=1 width=4) (actual time=0.002..0.002 rows=1 loops=880631)
                    Index Cond: (id = ci.person_role_id)
                    Heap Fetches: 787043
        ->  Index Only Scan using person_id_aka_name on aka_name an  (cost=0.42..1.62 rows=2 width=4) (actual time=0.002..0.002 rows=2 loops=787043)
              Index Cond: (person_id = n.id)
              Heap Fetches: 1760645
Planning time: 18.766 ms
Execution time: 14296.272 ms
