Aggregate  (cost=700382.65..700382.66 rows=1 width=64) (actual time=13671.103..13671.103 rows=1 loops=1)
  ->  Nested Loop  (cost=459734.03..700345.78 rows=7373 width=32) (actual time=6429.306..12620.246 rows=1760645 loops=1)
        ->  Hash Join  (cost=459733.60..649723.79 rows=31957 width=25) (actual time=6429.270..8233.175 rows=1761514 loops=1)
              Hash Cond: (mi.movie_id = t.id)
              ->  Nested Loop  (cost=3971.58..179403.51 rows=3036719 width=4) (actual time=207.507..1250.406 rows=3036719 loops=1)
                    ->  Seq Scan on info_type it  (cost=0.00..2.41 rows=1 width=4) (actual time=0.012..0.027 rows=1 loops=1)
                          Filter: ((info)::text = 'release dates'::text)
                          Rows Removed by Filter: 112
                    ->  Bitmap Heap Scan on movie_info mi  (cost=3971.58..177280.91 rows=212019 width=8) (actual time=207.491..781.513 rows=3036719 loops=1)
                          Recheck Cond: (info_type_id = it.id)
                          Heap Blocks: exact=25448
                          ->  Bitmap Index Scan on info_type_id_movie_info  (cost=0.00..3918.58 rows=212019 width=0) (actual time=202.201..202.201 rows=3036719 loops=1)
                                Index Cond: (info_type_id = it.id)
              ->  Hash  (cost=452462.06..452462.06 rows=263996 width=37) (actual time=6219.309..6219.309 rows=266076 loops=1)
                    Buckets: 524288  Batches: 1  Memory Usage: 24107kB
                    ->  Hash Join  (cost=370288.62..452462.06 rows=263996 width=37) (actual time=5153.703..6145.975 rows=266076 loops=1)
                          Hash Cond: (ci.person_id = an.person_id)
                          ->  Hash Join  (cost=338612.40..399986.82 rows=97386 width=33) (actual time=4768.294..5692.258 rows=97386 loops=1)
                                Hash Cond: (ci.person_role_id = chn.id)
                                ->  Hash Join  (cost=231507.20..291563.68 rows=104391 width=37) (actual time=3437.983..4324.247 rows=104391 loops=1)
                                      Hash Cond: (mc.company_id = cn.id)
                                      ->  Hash Join  (cost=224514.20..280917.50 rows=289362 width=41) (actual time=3366.011..4197.803 rows=289362 loops=1)
                                            Hash Cond: (mc.movie_id = t.id)
                                            ->  Seq Scan on movie_companies mc  (cost=0.00..44881.29 rows=2609129 width=8) (actual time=0.013..336.163 rows=2609129 loops=1)
                                            ->  Hash  (cost=222409.12..222409.12 rows=168407 width=33) (actual time=3364.942..3364.942 rows=168407 loops=1)
                                                  Buckets: 262144  Batches: 1  Memory Usage: 14124kB
                                                  ->  Hash Join  (cost=84873.05..222409.12 rows=168407 width=33) (actual time=1005.240..3295.183 rows=168407 loops=1)
                                                        Hash Cond: (ci.movie_id = t.id)
                                                        ->  Nested Loop  (cost=0.56..134050.03 rows=276166 width=12) (actual time=0.234..2159.048 rows=276166 loops=1)
                                                              ->  Seq Scan on role_type rt  (cost=0.00..1.15 rows=1 width=4) (actual time=0.007..0.013 rows=1 loops=1)
                                                                    Filter: ((role)::text = 'actress'::text)
                                                                    Rows Removed by Filter: 11
                                                              ->  Index Scan using role_id_cast_info on cast_info ci  (cost=0.56..133252.59 rows=79629 width=16) (actual time=0.222..2116.116 rows=276166 loops=1)
                                                                    Index Cond: (role_id = rt.id)
                                                                    Filter: (note = ANY ('{(voice),"(voice: Japanese version)","(voice) (uncredited)","(voice: English version)"}'::text[]))
                                                                    Rows Removed by Filter: 7175807
                                                        ->  Hash  (cost=67604.32..67604.32 rows=1381453 width=21) (actual time=999.379..999.379 rows=1381453 loops=1)
                                                              Buckets: 2097152  Batches: 1  Memory Usage: 90381kB
                                                              ->  Seq Scan on title t  (cost=0.00..67604.32 rows=1381453 width=21) (actual time=0.017..598.357 rows=1381453 loops=1)
                                                                    Filter: (production_year > 2000)
                                                                    Rows Removed by Filter: 1146859
                                      ->  Hash  (cost=5932.46..5932.46 rows=84843 width=4) (actual time=71.444..71.444 rows=84843 loops=1)
                                            Buckets: 131072  Batches: 1  Memory Usage: 4007kB
                                            ->  Seq Scan on company_name cn  (cost=0.00..5932.46 rows=84843 width=4) (actual time=0.018..55.605 rows=84843 loops=1)
                                                  Filter: ((country_code)::text = '[us]'::text)
                                                  Rows Removed by Filter: 150154
                                ->  Hash  (cost=67850.96..67850.96 rows=3140339 width=4) (actual time=1319.343..1319.343 rows=3140339 loops=1)
                                      Buckets: 4194304  Batches: 1  Memory Usage: 143171kB
                                      ->  Seq Scan on char_name chn  (cost=0.00..67850.96 rows=3140339 width=4) (actual time=0.030..563.341 rows=3140339 loops=1)
                          ->  Hash  (cost=20409.43..20409.43 rows=901343 width=4) (actual time=382.173..382.173 rows=901343 loops=1)
                                Buckets: 1048576  Batches: 1  Memory Usage: 39880kB
                                ->  Seq Scan on aka_name an  (cost=0.00..20409.43 rows=901343 width=4) (actual time=0.014..194.780 rows=901343 loops=1)
        ->  Index Scan using name_pkey on name n  (cost=0.43..1.58 rows=1 width=19) (actual time=0.002..0.002 rows=1 loops=1761514)
              Index Cond: (id = ci.person_id)
              Filter: ((gender)::text = 'f'::text)
              Rows Removed by Filter: 0
Planning time: 20.045 ms
Execution time: 13676.915 ms
