Aggregate  (cost=12339.04..12339.05 rows=1 width=32) (actual time=5531.679..5531.679 rows=1 loops=1)
  ->  Nested Loop  (cost=9.04..12339.04 rows=1 width=17) (actual time=38.450..5531.580 rows=33 loops=1)
        ->  Nested Loop  (cost=8.61..12338.58 rows=1 width=21) (actual time=38.432..5531.081 rows=33 loops=1)
              ->  Nested Loop  (cost=8.18..12333.52 rows=11 width=25) (actual time=4.414..3345.136 rows=532809 loops=1)
                    Join Filter: (t.id = ci.movie_id)
                    ->  Nested Loop  (cost=7.62..12327.56 rows=3 width=29) (actual time=4.392..800.145 rows=6016 loops=1)
                          Join Filter: (t.kind_id = kt.id)
                          Rows Removed by Join Filter: 1347
                          ->  Seq Scan on kind_type kt  (cost=0.00..1.09 rows=1 width=4) (actual time=0.005..0.007 rows=1 loops=1)
                                Filter: ((kind)::text = 'movie'::text)
                                Rows Removed by Filter: 6
                          ->  Nested Loop  (cost=7.62..12326.21 rows=21 width=33) (actual time=1.019..797.723 rows=7363 loops=1)
                                ->  Nested Loop  (cost=7.19..12314.95 rows=23 width=8) (actual time=0.995..675.460 rows=8765 loops=1)
                                      Join Filter: (cc.status_id = cct2.id)
                                      Rows Removed by Join Filter: 8765
                                      ->  Seq Scan on comp_cast_type cct2  (cost=0.00..1.05 rows=1 width=4) (actual time=0.003..0.004 rows=2 loops=1)
                                            Filter: ((kind)::text ~~ '%complete%'::text)
                                            Rows Removed by Filter: 2
                                      ->  Nested Loop  (cost=7.19..12312.73 rows=93 width=12) (actual time=0.977..335.782 rows=8765 loops=2)
                                            Join Filter: (cc.subject_id = cct1.id)
                                            Rows Removed by Join Filter: 4045
                                            ->  Seq Scan on comp_cast_type cct1  (cost=0.00..1.05 rows=1 width=4) (actual time=0.001..0.006 rows=1 loops=2)
                                                  Filter: ((kind)::text = 'cast'::text)
                                                  Rows Removed by Filter: 3
                                            ->  Nested Loop  (cost=7.19..12307.01 rows=374 width=16) (actual time=0.974..332.717 rows=12810 loops=2)
                                                  ->  Nested Loop  (cost=6.77..12178.50 rows=270 width=4) (actual time=0.719..226.572 rows=35548 loops=2)
                                                        ->  Seq Scan on keyword k  (cost=0.00..3632.40 rows=8 width=4) (actual time=0.164..48.372 rows=8 loops=2)
                                                              Filter: (keyword = ANY ('{superhero,sequel,second-part,marvel-comics,based-on-comic,tv-special,fight,violence}'::text[]))
                                                              Rows Removed by Filter: 134162
                                                        ->  Bitmap Heap Scan on movie_keyword mk  (cost=6.77..1065.25 rows=301 width=8) (actual time=1.173..21.373 rows=4444 loops=16)
                                                              Recheck Cond: (keyword_id = k.id)
                                                              Heap Blocks: exact=46976
                                                              ->  Bitmap Index Scan on keyword_id_movie_keyword  (cost=0.00..6.69 rows=301 width=0) (actual time=0.665..0.665 rows=4444 loops=16)
                                                                    Index Cond: (keyword_id = k.id)
                                                  ->  Index Scan using movie_id_complete_cast on complete_cast cc  (cost=0.42..0.46 rows=2 width=12) (actual time=0.002..0.003 rows=0 loops=71096)
                                                        Index Cond: (movie_id = mk.movie_id)
                                ->  Index Scan using title_pkey on title t  (cost=0.43..0.49 rows=1 width=25) (actual time=0.013..0.013 rows=1 loops=8765)
                                      Index Cond: (id = mk.movie_id)
                                      Filter: (production_year > 1950)
                                      Rows Removed by Filter: 0
                    ->  Index Scan using movie_id_cast_info on cast_info ci  (cost=0.56..1.52 rows=37 width=12) (actual time=0.016..0.395 rows=89 loops=6016)
                          Index Cond: (movie_id = mk.movie_id)
              ->  Index Scan using char_name_pkey on char_name chn  (cost=0.43..0.46 rows=1 width=4) (actual time=0.004..0.004 rows=0 loops=532809)
                    Index Cond: (id = ci.person_role_id)
                    Filter: ((name !~~ '%Sherlock%'::text) AND ((name ~~ '%Tony%Stark%'::text) OR (name ~~ '%Iron%Man%'::text)))
                    Rows Removed by Filter: 0
        ->  Index Only Scan using name_pkey on name n  (cost=0.43..0.46 rows=1 width=4) (actual time=0.014..0.014 rows=1 loops=33)
              Index Cond: (id = ci.person_id)
              Heap Fetches: 33
Planning time: 13.022 ms
Execution time: 5531.780 ms
