Aggregate  (cost=12333.92..12333.93 rows=1 width=32) (actual time=3945.088..3945.088 rows=1 loops=1)
  ->  Nested Loop  (cost=9.04..12333.92 rows=1 width=17) (actual time=52.316..3945.027 rows=17 loops=1)
        ->  Nested Loop  (cost=8.61..12333.45 rows=1 width=21) (actual time=52.284..3944.475 rows=27 loops=1)
              ->  Nested Loop  (cost=8.18..12330.25 rows=7 width=25) (actual time=7.301..2060.708 rows=222518 loops=1)
                    Join Filter: (t.id = ci.movie_id)
                    ->  Nested Loop  (cost=7.62..12326.28 rows=2 width=29) (actual time=7.288..1063.600 rows=1472 loops=1)
                          Join Filter: (cc.status_id = cct2.id)
                          Rows Removed by Join Filter: 1472
                          ->  Seq Scan on comp_cast_type cct2  (cost=0.00..1.05 rows=1 width=4) (actual time=0.006..0.008 rows=2 loops=1)
                                Filter: ((kind)::text ~~ '%complete%'::text)
                                Rows Removed by Filter: 2
                          ->  Nested Loop  (cost=7.62..12325.14 rows=7 width=33) (actual time=7.254..531.393 rows=1472 loops=2)
                                Join Filter: (cc.subject_id = cct1.id)
                                Rows Removed by Join Filter: 243
                                ->  Seq Scan on comp_cast_type cct1  (cost=0.00..1.05 rows=1 width=4) (actual time=0.002..0.004 rows=1 loops=2)
                                      Filter: ((kind)::text = 'cast'::text)
                                      Rows Removed by Filter: 3
                                ->  Nested Loop  (cost=7.62..12323.73 rows=29 width=37) (actual time=7.250..530.826 rows=1715 loops=2)
                                      ->  Nested Loop  (cost=7.20..12313.69 rows=21 width=25) (actual time=7.155..505.307 rows=6043 loops=2)
                                            Join Filter: (t.kind_id = kt.id)
                                            Rows Removed by Join Filter: 8122
                                            ->  Seq Scan on kind_type kt  (cost=0.00..1.09 rows=1 width=4) (actual time=0.001..0.006 rows=1 loops=2)
                                                  Filter: ((kind)::text = 'movie'::text)
                                                  Rows Removed by Filter: 6
                                            ->  Nested Loop  (cost=7.20..12310.74 rows=149 width=29) (actual time=0.737..502.472 rows=14165 loops=2)
                                                  ->  Nested Loop  (cost=6.77..12178.50 rows=270 width=4) (actual time=0.716..211.348 rows=35548 loops=2)
                                                        ->  Seq Scan on keyword k  (cost=0.00..3632.40 rows=8 width=4) (actual time=0.160..48.140 rows=8 loops=2)
                                                              Filter: (keyword = ANY ('{superhero,sequel,second-part,marvel-comics,based-on-comic,tv-special,fight,violence}'::text[]))
                                                              Rows Removed by Filter: 134162
                                                        ->  Bitmap Heap Scan on movie_keyword mk  (cost=6.77..1065.25 rows=301 width=8) (actual time=1.164..19.519 rows=4444 loops=16)
                                                              Recheck Cond: (keyword_id = k.id)
                                                              Heap Blocks: exact=46976
                                                              ->  Bitmap Index Scan on keyword_id_movie_keyword  (cost=0.00..6.69 rows=301 width=0) (actual time=0.659..0.659 rows=4444 loops=16)
                                                                    Index Cond: (keyword_id = k.id)
                                                  ->  Index Scan using title_pkey on title t  (cost=0.43..0.49 rows=1 width=25) (actual time=0.008..0.008 rows=0 loops=71096)
                                                        Index Cond: (id = mk.movie_id)
                                                        Filter: (production_year > 2000)
                                                        Rows Removed by Filter: 1
                                      ->  Index Scan using movie_id_complete_cast on complete_cast cc  (cost=0.42..0.46 rows=2 width=12) (actual time=0.003..0.004 rows=0 loops=12086)
                                            Index Cond: (movie_id = t.id)
                    ->  Index Scan using movie_id_cast_info on cast_info ci  (cost=0.56..1.52 rows=37 width=12) (actual time=0.018..0.628 rows=151 loops=1472)
                          Index Cond: (movie_id = mk.movie_id)
              ->  Index Scan using name_pkey on name n  (cost=0.43..0.46 rows=1 width=4) (actual time=0.008..0.008 rows=0 loops=222518)
                    Index Cond: (id = ci.person_id)
                    Filter: (name ~~ '%Downey%Robert%'::text)
                    Rows Removed by Filter: 1
        ->  Index Scan using char_name_pkey on char_name chn  (cost=0.43..0.46 rows=1 width=4) (actual time=0.018..0.018 rows=1 loops=27)
              Index Cond: (id = ci.person_role_id)
              Filter: ((name !~~ '%Sherlock%'::text) AND ((name ~~ '%Tony%Stark%'::text) OR (name ~~ '%Iron%Man%'::text)))
              Rows Removed by Filter: 0
Planning time: 12.008 ms
Execution time: 3945.179 ms
