Aggregate  (cost=110167.02..110167.03 rows=1 width=32) (actual time=918.936..918.936 rows=1 loops=1)
  ->  Nested Loop  (cost=2.70..110167.02 rows=1 width=17) (actual time=94.189..918.904 rows=17 loops=1)
        ->  Nested Loop  (cost=2.28..110122.13 rows=100 width=21) (actual time=93.998..915.543 rows=698 loops=1)
              ->  Nested Loop  (cost=1.84..110114.92 rows=4 width=29) (actual time=93.966..915.144 rows=4 loops=1)
                    Join Filter: (t.kind_id = kt.id)
                    ->  Seq Scan on kind_type kt  (cost=0.00..1.09 rows=1 width=4) (actual time=0.007..0.010 rows=1 loops=1)
                          Filter: ((kind)::text = 'movie'::text)
                          Rows Removed by Filter: 6
                    ->  Nested Loop  (cost=1.84..110113.78 rows=4 width=33) (actual time=93.956..915.131 rows=4 loops=1)
                          ->  Nested Loop  (cost=1.41..110111.96 rows=4 width=8) (actual time=93.939..915.092 rows=4 loops=1)
                                Join Filter: (cc.status_id = cct2.id)
                                Rows Removed by Join Filter: 2
                                ->  Nested Loop  (cost=1.41..110110.80 rows=4 width=12) (actual time=93.927..915.077 rows=4 loops=1)
                                      Join Filter: (cc.subject_id = cct1.id)
                                      ->  Seq Scan on comp_cast_type cct1  (cost=0.00..1.05 rows=1 width=4) (actual time=0.002..0.005 rows=1 loops=1)
                                            Filter: ((kind)::text = 'cast'::text)
                                            Rows Removed by Filter: 3
                                      ->  Nested Loop  (cost=1.41..110109.70 rows=4 width=16) (actual time=93.925..915.069 rows=4 loops=1)
                                            ->  Nested Loop  (cost=0.99..110102.09 rows=16 width=4) (actual time=93.900..914.949 rows=16 loops=1)
                                                  ->  Nested Loop  (cost=0.56..109878.41 rows=486 width=8) (actual time=93.035..912.684 rows=486 loops=1)
                                                        ->  Seq Scan on name n  (cost=0.00..107708.24 rows=2 width=4) (actual time=92.982..912.356 rows=2 loops=1)
                                                              Filter: (name ~~ '%Downey%Robert%'::text)
                                                              Rows Removed by Filter: 4167489
                                                        ->  Index Scan using person_id_cast_info on cast_info ci  (cost=0.56..1079.96 rows=512 width=12) (actual time=0.033..0.115 rows=243 loops=2)
                                                              Index Cond: (person_id = n.id)
                                                  ->  Index Scan using char_name_pkey on char_name chn  (cost=0.43..0.46 rows=1 width=4) (actual time=0.004..0.004 rows=0 loops=486)
                                                        Index Cond: (id = ci.person_role_id)
                                                        Filter: ((name !~~ '%Sherlock%'::text) AND ((name ~~ '%Tony%Stark%'::text) OR (name ~~ '%Iron%Man%'::text)))
                                                        Rows Removed by Filter: 1
                                            ->  Index Scan using movie_id_complete_cast on complete_cast cc  (cost=0.42..0.46 rows=2 width=12) (actual time=0.007..0.007 rows=0 loops=16)
                                                  Index Cond: (movie_id = ci.movie_id)
                                ->  Materialize  (cost=0.00..1.06 rows=2 width=4) (actual time=0.002..0.003 rows=2 loops=4)
                                      ->  Seq Scan on comp_cast_type cct2  (cost=0.00..1.05 rows=2 width=4) (actual time=0.005..0.005 rows=2 loops=1)
                                            Filter: ((kind)::text ~~ '%complete%'::text)
                                            Rows Removed by Filter: 2
                          ->  Index Scan using title_pkey on title t  (cost=0.43..0.45 rows=1 width=25) (actual time=0.008..0.008 rows=1 loops=4)
                                Index Cond: (id = ci.movie_id)
                                Filter: (production_year > 2000)
              ->  Index Scan using movie_id_movie_keyword on movie_keyword mk  (cost=0.43..1.34 rows=46 width=8) (actual time=0.016..0.067 rows=174 loops=4)
                    Index Cond: (movie_id = t.id)
        ->  Index Scan using keyword_pkey on keyword k  (cost=0.42..0.45 rows=1 width=4) (actual time=0.005..0.005 rows=0 loops=698)
              Index Cond: (id = mk.keyword_id)
              Filter: (keyword = ANY ('{superhero,sequel,second-part,marvel-comics,based-on-comic,tv-special,fight,violence}'::text[]))
              Rows Removed by Filter: 1
Planning time: 12.091 ms
Execution time: 919.030 ms
