Aggregate  (cost=110435.43..110435.44 rows=1 width=32) (actual time=919.660..919.660 rows=1 loops=1)
  ->  Nested Loop  (cost=2.70..110435.38 rows=17 width=17) (actual time=93.924..919.629 rows=17 loops=1)
        ->  Nested Loop  (cost=2.28..110122.13 rows=698 width=21) (actual time=93.826..916.919 rows=698 loops=1)
              ->  Nested Loop  (cost=1.84..110114.92 rows=4 width=29) (actual time=93.805..916.557 rows=4 loops=1)
                    Join Filter: (t.kind_id = kt.id)
                    ->  Seq Scan on kind_type kt  (cost=0.00..1.09 rows=1 width=4) (actual time=0.007..0.009 rows=1 loops=1)
                          Filter: ((kind)::text = 'movie'::text)
                          Rows Removed by Filter: 6
                    ->  Nested Loop  (cost=1.84..110113.78 rows=4 width=33) (actual time=93.796..916.544 rows=4 loops=1)
                          ->  Nested Loop  (cost=1.41..110111.96 rows=4 width=8) (actual time=93.779..916.509 rows=4 loops=1)
                                Join Filter: (cc.status_id = cct2.id)
                                Rows Removed by Join Filter: 2
                                ->  Nested Loop  (cost=1.41..110110.80 rows=4 width=12) (actual time=93.767..916.492 rows=4 loops=1)
                                      Join Filter: (cc.subject_id = cct1.id)
                                      ->  Seq Scan on comp_cast_type cct1  (cost=0.00..1.05 rows=1 width=4) (actual time=0.002..0.004 rows=1 loops=1)
                                            Filter: ((kind)::text = 'cast'::text)
                                            Rows Removed by Filter: 3
                                      ->  Nested Loop  (cost=1.41..110109.70 rows=4 width=16) (actual time=93.764..916.485 rows=4 loops=1)
                                            ->  Nested Loop  (cost=0.99..110102.09 rows=16 width=4) (actual time=93.750..916.411 rows=16 loops=1)
                                                  ->  Nested Loop  (cost=0.56..109878.41 rows=486 width=8) (actual time=93.294..914.997 rows=486 loops=1)
                                                        ->  Seq Scan on name n  (cost=0.00..107708.24 rows=2 width=4) (actual time=93.257..914.695 rows=2 loops=1)
                                                              Filter: (name ~~ '%Downey%Robert%'::text)
                                                              Rows Removed by Filter: 4167489
                                                        ->  Index Scan using person_id_cast_info on cast_info ci  (cost=0.56..1079.96 rows=512 width=12) (actual time=0.027..0.104 rows=243 loops=2)
                                                              Index Cond: (person_id = n.id)
                                                  ->  Index Scan using char_name_pkey on char_name chn  (cost=0.43..0.46 rows=1 width=4) (actual time=0.003..0.003 rows=0 loops=486)
                                                        Index Cond: (id = ci.person_role_id)
                                                        Filter: ((name !~~ '%Sherlock%'::text) AND ((name ~~ '%Tony%Stark%'::text) OR (name ~~ '%Iron%Man%'::text)))
                                                        Rows Removed by Filter: 1
                                            ->  Index Scan using movie_id_complete_cast on complete_cast cc  (cost=0.42..0.46 rows=2 width=12) (actual time=0.004..0.004 rows=0 loops=16)
                                                  Index Cond: (movie_id = ci.movie_id)
                                ->  Materialize  (cost=0.00..1.06 rows=2 width=4) (actual time=0.003..0.003 rows=2 loops=4)
                                      ->  Seq Scan on comp_cast_type cct2  (cost=0.00..1.05 rows=2 width=4) (actual time=0.006..0.006 rows=2 loops=1)
                                            Filter: ((kind)::text ~~ '%complete%'::text)
                                            Rows Removed by Filter: 2
                          ->  Index Scan using title_pkey on title t  (cost=0.43..0.45 rows=1 width=25) (actual time=0.008..0.008 rows=1 loops=4)
                                Index Cond: (id = ci.movie_id)
                                Filter: (production_year > 2000)
              ->  Index Scan using movie_id_movie_keyword on movie_keyword mk  (cost=0.43..1.34 rows=46 width=8) (actual time=0.011..0.059 rows=174 loops=4)
                    Index Cond: (movie_id = t.id)
        ->  Index Scan using keyword_pkey on keyword k  (cost=0.42..0.45 rows=1 width=4) (actual time=0.004..0.004 rows=0 loops=698)
              Index Cond: (id = mk.keyword_id)
              Filter: (keyword = ANY ('{superhero,sequel,second-part,marvel-comics,based-on-comic,tv-special,fight,violence}'::text[]))
              Rows Removed by Filter: 1
Planning time: 12.107 ms
Execution time: 919.754 ms
