Aggregate  (cost=23387.35..23387.36 rows=1 width=64) (actual time=1910.166..1910.166 rows=1 loops=1)
  ->  Nested Loop  (cost=3782.29..23387.33 rows=3 width=32) (actual time=57.298..1904.046 rows=5406 loops=1)
        ->  Nested Loop  (cost=3781.86..23385.97 rows=3 width=21) (actual time=57.286..1826.027 rows=5406 loops=1)
              ->  Hash Join  (cost=3781.43..23095.75 rows=634 width=25) (actual time=55.981..1175.904 rows=189844 loops=1)
                    Hash Cond: (cc.status_id = cct2.id)
                    ->  Nested Loop  (cost=3780.36..22683.83 rows=39480 width=29) (actual time=55.964..1110.486 rows=189844 loops=1)
                          Join Filter: (t.id = ci.movie_id)
                          ->  Hash Join  (cost=3779.79..22230.96 rows=228 width=33) (actual time=55.938..330.081 rows=1267 loops=1)
                                Hash Cond: (t.kind_id = kt.id)
                                ->  Nested Loop  (cost=3778.69..22211.75 rows=1595 width=37) (actual time=54.758..329.250 rows=1595 loops=1)
                                      ->  Hash Join  (cost=3778.26..19079.12 rows=6396 width=12) (actual time=53.640..249.678 rows=6396 loops=1)
                                            Hash Cond: (cc.subject_id = cct1.id)
                                            ->  Hash Join  (cost=3777.20..18980.32 rows=9392 width=16) (actual time=53.633..246.577 rows=9392 loops=1)
                                                  Hash Cond: (mk.movie_id = cc.movie_id)
                                                  ->  Nested Loop  (cost=6.77..14545.03 rows=24091 width=4) (actual time=0.733..179.258 rows=24091 loops=1)
                                                        ->  Seq Scan on keyword k  (cost=0.00..3967.82 rows=10 width=4) (actual time=0.183..53.621 rows=10 loops=1)
                                                              Filter: (keyword = ANY ('{superhero,marvel-comics,based-on-comic,tv-special,fight,violence,magnet,web,claw,laser}'::text[]))
                                                              Rows Removed by Filter: 134160
                                                        ->  Bitmap Heap Scan on movie_keyword mk  (cost=6.77..1054.71 rows=301 width=8) (actual time=0.686..12.099 rows=2409 loops=10)
                                                              Recheck Cond: (keyword_id = k.id)
                                                              Heap Blocks: exact=17127
                                                              ->  Bitmap Index Scan on keyword_id_movie_keyword  (cost=0.00..6.69 rows=301 width=0) (actual time=0.387..0.387 rows=2409 loops=10)
                                                                    Index Cond: (keyword_id = k.id)
                                                  ->  Hash  (cost=2081.86..2081.86 rows=135086 width=12) (actual time=52.419..52.419 rows=135086 loops=1)
                                                        Buckets: 262144  Batches: 1  Memory Usage: 7853kB
                                                        ->  Seq Scan on complete_cast cc  (cost=0.00..2081.86 rows=135086 width=12) (actual time=0.014..27.834 rows=135086 loops=1)
                                            ->  Hash  (cost=1.05..1.05 rows=1 width=4) (actual time=0.003..0.003 rows=1 loops=1)
                                                  Buckets: 1024  Batches: 1  Memory Usage: 9kB
                                                  ->  Seq Scan on comp_cast_type cct1  (cost=0.00..1.05 rows=1 width=4) (actual time=0.001..0.002 rows=1 loops=1)
                                                        Filter: ((kind)::text = 'cast'::text)
                                                        Rows Removed by Filter: 3
                                      ->  Index Scan using title_pkey on title t  (cost=0.43..0.49 rows=1 width=25) (actual time=0.012..0.012 rows=0 loops=6396)
                                            Index Cond: (id = mk.movie_id)
                                            Filter: (production_year > 2000)
                                            Rows Removed by Filter: 1
                                ->  Hash  (cost=1.09..1.09 rows=1 width=4) (actual time=0.004..0.004 rows=1 loops=1)
                                      Buckets: 1024  Batches: 1  Memory Usage: 9kB
                                      ->  Seq Scan on kind_type kt  (cost=0.00..1.09 rows=1 width=4) (actual time=0.002..0.003 rows=1 loops=1)
                                            Filter: ((kind)::text = 'movie'::text)
                                            Rows Removed by Filter: 6
                          ->  Index Scan using movie_id_cast_info on cast_info ci  (cost=0.56..1.52 rows=37 width=12) (actual time=0.017..0.570 rows=150 loops=1267)
                                Index Cond: (movie_id = mk.movie_id)
                    ->  Hash  (cost=1.05..1.05 rows=2 width=4) (actual time=0.010..0.010 rows=2 loops=1)
                          Buckets: 1024  Batches: 1  Memory Usage: 9kB
                          ->  Seq Scan on comp_cast_type cct2  (cost=0.00..1.05 rows=2 width=4) (actual time=0.006..0.007 rows=2 loops=1)
                                Filter: ((kind)::text ~~ '%complete%'::text)
                                Rows Removed by Filter: 2
              ->  Index Scan using char_name_pkey on char_name chn  (cost=0.43..0.46 rows=1 width=4) (actual time=0.003..0.003 rows=0 loops=189844)
                    Index Cond: (id = ci.person_role_id)
                    Filter: ((name IS NOT NULL) AND ((name ~~ '%man%'::text) OR (name ~~ '%Man%'::text)))
                    Rows Removed by Filter: 0
        ->  Index Scan using name_pkey on name n  (cost=0.43..0.46 rows=1 width=19) (actual time=0.014..0.014 rows=1 loops=5406)
              Index Cond: (id = ci.person_id)
Planning time: 13.130 ms
Execution time: 1910.307 ms
