Aggregate  (cost=32566.40..32566.41 rows=1 width=96) (actual time=611.626..611.626 rows=1 loops=1)
  ->  Nested Loop  (cost=8.91..32543.86 rows=3006 width=42) (actual time=8.944..609.071 rows=2851 loops=1)
        ->  Nested Loop  (cost=8.49..32060.03 rows=986 width=27) (actual time=8.936..595.066 rows=3223 loops=1)
              Join Filter: (mc.company_type_id = ct.id)
              ->  Nested Loop  (cost=8.49..31894.61 rows=3223 width=31) (actual time=8.931..593.664 rows=3223 loops=1)
                    Join Filter: (t.id = mc.movie_id)
                    ->  Nested Loop  (cost=8.06..31023.65 rows=1507 width=39) (actual time=8.762..564.399 rows=1507 loops=1)
                          Join Filter: (mi.info_type_id = it1.id)
                          Rows Removed by Join Filter: 152
                          ->  Seq Scan on info_type it1  (cost=0.00..2.41 rows=1 width=4) (actual time=0.009..0.021 rows=1 loops=1)
                                Filter: ((info)::text = 'countries'::text)
                                Rows Removed by Filter: 112
                          ->  Nested Loop  (cost=8.06..31000.50 rows=1659 width=43) (actual time=8.752..563.789 rows=1659 loops=1)
                                Join Filter: (t.id = mi.movie_id)
                                ->  Nested Loop  (cost=7.62..27286.78 rows=2378 width=35) (actual time=5.077..352.049 rows=2378 loops=1)
                                      Join Filter: (mi_idx.info_type_id = it2.id)
                                      Rows Removed by Join Filter: 6321
                                      ->  Seq Scan on info_type it2  (cost=0.00..2.41 rows=1 width=4) (actual time=0.011..0.016 rows=1 loops=1)
                                            Filter: ((info)::text = 'rating'::text)
                                            Rows Removed by Filter: 112
                                      ->  Nested Loop  (cost=7.62..27175.63 rows=8699 width=39) (actual time=4.295..350.500 rows=8699 loops=1)
                                            Join Filter: (t.id = mi_idx.movie_id)
                                            ->  Nested Loop  (cost=7.20..24588.75 rows=4832 width=25) (actual time=4.285..313.549 rows=4832 loops=1)
                                                  Join Filter: (t.kind_id = kt.id)
                                                  Rows Removed by Join Filter: 2286
                                                  ->  Nested Loop  (cost=7.20..24427.48 rows=5606 width=29) (actual time=4.276..309.887 rows=5606 loops=1)
                                                        ->  Nested Loop  (cost=6.77..6261.07 rows=37091 width=4) (actual time=4.246..129.659 rows=37091 loops=1)
                                                              ->  Seq Scan on keyword k  (cost=0.00..2961.55 rows=3 width=4) (actual time=1.401..33.032 rows=3 loops=1)
                                                                    Filter: (keyword = ANY ('{murder,murder-in-title,blood,violence}'::text[]))
                                                                    Rows Removed by Filter: 134167
                                                              ->  Bitmap Heap Scan on movie_keyword mk  (cost=6.77..1096.83 rows=301 width=8) (actual time=3.305..29.928 rows=12364 loops=3)
                                                                    Recheck Cond: (keyword_id = k.id)
                                                                    Heap Blocks: exact=26312
                                                                    ->  Bitmap Index Scan on keyword_id_movie_keyword  (cost=0.00..6.69 rows=301 width=0) (actual time=1.712..1.712 rows=12364 loops=3)
                                                                          Index Cond: (keyword_id = k.id)
                                                        ->  Index Scan using title_pkey on title t  (cost=0.43..0.49 rows=1 width=25) (actual time=0.005..0.005 rows=0 loops=37091)
                                                              Index Cond: (id = mk.movie_id)
                                                              Filter: (production_year > 2008)
                                                              Rows Removed by Filter: 1
                                                  ->  Materialize  (cost=0.00..1.10 rows=2 width=4) (actual time=0.000..0.000 rows=1 loops=5606)
                                                        ->  Seq Scan on kind_type kt  (cost=0.00..1.09 rows=2 width=4) (actual time=0.005..0.006 rows=2 loops=1)
                                                              Filter: ((kind)::text = ANY ('{movie,episode}'::text[]))
                                                              Rows Removed by Filter: 5
                                            ->  Index Scan using movie_id_movie_info_idx on movie_info_idx mi_idx  (cost=0.43..0.50 rows=3 width=14) (actual time=0.006..0.007 rows=2 loops=4832)
                                                  Index Cond: (movie_id = mk.movie_id)
                                                  Filter: (info < '7.0'::text)
                                                  Rows Removed by Filter: 0
                                ->  Index Scan using movie_id_movie_info on movie_info mi  (cost=0.43..1.54 rows=2 width=8) (actual time=0.079..0.088 rows=1 loops=2378)
                                      Index Cond: (movie_id = mk.movie_id)
                                      Filter: (info = ANY ('{Germany,German,USA,American}'::text[]))
                                      Rows Removed by Filter: 58
                    ->  Index Scan using movie_id_movie_companies on movie_companies mc  (cost=0.43..0.57 rows=1 width=12) (actual time=0.015..0.018 rows=2 loops=1507)
                          Index Cond: (movie_id = mk.movie_id)
                          Filter: ((note !~~ '%(USA)%'::text) AND (note ~~ '%(200%)%'::text))
                          Rows Removed by Filter: 13
              ->  Materialize  (cost=0.00..1.06 rows=4 width=4) (actual time=0.000..0.000 rows=1 loops=3223)
                    ->  Seq Scan on company_type ct  (cost=0.00..1.04 rows=4 width=4) (actual time=0.003..0.003 rows=1 loops=1)
        ->  Index Scan using company_name_pkey on company_name cn  (cost=0.42..0.49 rows=1 width=23) (actual time=0.004..0.004 rows=1 loops=3223)
              Index Cond: (id = mc.company_id)
              Filter: ((country_code)::text <> '[us]'::text)
              Rows Removed by Filter: 0
Planning time: 29.792 ms
Execution time: 611.730 ms
