Aggregate  (cost=7358.53..7358.54 rows=1 width=96) (actual time=44.133..44.133 rows=1 loops=1)
  ->  Nested Loop  (cost=4.00..7358.52 rows=1 width=48) (actual time=12.180..44.086 rows=45 loops=1)
        Join Filter: (ci.role_id = rt.id)
        ->  Nested Loop  (cost=4.00..7357.36 rows=1 width=52) (actual time=12.176..44.018 rows=45 loops=1)
              Join Filter: (n.id = an.person_id)
              ->  Nested Loop  (cost=3.57..7355.26 rows=1 width=60) (actual time=12.166..43.954 rows=9 loops=1)
                    Join Filter: (it.id = mi.info_type_id)
                    ->  Seq Scan on info_type it  (cost=0.00..2.41 rows=1 width=4) (actual time=0.010..0.020 rows=1 loops=1)
                          Filter: ((info)::text = 'release dates'::text)
                          Rows Removed by Filter: 112
                    ->  Nested Loop  (cost=3.57..7352.83 rows=1 width=64) (actual time=12.154..43.930 rows=9 loops=1)
                          Join Filter: (t.id = mi.movie_id)
                          ->  Nested Loop  (cost=3.14..7320.89 rows=1 width=76) (actual time=12.129..43.695 rows=5 loops=1)
                                ->  Nested Loop  (cost=2.72..7313.01 rows=5 width=80) (actual time=12.009..43.395 rows=74 loops=1)
                                      Join Filter: (t.id = mk.movie_id)
                                      ->  Nested Loop  (cost=2.28..7303.91 rows=3 width=72) (actual time=12.000..43.332 rows=3 loops=1)
                                            ->  Nested Loop  (cost=1.85..7298.69 rows=3 width=60) (actual time=11.991..43.316 rows=3 loops=1)
                                                  ->  Nested Loop  (cost=1.42..7193.03 rows=57 width=41) (actual time=11.753..42.970 rows=57 loops=1)
                                                        Join Filter: (t.id = ci.movie_id)
                                                        ->  Nested Loop  (cost=0.86..7033.37 rows=4 width=25) (actual time=11.533..42.635 rows=4 loops=1)
                                                              ->  Nested Loop  (cost=0.43..6872.27 rows=99 width=4) (actual time=11.439..42.165 rows=99 loops=1)
                                                                    ->  Seq Scan on company_name cn  (cost=0.00..6519.95 rows=1 width=4) (actual time=11.422..42.036 rows=1 loops=1)
                                                                          Filter: (((country_code)::text = '[us]'::text) AND (name = 'DreamWorks Animation'::text))
                                                                          Rows Removed by Filter: 234996
                                                                    ->  Index Scan using company_id_movie_companies on movie_companies mc  (cost=0.43..351.00 rows=132 width=8) (actual time=0.015..0.107 rows=99 loops=1)
                                                                          Index Cond: (company_id = cn.id)
                                                              ->  Index Scan using title_pkey on title t  (cost=0.43..1.62 rows=1 width=21) (actual time=0.004..0.004 rows=0 loops=99)
                                                                    Index Cond: (id = mc.movie_id)
                                                                    Filter: ((production_year > 2010) AND (title ~~ 'Kung Fu Panda%'::text))
                                                                    Rows Removed by Filter: 1
                                                        ->  Index Scan using movie_id_cast_info on cast_info ci  (cost=0.56..39.90 rows=1 width=16) (actual time=0.014..0.079 rows=14 loops=4)
                                                              Index Cond: (movie_id = mc.movie_id)
                                                              Filter: (note = ANY ('{(voice),"(voice: Japanese version)","(voice) (uncredited)","(voice: English version)"}'::text[]))
                                                              Rows Removed by Filter: 45
                                                  ->  Index Scan using name_pkey on name n  (cost=0.43..1.85 rows=1 width=19) (actual time=0.006..0.006 rows=0 loops=57)
                                                        Index Cond: (id = ci.person_id)
                                                        Filter: ((name ~~ '%An%'::text) AND ((gender)::text = 'f'::text))
                                                        Rows Removed by Filter: 1
                                            ->  Index Scan using char_name_pkey on char_name chn  (cost=0.43..1.74 rows=1 width=20) (actual time=0.004..0.004 rows=1 loops=3)
                                                  Index Cond: (id = ci.person_role_id)
                                      ->  Index Scan using movie_id_movie_keyword on movie_keyword mk  (cost=0.43..2.46 rows=46 width=8) (actual time=0.005..0.013 rows=25 loops=3)
                                            Index Cond: (movie_id = mc.movie_id)
                                ->  Index Scan using keyword_pkey on keyword k  (cost=0.42..1.47 rows=1 width=4) (actual time=0.004..0.004 rows=0 loops=74)
                                      Index Cond: (id = mk.keyword_id)
                                      Filter: (keyword = ANY ('{hero,martial-arts,hand-to-hand-combat,computer-animated-movie}'::text[]))
                                      Rows Removed by Filter: 1
                          ->  Index Scan using movie_id_movie_info on movie_info mi  (cost=0.43..31.93 rows=1 width=8) (actual time=0.011..0.046 rows=2 loops=5)
                                Index Cond: (movie_id = mk.movie_id)
                                Filter: ((info IS NOT NULL) AND ((info ~~ 'Japan:%201%'::text) OR (info ~~ 'USA:%201%'::text)))
                                Rows Removed by Filter: 104
              ->  Index Only Scan using person_id_aka_name on aka_name an  (cost=0.42..2.08 rows=2 width=4) (actual time=0.003..0.005 rows=5 loops=9)
                    Index Cond: (person_id = ci.person_id)
                    Heap Fetches: 45
        ->  Seq Scan on role_type rt  (cost=0.00..1.15 rows=1 width=4) (actual time=0.001..0.001 rows=1 loops=45)
              Filter: ((role)::text = 'actress'::text)
              Rows Removed by Filter: 1
Planning time: 73.980 ms
Execution time: 44.245 ms
