Aggregate  (cost=6977.65..6977.66 rows=1 width=96) (actual time=45.261..45.261 rows=1 loops=1)
  ->  Nested Loop  (cost=4.00..6977.64 rows=1 width=48) (actual time=12.404..45.213 rows=45 loops=1)
        Join Filter: (ci.role_id = rt.id)
        ->  Nested Loop  (cost=4.00..6976.48 rows=1 width=52) (actual time=12.400..45.136 rows=45 loops=1)
              Join Filter: (it.id = mi.info_type_id)
              ->  Seq Scan on info_type it  (cost=0.00..2.41 rows=1 width=4) (actual time=0.011..0.021 rows=1 loops=1)
                    Filter: ((info)::text = 'release dates'::text)
                    Rows Removed by Filter: 112
              ->  Nested Loop  (cost=4.00..6974.05 rows=1 width=56) (actual time=12.388..45.103 rows=45 loops=1)
                    Join Filter: (t.id = mi.movie_id)
                    ->  Nested Loop  (cost=3.56..6942.11 rows=1 width=68) (actual time=12.363..44.079 rows=25 loops=1)
                          Join Filter: (n.id = an.person_id)
                          ->  Nested Loop  (cost=3.14..6940.01 rows=1 width=76) (actual time=12.355..44.035 rows=5 loops=1)
                                ->  Nested Loop  (cost=2.71..6938.27 rows=1 width=64) (actual time=12.348..44.014 rows=5 loops=1)
                                      ->  Nested Loop  (cost=2.28..6936.41 rows=1 width=45) (actual time=12.176..43.596 rows=108 loops=1)
                                            Join Filter: (t.id = ci.movie_id)
                                            ->  Nested Loop  (cost=1.71..6896.60 rows=1 width=29) (actual time=11.814..43.113 rows=6 loops=1)
                                                  ->  Nested Loop  (cost=1.29..6893.24 rows=2 width=33) (actual time=11.781..42.770 rows=83 loops=1)
                                                        Join Filter: (t.id = mk.movie_id)
                                                        ->  Nested Loop  (cost=0.86..6890.21 rows=1 width=25) (actual time=11.772..42.696 rows=4 loops=1)
                                                              ->  Nested Loop  (cost=0.43..6872.27 rows=11 width=4) (actual time=11.676..42.214 rows=99 loops=1)
                                                                    ->  Seq Scan on company_name cn  (cost=0.00..6519.95 rows=1 width=4) (actual time=11.660..42.090 rows=1 loops=1)
                                                                          Filter: (((country_code)::text = '[us]'::text) AND (name = 'DreamWorks Animation'::text))
                                                                          Rows Removed by Filter: 234996
                                                                    ->  Index Scan using company_id_movie_companies on movie_companies mc  (cost=0.43..351.00 rows=132 width=8) (actual time=0.013..0.103 rows=99 loops=1)
                                                                          Index Cond: (company_id = cn.id)
                                                              ->  Index Scan using title_pkey on title t  (cost=0.43..1.62 rows=1 width=21) (actual time=0.005..0.005 rows=0 loops=99)
                                                                    Index Cond: (id = mc.movie_id)
                                                                    Filter: ((production_year > 2010) AND (title ~~ 'Kung Fu Panda%'::text))
                                                                    Rows Removed by Filter: 1
                                                        ->  Index Scan using movie_id_movie_keyword on movie_keyword mk  (cost=0.43..2.46 rows=46 width=8) (actual time=0.006..0.012 rows=21 loops=4)
                                                              Index Cond: (movie_id = mc.movie_id)
                                                  ->  Index Scan using keyword_pkey on keyword k  (cost=0.42..1.47 rows=1 width=4) (actual time=0.004..0.004 rows=0 loops=83)
                                                        Index Cond: (id = mk.keyword_id)
                                                        Filter: (keyword = ANY ('{hero,martial-arts,hand-to-hand-combat,computer-animated-movie}'::text[]))
                                                        Rows Removed by Filter: 1
                                            ->  Index Scan using movie_id_cast_info on cast_info ci  (cost=0.56..39.80 rows=1 width=16) (actual time=0.012..0.075 rows=18 loops=6)
                                                  Index Cond: (movie_id = mk.movie_id)
                                                  Filter: (note = ANY ('{(voice),"(voice: Japanese version)","(voice) (uncredited)","(voice: English version)"}'::text[]))
                                                  Rows Removed by Filter: 56
                                      ->  Index Scan using name_pkey on name n  (cost=0.43..1.85 rows=1 width=19) (actual time=0.004..0.004 rows=0 loops=108)
                                            Index Cond: (id = ci.person_id)
                                            Filter: ((name ~~ '%An%'::text) AND ((gender)::text = 'f'::text))
                                            Rows Removed by Filter: 1
                                ->  Index Scan using char_name_pkey on char_name chn  (cost=0.43..1.74 rows=1 width=20) (actual time=0.003..0.003 rows=1 loops=5)
                                      Index Cond: (id = ci.person_role_id)
                          ->  Index Only Scan using person_id_aka_name on aka_name an  (cost=0.42..2.08 rows=2 width=4) (actual time=0.004..0.007 rows=5 loops=5)
                                Index Cond: (person_id = ci.person_id)
                                Heap Fetches: 25
                    ->  Index Scan using movie_id_movie_info on movie_info mi  (cost=0.43..31.93 rows=1 width=8) (actual time=0.008..0.040 rows=2 loops=25)
                          Index Cond: (movie_id = mk.movie_id)
                          Filter: ((info IS NOT NULL) AND ((info ~~ 'Japan:%201%'::text) OR (info ~~ 'USA:%201%'::text)))
                          Rows Removed by Filter: 104
        ->  Seq Scan on role_type rt  (cost=0.00..1.15 rows=1 width=4) (actual time=0.001..0.001 rows=1 loops=45)
              Filter: ((role)::text = 'actress'::text)
              Rows Removed by Filter: 1
Planning time: 74.202 ms
Execution time: 45.380 ms
