Aggregate  (cost=7121.09..7121.10 rows=1 width=96) (actual time=46.876..46.876 rows=1 loops=1)
  ->  Nested Loop  (cost=4.00..7121.08 rows=1 width=48) (actual time=12.277..46.822 rows=45 loops=1)
        ->  Nested Loop  (cost=3.57..7119.34 rows=1 width=36) (actual time=12.270..46.692 rows=45 loops=1)
              ->  Nested Loop  (cost=3.15..7115.88 rows=2 width=40) (actual time=12.155..44.450 rows=810 loops=1)
                    Join Filter: (t.id = mk.movie_id)
                    ->  Nested Loop  (cost=2.71..7112.84 rows=1 width=52) (actual time=12.146..43.985 rows=25 loops=1)
                          Join Filter: (n.id = an.person_id)
                          ->  Nested Loop  (cost=2.29..7110.74 rows=1 width=60) (actual time=12.136..43.938 rows=5 loops=1)
                                Join Filter: (ci.role_id = rt.id)
                                ->  Nested Loop  (cost=2.29..7109.57 rows=1 width=64) (actual time=12.134..43.926 rows=5 loops=1)
                                      Join Filter: (mi.info_type_id = it.id)
                                      ->  Nested Loop  (cost=2.29..7107.15 rows=1 width=68) (actual time=12.126..43.892 rows=5 loops=1)
                                            ->  Nested Loop  (cost=1.86..7105.30 rows=1 width=49) (actual time=11.965..43.424 rows=125 loops=1)
                                                  Join Filter: (t.id = ci.movie_id)
                                                  ->  Nested Loop  (cost=1.29..7065.38 rows=1 width=33) (actual time=11.947..42.886 rows=5 loops=1)
                                                        Join Filter: (t.id = mi.movie_id)
                                                        ->  Nested Loop  (cost=0.86..7033.37 rows=1 width=25) (actual time=11.742..42.730 rows=4 loops=1)
                                                              ->  Nested Loop  (cost=0.43..6872.27 rows=99 width=4) (actual time=11.651..42.275 rows=99 loops=1)
                                                                    ->  Seq Scan on company_name cn  (cost=0.00..6519.95 rows=1 width=4) (actual time=11.636..42.151 rows=1 loops=1)
                                                                          Filter: (((country_code)::text = '[us]'::text) AND (name = 'DreamWorks Animation'::text))
                                                                          Rows Removed by Filter: 234996
                                                                    ->  Index Scan using company_id_movie_companies on movie_companies mc  (cost=0.43..351.00 rows=132 width=8) (actual time=0.013..0.102 rows=99 loops=1)
                                                                          Index Cond: (company_id = cn.id)
                                                              ->  Index Scan using title_pkey on title t  (cost=0.43..1.62 rows=1 width=21) (actual time=0.004..0.004 rows=0 loops=99)
                                                                    Index Cond: (id = mc.movie_id)
                                                                    Filter: ((production_year > 2010) AND (title ~~ 'Kung Fu Panda%'::text))
                                                                    Rows Removed by Filter: 1
                                                        ->  Index Scan using movie_id_movie_info on movie_info mi  (cost=0.43..32.00 rows=1 width=8) (actual time=0.012..0.038 rows=1 loops=4)
                                                              Index Cond: (movie_id = mc.movie_id)
                                                              Filter: ((info IS NOT NULL) AND ((info ~~ 'Japan:%201%'::text) OR (info ~~ 'USA:%201%'::text)))
                                                              Rows Removed by Filter: 70
                                                  ->  Index Scan using movie_id_cast_info on cast_info ci  (cost=0.56..39.90 rows=1 width=16) (actual time=0.009..0.100 rows=25 loops=5)
                                                        Index Cond: (movie_id = mc.movie_id)
                                                        Filter: (note = ANY ('{(voice),"(voice: Japanese version)","(voice) (uncredited)","(voice: English version)"}'::text[]))
                                                        Rows Removed by Filter: 83
                                            ->  Index Scan using name_pkey on name n  (cost=0.43..1.85 rows=1 width=19) (actual time=0.003..0.003 rows=0 loops=125)
                                                  Index Cond: (id = ci.person_id)
                                                  Filter: ((name ~~ '%An%'::text) AND ((gender)::text = 'f'::text))
                                                  Rows Removed by Filter: 1
                                      ->  Seq Scan on info_type it  (cost=0.00..2.41 rows=1 width=4) (actual time=0.005..0.005 rows=1 loops=5)
                                            Filter: ((info)::text = 'release dates'::text)
                                            Rows Removed by Filter: 15
                                ->  Seq Scan on role_type rt  (cost=0.00..1.15 rows=1 width=4) (actual time=0.001..0.001 rows=1 loops=5)
                                      Filter: ((role)::text = 'actress'::text)
                                      Rows Removed by Filter: 1
                          ->  Index Only Scan using person_id_aka_name on aka_name an  (cost=0.42..2.08 rows=2 width=4) (actual time=0.005..0.007 rows=5 loops=5)
                                Index Cond: (person_id = ci.person_id)
                                Heap Fetches: 25
                    ->  Index Scan using movie_id_movie_keyword on movie_keyword mk  (cost=0.43..2.46 rows=46 width=8) (actual time=0.003..0.010 rows=32 loops=25)
                          Index Cond: (movie_id = mc.movie_id)
              ->  Index Scan using keyword_pkey on keyword k  (cost=0.42..1.47 rows=1 width=4) (actual time=0.002..0.002 rows=0 loops=810)
                    Index Cond: (id = mk.keyword_id)
                    Filter: (keyword = ANY ('{hero,martial-arts,hand-to-hand-combat,computer-animated-movie}'::text[]))
                    Rows Removed by Filter: 1
        ->  Index Scan using char_name_pkey on char_name chn  (cost=0.43..1.74 rows=1 width=20) (actual time=0.002..0.002 rows=1 loops=45)
              Index Cond: (id = ci.person_role_id)
Planning time: 73.688 ms
Execution time: 46.996 ms
