Aggregate  (cost=539114.64..539114.65 rows=1 width=128) (actual time=2324.164..2324.164 rows=1 loops=1)
  ->  Nested Loop  (cost=13272.60..539070.57 rows=4407 width=82) (actual time=376.088..2317.656 rows=4407 loops=1)
        Join Filter: (mi.movie_id = t.id)
        ->  Nested Loop  (cost=13272.17..535328.23 rows=4407 width=81) (actual time=376.060..2286.094 rows=4407 loops=1)
              ->  Nested Loop  (cost=13271.74..527635.65 rows=7112 width=70) (actual time=369.270..2217.263 rows=7112 loops=1)
                    Join Filter: (mi.movie_id = ci.movie_id)
                    ->  Nested Loop  (cost=13271.18..198260.11 rows=11389 width=62) (actual time=363.892..783.786 rows=11389 loops=1)
                          Join Filter: (mi_idx.info_type_id = it2.id)
                          Rows Removed by Join Filter: 22801
                          ->  Seq Scan on info_type it2  (cost=0.00..2.41 rows=1 width=4) (actual time=0.016..0.018 rows=1 loops=1)
                                Filter: ((info)::text = 'votes'::text)
                                Rows Removed by Filter: 112
                          ->  Nested Loop  (cost=13271.18..197830.33 rows=34190 width=66) (actual time=363.872..777.927 rows=34190 loops=1)
                                Join Filter: (mi.movie_id = mi_idx.movie_id)
                                ->  Hash Join  (cost=13270.75..187777.63 rows=12438 width=52) (actual time=363.836..689.398 rows=12438 loops=1)
                                      Hash Cond: (mi.movie_id = mk.movie_id)
                                      ->  Nested Loop  (cost=3918.68..177764.57 rows=30413 width=48) (actual time=103.906..405.985 rows=30413 loops=1)
                                            ->  Seq Scan on info_type it1  (cost=0.00..2.41 rows=1 width=4) (actual time=0.004..0.019 rows=1 loops=1)
                                                  Filter: ((info)::text = 'genres'::text)
                                                  Rows Removed by Filter: 112
                                            ->  Bitmap Heap Scan on movie_info mi  (cost=3918.68..177758.06 rows=410 width=52) (actual time=103.899..400.960 rows=30413 loops=1)
                                                  Recheck Cond: (info_type_id = it1.id)
                                                  Filter: (info = 'Horror'::text)
                                                  Rows Removed by Filter: 1503496
                                                  Heap Blocks: exact=9770
                                                  ->  Bitmap Index Scan on info_type_id_movie_info  (cost=0.00..3918.58 rows=212019 width=0) (actual time=102.093..102.093 rows=1533909 loops=1)
                                                        Index Cond: (info_type_id = it1.id)
                                      ->  Hash  (cost=8575.87..8575.87 rows=62096 width=4) (actual time=259.790..259.790 rows=62096 loops=1)
                                            Buckets: 65536  Batches: 1  Memory Usage: 2696kB
                                            ->  Nested Loop  (cost=6.77..8575.87 rows=62096 width=4) (actual time=4.366..244.350 rows=62096 loops=1)
                                                  ->  Seq Scan on keyword k  (cost=0.00..3129.26 rows=5 width=4) (actual time=0.978..35.722 rows=5 loops=1)
                                                        Filter: (keyword = ANY ('{murder,blood,gore,death,female-nudity}'::text[]))
                                                        Rows Removed by Filter: 134165
                                                  ->  Bitmap Heap Scan on movie_keyword mk  (cost=6.77..1086.31 rows=301 width=8) (actual time=3.310..39.420 rows=12419 loops=5)
                                                        Recheck Cond: (keyword_id = k.id)
                                                        Heap Blocks: exact=41331
                                                        ->  Bitmap Index Scan on keyword_id_movie_keyword  (cost=0.00..6.69 rows=301 width=0) (actual time=1.816..1.816 rows=12419 loops=5)
                                                              Index Cond: (keyword_id = k.id)
                                ->  Index Scan using movie_id_movie_info_idx on movie_info_idx mi_idx  (cost=0.43..0.77 rows=3 width=14) (actual time=0.005..0.006 rows=3 loops=12438)
                                      Index Cond: (movie_id = mk.movie_id)
                    ->  Index Scan using movie_id_cast_info on cast_info ci  (cost=0.56..28.91 rows=1 width=8) (actual time=0.104..0.125 rows=1 loops=11389)
                          Index Cond: (movie_id = mk.movie_id)
                          Filter: (note = ANY ('{(writer),"(head writer)","(written by)",(story),"(story editor)"}'::text[]))
                          Rows Removed by Filter: 46
              ->  Index Scan using name_pkey on name n  (cost=0.43..1.08 rows=1 width=19) (actual time=0.009..0.009 rows=1 loops=7112)
                    Index Cond: (id = ci.person_id)
                    Filter: ((gender)::text = 'm'::text)
                    Rows Removed by Filter: 0
        ->  Index Scan using title_pkey on title t  (cost=0.43..0.84 rows=1 width=21) (actual time=0.006..0.006 rows=1 loops=4407)
              Index Cond: (id = mk.movie_id)
Planning time: 12.100 ms
Execution time: 2324.280 ms
