Aggregate  (cost=229433.49..229433.50 rows=1 width=128) (actual time=9016.082..9016.082 rows=1 loops=1)
  ->  Nested Loop  (cost=48981.18..229433.34 rows=15 width=82) (actual time=806.424..8979.952 rows=26153 loops=1)
        Join Filter: (mi.movie_id = t.id)
        ->  Nested Loop  (cost=48980.75..229420.60 rows=15 width=81) (actual time=806.389..8851.264 rows=26153 loops=1)
              ->  Nested Loop  (cost=48980.32..229381.67 rows=36 width=70) (actual time=806.352..8550.240 rows=42900 loops=1)
                    Join Filter: (mi.movie_id = ci.movie_id)
                    ->  Hash Join  (cost=48979.75..226026.89 rows=116 width=62) (actual time=804.662..1517.972 rows=63386 loops=1)
                          Hash Cond: (mi.movie_id = mi_idx.movie_id)
                          ->  Nested Loop  (cost=3919.17..178844.88 rows=186594 width=48) (actual time=106.536..701.660 rows=186594 loops=1)
                                ->  Seq Scan on info_type it1  (cost=0.00..2.41 rows=1 width=4) (actual time=0.008..0.022 rows=1 loops=1)
                                      Filter: ((info)::text = 'genres'::text)
                                      Rows Removed by Filter: 112
                                ->  Bitmap Heap Scan on movie_info mi  (cost=3919.17..178818.64 rows=2382 width=52) (actual time=106.525..672.037 rows=186594 loops=1)
                                      Recheck Cond: (info_type_id = it1.id)
                                      Filter: (info = ANY ('{Horror,Action,Sci-Fi,Thriller,Crime,War}'::text[]))
                                      Rows Removed by Filter: 1347315
                                      Heap Blocks: exact=9770
                                      ->  Bitmap Index Scan on info_type_id_movie_info  (cost=0.00..3918.58 rows=212019 width=0) (actual time=104.692..104.692 rows=1533909 loops=1)
                                            Index Cond: (info_type_id = it1.id)
                          ->  Hash  (cost=44264.32..44264.32 rows=63701 width=14) (actual time=698.024..698.024 rows=63701 loops=1)
                                Buckets: 65536  Batches: 1  Memory Usage: 3335kB
                                ->  Hash Join  (cost=27918.19..44264.32 rows=63701 width=14) (actual time=346.406..678.687 rows=63701 loops=1)
                                      Hash Cond: (mk.movie_id = mi_idx.movie_id)
                                      ->  Nested Loop  (cost=6.77..10991.68 rows=76714 width=4) (actual time=4.685..288.903 rows=76714 loops=1)
                                            ->  Seq Scan on keyword k  (cost=0.00..3464.69 rows=7 width=4) (actual time=1.225..45.239 rows=7 loops=1)
                                                  Filter: (keyword = ANY ('{murder,violence,blood,gore,death,female-nudity,hospital}'::text[]))
                                                  Rows Removed by Filter: 134163
                                            ->  Bitmap Heap Scan on movie_keyword mk  (cost=6.77..1072.28 rows=301 width=8) (actual time=3.062..32.973 rows=10959 loops=7)
                                                  Recheck Cond: (keyword_id = k.id)
                                                  Heap Blocks: exact=53234
                                                  ->  Bitmap Index Scan on keyword_id_movie_keyword  (cost=0.00..6.69 rows=301 width=0) (actual time=1.679..1.679 rows=10959 loops=7)
                                                        Index Cond: (keyword_id = k.id)
                                      ->  Hash  (cost=22162.36..22162.36 rows=459925 width=10) (actual time=340.589..340.589 rows=459925 loops=1)
                                            Buckets: 524288  Batches: 1  Memory Usage: 22143kB
                                            ->  Nested Loop  (cost=6462.25..22162.36 rows=459925 width=10) (actual time=33.312..237.504 rows=459925 loops=1)
                                                  ->  Seq Scan on info_type it2  (cost=0.00..2.41 rows=1 width=4) (actual time=0.019..0.025 rows=1 loops=1)
                                                        Filter: ((info)::text = 'votes'::text)
                                                        Rows Removed by Filter: 112
                                                  ->  Bitmap Heap Scan on movie_info_idx mi_idx  (cost=6462.25..18709.86 rows=345009 width=14) (actual time=33.288..154.552 rows=459925 loops=1)
                                                        Recheck Cond: (info_type_id = it2.id)
                                                        Heap Blocks: exact=7934
                                                        ->  Bitmap Index Scan on info_type_id_movie_info_idx  (cost=0.00..6375.99 rows=345009 width=0) (actual time=31.815..31.815 rows=459925 loops=1)
                                                              Index Cond: (info_type_id = it2.id)
                    ->  Index Scan using movie_id_cast_info on cast_info ci  (cost=0.56..28.91 rows=1 width=8) (actual time=0.089..0.110 rows=1 loops=63386)
                          Index Cond: (movie_id = mk.movie_id)
                          Filter: (note = ANY ('{(writer),"(head writer)","(written by)",(story),"(story editor)"}'::text[]))
                          Rows Removed by Filter: 63
              ->  Index Scan using name_pkey on name n  (cost=0.43..1.08 rows=1 width=19) (actual time=0.006..0.006 rows=1 loops=42900)
                    Index Cond: (id = ci.person_id)
                    Filter: ((gender)::text = 'm'::text)
                    Rows Removed by Filter: 0
        ->  Index Scan using title_pkey on title t  (cost=0.43..0.84 rows=1 width=21) (actual time=0.004..0.004 rows=1 loops=26153)
              Index Cond: (id = mk.movie_id)
Planning time: 11.111 ms
Execution time: 9016.290 ms
