Aggregate  (cost=14733.41..14733.42 rows=1 width=128) (actual time=1251.198..1251.198 rows=1 loops=1)
  ->  Nested Loop  (cost=9.47..14733.40 rows=1 width=54) (actual time=10.532..1248.487 rows=1728 loops=1)
        Join Filter: (cct2.id = cc.status_id)
        Rows Removed by Join Filter: 827
        ->  Nested Loop  (cost=9.47..14732.32 rows=1 width=58) (actual time=10.527..1244.420 rows=1728 loops=1)
              Join Filter: (cct1.id = cc.subject_id)
              Rows Removed by Join Filter: 471
              ->  Seq Scan on comp_cast_type cct1  (cost=0.00..1.05 rows=1 width=4) (actual time=0.005..0.006 rows=1 loops=1)
                    Filter: ((kind)::text = 'cast'::text)
                    Rows Removed by Filter: 3
              ->  Nested Loop  (cost=9.47..14731.26 rows=1 width=62) (actual time=10.520..1243.756 rows=2199 loops=1)
                    ->  Nested Loop  (cost=9.05..14730.78 rows=1 width=70) (actual time=8.218..1232.414 rows=2929 loops=1)
                          ->  Nested Loop  (cost=8.62..14730.33 rows=1 width=59) (actual time=8.204..1193.242 rows=2929 loops=1)
                                ->  Nested Loop  (cost=8.19..14723.92 rows=14 width=47) (actual time=8.055..825.598 rows=105632 loops=1)
                                      Join Filter: (t.id = ci.movie_id)
                                      ->  Nested Loop  (cost=7.62..14721.93 rows=1 width=35) (actual time=8.026..384.758 rows=884 loops=1)
                                            Join Filter: (kt.id = t.kind_id)
                                            Rows Removed by Join Filter: 1016
                                            ->  Seq Scan on kind_type kt  (cost=0.00..1.09 rows=1 width=4) (actual time=0.002..0.004 rows=1 loops=1)
                                                  Filter: ((kind)::text = 'movie'::text)
                                                  Rows Removed by Filter: 6
                                            ->  Nested Loop  (cost=7.62..14720.83 rows=1 width=39) (actual time=0.865..384.197 rows=1900 loops=1)
                                                  ->  Nested Loop  (cost=7.19..14720.34 rows=1 width=14) (actual time=0.846..333.477 rows=3908 loops=1)
                                                        Join Filter: (it2.id = mi_idx.info_type_id)
                                                        Rows Removed by Join Filter: 2673
                                                        ->  Seq Scan on info_type it2  (cost=0.00..2.41 rows=1 width=4) (actual time=0.014..0.018 rows=1 loops=1)
                                                              Filter: ((info)::text = 'rating'::text)
                                                              Rows Removed by Filter: 112
                                                        ->  Nested Loop  (cost=7.19..14716.18 rows=140 width=18) (actual time=0.831..331.873 rows=6581 loops=1)
                                                              ->  Nested Loop  (cost=6.77..14545.03 rows=337 width=4) (actual time=0.730..178.401 rows=24091 loops=1)
                                                                    ->  Seq Scan on keyword k  (cost=0.00..3967.82 rows=10 width=4) (actual time=0.184..54.605 rows=10 loops=1)
                                                                          Filter: (keyword = ANY ('{superhero,marvel-comics,based-on-comic,tv-special,fight,violence,magnet,web,claw,laser}'::text[]))
                                                                          Rows Removed by Filter: 134160
                                                                    ->  Bitmap Heap Scan on movie_keyword mk  (cost=6.77..1054.71 rows=301 width=8) (actual time=0.676..11.835 rows=2409 loops=10)
                                                                          Recheck Cond: (keyword_id = k.id)
                                                                          Heap Blocks: exact=17127
                                                                          ->  Bitmap Index Scan on keyword_id_movie_keyword  (cost=0.00..6.69 rows=301 width=0) (actual time=0.380..0.380 rows=2409 loops=10)
                                                                                Index Cond: (keyword_id = k.id)
                                                              ->  Index Scan using movie_id_movie_info_idx on movie_info_idx mi_idx  (cost=0.43..0.50 rows=1 width=14) (actual time=0.006..0.006 rows=0 loops=24091)
                                                                    Index Cond: (movie_id = mk.movie_id)
                                                                    Filter: (info > '7.0'::text)
                                                                    Rows Removed by Filter: 2
                                                  ->  Index Scan using title_pkey on title t  (cost=0.43..0.49 rows=1 width=25) (actual time=0.012..0.012 rows=0 loops=3908)
                                                        Index Cond: (id = mk.movie_id)
                                                        Filter: (production_year > 2000)
                                                        Rows Removed by Filter: 1
                                      ->  Index Scan using movie_id_cast_info on cast_info ci  (cost=0.56..1.52 rows=37 width=12) (actual time=0.017..0.457 rows=119 loops=884)
                                            Index Cond: (movie_id = mk.movie_id)
                                ->  Index Scan using char_name_pkey on char_name chn  (cost=0.43..0.46 rows=1 width=20) (actual time=0.003..0.003 rows=0 loops=105632)
                                      Index Cond: (id = ci.person_role_id)
                                      Filter: ((name IS NOT NULL) AND ((name ~~ '%man%'::text) OR (name ~~ '%Man%'::text)))
                                      Rows Removed by Filter: 0
                          ->  Index Scan using name_pkey on name n  (cost=0.43..0.46 rows=1 width=19) (actual time=0.013..0.013 rows=1 loops=2929)
                                Index Cond: (id = ci.person_id)
                    ->  Index Scan using movie_id_complete_cast on complete_cast cc  (cost=0.42..0.46 rows=2 width=12) (actual time=0.003..0.003 rows=1 loops=2929)
                          Index Cond: (movie_id = t.id)
        ->  Seq Scan on comp_cast_type cct2  (cost=0.00..1.05 rows=2 width=4) (actual time=0.001..0.001 rows=1 loops=1728)
              Filter: ((kind)::text ~~ '%complete%'::text)
              Rows Removed by Filter: 2
Planning time: 68.046 ms
Execution time: 1251.307 ms
