Aggregate  (cost=7417.07..7417.08 rows=1 width=96) (actual time=259.774..259.774 rows=1 loops=1)
  ->  Nested Loop  (cost=9.47..7417.07 rows=1 width=39) (actual time=23.559..259.667 rows=93 loops=1)
        ->  Nested Loop  (cost=9.04..7416.61 rows=1 width=43) (actual time=23.545..258.990 rows=93 loops=1)
              ->  Nested Loop  (cost=8.61..7410.20 rows=14 width=31) (actual time=23.499..253.689 rows=2300 loops=1)
                    Join Filter: (t.id = ci.movie_id)
                    ->  Nested Loop  (cost=8.04..7408.22 rows=1 width=39) (actual time=23.482..250.088 rows=6 loops=1)
                          Join Filter: (kt.id = t.kind_id)
                          Rows Removed by Join Filter: 23
                          ->  Seq Scan on kind_type kt  (cost=0.00..1.09 rows=1 width=4) (actual time=0.005..0.008 rows=1 loops=1)
                                Filter: ((kind)::text = 'movie'::text)
                                Rows Removed by Filter: 6
                          ->  Nested Loop  (cost=8.04..7407.12 rows=1 width=43) (actual time=23.474..250.067 rows=29 loops=1)
                                ->  Nested Loop  (cost=7.61..7406.63 rows=1 width=18) (actual time=1.178..249.252 rows=84 loops=1)
                                      Join Filter: (cct1.id = cc.subject_id)
                                      Rows Removed by Join Filter: 60
                                      ->  Seq Scan on comp_cast_type cct1  (cost=0.00..1.05 rows=1 width=4) (actual time=0.002..0.004 rows=1 loops=1)
                                            Filter: ((kind)::text = 'cast'::text)
                                            Rows Removed by Filter: 3
                                      ->  Nested Loop  (cost=7.61..7405.56 rows=1 width=22) (actual time=1.176..249.210 rows=144 loops=1)
                                            Join Filter: (cct2.id = cc.status_id)
                                            Rows Removed by Join Filter: 144
                                            ->  Seq Scan on comp_cast_type cct2  (cost=0.00..1.05 rows=1 width=4) (actual time=0.002..0.005 rows=2 loops=1)
                                                  Filter: ((kind)::text ~~ '%complete%'::text)
                                                  Rows Removed by Filter: 2
                                            ->  Nested Loop  (cost=7.61..7404.50 rows=1 width=26) (actual time=1.016..124.567 rows=144 loops=2)
                                                  ->  Nested Loop  (cost=7.19..7404.03 rows=1 width=14) (actual time=0.834..122.896 rows=313 loops=2)
                                                        Join Filter: (it2.id = mi_idx.info_type_id)
                                                        Rows Removed by Join Filter: 599
                                                        ->  Seq Scan on info_type it2  (cost=0.00..2.41 rows=1 width=4) (actual time=0.013..0.017 rows=1 loops=2)
                                                              Filter: ((info)::text = 'rating'::text)
                                                              Rows Removed by Filter: 112
                                                        ->  Nested Loop  (cost=7.19..7401.43 rows=15 width=18) (actual time=0.724..122.700 rows=912 loops=2)
                                                              ->  Nested Loop  (cost=6.77..7332.86 rows=135 width=4) (actual time=0.637..62.162 rows=9984 loops=2)
                                                                    ->  Seq Scan on keyword k  (cost=0.00..2961.55 rows=4 width=4) (actual time=0.110..31.689 rows=4 loops=2)
                                                                          Filter: (keyword = ANY ('{superhero,marvel-comics,based-on-comic,fight}'::text[]))
                                                                          Rows Removed by Filter: 134166
                                                                    ->  Bitmap Heap Scan on movie_keyword mk  (cost=6.77..1089.82 rows=301 width=8) (actual time=0.679..7.142 rows=2496 loops=8)
                                                                          Recheck Cond: (keyword_id = k.id)
                                                                          Heap Blocks: exact=15372
                                                                          ->  Bitmap Index Scan on keyword_id_movie_keyword  (cost=0.00..6.69 rows=301 width=0) (actual time=0.363..0.363 rows=2496 loops=8)
                                                                                Index Cond: (keyword_id = k.id)
                                                              ->  Index Scan using movie_id_movie_info_idx on movie_info_idx mi_idx  (cost=0.43..0.50 rows=1 width=14) (actual time=0.006..0.006 rows=0 loops=19968)
                                                                    Index Cond: (movie_id = mk.movie_id)
                                                                    Filter: (info > '8.0'::text)
                                                                    Rows Removed by Filter: 2
                                                  ->  Index Scan using movie_id_complete_cast on complete_cast cc  (cost=0.42..0.46 rows=2 width=12) (actual time=0.005..0.005 rows=0 loops=626)
                                                        Index Cond: (movie_id = mk.movie_id)
                                ->  Index Scan using title_pkey on title t  (cost=0.43..0.49 rows=1 width=25) (actual time=0.009..0.009 rows=0 loops=84)
                                      Index Cond: (id = mk.movie_id)
                                      Filter: (production_year > 2005)
                                      Rows Removed by Filter: 1
                    ->  Index Scan using movie_id_cast_info on cast_info ci  (cost=0.56..1.52 rows=37 width=12) (actual time=0.014..0.498 rows=383 loops=6)
                          Index Cond: (movie_id = mk.movie_id)
              ->  Index Scan using char_name_pkey on char_name chn  (cost=0.43..0.46 rows=1 width=20) (actual time=0.002..0.002 rows=0 loops=2300)
                    Index Cond: (id = ci.person_role_id)
                    Filter: ((name IS NOT NULL) AND ((name ~~ '%man%'::text) OR (name ~~ '%Man%'::text)))
                    Rows Removed by Filter: 0
        ->  Index Only Scan using name_pkey on name n  (cost=0.43..0.46 rows=1 width=4) (actual time=0.007..0.007 rows=1 loops=93)
              Index Cond: (id = ci.person_id)
              Heap Fetches: 93
Planning time: 68.062 ms
Execution time: 259.883 ms
