Aggregate  (cost=14746.26..14746.27 rows=1 width=96) (actual time=4288.910..4288.910 rows=1 loops=1)
  ->  Nested Loop  (cost=9.47..14746.26 rows=1 width=39) (actual time=7.281..4280.864 rows=5400 loops=1)
        ->  Nested Loop  (cost=9.04..14739.85 rows=14 width=27) (actual time=6.964..3497.010 rows=189738 loops=1)
              ->  Nested Loop  (cost=8.61..14733.47 rows=14 width=31) (actual time=6.954..1827.905 rows=189738 loops=1)
                    Join Filter: (t.id = ci.movie_id)
                    ->  Nested Loop  (cost=8.04..14731.49 rows=1 width=39) (actual time=6.928..866.833 rows=1261 loops=1)
                          Join Filter: (it2.id = mi_idx.info_type_id)
                          Rows Removed by Join Filter: 2570
                          ->  Seq Scan on info_type it2  (cost=0.00..2.41 rows=1 width=4) (actual time=0.018..0.021 rows=1 loops=1)
                                Filter: ((info)::text = 'rating'::text)
                                Rows Removed by Filter: 112
                          ->  Nested Loop  (cost=8.04..14729.06 rows=1 width=43) (actual time=6.906..865.926 rows=3831 loops=1)
                                Join Filter: (t.id = mi_idx.movie_id)
                                ->  Nested Loop  (cost=7.62..14728.53 rows=1 width=29) (actual time=6.887..845.313 rows=1267 loops=1)
                                      Join Filter: (cct1.id = cc.subject_id)
                                      Rows Removed by Join Filter: 218
                                      ->  Seq Scan on comp_cast_type cct1  (cost=0.00..1.05 rows=1 width=4) (actual time=0.002..0.003 rows=1 loops=1)
                                            Filter: ((kind)::text = 'cast'::text)
                                            Rows Removed by Filter: 3
                                      ->  Nested Loop  (cost=7.62..14727.47 rows=1 width=33) (actual time=6.882..844.727 rows=1485 loops=1)
                                            Join Filter: (cct2.id = cc.status_id)
                                            Rows Removed by Join Filter: 1485
                                            ->  Seq Scan on comp_cast_type cct2  (cost=0.00..1.05 rows=1 width=4) (actual time=0.002..0.004 rows=2 loops=1)
                                                  Filter: ((kind)::text ~~ '%complete%'::text)
                                                  Rows Removed by Filter: 2
                                            ->  Nested Loop  (cost=7.62..14726.41 rows=1 width=37) (actual time=6.811..421.866 rows=1485 loops=2)
                                                  ->  Nested Loop  (cost=7.20..14713.50 rows=27 width=25) (actual time=6.726..400.509 rows=5032 loops=2)
                                                        Join Filter: (kt.id = t.kind_id)
                                                        Rows Removed by Join Filter: 5581
                                                        ->  Seq Scan on kind_type kt  (cost=0.00..1.09 rows=1 width=4) (actual time=0.002..0.006 rows=1 loops=2)
                                                              Filter: ((kind)::text = 'movie'::text)
                                                              Rows Removed by Filter: 6
                                                        ->  Nested Loop  (cost=7.20..14710.09 rows=186 width=29) (actual time=0.746..398.197 rows=10613 loops=2)
                                                              ->  Nested Loop  (cost=6.77..14545.03 rows=337 width=4) (actual time=0.724..178.797 rows=24091 loops=2)
                                                                    ->  Seq Scan on keyword k  (cost=0.00..3967.82 rows=10 width=4) (actual time=0.176..53.666 rows=10 loops=2)
                                                                          Filter: (keyword = ANY ('{superhero,marvel-comics,based-on-comic,tv-special,fight,violence,magnet,web,claw,laser}'::text[]))
                                                                          Rows Removed by Filter: 134160
                                                                    ->  Bitmap Heap Scan on movie_keyword mk  (cost=6.77..1054.71 rows=301 width=8) (actual time=0.674..11.999 rows=2409 loops=20)
                                                                          Recheck Cond: (keyword_id = k.id)
                                                                          Heap Blocks: exact=34254
                                                                          ->  Bitmap Index Scan on keyword_id_movie_keyword  (cost=0.00..6.69 rows=301 width=0) (actual time=0.377..0.377 rows=2409 loops=20)
                                                                                Index Cond: (keyword_id = k.id)
                                                              ->  Index Scan using title_pkey on title t  (cost=0.43..0.49 rows=1 width=25) (actual time=0.009..0.009 rows=0 loops=48182)
                                                                    Index Cond: (id = mk.movie_id)
                                                                    Filter: (production_year > 2000)
                                                                    Rows Removed by Filter: 1
                                                  ->  Index Scan using movie_id_complete_cast on complete_cast cc  (cost=0.42..0.46 rows=2 width=12) (actual time=0.003..0.004 rows=0 loops=10064)
                                                        Index Cond: (movie_id = t.id)
                                ->  Index Scan using movie_id_movie_info_idx on movie_info_idx mi_idx  (cost=0.43..0.49 rows=3 width=14) (actual time=0.014..0.015 rows=3 loops=1267)
                                      Index Cond: (movie_id = mk.movie_id)
                    ->  Index Scan using movie_id_cast_info on cast_info ci  (cost=0.56..1.52 rows=37 width=12) (actual time=0.019..0.710 rows=150 loops=1261)
                          Index Cond: (movie_id = mk.movie_id)
              ->  Index Only Scan using name_pkey on name n  (cost=0.43..0.46 rows=1 width=4) (actual time=0.008..0.008 rows=1 loops=189738)
                    Index Cond: (id = ci.person_id)
                    Heap Fetches: 189738
        ->  Index Scan using char_name_pkey on char_name chn  (cost=0.43..0.46 rows=1 width=20) (actual time=0.004..0.004 rows=0 loops=189738)
              Index Cond: (id = ci.person_role_id)
              Filter: ((name IS NOT NULL) AND ((name ~~ '%man%'::text) OR (name ~~ '%Man%'::text)))
              Rows Removed by Filter: 0
Planning time: 68.555 ms
Execution time: 4289.031 ms
