Aggregate  (cost=14739.85..14739.86 rows=1 width=96) (actual time=2055.951..2055.951 rows=1 loops=1)
  ->  Nested Loop  (cost=9.47..14739.84 rows=1 width=39) (actual time=8.056..2048.336 rows=5400 loops=1)
        Join Filter: (it2.id = mi_idx.info_type_id)
        Rows Removed by Join Filter: 11196
        ->  Seq Scan on info_type it2  (cost=0.00..2.41 rows=1 width=4) (actual time=0.018..0.021 rows=1 loops=1)
              Filter: ((info)::text = 'rating'::text)
              Rows Removed by Filter: 112
        ->  Nested Loop  (cost=9.47..14737.41 rows=1 width=43) (actual time=8.034..2045.591 rows=16596 loops=1)
              Join Filter: (t.id = mi_idx.movie_id)
              ->  Nested Loop  (cost=9.04..14736.90 rows=1 width=49) (actual time=8.025..2009.292 rows=5406 loops=1)
                    ->  Nested Loop  (cost=8.61..14736.44 rows=1 width=53) (actual time=8.014..1927.734 rows=5406 loops=1)
                          ->  Nested Loop  (cost=8.18..14730.03 rows=14 width=41) (actual time=6.830..1258.217 rows=189844 loops=1)
                                Join Filter: (t.id = ci.movie_id)
                                ->  Nested Loop  (cost=7.62..14728.04 rows=1 width=29) (actual time=6.812..441.189 rows=1267 loops=1)
                                      Join Filter: (cct2.id = cc.status_id)
                                      Rows Removed by Join Filter: 488
                                      ->  Nested Loop  (cost=7.62..14726.97 rows=1 width=33) (actual time=6.807..437.246 rows=1267 loops=1)
                                            Join Filter: (cct1.id = cc.subject_id)
                                            Rows Removed by Join Filter: 218
                                            ->  Seq Scan on comp_cast_type cct1  (cost=0.00..1.05 rows=1 width=4) (actual time=0.002..0.003 rows=1 loops=1)
                                                  Filter: ((kind)::text = 'cast'::text)
                                                  Rows Removed by Filter: 3
                                            ->  Nested Loop  (cost=7.62..14725.91 rows=1 width=37) (actual time=6.804..436.686 rows=1485 loops=1)
                                                  ->  Nested Loop  (cost=7.20..14713.47 rows=26 width=25) (actual time=6.721..414.292 rows=5032 loops=1)
                                                        Join Filter: (kt.id = t.kind_id)
                                                        Rows Removed by Join Filter: 5581
                                                        ->  Seq Scan on kind_type kt  (cost=0.00..1.09 rows=1 width=4) (actual time=0.001..0.007 rows=1 loops=1)
                                                              Filter: ((kind)::text = 'movie'::text)
                                                              Rows Removed by Filter: 6
                                                        ->  Nested Loop  (cost=7.20..14710.09 rows=184 width=29) (actual time=0.738..411.947 rows=10613 loops=1)
                                                              ->  Nested Loop  (cost=6.77..14545.03 rows=337 width=4) (actual time=0.716..185.244 rows=24091 loops=1)
                                                                    ->  Seq Scan on keyword k  (cost=0.00..3967.82 rows=10 width=4) (actual time=0.180..54.829 rows=10 loops=1)
                                                                          Filter: (keyword = ANY ('{superhero,marvel-comics,based-on-comic,tv-special,fight,violence,magnet,web,claw,laser}'::text[]))
                                                                          Rows Removed by Filter: 134160
                                                                    ->  Bitmap Heap Scan on movie_keyword mk  (cost=6.77..1054.71 rows=301 width=8) (actual time=0.675..12.534 rows=2409 loops=10)
                                                                          Recheck Cond: (keyword_id = k.id)
                                                                          Heap Blocks: exact=17127
                                                                          ->  Bitmap Index Scan on keyword_id_movie_keyword  (cost=0.00..6.69 rows=301 width=0) (actual time=0.378..0.378 rows=2409 loops=10)
                                                                                Index Cond: (keyword_id = k.id)
                                                              ->  Index Scan using title_pkey on title t  (cost=0.43..0.49 rows=1 width=25) (actual time=0.009..0.009 rows=0 loops=24091)
                                                                    Index Cond: (id = mk.movie_id)
                                                                    Filter: (production_year > 2000)
                                                                    Rows Removed by Filter: 1
                                                  ->  Index Scan using movie_id_complete_cast on complete_cast cc  (cost=0.42..0.46 rows=2 width=12) (actual time=0.004..0.004 rows=0 loops=5032)
                                                        Index Cond: (movie_id = t.id)
                                      ->  Seq Scan on comp_cast_type cct2  (cost=0.00..1.05 rows=2 width=4) (actual time=0.002..0.002 rows=1 loops=1267)
                                            Filter: ((kind)::text ~~ '%complete%'::text)
                                            Rows Removed by Filter: 2
                                ->  Index Scan using movie_id_cast_info on cast_info ci  (cost=0.56..1.52 rows=37 width=12) (actual time=0.018..0.593 rows=150 loops=1267)
                                      Index Cond: (movie_id = mk.movie_id)
                          ->  Index Scan using char_name_pkey on char_name chn  (cost=0.43..0.46 rows=1 width=20) (actual time=0.003..0.003 rows=0 loops=189844)
                                Index Cond: (id = ci.person_role_id)
                                Filter: ((name IS NOT NULL) AND ((name ~~ '%man%'::text) OR (name ~~ '%Man%'::text)))
                                Rows Removed by Filter: 0
                    ->  Index Only Scan using name_pkey on name n  (cost=0.43..0.46 rows=1 width=4) (actual time=0.014..0.014 rows=1 loops=5406)
                          Index Cond: (id = ci.person_id)
                          Heap Fetches: 5406
              ->  Index Scan using movie_id_movie_info_idx on movie_info_idx mi_idx  (cost=0.43..0.48 rows=3 width=14) (actual time=0.005..0.005 rows=3 loops=5406)
                    Index Cond: (movie_id = ci.movie_id)
Planning time: 68.190 ms
Execution time: 2056.074 ms
