Aggregate  (cost=1593.58..1593.59 rows=1 width=96) (actual time=8.485..8.485 rows=1 loops=1)
  ->  Nested Loop  (cost=602.78..1593.57 rows=1 width=48) (actual time=4.292..8.302 rows=247 loops=1)
        Join Filter: (ml.movie_id = mi.movie_id)
        ->  Nested Loop  (cost=602.35..1588.93 rows=3 width=68) (actual time=4.280..7.247 rows=95 loops=1)
              ->  Nested Loop  (cost=602.22..1588.02 rows=6 width=72) (actual time=4.275..7.053 rows=95 loops=1)
                    Join Filter: (ct.id = mc.company_type_id)
                    ->  Nested Loop  (cost=602.22..1586.60 rows=25 width=76) (actual time=4.270..6.996 rows=95 loops=1)
                          ->  Nested Loop  (cost=601.80..1531.29 rows=121 width=61) (actual time=4.265..6.415 rows=190 loops=1)
                                Join Filter: (ml.movie_id = mc.movie_id)
                                ->  Nested Loop  (cost=601.37..1509.33 rows=38 width=49) (actual time=4.260..6.167 rows=38 loops=1)
                                      ->  Nested Loop  (cost=600.95..1391.93 rows=266 width=53) (actual time=4.245..5.484 rows=266 loops=1)
                                            Join Filter: (ml.movie_id = mk.movie_id)
                                            ->  Nested Loop  (cost=600.52..1281.58 rows=38 width=45) (actual time=4.239..5.235 rows=38 loops=1)
                                                  Join Filter: (ml.movie_id = t.id)
                                                  ->  Nested Loop  (cost=600.09..942.38 rows=189 width=24) (actual time=1.731..4.717 rows=189 loops=1)
                                                        Join Filter: (cct2.id = cc.status_id)
                                                        Rows Removed by Join Filter: 68
                                                        ->  Merge Join  (cost=600.09..937.47 rows=257 width=28) (actual time=1.725..4.600 rows=257 loops=1)
                                                              Merge Cond: (cc.movie_id = ml.movie_id)
                                                              ->  Index Scan using movie_id_complete_cast on complete_cast cc  (cost=0.42..6346.28 rows=135086 width=12) (actual time=0.009..2.003 rows=5993 loops=1)
                                                              ->  Sort  (cost=599.65..605.43 rows=2315 width=16) (actual time=1.493..1.666 rows=2341 loops=1)
                                                                    Sort Key: ml.movie_id
                                                                    Sort Method: quicksort  Memory: 205kB
                                                                    ->  Nested Loop  (cost=38.82..470.28 rows=2315 width=16) (actual time=0.080..0.973 rows=2315 loops=1)
                                                                          ->  Seq Scan on link_type lt  (cost=0.00..1.23 rows=2 width=16) (actual time=0.004..0.009 rows=2 loops=1)
                                                                                Filter: ((link)::text ~~ '%follow%'::text)
                                                                                Rows Removed by Filter: 16
                                                                          ->  Bitmap Heap Scan on movie_link ml  (cost=38.82..215.78 rows=1875 width=8) (actual time=0.072..0.305 rows=1158 loops=2)
                                                                                Recheck Cond: (link_type_id = lt.id)
                                                                                Heap Blocks: exact=191
                                                                                ->  Bitmap Index Scan on link_type_id_movie_link  (cost=0.00..38.35 rows=1875 width=0) (actual time=0.058..0.058 rows=1158 loops=2)
                                                                                      Index Cond: (link_type_id = lt.id)
                                                        ->  Materialize  (cost=0.00..1.05 rows=1 width=4) (actual time=0.000..0.000 rows=1 loops=257)
                                                              ->  Seq Scan on comp_cast_type cct2  (cost=0.00..1.05 rows=1 width=4) (actual time=0.003..0.004 rows=1 loops=1)
                                                                    Filter: ((kind)::text = 'complete'::text)
                                                                    Rows Removed by Filter: 3
                                                  ->  Index Scan using title_pkey on title t  (cost=0.43..1.78 rows=1 width=21) (actual time=0.002..0.002 rows=0 loops=189)
                                                        Index Cond: (id = cc.movie_id)
                                                        Filter: (production_year = 1998)
                                                        Rows Removed by Filter: 1
                                            ->  Index Scan using movie_id_movie_keyword on movie_keyword mk  (cost=0.43..2.33 rows=46 width=8) (actual time=0.003..0.004 rows=7 loops=38)
                                                  Index Cond: (movie_id = cc.movie_id)
                                      ->  Index Scan using keyword_pkey on keyword k  (cost=0.42..0.44 rows=1 width=4) (actual time=0.002..0.002 rows=0 loops=266)
                                            Index Cond: (id = mk.keyword_id)
                                            Filter: (keyword = 'sequel'::text)
                                            Rows Removed by Filter: 1
                                ->  Index Scan using movie_id_movie_companies on movie_companies mc  (cost=0.43..0.54 rows=3 width=12) (actual time=0.003..0.005 rows=5 loops=38)
                                      Index Cond: (movie_id = mk.movie_id)
                                      Filter: (note IS NULL)
                                      Rows Removed by Filter: 1
                          ->  Index Scan using company_name_pkey on company_name cn  (cost=0.42..0.46 rows=1 width=23) (actual time=0.003..0.003 rows=0 loops=190)
                                Index Cond: (id = mc.company_id)
                                Filter: (((country_code)::text <> '[pl]'::text) AND ((name ~~ '%Film%'::text) OR (name ~~ '%Warner%'::text)))
                                Rows Removed by Filter: 0
                    ->  Materialize  (cost=0.00..1.05 rows=1 width=4) (actual time=0.000..0.000 rows=1 loops=95)
                          ->  Seq Scan on company_type ct  (cost=0.00..1.05 rows=1 width=4) (actual time=0.003..0.003 rows=1 loops=1)
                                Filter: ((kind)::text = 'production companies'::text)
                                Rows Removed by Filter: 1
              ->  Index Scan using comp_cast_type_pkey on comp_cast_type cct1  (cost=0.13..0.15 rows=1 width=4) (actual time=0.001..0.001 rows=1 loops=95)
                    Index Cond: (id = cc.subject_id)
                    Filter: ((kind)::text = ANY ('{cast,crew}'::text[]))
        ->  Index Scan using movie_id_movie_info on movie_info mi  (cost=0.43..1.54 rows=1 width=4) (actual time=0.007..0.010 rows=3 loops=95)
              Index Cond: (movie_id = mk.movie_id)
              Filter: (info = ANY ('{Sweden,Germany,Swedish,German}'::text[]))
              Rows Removed by Filter: 10
Planning time: 70.766 ms
Execution time: 8.595 ms
