Aggregate  (cost=3763.98..3763.99 rows=1 width=96) (actual time=48.276..48.276 rows=1 loops=1)
  ->  Nested Loop  (cost=9.19..3763.97 rows=1 width=48) (actual time=2.965..47.672 rows=743 loops=1)
        Join Filter: (ml.movie_id = t.id)
        ->  Nested Loop  (cost=8.76..3763.47 rows=1 width=51) (actual time=2.959..45.655 rows=743 loops=1)
              Join Filter: (cc.subject_id = cct1.id)
              Rows Removed by Join Filter: 285
              ->  Seq Scan on comp_cast_type cct1  (cost=0.00..1.05 rows=1 width=4) (actual time=0.005..0.006 rows=1 loops=1)
                    Filter: ((kind)::text = 'cast'::text)
                    Rows Removed by Filter: 3
              ->  Nested Loop  (cost=8.76..3762.38 rows=3 width=55) (actual time=2.953..45.445 rows=1028 loops=1)
                    Join Filter: (ml.movie_id = mi.movie_id)
                    ->  Nested Loop  (cost=8.32..3760.56 rows=1 width=51) (actual time=2.941..41.699 rows=229 loops=1)
                          Join Filter: (ct.id = mc.company_type_id)
                          Rows Removed by Join Filter: 19
                          ->  Seq Scan on company_type ct  (cost=0.00..1.05 rows=1 width=4) (actual time=0.002..0.005 rows=1 loops=1)
                                Filter: ((kind)::text = 'production companies'::text)
                                Rows Removed by Filter: 3
                          ->  Nested Loop  (cost=8.32..3759.50 rows=1 width=55) (actual time=2.939..41.628 rows=248 loops=1)
                                ->  Nested Loop  (cost=7.90..3758.13 rows=3 width=40) (actual time=2.886..39.908 rows=581 loops=1)
                                      Join Filter: (ml.movie_id = mc.movie_id)
                                      ->  Nested Loop  (cost=7.47..3757.55 rows=1 width=28) (actual time=2.877..39.214 rows=98 loops=1)
                                            Join Filter: (cct2.id = cc.status_id)
                                            Rows Removed by Join Filter: 98
                                            ->  Seq Scan on comp_cast_type cct2  (cost=0.00..1.05 rows=2 width=4) (actual time=0.002..0.005 rows=2 loops=1)
                                                  Filter: ((kind)::text ~~ 'complete%'::text)
                                                  Rows Removed by Filter: 2
                                            ->  Materialize  (cost=7.47..3756.45 rows=2 width=32) (actual time=1.437..19.581 rows=98 loops=2)
                                                  ->  Nested Loop  (cost=7.47..3756.44 rows=2 width=32) (actual time=2.872..39.095 rows=98 loops=1)
                                                        Join Filter: (ml.movie_id = cc.movie_id)
                                                        ->  Nested Loop  (cost=7.05..3755.96 rows=1 width=20) (actual time=2.814..38.617 rows=199 loops=1)
                                                              Join Filter: (lt.id = ml.link_type_id)
                                                              Rows Removed by Join Filter: 239
                                                              ->  Nested Loop  (cost=7.05..3754.44 rows=10 width=12) (actual time=2.807..38.465 rows=251 loops=1)
                                                                    ->  Nested Loop  (cost=6.77..3739.98 rows=34 width=4) (actual time=2.800..24.672 rows=10544 loops=1)
                                                                          ->  Seq Scan on keyword k  (cost=0.00..2626.12 rows=1 width=4) (actual time=0.750..13.738 rows=1 loops=1)
                                                                                Filter: (keyword = 'sequel'::text)
                                                                                Rows Removed by Filter: 134169
                                                                          ->  Bitmap Heap Scan on movie_keyword mk  (cost=6.77..1110.84 rows=301 width=8) (actual time=2.048..9.120 rows=10544 loops=1)
                                                                                Recheck Cond: (keyword_id = k.id)
                                                                                Heap Blocks: exact=5570
                                                                                ->  Bitmap Index Scan on keyword_id_movie_keyword  (cost=0.00..6.69 rows=301 width=0) (actual time=1.113..1.113 rows=10544 loops=1)
                                                                                      Index Cond: (keyword_id = k.id)
                                                                    ->  Index Scan using movie_id_movie_link on movie_link ml  (cost=0.29..0.38 rows=5 width=8) (actual time=0.001..0.001 rows=0 loops=10544)
                                                                          Index Cond: (movie_id = mk.movie_id)
                                                              ->  Materialize  (cost=0.00..1.24 rows=2 width=16) (actual time=0.000..0.000 rows=2 loops=251)
                                                                    ->  Seq Scan on link_type lt  (cost=0.00..1.23 rows=2 width=16) (actual time=0.004..0.007 rows=2 loops=1)
                                                                          Filter: ((link)::text ~~ '%follow%'::text)
                                                                          Rows Removed by Filter: 16
                                                        ->  Index Scan using movie_id_complete_cast on complete_cast cc  (cost=0.42..0.46 rows=2 width=12) (actual time=0.002..0.002 rows=0 loops=199)
                                                              Index Cond: (movie_id = mk.movie_id)
                                      ->  Index Scan using movie_id_movie_companies on movie_companies mc  (cost=0.43..0.54 rows=3 width=12) (actual time=0.003..0.005 rows=6 loops=98)
                                            Index Cond: (movie_id = mk.movie_id)
                                            Filter: (note IS NULL)
                                            Rows Removed by Filter: 1
                                ->  Index Scan using company_name_pkey on company_name cn  (cost=0.42..0.46 rows=1 width=23) (actual time=0.003..0.003 rows=0 loops=581)
                                      Index Cond: (id = mc.company_id)
                                      Filter: (((country_code)::text <> '[pl]'::text) AND ((name ~~ '%Film%'::text) OR (name ~~ '%Warner%'::text)))
                                      Rows Removed by Filter: 1
                    ->  Index Scan using movie_id_movie_info on movie_info mi  (cost=0.43..1.79 rows=2 width=4) (actual time=0.011..0.015 rows=4 loops=229)
                          Index Cond: (movie_id = mk.movie_id)
                          Filter: (info = ANY ('{Sweden,Norway,Germany,Denmark,Swedish,Denish,Norwegian,German,English}'::text[]))
                          Rows Removed by Filter: 14
        ->  Index Scan using title_pkey on title t  (cost=0.43..0.49 rows=1 width=21) (actual time=0.002..0.002 rows=1 loops=743)
              Index Cond: (id = mk.movie_id)
              Filter: ((production_year >= 1950) AND (production_year <= 2010))
Planning time: 71.202 ms
Execution time: 48.381 ms
