Aggregate  (cost=3039.38..3039.39 rows=1 width=96) (actual time=27.157..27.157 rows=1 loops=1)
  ->  Nested Loop  (cost=602.91..3039.37 rows=1 width=48) (actual time=2.712..26.519 rows=743 loops=1)
        ->  Nested Loop  (cost=602.78..3039.21 rows=1 width=52) (actual time=2.709..25.342 rows=743 loops=1)
              ->  Nested Loop  (cost=602.65..3038.89 rows=2 width=56) (actual time=2.703..23.940 rows=838 loops=1)
                    ->  Nested Loop  (cost=602.23..3034.32 rows=10 width=41) (actual time=1.959..18.492 rows=1913 loops=1)
                          Join Filter: (ml.movie_id = mc.movie_id)
                          ->  Nested Loop  (cost=601.80..3032.59 rows=3 width=53) (actual time=1.953..16.570 rows=251 loops=1)
                                Join Filter: (ml.movie_id = mi.movie_id)
                                ->  Nested Loop  (cost=601.37..3030.77 rows=1 width=49) (actual time=1.939..15.212 rows=78 loops=1)
                                      Join Filter: (ml.movie_id = t.id)
                                      ->  Nested Loop  (cost=600.94..3030.26 rows=1 width=28) (actual time=1.933..14.945 rows=78 loops=1)
                                            ->  Nested Loop  (cost=600.52..1604.49 rows=3231 width=32) (actual time=1.754..7.156 rows=3231 loops=1)
                                                  Join Filter: (ml.movie_id = mk.movie_id)
                                                  ->  Nested Loop  (cost=600.09..942.38 rows=228 width=24) (actual time=1.744..4.895 rows=228 loops=1)
                                                        Join Filter: (cct1.id = cc.subject_id)
                                                        Rows Removed by Join Filter: 29
                                                        ->  Merge Join  (cost=600.09..937.47 rows=257 width=28) (actual time=1.739..4.762 rows=257 loops=1)
                                                              Merge Cond: (cc.movie_id = ml.movie_id)
                                                              ->  Index Scan using movie_id_complete_cast on complete_cast cc  (cost=0.42..6346.28 rows=135086 width=12) (actual time=0.009..2.138 rows=5993 loops=1)
                                                              ->  Sort  (cost=599.65..605.43 rows=2315 width=16) (actual time=1.500..1.683 rows=2341 loops=1)
                                                                    Sort Key: ml.movie_id
                                                                    Sort Method: quicksort  Memory: 205kB
                                                                    ->  Nested Loop  (cost=38.82..470.28 rows=2315 width=16) (actual time=0.081..0.980 rows=2315 loops=1)
                                                                          ->  Seq Scan on link_type lt  (cost=0.00..1.23 rows=2 width=16) (actual time=0.004..0.009 rows=2 loops=1)
                                                                                Filter: ((link)::text ~~ '%follow%'::text)
                                                                                Rows Removed by Filter: 16
                                                                          ->  Bitmap Heap Scan on movie_link ml  (cost=38.82..215.78 rows=1875 width=8) (actual time=0.073..0.309 rows=1158 loops=2)
                                                                                Recheck Cond: (link_type_id = lt.id)
                                                                                Heap Blocks: exact=191
                                                                                ->  Bitmap Index Scan on link_type_id_movie_link  (cost=0.00..38.35 rows=1875 width=0) (actual time=0.058..0.058 rows=1158 loops=2)
                                                                                      Index Cond: (link_type_id = lt.id)
                                                        ->  Materialize  (cost=0.00..1.05 rows=1 width=4) (actual time=0.000..0.000 rows=1 loops=257)
                                                              ->  Seq Scan on comp_cast_type cct1  (cost=0.00..1.05 rows=1 width=4) (actual time=0.003..0.004 rows=1 loops=1)
                                                                    Filter: ((kind)::text = 'cast'::text)
                                                                    Rows Removed by Filter: 3
                                                  ->  Index Scan using movie_id_movie_keyword on movie_keyword mk  (cost=0.43..2.33 rows=46 width=8) (actual time=0.003..0.006 rows=14 loops=228)
                                                        Index Cond: (movie_id = cc.movie_id)
                                            ->  Index Scan using keyword_pkey on keyword k  (cost=0.42..0.44 rows=1 width=4) (actual time=0.002..0.002 rows=0 loops=3231)
                                                  Index Cond: (id = mk.keyword_id)
                                                  Filter: (keyword = 'sequel'::text)
                                                  Rows Removed by Filter: 1
                                      ->  Index Scan using title_pkey on title t  (cost=0.43..0.49 rows=1 width=21) (actual time=0.003..0.003 rows=1 loops=78)
                                            Index Cond: (id = mk.movie_id)
                                            Filter: ((production_year >= 1950) AND (production_year <= 2010))
                                ->  Index Scan using movie_id_movie_info on movie_info mi  (cost=0.43..1.79 rows=2 width=4) (actual time=0.013..0.016 rows=3 loops=78)
                                      Index Cond: (movie_id = mk.movie_id)
                                      Filter: (info = ANY ('{Sweden,Norway,Germany,Denmark,Swedish,Denish,Norwegian,German,English}'::text[]))
                                      Rows Removed by Filter: 16
                          ->  Index Scan using movie_id_movie_companies on movie_companies mc  (cost=0.43..0.54 rows=3 width=12) (actual time=0.003..0.005 rows=8 loops=251)
                                Index Cond: (movie_id = mk.movie_id)
                                Filter: (note IS NULL)
                                Rows Removed by Filter: 1
                    ->  Index Scan using company_name_pkey on company_name cn  (cost=0.42..0.46 rows=1 width=23) (actual time=0.002..0.002 rows=0 loops=1913)
                          Index Cond: (id = mc.company_id)
                          Filter: (((country_code)::text <> '[pl]'::text) AND ((name ~~ '%Film%'::text) OR (name ~~ '%Warner%'::text)))
                          Rows Removed by Filter: 1
              ->  Index Scan using company_type_pkey on company_type ct  (cost=0.13..0.15 rows=1 width=4) (actual time=0.001..0.001 rows=1 loops=838)
                    Index Cond: (id = mc.company_type_id)
                    Filter: ((kind)::text = 'production companies'::text)
                    Rows Removed by Filter: 0
        ->  Index Scan using comp_cast_type_pkey on comp_cast_type cct2  (cost=0.13..0.15 rows=1 width=4) (actual time=0.001..0.001 rows=1 loops=743)
              Index Cond: (id = cc.status_id)
              Filter: ((kind)::text ~~ 'complete%'::text)
Planning time: 70.238 ms
Execution time: 27.266 ms
