Aggregate  (cost=15078.73..15078.74 rows=1 width=96) (actual time=1120.759..1120.759 rows=1 loops=1)
  ->  Nested Loop  (cost=3780.80..15078.72 rows=1 width=42) (actual time=55.702..1116.394 rows=4803 loops=1)
        ->  Nested Loop  (cost=3780.38..15078.23 rows=1 width=27) (actual time=55.691..1095.894 rows=4955 loops=1)
              ->  Nested Loop  (cost=3780.25..15078.08 rows=1 width=31) (actual time=55.679..1087.044 rows=4955 loops=1)
                    Join Filter: (t.id = mc.movie_id)
                    ->  Nested Loop  (cost=3779.82..15077.50 rows=1 width=43) (actual time=55.666..1075.076 rows=432 loops=1)
                          ->  Nested Loop  (cost=3779.69..15077.18 rows=2 width=47) (actual time=55.662..1073.855 rows=484 loops=1)
                                ->  Nested Loop  (cost=3779.56..15076.87 rows=2 width=51) (actual time=55.658..1072.443 rows=560 loops=1)
                                      Join Filter: (mi.movie_id = t.id)
                                      ->  Nested Loop  (cost=3779.13..15075.36 rows=3 width=26) (actual time=55.646..1028.251 rows=4932 loops=1)
                                            Join Filter: (it1.id = mi.info_type_id)
                                            Rows Removed by Join Filter: 4797
                                            ->  Seq Scan on info_type it1  (cost=0.00..2.41 rows=1 width=4) (actual time=0.009..0.020 rows=1 loops=1)
                                                  Filter: ((info)::text = 'countries'::text)
                                                  Rows Removed by Filter: 112
                                            ->  Nested Loop  (cost=3779.13..15068.98 rows=318 width=30) (actual time=55.635..1025.589 rows=9729 loops=1)
                                                  ->  Nested Loop  (cost=3778.69..14772.57 rows=159 width=22) (actual time=55.611..304.848 rows=5973 loops=1)
                                                        Join Filter: (it2.id = mi_idx.info_type_id)
                                                        Rows Removed by Join Filter: 12026
                                                        ->  Seq Scan on info_type it2  (cost=0.00..2.41 rows=1 width=4) (actual time=0.011..0.017 rows=1 loops=1)
                                                              Filter: ((info)::text = 'rating'::text)
                                                              Rows Removed by Filter: 112
                                                        ->  Nested Loop  (cost=3778.69..14545.77 rows=17951 width=26) (actual time=55.596..301.398 rows=17999 loops=1)
                                                              ->  Hash Join  (cost=3778.26..11264.56 rows=6216 width=12) (actual time=55.581..226.067 rows=6216 loops=1)
                                                                    Hash Cond: (cc.subject_id = cct1.id)
                                                                    ->  Hash Join  (cost=3777.20..11055.13 rows=20024 width=16) (actual time=55.529..220.793 rows=20024 loops=1)
                                                                          Hash Cond: (mk.movie_id = cc.movie_id)
                                                                          ->  Nested Loop  (cost=6.77..6261.07 rows=37091 width=4) (actual time=4.179..147.744 rows=37091 loops=1)
                                                                                ->  Seq Scan on keyword k  (cost=0.00..2961.55 rows=3 width=4) (actual time=1.407..32.445 rows=3 loops=1)
                                                                                      Filter: (keyword = ANY ('{murder,murder-in-title,blood,violence}'::text[]))
                                                                                      Rows Removed by Filter: 134167
                                                                                ->  Bitmap Heap Scan on movie_keyword mk  (cost=6.77..1096.83 rows=301 width=8) (actual time=3.387..36.202 rows=12364 loops=3)
                                                                                      Recheck Cond: (keyword_id = k.id)
                                                                                      Heap Blocks: exact=26312
                                                                                      ->  Bitmap Index Scan on keyword_id_movie_keyword  (cost=0.00..6.69 rows=301 width=0) (actual time=1.809..1.809 rows=12364 loops=3)
                                                                                            Index Cond: (keyword_id = k.id)
                                                                          ->  Hash  (cost=2081.86..2081.86 rows=135086 width=12) (actual time=51.033..51.033 rows=135086 loops=1)
                                                                                Buckets: 262144  Batches: 1  Memory Usage: 7853kB
                                                                                ->  Seq Scan on complete_cast cc  (cost=0.00..2081.86 rows=135086 width=12) (actual time=0.009..27.210 rows=135086 loops=1)
                                                                    ->  Hash  (cost=1.05..1.05 rows=1 width=4) (actual time=0.005..0.005 rows=1 loops=1)
                                                                          Buckets: 1024  Batches: 1  Memory Usage: 9kB
                                                                          ->  Seq Scan on comp_cast_type cct1  (cost=0.00..1.05 rows=1 width=4) (actual time=0.002..0.003 rows=1 loops=1)
                                                                                Filter: ((kind)::text = 'crew'::text)
                                                                                Rows Removed by Filter: 3
                                                              ->  Index Scan using movie_id_movie_info_idx on movie_info_idx mi_idx  (cost=0.43..0.50 rows=3 width=14) (actual time=0.009..0.011 rows=3 loops=6216)
                                                                    Index Cond: (movie_id = mk.movie_id)
                                                                    Filter: (info < '8.5'::text)
                                                                    Rows Removed by Filter: 0
                                                  ->  Index Scan using movie_id_movie_info on movie_info mi  (cost=0.43..1.84 rows=2 width=8) (actual time=0.094..0.120 rows=2 loops=5973)
                                                        Index Cond: (movie_id = mk.movie_id)
                                                        Filter: (info = ANY ('{Sweden,Norway,Germany,Denmark,Swedish,Danish,Norwegian,German,USA,American}'::text[]))
                                                        Rows Removed by Filter: 97
                                      ->  Index Scan using title_pkey on title t  (cost=0.43..0.49 rows=1 width=25) (actual time=0.008..0.008 rows=0 loops=4932)
                                            Index Cond: (id = mk.movie_id)
                                            Filter: (production_year > 2000)
                                            Rows Removed by Filter: 1
                                ->  Index Scan using comp_cast_type_pkey on comp_cast_type cct2  (cost=0.13..0.15 rows=1 width=4) (actual time=0.002..0.002 rows=1 loops=560)
                                      Index Cond: (id = cc.status_id)
                                      Filter: ((kind)::text <> 'complete+verified'::text)
                                      Rows Removed by Filter: 0
                          ->  Index Scan using kind_type_pkey on kind_type kt  (cost=0.13..0.15 rows=1 width=4) (actual time=0.002..0.002 rows=1 loops=484)
                                Index Cond: (id = t.kind_id)
                                Filter: ((kind)::text = ANY ('{movie,episode}'::text[]))
                                Rows Removed by Filter: 0
                    ->  Index Scan using movie_id_movie_companies on movie_companies mc  (cost=0.43..0.57 rows=1 width=12) (actual time=0.010..0.024 rows=11 loops=432)
                          Index Cond: (movie_id = mk.movie_id)
                          Filter: ((note !~~ '%(USA)%'::text) AND (note ~~ '%(200%)%'::text))
                          Rows Removed by Filter: 10
              ->  Index Only Scan using company_type_pkey on company_type ct  (cost=0.13..0.15 rows=1 width=4) (actual time=0.001..0.001 rows=1 loops=4955)
                    Index Cond: (id = mc.company_type_id)
                    Heap Fetches: 4955
        ->  Index Scan using company_name_pkey on company_name cn  (cost=0.42..0.49 rows=1 width=23) (actual time=0.004..0.004 rows=1 loops=4955)
              Index Cond: (id = mc.company_id)
              Filter: ((country_code)::text <> '[us]'::text)
              Rows Removed by Filter: 0
Planning time: 88.076 ms
Execution time: 1120.917 ms
