Aggregate  (cost=14958.34..14958.35 rows=1 width=96) (actual time=438.227..438.227 rows=1 loops=1)
  ->  Nested Loop  (cost=3782.88..14958.33 rows=1 width=42) (actual time=56.384..433.946 rows=4803 loops=1)
        ->  Nested Loop  (cost=3782.74..14958.15 rows=1 width=46) (actual time=56.302..409.792 rows=15325 loops=1)
              ->  Nested Loop  (cost=3782.32..14957.66 rows=1 width=31) (actual time=56.292..363.482 rows=15789 loops=1)
                    ->  Nested Loop  (cost=3782.19..14957.50 rows=1 width=35) (actual time=56.284..338.699 rows=15789 loops=1)
                          Join Filter: (t.id = mc.movie_id)
                          ->  Nested Loop  (cost=3781.76..14956.93 rows=1 width=47) (actual time=56.272..311.604 rows=1372 loops=1)
                                Join Filter: (it1.id = mi.info_type_id)
                                Rows Removed by Join Filter: 162
                                ->  Seq Scan on info_type it1  (cost=0.00..2.41 rows=1 width=4) (actual time=0.010..0.021 rows=1 loops=1)
                                      Filter: ((info)::text = 'countries'::text)
                                      Rows Removed by Filter: 112
                                ->  Nested Loop  (cost=3781.76..14953.41 rows=88 width=51) (actual time=56.260..311.058 rows=1534 loops=1)
                                      Join Filter: (t.id = mi.movie_id)
                                      ->  Hash Join  (cost=3781.32..14372.09 rows=311 width=43) (actual time=56.233..189.369 rows=1499 loops=1)
                                            Hash Cond: (t.kind_id = kt.id)
                                            ->  Nested Loop  (cost=3780.21..14358.60 rows=1090 width=47) (actual time=56.219..188.563 rows=1650 loops=1)
                                                  Join Filter: (t.id = mi_idx.movie_id)
                                                  ->  Nested Loop  (cost=3779.78..13260.57 rows=2051 width=33) (actual time=56.206..183.421 rows=609 loops=1)
                                                        ->  Hash Join  (cost=3779.35..11421.94 rows=3754 width=8) (actual time=56.187..163.919 rows=3832 loops=1)
                                                              Hash Cond: (cc.subject_id = cct1.id)
                                                              ->  Hash Join  (cost=3778.29..11264.59 rows=15018 width=12) (actual time=56.138..161.722 rows=10536 loops=1)
                                                                    Hash Cond: (cc.status_id = cct2.id)
                                                                    ->  Hash Join  (cost=3777.20..11055.13 rows=20024 width=16) (actual time=56.127..157.460 rows=20024 loops=1)
                                                                          Hash Cond: (mk.movie_id = cc.movie_id)
                                                                          ->  Nested Loop  (cost=6.77..6261.07 rows=37091 width=4) (actual time=4.153..92.676 rows=37091 loops=1)
                                                                                ->  Seq Scan on keyword k  (cost=0.00..2961.55 rows=3 width=4) (actual time=1.397..30.185 rows=3 loops=1)
                                                                                      Filter: (keyword = ANY ('{murder,murder-in-title,blood,violence}'::text[]))
                                                                                      Rows Removed by Filter: 134167
                                                                                ->  Bitmap Heap Scan on movie_keyword mk  (cost=6.77..1096.83 rows=301 width=8) (actual time=3.262..18.808 rows=12364 loops=3)
                                                                                      Recheck Cond: (keyword_id = k.id)
                                                                                      Heap Blocks: exact=26312
                                                                                      ->  Bitmap Index Scan on keyword_id_movie_keyword  (cost=0.00..6.69 rows=301 width=0) (actual time=1.692..1.692 rows=12364 loops=3)
                                                                                            Index Cond: (keyword_id = k.id)
                                                                          ->  Hash  (cost=2081.86..2081.86 rows=135086 width=12) (actual time=51.636..51.636 rows=135086 loops=1)
                                                                                Buckets: 262144  Batches: 1  Memory Usage: 7853kB
                                                                                ->  Seq Scan on complete_cast cc  (cost=0.00..2081.86 rows=135086 width=12) (actual time=0.008..26.762 rows=135086 loops=1)
                                                                    ->  Hash  (cost=1.05..1.05 rows=3 width=4) (actual time=0.003..0.003 rows=3 loops=1)
                                                                          Buckets: 1024  Batches: 1  Memory Usage: 9kB
                                                                          ->  Seq Scan on comp_cast_type cct2  (cost=0.00..1.05 rows=3 width=4) (actual time=0.001..0.002 rows=3 loops=1)
                                                                                Filter: ((kind)::text <> 'complete+verified'::text)
                                                                                Rows Removed by Filter: 1
                                                              ->  Hash  (cost=1.05..1.05 rows=1 width=4) (actual time=0.004..0.004 rows=1 loops=1)
                                                                    Buckets: 1024  Batches: 1  Memory Usage: 9kB
                                                                    ->  Seq Scan on comp_cast_type cct1  (cost=0.00..1.05 rows=1 width=4) (actual time=0.002..0.003 rows=1 loops=1)
                                                                          Filter: ((kind)::text = 'crew'::text)
                                                                          Rows Removed by Filter: 3
                                                        ->  Index Scan using title_pkey on title t  (cost=0.43..0.49 rows=1 width=25) (actual time=0.005..0.005 rows=0 loops=3832)
                                                              Index Cond: (id = mk.movie_id)
                                                              Filter: (production_year > 2000)
                                                              Rows Removed by Filter: 1
                                                  ->  Index Scan using movie_id_movie_info_idx on movie_info_idx mi_idx  (cost=0.43..0.50 rows=3 width=14) (actual time=0.005..0.007 rows=3 loops=609)
                                                        Index Cond: (movie_id = mk.movie_id)
                                                        Filter: (info < '8.5'::text)
                                                        Rows Removed by Filter: 0
                                            ->  Hash  (cost=1.09..1.09 rows=2 width=4) (actual time=0.007..0.007 rows=2 loops=1)
                                                  Buckets: 1024  Batches: 1  Memory Usage: 9kB
                                                  ->  Seq Scan on kind_type kt  (cost=0.00..1.09 rows=2 width=4) (actual time=0.003..0.005 rows=2 loops=1)
                                                        Filter: ((kind)::text = ANY ('{movie,episode}'::text[]))
                                                        Rows Removed by Filter: 5
                                      ->  Index Scan using movie_id_movie_info on movie_info mi  (cost=0.43..1.84 rows=2 width=8) (actual time=0.068..0.080 rows=1 loops=1499)
                                            Index Cond: (movie_id = mk.movie_id)
                                            Filter: (info = ANY ('{Sweden,Norway,Germany,Denmark,Swedish,Danish,Norwegian,German,USA,American}'::text[]))
                                            Rows Removed by Filter: 145
                          ->  Index Scan using movie_id_movie_companies on movie_companies mc  (cost=0.43..0.57 rows=1 width=12) (actual time=0.005..0.016 rows=12 loops=1372)
                                Index Cond: (movie_id = mk.movie_id)
                                Filter: ((note !~~ '%(USA)%'::text) AND (note ~~ '%(200%)%'::text))
                                Rows Removed by Filter: 11
                    ->  Index Only Scan using company_type_pkey on company_type ct  (cost=0.13..0.15 rows=1 width=4) (actual time=0.001..0.001 rows=1 loops=15789)
                          Index Cond: (id = mc.company_type_id)
                          Heap Fetches: 15789
              ->  Index Scan using company_name_pkey on company_name cn  (cost=0.42..0.49 rows=1 width=23) (actual time=0.002..0.002 rows=1 loops=15789)
                    Index Cond: (id = mc.company_id)
                    Filter: ((country_code)::text <> '[us]'::text)
                    Rows Removed by Filter: 0
        ->  Index Scan using info_type_pkey on info_type it2  (cost=0.14..0.16 rows=1 width=4) (actual time=0.001..0.001 rows=0 loops=15325)
              Index Cond: (id = mi_idx.info_type_id)
              Filter: ((info)::text = 'rating'::text)
              Rows Removed by Filter: 1
Planning time: 87.870 ms
Execution time: 438.383 ms
