Aggregate  (cost=31181.08..31181.09 rows=1 width=96) (actual time=666.675..666.675 rows=1 loops=1)
  ->  Hash Join  (cost=11293.61..31138.45 rows=5683 width=42) (actual time=145.406..663.394 rows=4803 loops=1)
        Hash Cond: (cc.subject_id = cct1.id)
        ->  Hash Join  (cost=11292.55..30900.82 rows=22733 width=46) (actual time=145.390..659.924 rows=22733 loops=1)
              Hash Cond: (mc.company_id = cn.id)
              ->  Hash Join  (cost=3782.21..23092.46 rows=23606 width=31) (actual time=53.560..556.460 rows=23606 loops=1)
                    Hash Cond: (mc.company_type_id = ct.id)
                    ->  Nested Loop  (cost=3781.12..22845.73 rows=23606 width=35) (actual time=53.551..550.097 rows=23606 loops=1)
                          Join Filter: (t.id = mc.movie_id)
                          ->  Nested Loop  (cost=3780.69..21758.62 rows=1881 width=47) (actual time=53.540..506.118 rows=1881 loops=1)
                                Join Filter: (it2.id = mi_idx.info_type_id)
                                Rows Removed by Join Filter: 3877
                                ->  Seq Scan on info_type it2  (cost=0.00..2.41 rows=1 width=4) (actual time=0.012..0.014 rows=1 loops=1)
                                      Filter: ((info)::text = 'rating'::text)
                                      Rows Removed by Filter: 112
                                ->  Nested Loop  (cost=3780.69..21684.23 rows=5758 width=51) (actual time=53.524..504.961 rows=5758 loops=1)
                                      Join Filter: (t.id = mi_idx.movie_id)
                                      ->  Nested Loop  (cost=3780.27..20612.43 rows=2002 width=37) (actual time=53.511..488.441 rows=2002 loops=1)
                                            Join Filter: (it1.id = mi.info_type_id)
                                            Rows Removed by Join Filter: 259
                                            ->  Seq Scan on info_type it1  (cost=0.00..2.41 rows=1 width=4) (actual time=0.004..0.017 rows=1 loops=1)
                                                  Filter: ((info)::text = 'countries'::text)
                                                  Rows Removed by Filter: 112
                                            ->  Nested Loop  (cost=3780.27..20581.75 rows=2261 width=41) (actual time=53.506..487.677 rows=2261 loops=1)
                                                  Join Filter: (t.id = mi.movie_id)
                                                  ->  Hash Join  (cost=3779.83..16454.56 rows=2208 width=33) (actual time=53.481..260.982 rows=2208 loops=1)
                                                        Hash Cond: (t.kind_id = kt.id)
                                                        ->  Nested Loop  (cost=3778.72..16424.91 rows=2513 width=37) (actual time=53.410..259.793 rows=2513 loops=1)
                                                              ->  Hash Join  (cost=3778.29..11264.59 rows=10536 width=12) (actual time=53.384..202.344 rows=10536 loops=1)
                                                                    Hash Cond: (cc.status_id = cct2.id)
                                                                    ->  Hash Join  (cost=3777.20..11055.13 rows=20024 width=16) (actual time=53.374..197.449 rows=20024 loops=1)
                                                                          Hash Cond: (mk.movie_id = cc.movie_id)
                                                                          ->  Nested Loop  (cost=6.77..6261.07 rows=37091 width=4) (actual time=4.190..127.598 rows=37091 loops=1)
                                                                                ->  Seq Scan on keyword k  (cost=0.00..2961.55 rows=3 width=4) (actual time=1.375..33.419 rows=3 loops=1)
                                                                                      Filter: (keyword = ANY ('{murder,murder-in-title,blood,violence}'::text[]))
                                                                                      Rows Removed by Filter: 134167
                                                                                ->  Bitmap Heap Scan on movie_keyword mk  (cost=6.77..1096.83 rows=301 width=8) (actual time=3.453..29.279 rows=12364 loops=3)
                                                                                      Recheck Cond: (keyword_id = k.id)
                                                                                      Heap Blocks: exact=26312
                                                                                      ->  Bitmap Index Scan on keyword_id_movie_keyword  (cost=0.00..6.69 rows=301 width=0) (actual time=1.878..1.878 rows=12364 loops=3)
                                                                                            Index Cond: (keyword_id = k.id)
                                                                          ->  Hash  (cost=2081.86..2081.86 rows=135086 width=12) (actual time=48.858..48.858 rows=135086 loops=1)
                                                                                Buckets: 262144  Batches: 1  Memory Usage: 7853kB
                                                                                ->  Seq Scan on complete_cast cc  (cost=0.00..2081.86 rows=135086 width=12) (actual time=0.009..25.248 rows=135086 loops=1)
                                                                    ->  Hash  (cost=1.05..1.05 rows=3 width=4) (actual time=0.003..0.003 rows=3 loops=1)
                                                                          Buckets: 1024  Batches: 1  Memory Usage: 9kB
                                                                          ->  Seq Scan on comp_cast_type cct2  (cost=0.00..1.05 rows=3 width=4) (actual time=0.002..0.002 rows=3 loops=1)
                                                                                Filter: ((kind)::text <> 'complete+verified'::text)
                                                                                Rows Removed by Filter: 1
                                                              ->  Index Scan using title_pkey on title t  (cost=0.43..0.49 rows=1 width=25) (actual time=0.005..0.005 rows=0 loops=10536)
                                                                    Index Cond: (id = mk.movie_id)
                                                                    Filter: (production_year > 2000)
                                                                    Rows Removed by Filter: 1
                                                        ->  Hash  (cost=1.09..1.09 rows=2 width=4) (actual time=0.005..0.005 rows=2 loops=1)
                                                              Buckets: 1024  Batches: 1  Memory Usage: 9kB
                                                              ->  Seq Scan on kind_type kt  (cost=0.00..1.09 rows=2 width=4) (actual time=0.003..0.004 rows=2 loops=1)
                                                                    Filter: ((kind)::text = ANY ('{movie,episode}'::text[]))
                                                                    Rows Removed by Filter: 5
                                                  ->  Index Scan using movie_id_movie_info on movie_info mi  (cost=0.43..1.84 rows=2 width=8) (actual time=0.087..0.102 rows=1 loops=2208)
                                                        Index Cond: (movie_id = mk.movie_id)
                                                        Filter: (info = ANY ('{Sweden,Norway,Germany,Denmark,Swedish,Danish,Norwegian,German,USA,American}'::text[]))
                                                        Rows Removed by Filter: 141
                                      ->  Index Scan using movie_id_movie_info_idx on movie_info_idx mi_idx  (cost=0.43..0.50 rows=3 width=14) (actual time=0.006..0.007 rows=3 loops=2002)
                                            Index Cond: (movie_id = mk.movie_id)
                                            Filter: (info < '8.5'::text)
                                            Rows Removed by Filter: 0
                          ->  Index Scan using movie_id_movie_companies on movie_companies mc  (cost=0.43..0.57 rows=1 width=12) (actual time=0.008..0.020 rows=13 loops=1881)
                                Index Cond: (movie_id = mk.movie_id)
                                Filter: ((note !~~ '%(USA)%'::text) AND (note ~~ '%(200%)%'::text))
                                Rows Removed by Filter: 10
                    ->  Hash  (cost=1.04..1.04 rows=4 width=4) (actual time=0.004..0.004 rows=4 loops=1)
                          Buckets: 1024  Batches: 1  Memory Usage: 9kB
                          ->  Seq Scan on company_type ct  (cost=0.00..1.04 rows=4 width=4) (actual time=0.002..0.003 rows=4 loops=1)
              ->  Hash  (cost=5932.46..5932.46 rows=126230 width=23) (actual time=91.689..91.689 rows=126230 loops=1)
                    Buckets: 131072  Batches: 1  Memory Usage: 7968kB
                    ->  Seq Scan on company_name cn  (cost=0.00..5932.46 rows=126230 width=23) (actual time=0.018..64.771 rows=126230 loops=1)
                          Filter: ((country_code)::text <> '[us]'::text)
                          Rows Removed by Filter: 108767
        ->  Hash  (cost=1.05..1.05 rows=1 width=4) (actual time=0.008..0.008 rows=1 loops=1)
              Buckets: 1024  Batches: 1  Memory Usage: 9kB
              ->  Seq Scan on comp_cast_type cct1  (cost=0.00..1.05 rows=1 width=4) (actual time=0.006..0.006 rows=1 loops=1)
                    Filter: ((kind)::text = 'crew'::text)
                    Rows Removed by Filter: 3
Planning time: 86.558 ms
Execution time: 666.921 ms
