Aggregate  (cost=7423.18..7423.19 rows=1 width=96) (actual time=1051.333..1051.333 rows=1 loops=1)
  ->  Nested Loop  (cost=9.33..7423.17 rows=1 width=42) (actual time=5.850..1046.775 rows=4803 loops=1)
        Join Filter: (kt.id = t.kind_id)
        Rows Removed by Join Filter: 481
        ->  Nested Loop  (cost=9.33..7422.06 rows=1 width=46) (actual time=5.845..1038.546 rows=4979 loops=1)
              Join Filter: (mi.movie_id = t.id)
              ->  Nested Loop  (cost=8.90..7421.55 rows=1 width=45) (actual time=5.824..1009.246 rows=8121 loops=1)
                    ->  Nested Loop  (cost=8.48..7421.00 rows=1 width=30) (actual time=5.811..971.654 rows=8728 loops=1)
                          Join Filter: (ct.id = mc.company_type_id)
                          Rows Removed by Join Filter: 1
                          ->  Nested Loop  (cost=8.48..7419.91 rows=1 width=34) (actual time=5.808..960.101 rows=8728 loops=1)
                                Join Filter: (mi.movie_id = mc.movie_id)
                                ->  Nested Loop  (cost=8.05..7419.33 rows=1 width=22) (actual time=5.787..897.489 rows=2861 loops=1)
                                      Join Filter: (it1.id = mi.info_type_id)
                                      Rows Removed by Join Filter: 1830
                                      ->  Seq Scan on info_type it1  (cost=0.00..2.41 rows=1 width=4) (actual time=0.008..0.019 rows=1 loops=1)
                                            Filter: ((info)::text = 'countries'::text)
                                            Rows Removed by Filter: 112
                                      ->  Nested Loop  (cost=8.05..7416.89 rows=2 width=26) (actual time=5.777..896.131 rows=4691 loops=1)
                                            ->  Nested Loop  (cost=7.61..7415.03 rows=1 width=18) (actual time=5.731..528.204 rows=3662 loops=1)
                                                  Join Filter: (cc.status_id = cct2.id)
                                                  Rows Removed by Join Filter: 14257
                                                  ->  Nested Loop  (cost=7.61..7413.94 rows=1 width=22) (actual time=5.727..514.311 rows=5973 loops=1)
                                                        Join Filter: (cct1.id = cc.subject_id)
                                                        Rows Removed by Join Filter: 13371
                                                        ->  Seq Scan on comp_cast_type cct1  (cost=0.00..1.05 rows=1 width=4) (actual time=0.002..0.003 rows=1 loops=1)
                                                              Filter: ((kind)::text = 'crew'::text)
                                                              Rows Removed by Filter: 3
                                                        ->  Nested Loop  (cost=7.61..7412.84 rows=4 width=26) (actual time=5.250..510.807 rows=19344 loops=1)
                                                              ->  Nested Loop  (cost=7.19..7411.41 rows=3 width=14) (actual time=4.516..417.153 rows=31800 loops=1)
                                                                    Join Filter: (mi_idx.info_type_id = it2.id)
                                                                    Rows Removed by Join Filter: 62852
                                                                    ->  Seq Scan on info_type it2  (cost=0.00..2.41 rows=1 width=4) (actual time=0.011..0.015 rows=1 loops=1)
                                                                          Filter: ((info)::text = 'rating'::text)
                                                                          Rows Removed by Filter: 112
                                                                    ->  Nested Loop  (cost=7.19..7404.13 rows=390 width=18) (actual time=4.502..402.332 rows=94652 loops=1)
                                                                          ->  Nested Loop  (cost=6.77..7332.86 rows=135 width=4) (actual time=4.475..179.541 rows=37091 loops=1)
                                                                                ->  Seq Scan on keyword k  (cost=0.00..2961.55 rows=4 width=4) (actual time=1.521..32.670 rows=3 loops=1)
                                                                                      Filter: (keyword = ANY ('{murder,murder-in-title,blood,violence}'::text[]))
                                                                                      Rows Removed by Filter: 134167
                                                                                ->  Bitmap Heap Scan on movie_keyword mk  (cost=6.77..1089.82 rows=301 width=8) (actual time=3.437..46.291 rows=12364 loops=3)
                                                                                      Recheck Cond: (keyword_id = k.id)
                                                                                      Heap Blocks: exact=26312
                                                                                      ->  Bitmap Index Scan on keyword_id_movie_keyword  (cost=0.00..6.69 rows=301 width=0) (actual time=1.876..1.876 rows=12364 loops=3)
                                                                                            Index Cond: (keyword_id = k.id)
                                                                          ->  Index Scan using movie_id_movie_info_idx on movie_info_idx mi_idx  (cost=0.43..0.50 rows=3 width=14) (actual time=0.004..0.005 rows=3 loops=37091)
                                                                                Index Cond: (movie_id = mk.movie_id)
                                                                                Filter: (info < '8.5'::text)
                                                                                Rows Removed by Filter: 0
                                                              ->  Index Scan using movie_id_complete_cast on complete_cast cc  (cost=0.42..0.46 rows=2 width=12) (actual time=0.002..0.002 rows=1 loops=31800)
                                                                    Index Cond: (movie_id = mk.movie_id)
                                                  ->  Seq Scan on comp_cast_type cct2  (cost=0.00..1.05 rows=3 width=4) (actual time=0.001..0.001 rows=3 loops=5973)
                                                        Filter: ((kind)::text <> 'complete+verified'::text)
                                                        Rows Removed by Filter: 0
                                            ->  Index Scan using movie_id_movie_info on movie_info mi  (cost=0.43..1.84 rows=2 width=8) (actual time=0.082..0.100 rows=1 loops=3662)
                                                  Index Cond: (movie_id = mk.movie_id)
                                                  Filter: (info = ANY ('{Sweden,Norway,Germany,Denmark,Swedish,Danish,Norwegian,German,USA,American}'::text[]))
                                                  Rows Removed by Filter: 77
                                ->  Index Scan using movie_id_movie_companies on movie_companies mc  (cost=0.43..0.57 rows=1 width=12) (actual time=0.014..0.020 rows=3 loops=2861)
                                      Index Cond: (movie_id = mk.movie_id)
                                      Filter: ((note !~~ '%(USA)%'::text) AND (note ~~ '%(200%)%'::text))
                                      Rows Removed by Filter: 9
                          ->  Seq Scan on company_type ct  (cost=0.00..1.04 rows=4 width=4) (actual time=0.001..0.001 rows=1 loops=8728)
                    ->  Index Scan using company_name_pkey on company_name cn  (cost=0.42..0.56 rows=1 width=23) (actual time=0.004..0.004 rows=1 loops=8728)
                          Index Cond: (id = mc.company_id)
                          Filter: ((country_code)::text <> '[us]'::text)
                          Rows Removed by Filter: 0
              ->  Index Scan using title_pkey on title t  (cost=0.43..0.49 rows=1 width=25) (actual time=0.003..0.003 rows=1 loops=8121)
                    Index Cond: (id = mk.movie_id)
                    Filter: (production_year > 2000)
                    Rows Removed by Filter: 0
        ->  Seq Scan on kind_type kt  (cost=0.00..1.09 rows=2 width=4) (actual time=0.001..0.001 rows=1 loops=4979)
              Filter: ((kind)::text = ANY ('{movie,episode}'::text[]))
              Rows Removed by Filter: 0
Planning time: 88.828 ms
Execution time: 1051.462 ms
