Aggregate  (cost=14480.32..14480.33 rows=1 width=96) (actual time=197.655..197.655 rows=1 loops=1)
  ->  Nested Loop  (cost=3781.90..14480.31 rows=1 width=42) (actual time=54.704..197.513 rows=148 loops=1)
        ->  Nested Loop  (cost=3781.76..14480.13 rows=1 width=46) (actual time=54.700..197.261 rows=149 loops=1)
              ->  Nested Loop  (cost=3781.34..14479.63 rows=1 width=31) (actual time=54.691..196.613 rows=151 loops=1)
                    ->  Nested Loop  (cost=3781.21..14479.48 rows=1 width=35) (actual time=54.686..196.332 rows=151 loops=1)
                          Join Filter: (t.id = mc.movie_id)
                          ->  Nested Loop  (cost=3780.78..14478.90 rows=1 width=47) (actual time=54.675..195.816 rows=20 loops=1)
                                ->  Nested Loop  (cost=3780.64..14478.74 rows=1 width=51) (actual time=54.671..195.740 rows=30 loops=1)
                                      Join Filter: (t.id = mi.movie_id)
                                      ->  Nested Loop  (cost=3780.21..14477.19 rows=1 width=43) (actual time=54.431..184.115 rows=187 loops=1)
                                            Join Filter: (it2.id = mi_idx.info_type_id)
                                            Rows Removed by Join Filter: 35
                                            ->  Seq Scan on info_type it2  (cost=0.00..2.41 rows=1 width=4) (actual time=0.016..0.019 rows=1 loops=1)
                                                  Filter: ((info)::text = 'rating'::text)
                                                  Rows Removed by Filter: 112
                                            ->  Nested Loop  (cost=3780.21..14474.31 rows=37 width=47) (actual time=54.413..184.023 rows=222 loops=1)
                                                  Join Filter: (t.id = mi_idx.movie_id)
                                                  ->  Hash Join  (cost=3779.78..14313.55 rows=315 width=33) (actual time=54.399..181.906 rows=315 loops=1)
                                                        Hash Cond: (cc.status_id = cct2.id)
                                                        ->  Nested Loop  (cost=3778.69..14309.03 rows=329 width=37) (actual time=54.386..181.722 rows=329 loops=1)
                                                              ->  Hash Join  (cost=3778.26..11264.56 rows=6216 width=12) (actual time=54.370..153.877 rows=6216 loops=1)
                                                                    Hash Cond: (cc.subject_id = cct1.id)
                                                                    ->  Hash Join  (cost=3777.20..11055.13 rows=20024 width=16) (actual time=54.323..150.290 rows=20024 loops=1)
                                                                          Hash Cond: (mk.movie_id = cc.movie_id)
                                                                          ->  Nested Loop  (cost=6.77..6261.07 rows=37091 width=4) (actual time=4.114..88.798 rows=37091 loops=1)
                                                                                ->  Seq Scan on keyword k  (cost=0.00..2961.55 rows=3 width=4) (actual time=1.372..30.106 rows=3 loops=1)
                                                                                      Filter: (keyword = ANY ('{murder,murder-in-title,blood,violence}'::text[]))
                                                                                      Rows Removed by Filter: 134167
                                                                                ->  Bitmap Heap Scan on movie_keyword mk  (cost=6.77..1096.83 rows=301 width=8) (actual time=3.215..17.607 rows=12364 loops=3)
                                                                                      Recheck Cond: (keyword_id = k.id)
                                                                                      Heap Blocks: exact=26312
                                                                                      ->  Bitmap Index Scan on keyword_id_movie_keyword  (cost=0.00..6.69 rows=301 width=0) (actual time=1.647..1.647 rows=12364 loops=3)
                                                                                            Index Cond: (keyword_id = k.id)
                                                                          ->  Hash  (cost=2081.86..2081.86 rows=135086 width=12) (actual time=49.907..49.907 rows=135086 loops=1)
                                                                                Buckets: 262144  Batches: 1  Memory Usage: 7853kB
                                                                                ->  Seq Scan on complete_cast cc  (cost=0.00..2081.86 rows=135086 width=12) (actual time=0.009..26.242 rows=135086 loops=1)
                                                                    ->  Hash  (cost=1.05..1.05 rows=1 width=4) (actual time=0.003..0.003 rows=1 loops=1)
                                                                          Buckets: 1024  Batches: 1  Memory Usage: 9kB
                                                                          ->  Seq Scan on comp_cast_type cct1  (cost=0.00..1.05 rows=1 width=4) (actual time=0.002..0.002 rows=1 loops=1)
                                                                                Filter: ((kind)::text = 'crew'::text)
                                                                                Rows Removed by Filter: 3
                                                              ->  Index Scan using title_pkey on title t  (cost=0.43..0.49 rows=1 width=25) (actual time=0.004..0.004 rows=0 loops=6216)
                                                                    Index Cond: (id = mk.movie_id)
                                                                    Filter: (production_year > 2005)
                                                                    Rows Removed by Filter: 1
                                                        ->  Hash  (cost=1.05..1.05 rows=3 width=4) (actual time=0.005..0.005 rows=3 loops=1)
                                                              Buckets: 1024  Batches: 1  Memory Usage: 9kB
                                                              ->  Seq Scan on comp_cast_type cct2  (cost=0.00..1.05 rows=3 width=4) (actual time=0.002..0.003 rows=3 loops=1)
                                                                    Filter: ((kind)::text <> 'complete+verified'::text)
                                                                    Rows Removed by Filter: 1
                                                  ->  Index Scan using movie_id_movie_info_idx on movie_info_idx mi_idx  (cost=0.43..0.50 rows=1 width=14) (actual time=0.006..0.006 rows=1 loops=315)
                                                        Index Cond: (movie_id = mk.movie_id)
                                                        Filter: (info > '6.5'::text)
                                                        Rows Removed by Filter: 2
                                      ->  Index Scan using movie_id_movie_info on movie_info mi  (cost=0.43..1.54 rows=1 width=8) (actual time=0.059..0.062 rows=0 loops=187)
                                            Index Cond: (movie_id = mk.movie_id)
                                            Filter: (info = ANY ('{Sweden,Germany,Swedish,German}'::text[]))
                                            Rows Removed by Filter: 125
                                ->  Index Scan using kind_type_pkey on kind_type kt  (cost=0.13..0.15 rows=1 width=4) (actual time=0.002..0.002 rows=1 loops=30)
                                      Index Cond: (id = t.kind_id)
                                      Filter: ((kind)::text = ANY ('{movie,episode}'::text[]))
                                      Rows Removed by Filter: 0
                          ->  Index Scan using movie_id_movie_companies on movie_companies mc  (cost=0.43..0.57 rows=1 width=12) (actual time=0.012..0.023 rows=8 loops=20)
                                Index Cond: (movie_id = mk.movie_id)
                                Filter: ((note !~~ '%(USA)%'::text) AND (note ~~ '%(200%)%'::text))
                                Rows Removed by Filter: 19
                    ->  Index Only Scan using company_type_pkey on company_type ct  (cost=0.13..0.15 rows=1 width=4) (actual time=0.001..0.001 rows=1 loops=151)
                          Index Cond: (id = mc.company_type_id)
                          Heap Fetches: 151
              ->  Index Scan using company_name_pkey on company_name cn  (cost=0.42..0.49 rows=1 width=23) (actual time=0.004..0.004 rows=1 loops=151)
                    Index Cond: (id = mc.company_id)
                    Filter: ((country_code)::text <> '[us]'::text)
                    Rows Removed by Filter: 0
        ->  Index Scan using info_type_pkey on info_type it1  (cost=0.14..0.16 rows=1 width=4) (actual time=0.001..0.001 rows=1 loops=149)
              Index Cond: (id = mi.info_type_id)
              Filter: ((info)::text = 'countries'::text)
              Rows Removed by Filter: 0
Planning time: 88.180 ms
Execution time: 197.815 ms
