Aggregate  (cost=14366.79..14366.80 rows=1 width=96) (actual time=385.845..385.845 rows=1 loops=1)
  ->  Nested Loop  (cost=3782.06..14366.78 rows=1 width=42) (actual time=55.129..385.673 rows=148 loops=1)
        ->  Nested Loop  (cost=3781.92..14366.60 rows=1 width=46) (actual time=55.126..385.364 rows=149 loops=1)
              Join Filter: (t.id = mi.movie_id)
              ->  Nested Loop  (cost=3781.49..14365.05 rows=1 width=62) (actual time=54.781..225.290 rows=1387 loops=1)
                    ->  Nested Loop  (cost=3781.36..14364.89 rows=1 width=66) (actual time=54.777..222.844 rows=1485 loops=1)
                          ->  Nested Loop  (cost=3780.94..14364.40 rows=1 width=51) (actual time=54.770..216.059 rows=1520 loops=1)
                                ->  Nested Loop  (cost=3780.81..14364.24 rows=1 width=55) (actual time=54.765..213.044 rows=1520 loops=1)
                                      Join Filter: (t.id = mc.movie_id)
                                      ->  Nested Loop  (cost=3780.38..14363.67 rows=1 width=43) (actual time=54.753..208.087 rows=191 loops=1)
                                            ->  Nested Loop  (cost=3780.23..14361.86 rows=11 width=47) (actual time=54.748..207.569 rows=209 loops=1)
                                                  Join Filter: (t.id = mi_idx.movie_id)
                                                  ->  Hash Join  (cost=3779.81..14313.88 rows=94 width=33) (actual time=54.735..205.399 rows=287 loops=1)
                                                        Hash Cond: (t.kind_id = kt.id)
                                                        ->  Nested Loop  (cost=3778.69..14309.03 rows=329 width=37) (actual time=54.718..205.213 rows=329 loops=1)
                                                              ->  Hash Join  (cost=3778.26..11264.56 rows=6216 width=12) (actual time=54.702..159.922 rows=6216 loops=1)
                                                                    Hash Cond: (cc.subject_id = cct1.id)
                                                                    ->  Hash Join  (cost=3777.20..11055.13 rows=20024 width=16) (actual time=54.657..156.208 rows=20024 loops=1)
                                                                          Hash Cond: (mk.movie_id = cc.movie_id)
                                                                          ->  Nested Loop  (cost=6.77..6261.07 rows=37091 width=4) (actual time=4.137..91.251 rows=37091 loops=1)
                                                                                ->  Seq Scan on keyword k  (cost=0.00..2961.55 rows=3 width=4) (actual time=1.366..30.158 rows=3 loops=1)
                                                                                      Filter: (keyword = ANY ('{murder,murder-in-title,blood,violence}'::text[]))
                                                                                      Rows Removed by Filter: 134167
                                                                                ->  Bitmap Heap Scan on movie_keyword mk  (cost=6.77..1096.83 rows=301 width=8) (actual time=3.232..18.374 rows=12364 loops=3)
                                                                                      Recheck Cond: (keyword_id = k.id)
                                                                                      Heap Blocks: exact=26312
                                                                                      ->  Bitmap Index Scan on keyword_id_movie_keyword  (cost=0.00..6.69 rows=301 width=0) (actual time=1.660..1.660 rows=12364 loops=3)
                                                                                            Index Cond: (keyword_id = k.id)
                                                                          ->  Hash  (cost=2081.86..2081.86 rows=135086 width=12) (actual time=50.202..50.202 rows=135086 loops=1)
                                                                                Buckets: 262144  Batches: 1  Memory Usage: 7853kB
                                                                                ->  Seq Scan on complete_cast cc  (cost=0.00..2081.86 rows=135086 width=12) (actual time=0.009..26.561 rows=135086 loops=1)
                                                                    ->  Hash  (cost=1.05..1.05 rows=1 width=4) (actual time=0.004..0.004 rows=1 loops=1)
                                                                          Buckets: 1024  Batches: 1  Memory Usage: 9kB
                                                                          ->  Seq Scan on comp_cast_type cct1  (cost=0.00..1.05 rows=1 width=4) (actual time=0.002..0.003 rows=1 loops=1)
                                                                                Filter: ((kind)::text = 'crew'::text)
                                                                                Rows Removed by Filter: 3
                                                              ->  Index Scan using title_pkey on title t  (cost=0.43..0.49 rows=1 width=25) (actual time=0.007..0.007 rows=0 loops=6216)
                                                                    Index Cond: (id = mk.movie_id)
                                                                    Filter: (production_year > 2005)
                                                                    Rows Removed by Filter: 1
                                                        ->  Hash  (cost=1.09..1.09 rows=2 width=4) (actual time=0.011..0.011 rows=2 loops=1)
                                                              Buckets: 1024  Batches: 1  Memory Usage: 9kB
                                                              ->  Seq Scan on kind_type kt  (cost=0.00..1.09 rows=2 width=4) (actual time=0.006..0.008 rows=2 loops=1)
                                                                    Filter: ((kind)::text = ANY ('{movie,episode}'::text[]))
                                                                    Rows Removed by Filter: 5
                                                  ->  Index Scan using movie_id_movie_info_idx on movie_info_idx mi_idx  (cost=0.43..0.50 rows=1 width=14) (actual time=0.006..0.007 rows=1 loops=287)
                                                        Index Cond: (movie_id = mk.movie_id)
                                                        Filter: (info > '6.5'::text)
                                                        Rows Removed by Filter: 2
                                            ->  Index Scan using info_type_pkey on info_type it2  (cost=0.14..0.16 rows=1 width=4) (actual time=0.002..0.002 rows=1 loops=209)
                                                  Index Cond: (id = mi_idx.info_type_id)
                                                  Filter: ((info)::text = 'rating'::text)
                                                  Rows Removed by Filter: 0
                                      ->  Index Scan using movie_id_movie_companies on movie_companies mc  (cost=0.43..0.57 rows=1 width=12) (actual time=0.009..0.023 rows=8 loops=191)
                                            Index Cond: (movie_id = mk.movie_id)
                                            Filter: ((note !~~ '%(USA)%'::text) AND (note ~~ '%(200%)%'::text))
                                            Rows Removed by Filter: 11
                                ->  Index Only Scan using company_type_pkey on company_type ct  (cost=0.13..0.15 rows=1 width=4) (actual time=0.001..0.001 rows=1 loops=1520)
                                      Index Cond: (id = mc.company_type_id)
                                      Heap Fetches: 1520
                          ->  Index Scan using company_name_pkey on company_name cn  (cost=0.42..0.49 rows=1 width=23) (actual time=0.004..0.004 rows=1 loops=1520)
                                Index Cond: (id = mc.company_id)
                                Filter: ((country_code)::text <> '[us]'::text)
                                Rows Removed by Filter: 0
                    ->  Index Scan using comp_cast_type_pkey on comp_cast_type cct2  (cost=0.13..0.15 rows=1 width=4) (actual time=0.001..0.001 rows=1 loops=1485)
                          Index Cond: (id = cc.status_id)
                          Filter: ((kind)::text <> 'complete+verified'::text)
                          Rows Removed by Filter: 0
              ->  Index Scan using movie_id_movie_info on movie_info mi  (cost=0.43..1.54 rows=1 width=8) (actual time=0.115..0.115 rows=0 loops=1387)
                    Index Cond: (movie_id = mk.movie_id)
                    Filter: (info = ANY ('{Sweden,Germany,Swedish,German}'::text[]))
                    Rows Removed by Filter: 336
        ->  Index Scan using info_type_pkey on info_type it1  (cost=0.14..0.16 rows=1 width=4) (actual time=0.001..0.001 rows=1 loops=149)
              Index Cond: (id = mi.info_type_id)
              Filter: ((info)::text = 'countries'::text)
              Rows Removed by Filter: 0
Planning time: 87.869 ms
Execution time: 386.010 ms
