Aggregate  (cost=15089.31..15089.32 rows=1 width=96) (actual time=356.498..356.498 rows=1 loops=1)
  ->  Nested Loop  (cost=3782.88..15089.31 rows=1 width=42) (actual time=55.049..356.334 rows=148 loops=1)
        ->  Nested Loop  (cost=3782.75..15089.15 rows=1 width=46) (actual time=55.045..356.052 rows=148 loops=1)
              ->  Nested Loop  (cost=3782.61..15088.97 rows=1 width=50) (actual time=55.040..355.722 rows=149 loops=1)
                    Join Filter: (t.id = mi.movie_id)
                    ->  Nested Loop  (cost=3782.17..15085.87 rows=2 width=66) (actual time=54.752..195.740 rows=1387 loops=1)
                          Join Filter: (it2.id = mi_idx.info_type_id)
                          Rows Removed by Join Filter: 265
                          ->  Seq Scan on info_type it2  (cost=0.00..2.41 rows=1 width=4) (actual time=0.016..0.019 rows=1 loops=1)
                                Filter: ((info)::text = 'rating'::text)
                                Rows Removed by Filter: 112
                          ->  Nested Loop  (cost=3782.17..15080.97 rows=199 width=70) (actual time=54.734..195.241 rows=1652 loops=1)
                                Join Filter: (t.id = mi_idx.movie_id)
                                ->  Nested Loop  (cost=3781.74..14221.01 rows=1685 width=56) (actual time=54.722..187.466 rows=1685 loops=1)
                                      ->  Nested Loop  (cost=3781.32..13369.64 rows=1735 width=41) (actual time=54.713..179.690 rows=1735 loops=1)
                                            Join Filter: (t.id = mc.movie_id)
                                            ->  Hash Join  (cost=3780.89..13211.86 rows=273 width=29) (actual time=54.701..173.923 rows=273 loops=1)
                                                  Hash Cond: (t.kind_id = kt.id)
                                                  ->  Nested Loop  (cost=3779.78..13207.17 rows=315 width=33) (actual time=54.685..173.758 rows=315 loops=1)
                                                        ->  Hash Join  (cost=3779.35..11330.34 rows=3832 width=8) (actual time=54.670..155.491 rows=3832 loops=1)
                                                              Hash Cond: (cc.status_id = cct2.id)
                                                              ->  Hash Join  (cost=3778.26..11264.56 rows=6216 width=12) (actual time=54.662..153.878 rows=6216 loops=1)
                                                                    Hash Cond: (cc.subject_id = cct1.id)
                                                                    ->  Hash Join  (cost=3777.20..11055.13 rows=20024 width=16) (actual time=54.617..150.592 rows=20024 loops=1)
                                                                          Hash Cond: (mk.movie_id = cc.movie_id)
                                                                          ->  Nested Loop  (cost=6.77..6261.07 rows=37091 width=4) (actual time=4.153..89.131 rows=37091 loops=1)
                                                                                ->  Seq Scan on keyword k  (cost=0.00..2961.55 rows=3 width=4) (actual time=1.378..30.147 rows=3 loops=1)
                                                                                      Filter: (keyword = ANY ('{murder,murder-in-title,blood,violence}'::text[]))
                                                                                      Rows Removed by Filter: 134167
                                                                                ->  Bitmap Heap Scan on movie_keyword mk  (cost=6.77..1096.83 rows=301 width=8) (actual time=3.229..17.667 rows=12364 loops=3)
                                                                                      Recheck Cond: (keyword_id = k.id)
                                                                                      Heap Blocks: exact=26312
                                                                                      ->  Bitmap Index Scan on keyword_id_movie_keyword  (cost=0.00..6.69 rows=301 width=0) (actual time=1.662..1.662 rows=12364 loops=3)
                                                                                            Index Cond: (keyword_id = k.id)
                                                                          ->  Hash  (cost=2081.86..2081.86 rows=135086 width=12) (actual time=50.162..50.162 rows=135086 loops=1)
                                                                                Buckets: 262144  Batches: 1  Memory Usage: 7853kB
                                                                                ->  Seq Scan on complete_cast cc  (cost=0.00..2081.86 rows=135086 width=12) (actual time=0.009..26.429 rows=135086 loops=1)
                                                                    ->  Hash  (cost=1.05..1.05 rows=1 width=4) (actual time=0.003..0.003 rows=1 loops=1)
                                                                          Buckets: 1024  Batches: 1  Memory Usage: 9kB
                                                                          ->  Seq Scan on comp_cast_type cct1  (cost=0.00..1.05 rows=1 width=4) (actual time=0.002..0.002 rows=1 loops=1)
                                                                                Filter: ((kind)::text = 'crew'::text)
                                                                                Rows Removed by Filter: 3
                                                              ->  Hash  (cost=1.05..1.05 rows=3 width=4) (actual time=0.004..0.004 rows=3 loops=1)
                                                                    Buckets: 1024  Batches: 1  Memory Usage: 9kB
                                                                    ->  Seq Scan on comp_cast_type cct2  (cost=0.00..1.05 rows=3 width=4) (actual time=0.002..0.003 rows=3 loops=1)
                                                                          Filter: ((kind)::text <> 'complete+verified'::text)
                                                                          Rows Removed by Filter: 1
                                                        ->  Index Scan using title_pkey on title t  (cost=0.43..0.49 rows=1 width=25) (actual time=0.004..0.004 rows=0 loops=3832)
                                                              Index Cond: (id = mk.movie_id)
                                                              Filter: (production_year > 2005)
                                                              Rows Removed by Filter: 1
                                                  ->  Hash  (cost=1.09..1.09 rows=2 width=4) (actual time=0.007..0.007 rows=2 loops=1)
                                                        Buckets: 1024  Batches: 1  Memory Usage: 9kB
                                                        ->  Seq Scan on kind_type kt  (cost=0.00..1.09 rows=2 width=4) (actual time=0.003..0.005 rows=2 loops=1)
                                                              Filter: ((kind)::text = ANY ('{movie,episode}'::text[]))
                                                              Rows Removed by Filter: 5
                                            ->  Index Scan using movie_id_movie_companies on movie_companies mc  (cost=0.43..0.57 rows=1 width=12) (actual time=0.008..0.019 rows=6 loops=273)
                                                  Index Cond: (movie_id = mk.movie_id)
                                                  Filter: ((note !~~ '%(USA)%'::text) AND (note ~~ '%(200%)%'::text))
                                                  Rows Removed by Filter: 10
                                      ->  Index Scan using company_name_pkey on company_name cn  (cost=0.42..0.49 rows=1 width=23) (actual time=0.004..0.004 rows=1 loops=1735)
                                            Index Cond: (id = mc.company_id)
                                            Filter: ((country_code)::text <> '[us]'::text)
                                            Rows Removed by Filter: 0
                                ->  Index Scan using movie_id_movie_info_idx on movie_info_idx mi_idx  (cost=0.43..0.50 rows=1 width=14) (actual time=0.004..0.004 rows=1 loops=1685)
                                      Index Cond: (movie_id = mk.movie_id)
                                      Filter: (info > '6.5'::text)
                                      Rows Removed by Filter: 2
                    ->  Index Scan using movie_id_movie_info on movie_info mi  (cost=0.43..1.54 rows=1 width=8) (actual time=0.115..0.115 rows=0 loops=1387)
                          Index Cond: (movie_id = mk.movie_id)
                          Filter: (info = ANY ('{Sweden,Germany,Swedish,German}'::text[]))
                          Rows Removed by Filter: 336
              ->  Index Scan using info_type_pkey on info_type it1  (cost=0.14..0.16 rows=1 width=4) (actual time=0.002..0.002 rows=1 loops=149)
                    Index Cond: (id = mi.info_type_id)
                    Filter: ((info)::text = 'countries'::text)
                    Rows Removed by Filter: 0
        ->  Index Only Scan using company_type_pkey on company_type ct  (cost=0.13..0.15 rows=1 width=4) (actual time=0.001..0.001 rows=1 loops=148)
              Index Cond: (id = mc.company_type_id)
              Heap Fetches: 148
Planning time: 88.342 ms
Execution time: 356.663 ms
