Aggregate  (cost=18943.56..18943.57 rows=1 width=96) (actual time=1346.047..1346.047 rows=1 loops=1)
  ->  Nested Loop  (cost=3783.00..18943.55 rows=1 width=42) (actual time=56.010..1338.292 rows=8373 loops=1)
        ->  Nested Loop  (cost=3782.58..18943.06 rows=1 width=27) (actual time=56.002..1306.048 rows=8771 loops=1)
              ->  Nested Loop  (cost=3782.43..18942.88 rows=1 width=31) (actual time=55.992..1260.102 rows=26032 loops=1)
                    Join Filter: (t.id = mi_idx.movie_id)
                    ->  Nested Loop  (cost=3782.01..18942.34 rows=1 width=41) (actual time=55.981..1211.607 rows=8897 loops=1)
                          ->  Nested Loop  (cost=3781.88..18942.19 rows=1 width=45) (actual time=55.977..1195.266 rows=8897 loops=1)
                                ->  Nested Loop  (cost=3781.73..18940.54 rows=10 width=49) (actual time=55.973..1174.888 rows=10049 loops=1)
                                      Join Filter: (t.id = mi.movie_id)
                                      ->  Hash Join  (cost=3781.30..18873.25 rows=36 width=41) (actual time=55.949..245.652 rows=8705 loops=1)
                                            Hash Cond: (t.kind_id = kt.id)
                                            ->  Hash Join  (cost=3780.19..18870.71 rows=126 width=45) (actual time=55.933..242.327 rows=9107 loops=1)
                                                  Hash Cond: (cc.subject_id = cct1.id)
                                                  ->  Nested Loop  (cost=3779.12..18864.37 rows=506 width=49) (actual time=55.904..238.192 rows=10963 loops=1)
                                                        Join Filter: (t.id = mc.movie_id)
                                                        ->  Nested Loop  (cost=3778.69..16424.88 rows=4221 width=37) (actual time=55.892..207.645 rows=1356 loops=1)
                                                              ->  Hash Join  (cost=3778.26..11264.56 rows=10536 width=12) (actual time=55.809..161.467 rows=10536 loops=1)
                                                                    Hash Cond: (cc.status_id = cct2.id)
                                                                    ->  Hash Join  (cost=3777.20..11055.13 rows=20024 width=16) (actual time=55.799..156.793 rows=20024 loops=1)
                                                                          Hash Cond: (mk.movie_id = cc.movie_id)
                                                                          ->  Nested Loop  (cost=6.77..6261.07 rows=37091 width=4) (actual time=4.182..90.472 rows=37091 loops=1)
                                                                                ->  Seq Scan on keyword k  (cost=0.00..2961.55 rows=3 width=4) (actual time=1.382..29.711 rows=3 loops=1)
                                                                                      Filter: (keyword = ANY ('{murder,murder-in-title,blood,violence}'::text[]))
                                                                                      Rows Removed by Filter: 134167
                                                                                ->  Bitmap Heap Scan on movie_keyword mk  (cost=6.77..1096.83 rows=301 width=8) (actual time=3.245..18.239 rows=12364 loops=3)
                                                                                      Recheck Cond: (keyword_id = k.id)
                                                                                      Heap Blocks: exact=26312
                                                                                      ->  Bitmap Index Scan on keyword_id_movie_keyword  (cost=0.00..6.69 rows=301 width=0) (actual time=1.670..1.670 rows=12364 loops=3)
                                                                                            Index Cond: (keyword_id = k.id)
                                                                          ->  Hash  (cost=2081.86..2081.86 rows=135086 width=12) (actual time=51.299..51.299 rows=135086 loops=1)
                                                                                Buckets: 262144  Batches: 1  Memory Usage: 7853kB
                                                                                ->  Seq Scan on complete_cast cc  (cost=0.00..2081.86 rows=135086 width=12) (actual time=0.009..27.370 rows=135086 loops=1)
                                                                    ->  Hash  (cost=1.05..1.05 rows=1 width=4) (actual time=0.002..0.002 rows=1 loops=1)
                                                                          Buckets: 1024  Batches: 1  Memory Usage: 9kB
                                                                          ->  Seq Scan on comp_cast_type cct2  (cost=0.00..1.05 rows=1 width=4) (actual time=0.002..0.002 rows=1 loops=1)
                                                                                Filter: ((kind)::text = 'complete'::text)
                                                                                Rows Removed by Filter: 3
                                                              ->  Index Scan using title_pkey on title t  (cost=0.43..0.49 rows=1 width=25) (actual time=0.004..0.004 rows=0 loops=10536)
                                                                    Index Cond: (id = mk.movie_id)
                                                                    Filter: (production_year > 2005)
                                                                    Rows Removed by Filter: 1
                                                        ->  Index Scan using movie_id_movie_companies on movie_companies mc  (cost=0.43..0.57 rows=1 width=12) (actual time=0.008..0.020 rows=8 loops=1356)
                                                              Index Cond: (movie_id = mk.movie_id)
                                                              Filter: ((note !~~ '%(USA)%'::text) AND (note ~~ '%(200%)%'::text))
                                                              Rows Removed by Filter: 10
                                                  ->  Hash  (cost=1.05..1.05 rows=1 width=4) (actual time=0.003..0.003 rows=1 loops=1)
                                                        Buckets: 1024  Batches: 1  Memory Usage: 9kB
                                                        ->  Seq Scan on comp_cast_type cct1  (cost=0.00..1.05 rows=1 width=4) (actual time=0.002..0.003 rows=1 loops=1)
                                                              Filter: ((kind)::text = 'cast'::text)
                                                              Rows Removed by Filter: 3
                                            ->  Hash  (cost=1.09..1.09 rows=2 width=4) (actual time=0.010..0.010 rows=2 loops=1)
                                                  Buckets: 1024  Batches: 1  Memory Usage: 9kB
                                                  ->  Seq Scan on kind_type kt  (cost=0.00..1.09 rows=2 width=4) (actual time=0.006..0.008 rows=2 loops=1)
                                                        Filter: ((kind)::text = ANY ('{movie,episode}'::text[]))
                                                        Rows Removed by Filter: 5
                                      ->  Index Scan using movie_id_movie_info on movie_info mi  (cost=0.43..1.84 rows=2 width=8) (actual time=0.089..0.106 rows=1 loops=8705)
                                            Index Cond: (movie_id = mk.movie_id)
                                            Filter: (info = ANY ('{Sweden,Norway,Germany,Denmark,Swedish,Danish,Norwegian,German,USA,American}'::text[]))
                                            Rows Removed by Filter: 210
                                ->  Index Scan using info_type_pkey on info_type it1  (cost=0.14..0.16 rows=1 width=4) (actual time=0.001..0.001 rows=1 loops=10049)
                                      Index Cond: (id = mi.info_type_id)
                                      Filter: ((info)::text = 'countries'::text)
                                      Rows Removed by Filter: 0
                          ->  Index Only Scan using company_type_pkey on company_type ct  (cost=0.13..0.15 rows=1 width=4) (actual time=0.001..0.001 rows=1 loops=8897)
                                Index Cond: (id = mc.company_type_id)
                                Heap Fetches: 8897
                    ->  Index Scan using movie_id_movie_info_idx on movie_info_idx mi_idx  (cost=0.43..0.50 rows=3 width=14) (actual time=0.003..0.004 rows=3 loops=8897)
                          Index Cond: (movie_id = mk.movie_id)
                          Filter: (info < '8.5'::text)
                          Rows Removed by Filter: 0
              ->  Index Scan using info_type_pkey on info_type it2  (cost=0.14..0.16 rows=1 width=4) (actual time=0.001..0.001 rows=0 loops=26032)
                    Index Cond: (id = mi_idx.info_type_id)
                    Filter: ((info)::text = 'rating'::text)
                    Rows Removed by Filter: 1
        ->  Index Scan using company_name_pkey on company_name cn  (cost=0.42..0.49 rows=1 width=23) (actual time=0.003..0.003 rows=1 loops=8771)
              Index Cond: (id = mc.company_id)
              Filter: ((country_code)::text <> '[us]'::text)
              Rows Removed by Filter: 0
Planning time: 89.223 ms
Execution time: 1346.221 ms
