Aggregate  (cost=25425.88..25425.89 rows=1 width=96) (actual time=518.557..518.557 rows=1 loops=1)
  ->  Hash Join  (cost=3783.67..25425.73 rows=19 width=42) (actual time=55.192..511.458 rows=8373 loops=1)
        Hash Cond: (cc.status_id = cct2.id)
        ->  Hash Join  (cost=3782.61..25423.89 rows=75 width=46) (actual time=55.177..507.992 rows=15126 loops=1)
              Hash Cond: (mc.company_type_id = ct.id)
              ->  Nested Loop  (cost=3781.52..25422.02 rows=75 width=50) (actual time=55.168..502.473 rows=15126 loops=1)
                    ->  Nested Loop  (cost=3781.10..25353.82 rows=139 width=35) (actual time=55.162..451.912 rows=15798 loops=1)
                          Join Filter: (t.id = mc.movie_id)
                          ->  Hash Join  (cost=3780.67..24681.67 rows=1163 width=47) (actual time=55.149..418.001 rows=1163 loops=1)
                                Hash Cond: (cc.subject_id = cct1.id)
                                ->  Nested Loop  (cost=3779.61..24666.37 rows=1368 width=51) (actual time=55.118..417.312 rows=1368 loops=1)
                                      Join Filter: (mi_idx.info_type_id = it2.id)
                                      Rows Removed by Join Filter: 2879
                                      ->  Seq Scan on info_type it2  (cost=0.00..2.41 rows=1 width=4) (actual time=0.012..0.014 rows=1 loops=1)
                                            Filter: ((info)::text = 'rating'::text)
                                            Rows Removed by Filter: 112
                                      ->  Nested Loop  (cost=3779.61..24610.87 rows=4247 width=55) (actual time=55.103..416.443 rows=4247 loops=1)
                                            Join Filter: (t.id = mi_idx.movie_id)
                                            ->  Nested Loop  (cost=3779.18..23818.53 rows=1480 width=41) (actual time=55.090..404.113 rows=1480 loops=1)
                                                  Join Filter: (it1.id = mi.info_type_id)
                                                  Rows Removed by Join Filter: 180
                                                  ->  Seq Scan on info_type it1  (cost=0.00..2.41 rows=1 width=4) (actual time=0.004..0.015 rows=1 loops=1)
                                                        Filter: ((info)::text = 'countries'::text)
                                                        Rows Removed by Filter: 112
                                                  ->  Nested Loop  (cost=3779.18..23795.37 rows=1660 width=45) (actual time=55.085..403.565 rows=1660 loops=1)
                                                        Join Filter: (t.id = mi.movie_id)
                                                        ->  Hash Join  (cost=3778.74..20883.15 rows=1558 width=37) (actual time=55.056..249.044 rows=1558 loops=1)
                                                              Hash Cond: (t.kind_id = kt.id)
                                                              ->  Nested Loop  (cost=3777.63..20862.47 rows=1723 width=41) (actual time=55.044..248.190 rows=1723 loops=1)
                                                                    ->  Hash Join  (cost=3777.20..11055.13 rows=20024 width=16) (actual time=54.923..160.909 rows=20024 loops=1)
                                                                          Hash Cond: (mk.movie_id = cc.movie_id)
                                                                          ->  Nested Loop  (cost=6.77..6261.07 rows=37091 width=4) (actual time=4.178..92.175 rows=37091 loops=1)
                                                                                ->  Seq Scan on keyword k  (cost=0.00..2961.55 rows=3 width=4) (actual time=1.404..29.932 rows=3 loops=1)
                                                                                      Filter: (keyword = ANY ('{murder,murder-in-title,blood,violence}'::text[]))
                                                                                      Rows Removed by Filter: 134167
                                                                                ->  Bitmap Heap Scan on movie_keyword mk  (cost=6.77..1096.83 rows=301 width=8) (actual time=3.239..18.597 rows=12364 loops=3)
                                                                                      Recheck Cond: (keyword_id = k.id)
                                                                                      Heap Blocks: exact=26312
                                                                                      ->  Bitmap Index Scan on keyword_id_movie_keyword  (cost=0.00..6.69 rows=301 width=0) (actual time=1.670..1.670 rows=12364 loops=3)
                                                                                            Index Cond: (keyword_id = k.id)
                                                                          ->  Hash  (cost=2081.86..2081.86 rows=135086 width=12) (actual time=50.433..50.433 rows=135086 loops=1)
                                                                                Buckets: 262144  Batches: 1  Memory Usage: 7853kB
                                                                                ->  Seq Scan on complete_cast cc  (cost=0.00..2081.86 rows=135086 width=12) (actual time=0.009..26.813 rows=135086 loops=1)
                                                                    ->  Index Scan using title_pkey on title t  (cost=0.43..0.49 rows=1 width=25) (actual time=0.004..0.004 rows=0 loops=20024)
                                                                          Index Cond: (id = mk.movie_id)
                                                                          Filter: (production_year > 2005)
                                                                          Rows Removed by Filter: 1
                                                              ->  Hash  (cost=1.09..1.09 rows=2 width=4) (actual time=0.005..0.005 rows=2 loops=1)
                                                                    Buckets: 1024  Batches: 1  Memory Usage: 9kB
                                                                    ->  Seq Scan on kind_type kt  (cost=0.00..1.09 rows=2 width=4) (actual time=0.003..0.004 rows=2 loops=1)
                                                                          Filter: ((kind)::text = ANY ('{movie,episode}'::text[]))
                                                                          Rows Removed by Filter: 5
                                                        ->  Index Scan using movie_id_movie_info on movie_info mi  (cost=0.43..1.84 rows=2 width=8) (actual time=0.082..0.098 rows=1 loops=1558)
                                                              Index Cond: (movie_id = mk.movie_id)
                                                              Filter: (info = ANY ('{Sweden,Norway,Germany,Denmark,Swedish,Danish,Norwegian,German,USA,American}'::text[]))
                                                              Rows Removed by Filter: 149
                                            ->  Index Scan using movie_id_movie_info_idx on movie_info_idx mi_idx  (cost=0.43..0.50 rows=3 width=14) (actual time=0.006..0.007 rows=3 loops=1480)
                                                  Index Cond: (movie_id = mk.movie_id)
                                                  Filter: (info < '8.5'::text)
                                                  Rows Removed by Filter: 0
                                ->  Hash  (cost=1.05..1.05 rows=1 width=4) (actual time=0.003..0.003 rows=1 loops=1)
                                      Buckets: 1024  Batches: 1  Memory Usage: 9kB
                                      ->  Seq Scan on comp_cast_type cct1  (cost=0.00..1.05 rows=1 width=4) (actual time=0.002..0.002 rows=1 loops=1)
                                            Filter: ((kind)::text = 'cast'::text)
                                            Rows Removed by Filter: 3
                          ->  Index Scan using movie_id_movie_companies on movie_companies mc  (cost=0.43..0.57 rows=1 width=12) (actual time=0.010..0.025 rows=14 loops=1163)
                                Index Cond: (movie_id = mk.movie_id)
                                Filter: ((note !~~ '%(USA)%'::text) AND (note ~~ '%(200%)%'::text))
                                Rows Removed by Filter: 12
                    ->  Index Scan using company_name_pkey on company_name cn  (cost=0.42..0.49 rows=1 width=23) (actual time=0.003..0.003 rows=1 loops=15798)
                          Index Cond: (id = mc.company_id)
                          Filter: ((country_code)::text <> '[us]'::text)
                          Rows Removed by Filter: 0
              ->  Hash  (cost=1.04..1.04 rows=4 width=4) (actual time=0.004..0.004 rows=4 loops=1)
                    Buckets: 1024  Batches: 1  Memory Usage: 9kB
                    ->  Seq Scan on company_type ct  (cost=0.00..1.04 rows=4 width=4) (actual time=0.002..0.003 rows=4 loops=1)
        ->  Hash  (cost=1.05..1.05 rows=1 width=4) (actual time=0.008..0.008 rows=1 loops=1)
              Buckets: 1024  Batches: 1  Memory Usage: 9kB
              ->  Seq Scan on comp_cast_type cct2  (cost=0.00..1.05 rows=1 width=4) (actual time=0.006..0.006 rows=1 loops=1)
                    Filter: ((kind)::text = 'complete'::text)
                    Rows Removed by Filter: 3
Planning time: 87.719 ms
Execution time: 518.714 ms
