Aggregate  (cost=10262.64..10262.65 rows=1 width=96) (actual time=182.338..182.338 rows=1 loops=1)
  ->  Nested Loop  (cost=11.18..10262.64 rows=1 width=48) (actual time=99.959..181.438 rows=1620 loops=1)
        Join Filter: (mi.info_type_id = it.id)
        ->  Nested Loop  (cost=11.18..10260.21 rows=1 width=52) (actual time=99.953..174.056 rows=1620 loops=1)
              ->  Nested Loop  (cost=10.76..10258.18 rows=1 width=56) (actual time=99.947..155.473 rows=7128 loops=1)
                    Join Filter: (t.id = mc.movie_id)
                    ->  Nested Loop  (cost=10.33..10253.33 rows=1 width=72) (actual time=99.939..150.886 rows=324 loops=1)
                          Join Filter: (ci.role_id = rt.id)
                          ->  Nested Loop  (cost=10.33..10252.16 rows=1 width=76) (actual time=99.936..150.363 rows=324 loops=1)
                                Join Filter: (cc.status_id = cct2.id)
                                ->  Nested Loop  (cost=10.33..10251.10 rows=1 width=80) (actual time=99.932..149.755 rows=324 loops=1)
                                      Join Filter: (cct1.id = cc.subject_id)
                                      ->  Seq Scan on comp_cast_type cct1  (cost=0.00..1.05 rows=1 width=4) (actual time=0.005..0.008 rows=1 loops=1)
                                            Filter: ((kind)::text = 'cast'::text)
                                            Rows Removed by Filter: 3
                                      ->  Nested Loop  (cost=10.33..10250.04 rows=1 width=84) (actual time=99.925..149.643 rows=324 loops=1)
                                            Join Filter: (t.id = cc.movie_id)
                                            ->  Nested Loop  (cost=9.91..10247.24 rows=1 width=72) (actual time=99.918..148.636 rows=324 loops=1)
                                                  ->  Nested Loop  (cost=9.48..10243.16 rows=1 width=60) (actual time=99.911..147.642 rows=324 loops=1)
                                                        Join Filter: (ci.person_id = n.id)
                                                        ->  Nested Loop  (cost=9.05..10176.07 rows=30 width=57) (actual time=2.058..138.116 rows=3690 loops=1)
                                                              Join Filter: (it3.id = pi.info_type_id)
                                                              Rows Removed by Join Filter: 10054
                                                              ->  Seq Scan on info_type it3  (cost=0.00..2.41 rows=1 width=4) (actual time=0.006..0.016 rows=1 loops=1)
                                                                    Filter: ((info)::text = 'trivia'::text)
                                                                    Rows Removed by Filter: 112
                                                              ->  Nested Loop  (cost=9.05..10131.65 rows=3360 width=61) (actual time=2.049..136.492 rows=13744 loops=1)
                                                                    ->  Nested Loop  (cost=8.62..7560.73 rows=132 width=53) (actual time=2.031..27.243 rows=132 loops=1)
                                                                          Join Filter: (t.id = mi.movie_id)
                                                                          ->  Nested Loop  (cost=8.19..4785.38 rows=66 width=45) (actual time=2.008..17.176 rows=66 loops=1)
                                                                                ->  Nested Loop  (cost=7.76..4674.54 rows=38 width=41) (actual time=1.980..16.721 rows=38 loops=1)
                                                                                      Join Filter: (t.id = ci.movie_id)
                                                                                      ->  Nested Loop  (cost=7.20..4626.97 rows=1 width=25) (actual time=1.969..16.496 rows=1 loops=1)
                                                                                            ->  Nested Loop  (cost=6.77..3739.98 rows=414 width=4) (actual time=0.149..14.533 rows=414 loops=1)
                                                                                                  ->  Seq Scan on keyword k  (cost=0.00..2626.12 rows=1 width=4) (actual time=0.041..13.978 rows=1 loops=1)
                                                                                                        Filter: (keyword = 'computer-animation'::text)
                                                                                                        Rows Removed by Filter: 134169
                                                                                                  ->  Bitmap Heap Scan on movie_keyword mk  (cost=6.77..1110.84 rows=301 width=8) (actual time=0.104..0.476 rows=414 loops=1)
                                                                                                        Recheck Cond: (keyword_id = k.id)
                                                                                                        Heap Blocks: exact=358
                                                                                                        ->  Bitmap Index Scan on keyword_id_movie_keyword  (cost=0.00..6.69 rows=301 width=0) (actual time=0.054..0.054 rows=414 loops=1)
                                                                                                              Index Cond: (keyword_id = k.id)
                                                                                            ->  Index Scan using title_pkey on title t  (cost=0.43..2.14 rows=1 width=21) (actual time=0.004..0.004 rows=0 loops=414)
                                                                                                  Index Cond: (id = mk.movie_id)
                                                                                                  Filter: ((production_year >= 2000) AND (production_year <= 2010) AND (title = 'Shrek 2'::text))
                                                                                                  Rows Removed by Filter: 1
                                                                                      ->  Index Scan using movie_id_cast_info on cast_info ci  (cost=0.56..47.56 rows=1 width=16) (actual time=0.010..0.209 rows=38 loops=1)
                                                                                            Index Cond: (movie_id = mk.movie_id)
                                                                                            Filter: (note = ANY ('{(voice),"(voice) (uncredited)","(voice: English version)"}'::text[]))
                                                                                            Rows Removed by Filter: 191
                                                                                ->  Index Only Scan using person_id_aka_name on aka_name an  (cost=0.42..2.90 rows=2 width=4) (actual time=0.008..0.011 rows=2 loops=38)
                                                                                      Index Cond: (person_id = ci.person_id)
                                                                                      Heap Fetches: 66
                                                                          ->  Index Scan using movie_id_movie_info on movie_info mi  (cost=0.43..42.04 rows=1 width=8) (actual time=0.016..0.151 rows=2 loops=66)
                                                                                Index Cond: (movie_id = mk.movie_id)
                                                                                Filter: ((info IS NOT NULL) AND ((info ~~ 'Japan:%200%'::text) OR (info ~~ 'USA:%200%'::text)))
                                                                                Rows Removed by Filter: 455
                                                                    ->  Index Scan using person_id_person_info on person_info pi  (cost=0.43..19.23 rows=25 width=8) (actual time=0.695..0.805 rows=104 loops=132)
                                                                          Index Cond: (person_id = ci.person_id)
                                                        ->  Index Scan using name_pkey on name n  (cost=0.43..2.22 rows=1 width=19) (actual time=0.002..0.002 rows=0 loops=3690)
                                                              Index Cond: (id = pi.person_id)
                                                              Filter: ((name ~~ '%An%'::text) AND ((gender)::text = 'f'::text))
                                                              Rows Removed by Filter: 1
                                                  ->  Index Scan using char_name_pkey on char_name chn  (cost=0.43..2.25 rows=1 width=20) (actual time=0.002..0.002 rows=1 loops=324)
                                                        Index Cond: (id = ci.person_role_id)
                                                        Filter: (name = 'Queen'::text)
                                            ->  Index Scan using movie_id_complete_cast on complete_cast cc  (cost=0.42..2.78 rows=2 width=12) (actual time=0.002..0.002 rows=1 loops=324)
                                                  Index Cond: (movie_id = mk.movie_id)
                                ->  Seq Scan on comp_cast_type cct2  (cost=0.00..1.05 rows=1 width=4) (actual time=0.001..0.001 rows=1 loops=324)
                                      Filter: ((kind)::text = 'complete+verified'::text)
                                      Rows Removed by Filter: 3
                          ->  Seq Scan on role_type rt  (cost=0.00..1.15 rows=1 width=4) (actual time=0.001..0.001 rows=1 loops=324)
                                Filter: ((role)::text = 'actress'::text)
                                Rows Removed by Filter: 1
                    ->  Index Scan using movie_id_movie_companies on movie_companies mc  (cost=0.43..4.79 rows=5 width=8) (actual time=0.003..0.008 rows=22 loops=324)
                          Index Cond: (movie_id = mk.movie_id)
              ->  Index Scan using company_name_pkey on company_name cn  (cost=0.42..2.03 rows=1 width=4) (actual time=0.002..0.002 rows=0 loops=7128)
                    Index Cond: (id = mc.company_id)
                    Filter: ((country_code)::text = '[us]'::text)
                    Rows Removed by Filter: 1
        ->  Seq Scan on info_type it  (cost=0.00..2.41 rows=1 width=4) (actual time=0.004..0.004 rows=1 loops=1620)
              Filter: ((info)::text = 'release dates'::text)
              Rows Removed by Filter: 15
Planning time: 117.891 ms
Execution time: 182.485 ms
