Aggregate  (cost=19694.65..19694.66 rows=1 width=96) (actual time=46.420..46.420 rows=1 loops=1)
  ->  Nested Loop  (cost=11.18..19694.64 rows=1 width=48) (actual time=8.610..45.692 rows=1620 loops=1)
        Join Filter: (cc.status_id = cct2.id)
        ->  Nested Loop  (cost=11.18..19693.58 rows=1 width=52) (actual time=8.608..43.700 rows=1620 loops=1)
              Join Filter: (ci.role_id = rt.id)
              ->  Nested Loop  (cost=11.18..19692.42 rows=1 width=56) (actual time=8.605..41.547 rows=1620 loops=1)
                    Join Filter: (it3.id = pi.info_type_id)
                    Rows Removed by Join Filter: 3270
                    ->  Seq Scan on info_type it3  (cost=0.00..2.41 rows=1 width=4) (actual time=0.009..0.017 rows=1 loops=1)
                          Filter: ((info)::text = 'trivia'::text)
                          Rows Removed by Filter: 112
                    ->  Nested Loop  (cost=11.18..19689.99 rows=1 width=60) (actual time=8.587..40.990 rows=4890 loops=1)
                          Join Filter: (n.id = pi.person_id)
                          ->  Nested Loop  (cost=10.75..19670.47 rows=1 width=68) (actual time=8.582..38.493 rows=30 loops=1)
                                Join Filter: (cc.subject_id = cct1.id)
                                ->  Nested Loop  (cost=10.75..19669.40 rows=1 width=72) (actual time=8.578..38.438 rows=30 loops=1)
                                      Join Filter: (it.id = mi.info_type_id)
                                      ->  Seq Scan on info_type it  (cost=0.00..2.41 rows=1 width=4) (actual time=0.005..0.013 rows=1 loops=1)
                                            Filter: ((info)::text = 'release dates'::text)
                                            Rows Removed by Filter: 112
                                      ->  Nested Loop  (cost=10.75..19666.98 rows=1 width=76) (actual time=8.572..38.411 rows=30 loops=1)
                                            Join Filter: (t.id = mi.movie_id)
                                            ->  Nested Loop  (cost=10.32..19624.93 rows=1 width=92) (actual time=8.551..36.105 rows=15 loops=1)
                                                  Join Filter: (t.id = cc.movie_id)
                                                  ->  Nested Loop  (cost=9.90..19622.13 rows=1 width=80) (actual time=8.547..36.045 rows=15 loops=1)
                                                        ->  Nested Loop  (cost=9.47..19565.80 rows=24 width=61) (actual time=8.539..35.979 rows=15 loops=1)
                                                              ->  Nested Loop  (cost=9.05..19432.04 rows=66 width=65) (actual time=8.532..35.767 rows=66 loops=1)
                                                                    ->  Nested Loop  (cost=8.62..16158.69 rows=1452 width=53) (actual time=8.252..31.818 rows=1452 loops=1)
                                                                          ->  Nested Loop  (cost=8.19..13720.39 rows=836 width=49) (actual time=8.238..28.932 rows=836 loops=1)
                                                                                Join Filter: (t.id = ci.movie_id)
                                                                                ->  Nested Loop  (cost=7.63..12673.83 rows=22 width=33) (actual time=8.224..25.027 rows=22 loops=1)
                                                                                      Join Filter: (mc.movie_id = t.id)
                                                                                      ->  Nested Loop  (cost=7.20..5745.68 rows=3218 width=12) (actual time=0.158..17.504 rows=3218 loops=1)
                                                                                            ->  Nested Loop  (cost=6.77..3739.98 rows=414 width=4) (actual time=0.147..14.196 rows=414 loops=1)
                                                                                                  ->  Seq Scan on keyword k  (cost=0.00..2626.12 rows=1 width=4) (actual time=0.044..13.661 rows=1 loops=1)
                                                                                                        Filter: (keyword = 'computer-animation'::text)
                                                                                                        Rows Removed by Filter: 134169
                                                                                                  ->  Bitmap Heap Scan on movie_keyword mk  (cost=6.77..1110.84 rows=301 width=8) (actual time=0.101..0.455 rows=414 loops=1)
                                                                                                        Recheck Cond: (keyword_id = k.id)
                                                                                                        Heap Blocks: exact=358
                                                                                                        ->  Bitmap Index Scan on keyword_id_movie_keyword  (cost=0.00..6.69 rows=301 width=0) (actual time=0.053..0.053 rows=414 loops=1)
                                                                                                              Index Cond: (keyword_id = k.id)
                                                                                            ->  Index Scan using movie_id_movie_companies on movie_companies mc  (cost=0.43..4.79 rows=5 width=8) (actual time=0.004..0.006 rows=8 loops=414)
                                                                                                  Index Cond: (movie_id = mk.movie_id)
                                                                                      ->  Index Scan using title_pkey on title t  (cost=0.43..2.14 rows=1 width=21) (actual time=0.002..0.002 rows=0 loops=3218)
                                                                                            Index Cond: (id = mk.movie_id)
                                                                                            Filter: ((production_year >= 2000) AND (production_year <= 2010) AND (title = 'Shrek 2'::text))
                                                                                            Rows Removed by Filter: 1
                                                                                ->  Index Scan using movie_id_cast_info on cast_info ci  (cost=0.56..47.56 rows=1 width=16) (actual time=0.005..0.166 rows=38 loops=22)
                                                                                      Index Cond: (movie_id = mk.movie_id)
                                                                                      Filter: (note = ANY ('{(voice),"(voice) (uncredited)","(voice: English version)"}'::text[]))
                                                                                      Rows Removed by Filter: 191
                                                                          ->  Index Only Scan using person_id_aka_name on aka_name an  (cost=0.42..2.90 rows=2 width=4) (actual time=0.002..0.003 rows=2 loops=836)
                                                                                Index Cond: (person_id = ci.person_id)
                                                                                Heap Fetches: 1452
                                                                    ->  Index Scan using char_name_pkey on char_name chn  (cost=0.43..2.25 rows=1 width=20) (actual time=0.002..0.002 rows=0 loops=1452)
                                                                          Index Cond: (id = ci.person_role_id)
                                                                          Filter: (name = 'Queen'::text)
                                                                          Rows Removed by Filter: 1
                                                              ->  Index Scan using company_name_pkey on company_name cn  (cost=0.42..2.03 rows=1 width=4) (actual time=0.003..0.003 rows=0 loops=66)
                                                                    Index Cond: (id = mc.company_id)
                                                                    Filter: ((country_code)::text = '[us]'::text)
                                                                    Rows Removed by Filter: 1
                                                        ->  Index Scan using name_pkey on name n  (cost=0.43..2.35 rows=1 width=19) (actual time=0.004..0.004 rows=1 loops=15)
                                                              Index Cond: (id = ci.person_id)
                                                              Filter: ((name ~~ '%An%'::text) AND ((gender)::text = 'f'::text))
                                                  ->  Index Scan using movie_id_complete_cast on complete_cast cc  (cost=0.42..2.78 rows=2 width=12) (actual time=0.003..0.003 rows=1 loops=15)
                                                        Index Cond: (movie_id = mk.movie_id)
                                            ->  Index Scan using movie_id_movie_info on movie_info mi  (cost=0.43..42.04 rows=1 width=8) (actual time=0.016..0.153 rows=2 loops=15)
                                                  Index Cond: (movie_id = mk.movie_id)
                                                  Filter: ((info IS NOT NULL) AND ((info ~~ 'Japan:%200%'::text) OR (info ~~ 'USA:%200%'::text)))
                                                  Rows Removed by Filter: 455
                                ->  Seq Scan on comp_cast_type cct1  (cost=0.00..1.05 rows=1 width=4) (actual time=0.001..0.001 rows=1 loops=30)
                                      Filter: ((kind)::text = 'cast'::text)
                          ->  Index Scan using person_id_person_info on person_info pi  (cost=0.43..19.22 rows=25 width=8) (actual time=0.003..0.042 rows=163 loops=30)
                                Index Cond: (person_id = an.person_id)
              ->  Seq Scan on role_type rt  (cost=0.00..1.15 rows=1 width=4) (actual time=0.001..0.001 rows=1 loops=1620)
                    Filter: ((role)::text = 'actress'::text)
                    Rows Removed by Filter: 1
        ->  Seq Scan on comp_cast_type cct2  (cost=0.00..1.05 rows=1 width=4) (actual time=0.001..0.001 rows=1 loops=1620)
              Filter: ((kind)::text = 'complete+verified'::text)
              Rows Removed by Filter: 3
Planning time: 117.768 ms
Execution time: 46.562 ms
