Aggregate  (cost=34312.44..34312.45 rows=1 width=96) (actual time=122.961..122.961 rows=1 loops=1)
  ->  Nested Loop  (cost=7003.76..34312.43 rows=1 width=48) (actual time=91.317..122.116 rows=1620 loops=1)
        Join Filter: (mi.movie_id = t.id)
        ->  Hash Join  (cost=7003.33..28772.93 rows=2573 width=51) (actual time=91.284..117.739 rows=1620 loops=1)
              Hash Cond: (mc.company_id = cn.id)
              ->  Nested Loop  (cost=10.33..21689.94 rows=7128 width=55) (actual time=27.548..52.676 rows=7128 loops=1)
                    Join Filter: (mi.movie_id = mc.movie_id)
                    ->  Nested Loop  (cost=9.90..20116.21 rows=324 width=47) (actual time=27.542..48.399 rows=324 loops=1)
                          ->  Nested Loop  (cost=9.47..13318.99 rows=3016 width=35) (actual time=3.652..41.582 rows=3016 loops=1)
                                Join Filter: (it3.id = pi.info_type_id)
                                Rows Removed by Join Filter: 9929
                                ->  Seq Scan on info_type it3  (cost=0.00..2.41 rows=1 width=4) (actual time=0.009..0.018 rows=1 loops=1)
                                      Filter: ((info)::text = 'trivia'::text)
                                      Rows Removed by Filter: 112
                                ->  Nested Loop  (cost=9.47..13154.77 rows=12945 width=39) (actual time=3.639..40.261 rows=12945 loops=1)
                                      Join Filter: (n.id = pi.person_id)
                                      ->  Nested Loop  (cost=9.04..12315.03 rows=43 width=47) (actual time=3.630..34.040 rows=43 loops=1)
                                            ->  Nested Loop  (cost=8.61..10167.57 rows=915 width=28) (actual time=0.944..31.287 rows=915 loops=1)
                                                  ->  Nested Loop  (cost=8.19..8893.00 rows=437 width=24) (actual time=0.938..29.446 rows=437 loops=1)
                                                        Join Filter: (rt.id = ci.role_id)
                                                        Rows Removed by Join Filter: 1442
                                                        ->  Seq Scan on role_type rt  (cost=0.00..1.15 rows=1 width=4) (actual time=0.002..0.017 rows=1 loops=1)
                                                              Filter: ((role)::text = 'actress'::text)
                                                              Rows Removed by Filter: 11
                                                        ->  Nested Loop  (cost=8.19..8868.36 rows=1879 width=28) (actual time=0.893..29.210 rows=1879 loops=1)
                                                              Join Filter: (mi.movie_id = ci.movie_id)
                                                              ->  Nested Loop  (cost=7.62..5871.40 rows=63 width=12) (actual time=0.872..20.291 rows=63 loops=1)
                                                                    Join Filter: (it.id = mi.info_type_id)
                                                                    ->  Seq Scan on info_type it  (cost=0.00..2.41 rows=1 width=4) (actual time=0.004..0.016 rows=1 loops=1)
                                                                          Filter: ((info)::text = 'release dates'::text)
                                                                          Rows Removed by Filter: 112
                                                                    ->  Nested Loop  (cost=7.62..5868.20 rows=63 width=16) (actual time=0.867..20.253 rows=63 loops=1)
                                                                          ->  Nested Loop  (cost=7.19..4901.09 rows=23 width=8) (actual time=0.460..17.005 rows=23 loops=1)
                                                                                Join Filter: (cct1.id = cc.subject_id)
                                                                                Rows Removed by Join Filter: 2
                                                                                ->  Seq Scan on comp_cast_type cct1  (cost=0.00..1.05 rows=1 width=4) (actual time=0.002..0.006 rows=1 loops=1)
                                                                                      Filter: ((kind)::text = 'cast'::text)
                                                                                      Rows Removed by Filter: 3
                                                                                ->  Nested Loop  (cost=7.19..4899.72 rows=25 width=12) (actual time=0.457..16.988 rows=25 loops=1)
                                                                                      Join Filter: (cct2.id = cc.status_id)
                                                                                      Rows Removed by Join Filter: 65
                                                                                      ->  Seq Scan on comp_cast_type cct2  (cost=0.00..1.05 rows=1 width=4) (actual time=0.001..0.002 rows=1 loops=1)
                                                                                            Filter: ((kind)::text = 'complete+verified'::text)
                                                                                            Rows Removed by Filter: 3
                                                                                      ->  Nested Loop  (cost=7.19..4897.55 rows=90 width=16) (actual time=0.243..16.965 rows=90 loops=1)
                                                                                            ->  Nested Loop  (cost=6.77..3739.98 rows=414 width=4) (actual time=0.160..15.755 rows=414 loops=1)
                                                                                                  ->  Seq Scan on keyword k  (cost=0.00..2626.12 rows=1 width=4) (actual time=0.045..15.047 rows=1 loops=1)
                                                                                                        Filter: (keyword = 'computer-animation'::text)
                                                                                                        Rows Removed by Filter: 134169
                                                                                                  ->  Bitmap Heap Scan on movie_keyword mk  (cost=6.77..1110.84 rows=301 width=8) (actual time=0.114..0.630 rows=414 loops=1)
                                                                                                        Recheck Cond: (keyword_id = k.id)
                                                                                                        Heap Blocks: exact=358
                                                                                                        ->  Bitmap Index Scan on keyword_id_movie_keyword  (cost=0.00..6.69 rows=301 width=0) (actual time=0.062..0.062 rows=414 loops=1)
                                                                                                              Index Cond: (keyword_id = k.id)
                                                                                            ->  Index Scan using movie_id_complete_cast on complete_cast cc  (cost=0.42..2.78 rows=2 width=12) (actual time=0.002..0.003 rows=0 loops=414)
                                                                                                  Index Cond: (movie_id = mk.movie_id)
                                                                          ->  Index Scan using movie_id_movie_info on movie_info mi  (cost=0.43..42.04 rows=1 width=8) (actual time=0.028..0.140 rows=3 loops=23)
                                                                                Index Cond: (movie_id = mk.movie_id)
                                                                                Filter: ((info IS NOT NULL) AND ((info ~~ 'Japan:%200%'::text) OR (info ~~ 'USA:%200%'::text)))
                                                                                Rows Removed by Filter: 318
                                                              ->  Index Scan using movie_id_cast_info on cast_info ci  (cost=0.56..47.56 rows=1 width=16) (actual time=0.017..0.134 rows=30 loops=63)
                                                                    Index Cond: (movie_id = mk.movie_id)
                                                                    Filter: (note = ANY ('{(voice),"(voice) (uncredited)","(voice: English version)"}'::text[]))
                                                                    Rows Removed by Filter: 133
                                                  ->  Index Only Scan using person_id_aka_name on aka_name an  (cost=0.42..2.90 rows=2 width=4) (actual time=0.003..0.003 rows=2 loops=437)
                                                        Index Cond: (person_id = ci.person_id)
                                                        Heap Fetches: 915
                                            ->  Index Scan using name_pkey on name n  (cost=0.43..2.35 rows=1 width=19) (actual time=0.003..0.003 rows=0 loops=915)
                                                  Index Cond: (id = ci.person_id)
                                                  Filter: ((name ~~ '%An%'::text) AND ((gender)::text = 'f'::text))
                                                  Rows Removed by Filter: 1
                                      ->  Index Scan using person_id_person_info on person_info pi  (cost=0.43..19.22 rows=25 width=8) (actual time=0.005..0.068 rows=301 loops=43)
                                            Index Cond: (person_id = an.person_id)
                          ->  Index Scan using char_name_pkey on char_name chn  (cost=0.43..2.25 rows=1 width=20) (actual time=0.002..0.002 rows=0 loops=3016)
                                Index Cond: (id = ci.person_role_id)
                                Filter: (name = 'Queen'::text)
                                Rows Removed by Filter: 1
                    ->  Index Scan using movie_id_movie_companies on movie_companies mc  (cost=0.43..4.79 rows=5 width=8) (actual time=0.002..0.007 rows=22 loops=324)
                          Index Cond: (movie_id = mk.movie_id)
              ->  Hash  (cost=5932.46..5932.46 rows=84843 width=4) (actual time=63.570..63.570 rows=84843 loops=1)
                    Buckets: 131072  Batches: 1  Memory Usage: 4007kB
                    ->  Seq Scan on company_name cn  (cost=0.00..5932.46 rows=84843 width=4) (actual time=0.008..49.903 rows=84843 loops=1)
                          Filter: ((country_code)::text = '[us]'::text)
                          Rows Removed by Filter: 150154
        ->  Index Scan using title_pkey on title t  (cost=0.43..2.14 rows=1 width=21) (actual time=0.002..0.002 rows=1 loops=1620)
              Index Cond: (id = mk.movie_id)
              Filter: ((production_year >= 2000) AND (production_year <= 2010) AND (title = 'Shrek 2'::text))
Planning time: 117.985 ms
Execution time: 123.176 ms
