Aggregate  (cost=5249.51..5249.52 rows=1 width=96) (actual time=19.769..19.769 rows=1 loops=1)
  ->  Nested Loop  (cost=11.18..5249.50 rows=1 width=48) (actual time=1.455..19.137 rows=1620 loops=1)
        Join Filter: (n.id = an.person_id)
        ->  Nested Loop  (cost=10.76..5246.61 rows=1 width=60) (actual time=1.449..17.051 rows=540 loops=1)
              Join Filter: (it3.id = pi.info_type_id)
              Rows Removed by Join Filter: 1090
              ->  Seq Scan on info_type it3  (cost=0.00..2.41 rows=1 width=4) (actual time=0.008..0.016 rows=1 loops=1)
                    Filter: ((info)::text = 'trivia'::text)
                    Rows Removed by Filter: 112
              ->  Nested Loop  (cost=10.76..5244.06 rows=11 width=64) (actual time=1.433..16.852 rows=1630 loops=1)
                    Join Filter: (n.id = pi.person_id)
                    ->  Nested Loop  (cost=10.33..4931.43 rows=16 width=56) (actual time=1.428..16.002 rows=10 loops=1)
                          ->  Nested Loop  (cost=9.91..4842.26 rows=44 width=60) (actual time=1.423..15.875 rows=44 loops=1)
                                Join Filter: (t.id = mc.movie_id)
                                ->  Nested Loop  (cost=9.48..4832.54 rows=2 width=76) (actual time=1.418..15.844 rows=2 loops=1)
                                      Join Filter: (cct1.id = cc.subject_id)
                                      ->  Seq Scan on comp_cast_type cct1  (cost=0.00..1.05 rows=1 width=4) (actual time=0.002..0.002 rows=1 loops=1)
                                            Filter: ((kind)::text = 'cast'::text)
                                            Rows Removed by Filter: 3
                                      ->  Nested Loop  (cost=9.48..4831.47 rows=2 width=80) (actual time=1.416..15.841 rows=2 loops=1)
                                            Join Filter: (cct2.id = cc.status_id)
                                            ->  Seq Scan on comp_cast_type cct2  (cost=0.00..1.05 rows=1 width=4) (actual time=0.002..0.002 rows=1 loops=1)
                                                  Filter: ((kind)::text = 'complete+verified'::text)
                                                  Rows Removed by Filter: 3
                                            ->  Nested Loop  (cost=9.48..4830.39 rows=2 width=84) (actual time=1.414..15.837 rows=2 loops=1)
                                                  Join Filter: (t.id = cc.movie_id)
                                                  ->  Nested Loop  (cost=9.06..4824.79 rows=2 width=72) (actual time=1.407..15.826 rows=2 loops=1)
                                                        ->  Nested Loop  (cost=8.63..4820.09 rows=2 width=53) (actual time=1.402..15.816 rows=2 loops=1)
                                                              ->  Nested Loop  (cost=8.20..4768.70 rows=22 width=41) (actual time=1.397..15.737 rows=22 loops=1)
                                                                    Join Filter: (rt.id = ci.role_id)
                                                                    Rows Removed by Join Filter: 54
                                                                    ->  Seq Scan on role_type rt  (cost=0.00..1.15 rows=1 width=4) (actual time=0.002..0.003 rows=1 loops=1)
                                                                          Filter: ((role)::text = 'actress'::text)
                                                                          Rows Removed by Filter: 11
                                                                    ->  Nested Loop  (cost=8.20..4766.60 rows=76 width=45) (actual time=1.368..15.724 rows=76 loops=1)
                                                                          Join Filter: (t.id = ci.movie_id)
                                                                          ->  Nested Loop  (cost=7.63..4671.46 rows=2 width=29) (actual time=1.360..15.358 rows=2 loops=1)
                                                                                Join Filter: (it.id = mi.info_type_id)
                                                                                ->  Seq Scan on info_type it  (cost=0.00..2.41 rows=1 width=4) (actual time=0.004..0.013 rows=1 loops=1)
                                                                                      Filter: ((info)::text = 'release dates'::text)
                                                                                      Rows Removed by Filter: 112
                                                                                ->  Nested Loop  (cost=7.63..4669.02 rows=2 width=33) (actual time=1.355..15.344 rows=2 loops=1)
                                                                                      Join Filter: (t.id = mi.movie_id)
                                                                                      ->  Nested Loop  (cost=7.20..4626.97 rows=1 width=25) (actual time=1.335..15.185 rows=1 loops=1)
                                                                                            ->  Nested Loop  (cost=6.77..3739.98 rows=414 width=4) (actual time=0.142..13.970 rows=414 loops=1)
                                                                                                  ->  Seq Scan on keyword k  (cost=0.00..2626.12 rows=1 width=4) (actual time=0.039..13.467 rows=1 loops=1)
                                                                                                        Filter: (keyword = 'computer-animation'::text)
                                                                                                        Rows Removed by Filter: 134169
                                                                                                  ->  Bitmap Heap Scan on movie_keyword mk  (cost=6.77..1110.84 rows=301 width=8) (actual time=0.101..0.429 rows=414 loops=1)
                                                                                                        Recheck Cond: (keyword_id = k.id)
                                                                                                        Heap Blocks: exact=358
                                                                                                        ->  Bitmap Index Scan on keyword_id_movie_keyword  (cost=0.00..6.69 rows=301 width=0) (actual time=0.054..0.054 rows=414 loops=1)
                                                                                                              Index Cond: (keyword_id = k.id)
                                                                                            ->  Index Scan using title_pkey on title t  (cost=0.43..2.14 rows=1 width=21) (actual time=0.003..0.003 rows=0 loops=414)
                                                                                                  Index Cond: (id = mk.movie_id)
                                                                                                  Filter: ((production_year >= 2000) AND (production_year <= 2010) AND (title = 'Shrek 2'::text))
                                                                                                  Rows Removed by Filter: 1
                                                                                      ->  Index Scan using movie_id_movie_info on movie_info mi  (cost=0.43..42.04 rows=1 width=8) (actual time=0.019..0.157 rows=2 loops=1)
                                                                                            Index Cond: (movie_id = mk.movie_id)
                                                                                            Filter: ((info IS NOT NULL) AND ((info ~~ 'Japan:%200%'::text) OR (info ~~ 'USA:%200%'::text)))
                                                                                            Rows Removed by Filter: 455
                                                                          ->  Index Scan using movie_id_cast_info on cast_info ci  (cost=0.56..47.56 rows=1 width=16) (actual time=0.005..0.173 rows=38 loops=2)
                                                                                Index Cond: (movie_id = mk.movie_id)
                                                                                Filter: (note = ANY ('{(voice),"(voice) (uncredited)","(voice: English version)"}'::text[]))
                                                                                Rows Removed by Filter: 191
                                                              ->  Index Scan using char_name_pkey on char_name chn  (cost=0.43..2.25 rows=1 width=20) (actual time=0.003..0.003 rows=0 loops=22)
                                                                    Index Cond: (id = ci.person_role_id)
                                                                    Filter: (name = 'Queen'::text)
                                                                    Rows Removed by Filter: 1
                                                        ->  Index Scan using name_pkey on name n  (cost=0.43..2.35 rows=1 width=19) (actual time=0.004..0.004 rows=1 loops=2)
                                                              Index Cond: (id = ci.person_id)
                                                              Filter: ((name ~~ '%An%'::text) AND ((gender)::text = 'f'::text))
                                                  ->  Index Scan using movie_id_complete_cast on complete_cast cc  (cost=0.42..2.78 rows=2 width=12) (actual time=0.004..0.005 rows=1 loops=2)
                                                        Index Cond: (movie_id = mk.movie_id)
                                ->  Index Scan using movie_id_movie_companies on movie_companies mc  (cost=0.43..4.79 rows=5 width=8) (actual time=0.004..0.009 rows=22 loops=2)
                                      Index Cond: (movie_id = mk.movie_id)
                          ->  Index Scan using company_name_pkey on company_name cn  (cost=0.42..2.03 rows=1 width=4) (actual time=0.003..0.003 rows=0 loops=44)
                                Index Cond: (id = mc.company_id)
                                Filter: ((country_code)::text = '[us]'::text)
                                Rows Removed by Filter: 1
                    ->  Index Scan using person_id_person_info on person_info pi  (cost=0.43..19.23 rows=25 width=8) (actual time=0.002..0.041 rows=163 loops=10)
                          Index Cond: (person_id = ci.person_id)
        ->  Index Only Scan using person_id_aka_name on aka_name an  (cost=0.42..2.87 rows=2 width=4) (actual time=0.002..0.003 rows=3 loops=540)
              Index Cond: (person_id = pi.person_id)
              Heap Fetches: 1620
Planning time: 117.589 ms
Execution time: 19.906 ms
