Aggregate  (cost=38323.27..38323.28 rows=1 width=96) (actual time=151.990..151.990 rows=1 loops=1)
  ->  Nested Loop  (cost=11.18..38323.26 rows=1 width=48) (actual time=75.053..151.143 rows=1620 loops=1)
        Join Filter: (ci.person_id = n.id)
        ->  Nested Loop  (cost=10.75..38321.03 rows=1 width=45) (actual time=75.037..146.441 rows=1620 loops=1)
              Join Filter: (cc.status_id = cct2.id)
              ->  Nested Loop  (cost=10.75..38319.96 rows=1 width=49) (actual time=75.029..144.247 rows=1620 loops=1)
                    Join Filter: (mi.info_type_id = it.id)
                    ->  Nested Loop  (cost=10.75..38317.54 rows=1 width=53) (actual time=75.012..136.790 rows=1620 loops=1)
                          Join Filter: (it3.id = pi.info_type_id)
                          Rows Removed by Join Filter: 3270
                          ->  Seq Scan on info_type it3  (cost=0.00..2.41 rows=1 width=4) (actual time=0.009..0.019 rows=1 loops=1)
                                Filter: ((info)::text = 'trivia'::text)
                                Rows Removed by Filter: 112
                          ->  Nested Loop  (cost=10.75..38314.81 rows=25 width=57) (actual time=74.991..136.144 rows=4890 loops=1)
                                ->  Nested Loop  (cost=10.32..38295.34 rows=1 width=49) (actual time=74.978..133.840 rows=30 loops=1)
                                      Join Filter: (mi.movie_id = t.id)
                                      ->  Nested Loop  (cost=9.89..38230.75 rows=30 width=52) (actual time=74.963..133.543 rows=90 loops=1)
                                            ->  Nested Loop  (cost=9.47..38062.53 rows=83 width=56) (actual time=74.946..132.118 rows=465 loops=1)
                                                  Join Filter: (mc.movie_id = mi.movie_id)
                                                  ->  Nested Loop  (cost=9.04..34362.07 rows=88 width=48) (actual time=6.133..93.641 rows=352 loops=1)
                                                        Join Filter: (cct1.id = cc.subject_id)
                                                        ->  Seq Scan on comp_cast_type cct1  (cost=0.00..1.05 rows=1 width=4) (actual time=0.002..0.004 rows=1 loops=1)
                                                              Filter: ((kind)::text = 'cast'::text)
                                                              Rows Removed by Filter: 3
                                                        ->  Nested Loop  (cost=9.04..34356.62 rows=352 width=52) (actual time=6.130..93.522 rows=352 loops=1)
                                                              ->  Nested Loop  (cost=8.62..33372.26 rows=352 width=40) (actual time=6.119..92.511 rows=352 loops=1)
                                                                    Join Filter: (ci.movie_id = mc.movie_id)
                                                                    ->  Nested Loop  (cost=8.19..33299.41 rows=15 width=32) (actual time=6.105..92.202 rows=15 loops=1)
                                                                          Join Filter: (rt.id = ci.role_id)
                                                                          ->  Seq Scan on role_type rt  (cost=0.00..1.15 rows=1 width=4) (actual time=0.002..0.005 rows=1 loops=1)
                                                                                Filter: ((role)::text = 'actress'::text)
                                                                                Rows Removed by Filter: 11
                                                                          ->  Nested Loop  (cost=8.19..33298.07 rows=15 width=36) (actual time=6.102..92.187 rows=15 loops=1)
                                                                                ->  Nested Loop  (cost=7.76..33283.49 rows=5 width=32) (actual time=6.078..92.090 rows=5 loops=1)
                                                                                      ->  Nested Loop  (cost=7.33..23433.30 rows=4371 width=20) (actual time=0.190..60.211 rows=4371 loops=1)
                                                                                            ->  Nested Loop  (cost=6.77..3739.98 rows=414 width=4) (actual time=0.144..15.948 rows=414 loops=1)
                                                                                                  ->  Seq Scan on keyword k  (cost=0.00..2626.12 rows=1 width=4) (actual time=0.044..15.026 rows=1 loops=1)
                                                                                                        Filter: (keyword = 'computer-animation'::text)
                                                                                                        Rows Removed by Filter: 134169
                                                                                                  ->  Bitmap Heap Scan on movie_keyword mk  (cost=6.77..1110.84 rows=301 width=8) (actual time=0.099..0.813 rows=414 loops=1)
                                                                                                        Recheck Cond: (keyword_id = k.id)
                                                                                                        Heap Blocks: exact=358
                                                                                                        ->  Bitmap Index Scan on keyword_id_movie_keyword  (cost=0.00..6.69 rows=301 width=0) (actual time=0.051..0.051 rows=414 loops=1)
                                                                                                              Index Cond: (keyword_id = k.id)
                                                                                            ->  Index Scan using movie_id_cast_info on cast_info ci  (cost=0.56..47.56 rows=1 width=16) (actual time=0.035..0.104 rows=11 loops=414)
                                                                                                  Index Cond: (movie_id = mk.movie_id)
                                                                                                  Filter: (note = ANY ('{(voice),"(voice) (uncredited)","(voice: English version)"}'::text[]))
                                                                                                  Rows Removed by Filter: 33
                                                                                      ->  Index Scan using char_name_pkey on char_name chn  (cost=0.43..2.25 rows=1 width=20) (actual time=0.007..0.007 rows=0 loops=4371)
                                                                                            Index Cond: (id = ci.person_role_id)
                                                                                            Filter: (name = 'Queen'::text)
                                                                                            Rows Removed by Filter: 1
                                                                                ->  Index Only Scan using person_id_aka_name on aka_name an  (cost=0.42..2.90 rows=2 width=4) (actual time=0.011..0.016 rows=3 loops=5)
                                                                                      Index Cond: (person_id = ci.person_id)
                                                                                      Heap Fetches: 15
                                                                    ->  Index Scan using movie_id_movie_companies on movie_companies mc  (cost=0.43..4.79 rows=5 width=8) (actual time=0.005..0.012 rows=23 loops=15)
                                                                          Index Cond: (movie_id = mk.movie_id)
                                                              ->  Index Scan using movie_id_complete_cast on complete_cast cc  (cost=0.42..2.78 rows=2 width=12) (actual time=0.002..0.002 rows=1 loops=352)
                                                                    Index Cond: (movie_id = mc.movie_id)
                                                  ->  Index Scan using movie_id_movie_info on movie_info mi  (cost=0.43..42.04 rows=1 width=8) (actual time=0.056..0.109 rows=1 loops=352)
                                                        Index Cond: (movie_id = mk.movie_id)
                                                        Filter: ((info IS NOT NULL) AND ((info ~~ 'Japan:%200%'::text) OR (info ~~ 'USA:%200%'::text)))
                                                        Rows Removed by Filter: 329
                                            ->  Index Scan using company_name_pkey on company_name cn  (cost=0.42..2.03 rows=1 width=4) (actual time=0.003..0.003 rows=0 loops=465)
                                                  Index Cond: (id = mc.company_id)
                                                  Filter: ((country_code)::text = '[us]'::text)
                                                  Rows Removed by Filter: 1
                                      ->  Index Scan using title_pkey on title t  (cost=0.43..2.14 rows=1 width=21) (actual time=0.003..0.003 rows=0 loops=90)
                                            Index Cond: (id = mk.movie_id)
                                            Filter: ((production_year >= 2000) AND (production_year <= 2010) AND (title = 'Shrek 2'::text))
                                            Rows Removed by Filter: 1
                                ->  Index Scan using person_id_person_info on person_info pi  (cost=0.43..19.23 rows=25 width=8) (actual time=0.003..0.043 rows=163 loops=30)
                                      Index Cond: (person_id = ci.person_id)
                    ->  Seq Scan on info_type it  (cost=0.00..2.41 rows=1 width=4) (actual time=0.004..0.004 rows=1 loops=1620)
                          Filter: ((info)::text = 'release dates'::text)
                          Rows Removed by Filter: 15
              ->  Seq Scan on comp_cast_type cct2  (cost=0.00..1.05 rows=1 width=4) (actual time=0.001..0.001 rows=1 loops=1620)
                    Filter: ((kind)::text = 'complete+verified'::text)
                    Rows Removed by Filter: 3
        ->  Index Scan using name_pkey on name n  (cost=0.43..2.22 rows=1 width=19) (actual time=0.002..0.002 rows=1 loops=1620)
              Index Cond: (id = pi.person_id)
              Filter: ((name ~~ '%An%'::text) AND ((gender)::text = 'f'::text))
Planning time: 118.494 ms
Execution time: 152.166 ms
