Aggregate  (cost=26725.11..26725.12 rows=1 width=96) (actual time=85.137..85.138 rows=1 loops=1)
  ->  Nested Loop  (cost=11.18..26725.10 rows=1 width=48) (actual time=14.798..84.488 rows=1620 loops=1)
        Join Filter: (pi.info_type_id = it3.id)
        Rows Removed by Join Filter: 3270
        ->  Nested Loop  (cost=11.18..26722.68 rows=1 width=52) (actual time=14.771..38.293 rows=4890 loops=1)
              Join Filter: (n.id = pi.person_id)
              ->  Nested Loop  (cost=10.75..26703.15 rows=1 width=60) (actual time=14.764..35.834 rows=30 loops=1)
                    ->  Nested Loop  (cost=10.32..26699.07 rows=1 width=48) (actual time=14.758..35.729 rows=30 loops=1)
                          Join Filter: (n.id = an.person_id)
                          ->  Nested Loop  (cost=9.90..26696.15 rows=1 width=44) (actual time=14.751..35.665 rows=10 loops=1)
                                Join Filter: (it.id = mi.info_type_id)
                                ->  Seq Scan on info_type it  (cost=0.00..2.41 rows=1 width=4) (actual time=0.009..0.017 rows=1 loops=1)
                                      Filter: ((info)::text = 'release dates'::text)
                                      Rows Removed by Filter: 112
                                ->  Nested Loop  (cost=9.90..26693.73 rows=1 width=48) (actual time=14.741..35.644 rows=10 loops=1)
                                      Join Filter: (t.id = mi.movie_id)
                                      ->  Nested Loop  (cost=9.46..26357.32 rows=8 width=64) (actual time=14.720..34.866 rows=5 loops=1)
                                            ->  Nested Loop  (cost=9.04..26312.73 rows=22 width=68) (actual time=14.715..34.773 rows=22 loops=1)
                                                  Join Filter: (t.id = mc.movie_id)
                                                  ->  Nested Loop  (cost=8.61..26307.88 rows=1 width=60) (actual time=14.708..34.753 rows=1 loops=1)
                                                        Join Filter: (cct1.id = cc.subject_id)
                                                        ->  Seq Scan on comp_cast_type cct1  (cost=0.00..1.05 rows=1 width=4) (actual time=0.002..0.003 rows=1 loops=1)
                                                              Filter: ((kind)::text = 'cast'::text)
                                                              Rows Removed by Filter: 3
                                                        ->  Nested Loop  (cost=8.61..26306.82 rows=1 width=64) (actual time=14.706..34.749 rows=1 loops=1)
                                                              Join Filter: (cct2.id = cc.status_id)
                                                              ->  Seq Scan on comp_cast_type cct2  (cost=0.00..1.05 rows=1 width=4) (actual time=0.002..0.002 rows=1 loops=1)
                                                                    Filter: ((kind)::text = 'complete+verified'::text)
                                                                    Rows Removed by Filter: 3
                                                              ->  Nested Loop  (cost=8.61..26305.75 rows=1 width=68) (actual time=14.703..34.745 rows=1 loops=1)
                                                                    Join Filter: (t.id = cc.movie_id)
                                                                    ->  Nested Loop  (cost=8.19..26302.95 rows=1 width=56) (actual time=14.697..34.739 rows=1 loops=1)
                                                                          ->  Nested Loop  (cost=7.76..26277.13 rows=11 width=37) (actual time=14.688..34.687 rows=11 loops=1)
                                                                                Join Filter: (ci.movie_id = t.id)
                                                                                ->  Nested Loop  (cost=7.33..23489.08 rows=1295 width=16) (actual time=0.185..31.323 rows=1295 loops=1)
                                                                                      Join Filter: (rt.id = ci.role_id)
                                                                                      Rows Removed by Join Filter: 3076
                                                                                      ->  Seq Scan on role_type rt  (cost=0.00..1.15 rows=1 width=4) (actual time=0.002..0.004 rows=1 loops=1)
                                                                                            Filter: ((role)::text = 'actress'::text)
                                                                                            Rows Removed by Filter: 11
                                                                                      ->  Nested Loop  (cost=7.33..23433.30 rows=4371 width=20) (actual time=0.159..30.797 rows=4371 loops=1)
                                                                                            ->  Nested Loop  (cost=6.77..3739.98 rows=414 width=4) (actual time=0.148..14.525 rows=414 loops=1)
                                                                                                  ->  Seq Scan on keyword k  (cost=0.00..2626.12 rows=1 width=4) (actual time=0.040..13.925 rows=1 loops=1)
                                                                                                        Filter: (keyword = 'computer-animation'::text)
                                                                                                        Rows Removed by Filter: 134169
                                                                                                  ->  Bitmap Heap Scan on movie_keyword mk  (cost=6.77..1110.84 rows=301 width=8) (actual time=0.106..0.517 rows=414 loops=1)
                                                                                                        Recheck Cond: (keyword_id = k.id)
                                                                                                        Heap Blocks: exact=358
                                                                                                        ->  Bitmap Index Scan on keyword_id_movie_keyword  (cost=0.00..6.69 rows=301 width=0) (actual time=0.058..0.058 rows=414 loops=1)
                                                                                                              Index Cond: (keyword_id = k.id)
                                                                                            ->  Index Scan using movie_id_cast_info on cast_info ci  (cost=0.56..47.56 rows=1 width=16) (actual time=0.010..0.037 rows=11 loops=414)
                                                                                                  Index Cond: (movie_id = mk.movie_id)
                                                                                                  Filter: (note = ANY ('{(voice),"(voice) (uncredited)","(voice: English version)"}'::text[]))
                                                                                                  Rows Removed by Filter: 33
                                                                                ->  Index Scan using title_pkey on title t  (cost=0.43..2.14 rows=1 width=21) (actual time=0.002..0.002 rows=0 loops=1295)
                                                                                      Index Cond: (id = mk.movie_id)
                                                                                      Filter: ((production_year >= 2000) AND (production_year <= 2010) AND (title = 'Shrek 2'::text))
                                                                                      Rows Removed by Filter: 1
                                                                          ->  Index Scan using name_pkey on name n  (cost=0.43..2.35 rows=1 width=19) (actual time=0.004..0.004 rows=0 loops=11)
                                                                                Index Cond: (id = ci.person_id)
                                                                                Filter: ((name ~~ '%An%'::text) AND ((gender)::text = 'f'::text))
                                                                                Rows Removed by Filter: 1
                                                                    ->  Index Scan using movie_id_complete_cast on complete_cast cc  (cost=0.42..2.78 rows=2 width=12) (actual time=0.005..0.005 rows=1 loops=1)
                                                                          Index Cond: (movie_id = mk.movie_id)
                                                  ->  Index Scan using movie_id_movie_companies on movie_companies mc  (cost=0.43..4.79 rows=5 width=8) (actual time=0.005..0.011 rows=22 loops=1)
                                                        Index Cond: (movie_id = mk.movie_id)
                                            ->  Index Scan using company_name_pkey on company_name cn  (cost=0.42..2.03 rows=1 width=4) (actual time=0.004..0.004 rows=0 loops=22)
                                                  Index Cond: (id = mc.company_id)
                                                  Filter: ((country_code)::text = '[us]'::text)
                                                  Rows Removed by Filter: 1
                                      ->  Index Scan using movie_id_movie_info on movie_info mi  (cost=0.43..42.04 rows=1 width=8) (actual time=0.017..0.154 rows=2 loops=5)
                                            Index Cond: (movie_id = mk.movie_id)
                                            Filter: ((info IS NOT NULL) AND ((info ~~ 'Japan:%200%'::text) OR (info ~~ 'USA:%200%'::text)))
                                            Rows Removed by Filter: 455
                          ->  Index Only Scan using person_id_aka_name on aka_name an  (cost=0.42..2.90 rows=2 width=4) (actual time=0.003..0.005 rows=3 loops=10)
                                Index Cond: (person_id = ci.person_id)
                                Heap Fetches: 30
                    ->  Index Scan using char_name_pkey on char_name chn  (cost=0.43..2.25 rows=1 width=20) (actual time=0.003..0.003 rows=1 loops=30)
                          Index Cond: (id = ci.person_role_id)
                          Filter: (name = 'Queen'::text)
              ->  Index Scan using person_id_person_info on person_info pi  (cost=0.43..19.22 rows=25 width=8) (actual time=0.002..0.042 rows=163 loops=30)
                    Index Cond: (person_id = an.person_id)
        ->  Seq Scan on info_type it3  (cost=0.00..2.41 rows=1 width=4) (actual time=0.004..0.009 rows=1 loops=4890)
              Filter: ((info)::text = 'trivia'::text)
              Rows Removed by Filter: 80
Planning time: 118.383 ms
Execution time: 85.288 ms
