Aggregate  (cost=4504.90..4504.91 rows=1 width=96) (actual time=368.892..368.892 rows=1 loops=1)
  ->  Nested Loop  (cost=11.18..4504.90 rows=1 width=48) (actual time=306.842..368.006 rows=1620 loops=1)
        ->  Nested Loop  (cost=10.75..4500.82 rows=1 width=36) (actual time=306.833..363.741 rows=1620 loops=1)
              Join Filter: (mi.movie_id = t.id)
              ->  Nested Loop  (cost=10.32..4496.51 rows=2 width=39) (actual time=7.598..320.312 rows=16800 loops=1)
                    ->  Nested Loop  (cost=9.90..4486.38 rows=5 width=43) (actual time=7.539..124.972 rows=78452 loops=1)
                          Join Filter: (mi.movie_id = mc.movie_id)
                          ->  Nested Loop  (cost=9.47..4481.52 rows=1 width=35) (actual time=7.528..77.271 rows=3016 loops=1)
                                Join Filter: (cc.subject_id = cct1.id)
                                ->  Nested Loop  (cost=9.47..4480.46 rows=1 width=39) (actual time=7.526..72.723 rows=3016 loops=1)
                                      Join Filter: (n.id = an.person_id)
                                      ->  Nested Loop  (cost=9.05..4477.56 rows=1 width=51) (actual time=7.515..68.583 rows=718 loops=1)
                                            Join Filter: (it.id = mi.info_type_id)
                                            ->  Seq Scan on info_type it  (cost=0.00..2.41 rows=1 width=4) (actual time=0.009..0.017 rows=1 loops=1)
                                                  Filter: ((info)::text = 'release dates'::text)
                                                  Rows Removed by Filter: 112
                                            ->  Nested Loop  (cost=9.05..4475.14 rows=1 width=55) (actual time=7.505..68.325 rows=718 loops=1)
                                                  Join Filter: (ci.movie_id = mi.movie_id)
                                                  ->  Nested Loop  (cost=8.61..4433.09 rows=1 width=47) (actual time=1.939..35.585 rows=296 loops=1)
                                                        Join Filter: (pi.info_type_id = it3.id)
                                                        Rows Removed by Join Filter: 865
                                                        ->  Nested Loop  (cost=8.61..4430.66 rows=1 width=51) (actual time=1.918..23.740 rows=1161 loops=1)
                                                              Join Filter: (n.id = pi.person_id)
                                                              ->  Nested Loop  (cost=8.18..4411.12 rows=1 width=43) (actual time=1.906..22.722 rows=6 loops=1)
                                                                    ->  Nested Loop  (cost=7.75..4408.78 rows=1 width=24) (actual time=0.943..21.760 rows=179 loops=1)
                                                                          Join Filter: (rt.id = ci.role_id)
                                                                          Rows Removed by Join Filter: 553
                                                                          ->  Seq Scan on role_type rt  (cost=0.00..1.15 rows=1 width=4) (actual time=0.002..0.004 rows=1 loops=1)
                                                                                Filter: ((role)::text = 'actress'::text)
                                                                                Rows Removed by Filter: 11
                                                                          ->  Nested Loop  (cost=7.75..4407.50 rows=10 width=28) (actual time=0.756..21.667 rows=732 loops=1)
                                                                                ->  Nested Loop  (cost=7.19..3836.68 rows=12 width=12) (actual time=0.728..17.134 rows=25 loops=1)
                                                                                      Join Filter: (cct2.id = cc.status_id)
                                                                                      Rows Removed by Join Filter: 65
                                                                                      ->  Seq Scan on comp_cast_type cct2  (cost=0.00..1.05 rows=1 width=4) (actual time=0.002..0.005 rows=1 loops=1)
                                                                                            Filter: ((kind)::text = 'complete+verified'::text)
                                                                                            Rows Removed by Filter: 3
                                                                                      ->  Nested Loop  (cost=7.19..3835.04 rows=47 width=16) (actual time=0.314..17.112 rows=90 loops=1)
                                                                                            ->  Nested Loop  (cost=6.77..3739.98 rows=34 width=4) (actual time=0.161..15.669 rows=414 loops=1)
                                                                                                  ->  Seq Scan on keyword k  (cost=0.00..2626.12 rows=1 width=4) (actual time=0.045..14.970 rows=1 loops=1)
                                                                                                        Filter: (keyword = 'computer-animation'::text)
                                                                                                        Rows Removed by Filter: 134169
                                                                                                  ->  Bitmap Heap Scan on movie_keyword mk  (cost=6.77..1110.84 rows=301 width=8) (actual time=0.113..0.618 rows=414 loops=1)
                                                                                                        Recheck Cond: (keyword_id = k.id)
                                                                                                        Heap Blocks: exact=358
                                                                                                        ->  Bitmap Index Scan on keyword_id_movie_keyword  (cost=0.00..6.69 rows=301 width=0) (actual time=0.063..0.063 rows=414 loops=1)
                                                                                                              Index Cond: (keyword_id = k.id)
                                                                                            ->  Index Scan using movie_id_complete_cast on complete_cast cc  (cost=0.42..2.78 rows=2 width=12) (actual time=0.003..0.003 rows=0 loops=414)
                                                                                                  Index Cond: (movie_id = mk.movie_id)
                                                                                ->  Index Scan using movie_id_cast_info on cast_info ci  (cost=0.56..47.56 rows=1 width=16) (actual time=0.019..0.175 rows=29 loops=25)
                                                                                      Index Cond: (movie_id = mk.movie_id)
                                                                                      Filter: (note = ANY ('{(voice),"(voice) (uncredited)","(voice: English version)"}'::text[]))
                                                                                      Rows Removed by Filter: 116
                                                                    ->  Index Scan using name_pkey on name n  (cost=0.43..2.35 rows=1 width=19) (actual time=0.005..0.005 rows=0 loops=179)
                                                                          Index Cond: (id = ci.person_id)
                                                                          Filter: ((name ~~ '%An%'::text) AND ((gender)::text = 'f'::text))
                                                                          Rows Removed by Filter: 1
                                                              ->  Index Scan using person_id_person_info on person_info pi  (cost=0.43..19.23 rows=25 width=8) (actual time=0.009..0.105 rows=194 loops=6)
                                                                    Index Cond: (person_id = ci.person_id)
                                                        ->  Seq Scan on info_type it3  (cost=0.00..2.41 rows=1 width=4) (actual time=0.004..0.010 rows=1 loops=1161)
                                                              Filter: ((info)::text = 'trivia'::text)
                                                              Rows Removed by Filter: 88
                                                  ->  Index Scan using movie_id_movie_info on movie_info mi  (cost=0.43..42.04 rows=1 width=8) (actual time=0.025..0.109 rows=2 loops=296)
                                                        Index Cond: (movie_id = mk.movie_id)
                                                        Filter: ((info IS NOT NULL) AND ((info ~~ 'Japan:%200%'::text) OR (info ~~ 'USA:%200%'::text)))
                                                        Rows Removed by Filter: 321
                                      ->  Index Only Scan using person_id_aka_name on aka_name an  (cost=0.42..2.87 rows=2 width=4) (actual time=0.003..0.004 rows=4 loops=718)
                                            Index Cond: (person_id = pi.person_id)
                                            Heap Fetches: 3016
                                ->  Seq Scan on comp_cast_type cct1  (cost=0.00..1.05 rows=1 width=4) (actual time=0.001..0.001 rows=1 loops=3016)
                                      Filter: ((kind)::text = 'cast'::text)
                          ->  Index Scan using movie_id_movie_companies on movie_companies mc  (cost=0.43..4.79 rows=5 width=8) (actual time=0.003..0.008 rows=26 loops=3016)
                                Index Cond: (movie_id = mk.movie_id)
                    ->  Index Scan using company_name_pkey on company_name cn  (cost=0.42..2.03 rows=1 width=4) (actual time=0.002..0.002 rows=0 loops=78452)
                          Index Cond: (id = mc.company_id)
                          Filter: ((country_code)::text = '[us]'::text)
                          Rows Removed by Filter: 1
              ->  Index Scan using title_pkey on title t  (cost=0.43..2.14 rows=1 width=21) (actual time=0.002..0.002 rows=0 loops=16800)
                    Index Cond: (id = mk.movie_id)
                    Filter: ((production_year >= 2000) AND (production_year <= 2010) AND (title = 'Shrek 2'::text))
                    Rows Removed by Filter: 1
        ->  Index Scan using char_name_pkey on char_name chn  (cost=0.43..2.25 rows=1 width=20) (actual time=0.002..0.002 rows=1 loops=1620)
              Index Cond: (id = ci.person_role_id)
              Filter: (name = 'Queen'::text)
Planning time: 117.790 ms
Execution time: 369.064 ms
