Aggregate  (cost=4994.62..4994.63 rows=1 width=96) (actual time=23.901..23.901 rows=1 loops=1)
  ->  Nested Loop  (cost=11.18..4994.61 rows=1 width=48) (actual time=3.230..23.886 rows=15 loops=1)
        Join Filter: (cc.subject_id = cct1.id)
        ->  Nested Loop  (cost=11.18..4993.55 rows=1 width=52) (actual time=3.227..23.864 rows=15 loops=1)
              ->  Nested Loop  (cost=10.76..4991.52 rows=1 width=56) (actual time=3.223..23.673 rows=66 loops=1)
                    Join Filter: (t.id = mc.movie_id)
                    ->  Nested Loop  (cost=10.33..4986.66 rows=1 width=72) (actual time=3.217..23.625 rows=3 loops=1)
                          Join Filter: (pi.info_type_id = it3.id)
                          Rows Removed by Join Filter: 486
                          ->  Nested Loop  (cost=10.33..4984.24 rows=1 width=76) (actual time=1.558..17.664 rows=489 loops=1)
                                Join Filter: (cct2.id = cc.status_id)
                                ->  Seq Scan on comp_cast_type cct2  (cost=0.00..1.05 rows=1 width=4) (actual time=0.006..0.006 rows=1 loops=1)
                                      Filter: ((kind)::text = 'complete+verified'::text)
                                      Rows Removed by Filter: 3
                                ->  Nested Loop  (cost=10.33..4983.17 rows=1 width=80) (actual time=1.551..17.532 rows=489 loops=1)
                                      Join Filter: (t.id = cc.movie_id)
                                      ->  Nested Loop  (cost=9.91..4980.37 rows=1 width=68) (actual time=1.547..16.209 rows=489 loops=1)
                                            Join Filter: (n.id = pi.person_id)
                                            ->  Nested Loop  (cost=9.48..4960.85 rows=1 width=76) (actual time=1.542..15.924 rows=3 loops=1)
                                                  Join Filter: (it.id = mi.info_type_id)
                                                  ->  Seq Scan on info_type it  (cost=0.00..2.41 rows=1 width=4) (actual time=0.005..0.013 rows=1 loops=1)
                                                        Filter: ((info)::text = 'release dates'::text)
                                                        Rows Removed by Filter: 112
                                                  ->  Nested Loop  (cost=9.48..4958.40 rows=3 width=80) (actual time=1.537..15.909 rows=3 loops=1)
                                                        Join Filter: (t.id = mi.movie_id)
                                                        ->  Nested Loop  (cost=9.05..4832.55 rows=3 width=72) (actual time=1.517..15.538 rows=3 loops=1)
                                                              ->  Nested Loop  (cost=8.62..4825.51 rows=3 width=53) (actual time=1.511..15.524 rows=3 loops=1)
                                                                    ->  Nested Loop  (cost=8.19..4787.64 rows=16 width=41) (actual time=1.506..15.471 rows=16 loops=1)
                                                                          Join Filter: (rt.id = ci.role_id)
                                                                          Rows Removed by Join Filter: 50
                                                                          ->  Seq Scan on role_type rt  (cost=0.00..1.15 rows=1 width=4) (actual time=0.002..0.004 rows=1 loops=1)
                                                                                Filter: ((role)::text = 'actress'::text)
                                                                                Rows Removed by Filter: 11
                                                                          ->  Nested Loop  (cost=8.19..4785.66 rows=66 width=45) (actual time=1.345..15.457 rows=66 loops=1)
                                                                                ->  Nested Loop  (cost=7.76..4674.83 rows=38 width=41) (actual time=1.323..15.251 rows=38 loops=1)
                                                                                      Join Filter: (t.id = ci.movie_id)
                                                                                      ->  Nested Loop  (cost=7.20..4627.26 rows=1 width=25) (actual time=1.315..15.052 rows=1 loops=1)
                                                                                            ->  Nested Loop  (cost=6.77..3739.98 rows=414 width=4) (actual time=0.139..13.842 rows=414 loops=1)
                                                                                                  ->  Seq Scan on keyword k  (cost=0.00..2626.12 rows=1 width=4) (actual time=0.042..13.346 rows=1 loops=1)
                                                                                                        Filter: (keyword = 'computer-animation'::text)
                                                                                                        Rows Removed by Filter: 134169
                                                                                                  ->  Bitmap Heap Scan on movie_keyword mk  (cost=6.77..1110.84 rows=301 width=8) (actual time=0.095..0.422 rows=414 loops=1)
                                                                                                        Recheck Cond: (keyword_id = k.id)
                                                                                                        Heap Blocks: exact=358
                                                                                                        ->  Bitmap Index Scan on keyword_id_movie_keyword  (cost=0.00..6.69 rows=301 width=0) (actual time=0.048..0.048 rows=414 loops=1)
                                                                                                              Index Cond: (keyword_id = k.id)
                                                                                            ->  Index Scan using title_pkey on title t  (cost=0.43..2.14 rows=1 width=21) (actual time=0.003..0.003 rows=0 loops=414)
                                                                                                  Index Cond: (id = mk.movie_id)
                                                                                                  Filter: ((production_year >= 2000) AND (production_year <= 2005) AND (title = 'Shrek 2'::text))
                                                                                                  Rows Removed by Filter: 1
                                                                                      ->  Index Scan using movie_id_cast_info on cast_info ci  (cost=0.56..47.56 rows=1 width=16) (actual time=0.007..0.188 rows=38 loops=1)
                                                                                            Index Cond: (movie_id = mk.movie_id)
                                                                                            Filter: (note = ANY ('{(voice),"(voice) (uncredited)","(voice: English version)"}'::text[]))
                                                                                            Rows Removed by Filter: 191
                                                                                ->  Index Only Scan using person_id_aka_name on aka_name an  (cost=0.42..2.90 rows=2 width=4) (actual time=0.004..0.005 rows=2 loops=38)
                                                                                      Index Cond: (person_id = ci.person_id)
                                                                                      Heap Fetches: 66
                                                                    ->  Index Scan using char_name_pkey on char_name chn  (cost=0.43..2.25 rows=1 width=20) (actual time=0.003..0.003 rows=0 loops=16)
                                                                          Index Cond: (id = ci.person_role_id)
                                                                          Filter: (name = 'Queen'::text)
                                                                          Rows Removed by Filter: 1
                                                              ->  Index Scan using name_pkey on name n  (cost=0.43..2.35 rows=1 width=19) (actual time=0.004..0.004 rows=1 loops=3)
                                                                    Index Cond: (id = ci.person_id)
                                                                    Filter: ((name ~~ '%An%'::text) AND ((gender)::text = 'f'::text))
                                                        ->  Index Scan using movie_id_movie_info on movie_info mi  (cost=0.43..41.94 rows=1 width=8) (actual time=0.016..0.123 rows=1 loops=3)
                                                              Index Cond: (movie_id = mk.movie_id)
                                                              Filter: (info ~~ 'USA:%200%'::text)
                                                              Rows Removed by Filter: 456
                                            ->  Index Scan using person_id_person_info on person_info pi  (cost=0.43..19.22 rows=25 width=8) (actual time=0.003..0.043 rows=163 loops=3)
                                                  Index Cond: (person_id = an.person_id)
                                      ->  Index Scan using movie_id_complete_cast on complete_cast cc  (cost=0.42..2.78 rows=2 width=12) (actual time=0.002..0.002 rows=1 loops=489)
                                            Index Cond: (movie_id = mk.movie_id)
                          ->  Seq Scan on info_type it3  (cost=0.00..2.41 rows=1 width=4) (actual time=0.004..0.012 rows=1 loops=489)
                                Filter: ((info)::text = 'height'::text)
                                Rows Removed by Filter: 111
                    ->  Index Scan using movie_id_movie_companies on movie_companies mc  (cost=0.43..4.79 rows=5 width=8) (actual time=0.004..0.009 rows=22 loops=3)
                          Index Cond: (movie_id = mk.movie_id)
              ->  Index Scan using company_name_pkey on company_name cn  (cost=0.42..2.03 rows=1 width=4) (actual time=0.003..0.003 rows=0 loops=66)
                    Index Cond: (id = mc.company_id)
                    Filter: ((country_code)::text = '[us]'::text)
                    Rows Removed by Filter: 1
        ->  Seq Scan on comp_cast_type cct1  (cost=0.00..1.05 rows=1 width=4) (actual time=0.001..0.001 rows=1 loops=15)
              Filter: ((kind)::text = 'cast'::text)
Planning time: 117.495 ms
Execution time: 24.034 ms
