Aggregate  (cost=5464.57..5464.58 rows=1 width=96) (actual time=70.231..70.232 rows=1 loops=1)
  ->  Nested Loop  (cost=11.18..5464.57 rows=1 width=48) (actual time=34.465..70.211 rows=15 loops=1)
        Join Filter: (cc.status_id = cct2.id)
        ->  Nested Loop  (cost=11.18..5463.50 rows=1 width=52) (actual time=34.459..70.172 rows=15 loops=1)
              Join Filter: (cct1.id = cc.subject_id)
              ->  Seq Scan on comp_cast_type cct1  (cost=0.00..1.05 rows=1 width=4) (actual time=0.005..0.007 rows=1 loops=1)
                    Filter: ((kind)::text = 'cast'::text)
                    Rows Removed by Filter: 3
              ->  Nested Loop  (cost=11.18..5462.44 rows=1 width=56) (actual time=34.453..70.159 rows=15 loops=1)
                    Join Filter: (t.id = cc.movie_id)
                    ->  Nested Loop  (cost=10.76..5459.64 rows=1 width=68) (actual time=34.444..70.101 rows=15 loops=1)
                          Join Filter: (ci.person_id = n.id)
                          ->  Nested Loop  (cost=10.33..5457.40 rows=1 width=65) (actual time=34.435..70.041 rows=15 loops=1)
                                Join Filter: (mi.movie_id = t.id)
                                ->  Nested Loop  (cost=9.90..5455.25 rows=1 width=44) (actual time=34.424..69.861 rows=55 loops=1)
                                      Join Filter: (it3.id = pi.info_type_id)
                                      Rows Removed by Join Filter: 10040
                                      ->  Seq Scan on info_type it3  (cost=0.00..2.41 rows=1 width=4) (actual time=0.006..0.014 rows=1 loops=1)
                                            Filter: ((info)::text = 'height'::text)
                                            Rows Removed by Filter: 112
                                      ->  Nested Loop  (cost=9.90..5452.53 rows=25 width=48) (actual time=34.349..69.085 rows=10095 loops=1)
                                            ->  Nested Loop  (cost=9.47..5433.05 rows=1 width=40) (actual time=34.338..64.754 rows=55 loops=1)
                                                  Join Filter: (it.id = mi.info_type_id)
                                                  ->  Seq Scan on info_type it  (cost=0.00..2.41 rows=1 width=4) (actual time=0.005..0.014 rows=1 loops=1)
                                                        Filter: ((info)::text = 'release dates'::text)
                                                        Rows Removed by Filter: 112
                                                  ->  Nested Loop  (cost=9.47..5430.62 rows=1 width=44) (actual time=34.332..64.723 rows=55 loops=1)
                                                        Join Filter: (mc.movie_id = mi.movie_id)
                                                        ->  Nested Loop  (cost=9.04..5388.68 rows=1 width=36) (actual time=2.114..56.813 rows=90 loops=1)
                                                              ->  Nested Loop  (cost=8.62..5382.60 rows=3 width=40) (actual time=2.109..55.657 rows=352 loops=1)
                                                                    Join Filter: (ci.movie_id = mc.movie_id)
                                                                    ->  Nested Loop  (cost=8.19..5377.74 rows=1 width=32) (actual time=2.096..55.352 rows=15 loops=1)
                                                                          ->  Nested Loop  (cost=7.76..5364.65 rows=5 width=20) (actual time=0.792..48.155 rows=2417 loops=1)
                                                                                ->  Nested Loop  (cost=7.33..5358.82 rows=2 width=16) (actual time=0.203..38.437 rows=1295 loops=1)
                                                                                      Join Filter: (rt.id = ci.role_id)
                                                                                      Rows Removed by Join Filter: 3076
                                                                                      ->  Seq Scan on role_type rt  (cost=0.00..1.15 rows=1 width=4) (actual time=0.003..0.007 rows=1 loops=1)
                                                                                            Filter: ((role)::text = 'actress'::text)
                                                                                            Rows Removed by Filter: 11
                                                                                      ->  Nested Loop  (cost=7.33..5357.30 rows=29 width=20) (actual time=0.171..37.879 rows=4371 loops=1)
                                                                                            ->  Nested Loop  (cost=6.77..3739.98 rows=34 width=4) (actual time=0.158..15.725 rows=414 loops=1)
                                                                                                  ->  Seq Scan on keyword k  (cost=0.00..2626.12 rows=1 width=4) (actual time=0.050..14.925 rows=1 loops=1)
                                                                                                        Filter: (keyword = 'computer-animation'::text)
                                                                                                        Rows Removed by Filter: 134169
                                                                                                  ->  Bitmap Heap Scan on movie_keyword mk  (cost=6.77..1110.84 rows=301 width=8) (actual time=0.106..0.708 rows=414 loops=1)
                                                                                                        Recheck Cond: (keyword_id = k.id)
                                                                                                        Heap Blocks: exact=358
                                                                                                        ->  Bitmap Index Scan on keyword_id_movie_keyword  (cost=0.00..6.69 rows=301 width=0) (actual time=0.056..0.056 rows=414 loops=1)
                                                                                                              Index Cond: (keyword_id = k.id)
                                                                                            ->  Index Scan using movie_id_cast_info on cast_info ci  (cost=0.56..47.56 rows=1 width=16) (actual time=0.014..0.051 rows=11 loops=414)
                                                                                                  Index Cond: (movie_id = mk.movie_id)
                                                                                                  Filter: (note = ANY ('{(voice),"(voice) (uncredited)","(voice: English version)"}'::text[]))
                                                                                                  Rows Removed by Filter: 33
                                                                                ->  Index Only Scan using person_id_aka_name on aka_name an  (cost=0.42..2.90 rows=2 width=4) (actual time=0.006..0.007 rows=2 loops=1295)
                                                                                      Index Cond: (person_id = ci.person_id)
                                                                                      Heap Fetches: 2417
                                                                          ->  Index Scan using char_name_pkey on char_name chn  (cost=0.43..2.25 rows=1 width=20) (actual time=0.003..0.003 rows=0 loops=2417)
                                                                                Index Cond: (id = ci.person_role_id)
                                                                                Filter: (name = 'Queen'::text)
                                                                                Rows Removed by Filter: 1
                                                                    ->  Index Scan using movie_id_movie_companies on movie_companies mc  (cost=0.43..4.79 rows=5 width=8) (actual time=0.005..0.013 rows=23 loops=15)
                                                                          Index Cond: (movie_id = mk.movie_id)
                                                              ->  Index Scan using company_name_pkey on company_name cn  (cost=0.42..2.03 rows=1 width=4) (actual time=0.003..0.003 rows=0 loops=352)
                                                                    Index Cond: (id = mc.company_id)
                                                                    Filter: ((country_code)::text = '[us]'::text)
                                                                    Rows Removed by Filter: 1
                                                        ->  Index Scan using movie_id_movie_info on movie_info mi  (cost=0.43..41.94 rows=1 width=8) (actual time=0.055..0.087 rows=1 loops=90)
                                                              Index Cond: (movie_id = mk.movie_id)
                                                              Filter: (info ~~ 'USA:%200%'::text)
                                                              Rows Removed by Filter: 324
                                            ->  Index Scan using person_id_person_info on person_info pi  (cost=0.43..19.23 rows=25 width=8) (actual time=0.003..0.042 rows=184 loops=55)
                                                  Index Cond: (person_id = ci.person_id)
                                ->  Index Scan using title_pkey on title t  (cost=0.43..2.14 rows=1 width=21) (actual time=0.003..0.003 rows=0 loops=55)
                                      Index Cond: (id = mk.movie_id)
                                      Filter: ((production_year >= 2000) AND (production_year <= 2005) AND (title = 'Shrek 2'::text))
                                      Rows Removed by Filter: 1
                          ->  Index Scan using name_pkey on name n  (cost=0.43..2.22 rows=1 width=19) (actual time=0.003..0.003 rows=1 loops=15)
                                Index Cond: (id = pi.person_id)
                                Filter: ((name ~~ '%An%'::text) AND ((gender)::text = 'f'::text))
                    ->  Index Scan using movie_id_complete_cast on complete_cast cc  (cost=0.42..2.78 rows=2 width=12) (actual time=0.003..0.003 rows=1 loops=15)
                          Index Cond: (movie_id = mk.movie_id)
        ->  Seq Scan on comp_cast_type cct2  (cost=0.00..1.05 rows=1 width=4) (actual time=0.001..0.001 rows=1 loops=15)
              Filter: ((kind)::text = 'complete+verified'::text)
              Rows Removed by Filter: 3
Planning time: 116.722 ms
Execution time: 70.372 ms
