Aggregate  (cost=14654.22..14654.23 rows=1 width=96) (actual time=36.722..36.722 rows=1 loops=1)
  ->  Nested Loop  (cost=11.18..14654.21 rows=1 width=48) (actual time=15.166..36.708 rows=15 loops=1)
        Join Filter: (n.id = an.person_id)
        ->  Nested Loop  (cost=10.76..14651.31 rows=1 width=60) (actual time=15.159..36.677 rows=5 loops=1)
              Join Filter: (cc.status_id = cct2.id)
              ->  Nested Loop  (cost=10.76..14650.25 rows=1 width=64) (actual time=15.156..36.664 rows=5 loops=1)
                    Join Filter: (it3.id = pi.info_type_id)
                    Rows Removed by Join Filter: 810
                    ->  Seq Scan on info_type it3  (cost=0.00..2.41 rows=1 width=4) (actual time=0.010..0.017 rows=1 loops=1)
                          Filter: ((info)::text = 'height'::text)
                          Rows Removed by Filter: 112
                    ->  Nested Loop  (cost=10.76..14647.83 rows=1 width=68) (actual time=15.082..36.584 rows=815 loops=1)
                          Join Filter: (n.id = pi.person_id)
                          ->  Nested Loop  (cost=10.33..14628.29 rows=1 width=60) (actual time=15.077..36.176 rows=5 loops=1)
                                Join Filter: (mi.movie_id = t.id)
                                ->  Nested Loop  (cost=9.90..14626.13 rows=1 width=63) (actual time=15.071..36.127 rows=15 loops=1)
                                      Join Filter: (it.id = mi.info_type_id)
                                      ->  Seq Scan on info_type it  (cost=0.00..2.41 rows=1 width=4) (actual time=0.004..0.013 rows=1 loops=1)
                                            Filter: ((info)::text = 'release dates'::text)
                                            Rows Removed by Filter: 112
                                      ->  Nested Loop  (cost=9.90..14623.71 rows=1 width=67) (actual time=15.065..36.108 rows=15 loops=1)
                                            Join Filter: (mc.movie_id = mi.movie_id)
                                            ->  Nested Loop  (cost=9.46..14581.76 rows=1 width=59) (actual time=1.199..34.396 rows=18 loops=1)
                                                  ->  Nested Loop  (cost=9.04..14575.68 rows=3 width=63) (actual time=1.181..34.116 rows=76 loops=1)
                                                        Join Filter: (ci.movie_id = mc.movie_id)
                                                        ->  Nested Loop  (cost=8.61..14570.82 rows=1 width=55) (actual time=1.173..34.050 rows=3 loops=1)
                                                              Join Filter: (cc.subject_id = cct1.id)
                                                              ->  Nested Loop  (cost=8.61..14569.76 rows=1 width=59) (actual time=1.169..34.040 rows=3 loops=1)
                                                                    Join Filter: (ci.role_id = rt.id)
                                                                    ->  Seq Scan on role_type rt  (cost=0.00..1.15 rows=1 width=4) (actual time=0.002..0.004 rows=1 loops=1)
                                                                          Filter: ((role)::text = 'actress'::text)
                                                                          Rows Removed by Filter: 11
                                                                    ->  Nested Loop  (cost=8.61..14568.57 rows=3 width=63) (actual time=1.166..34.034 rows=3 loops=1)
                                                                          ->  Nested Loop  (cost=8.18..14496.90 rows=31 width=51) (actual time=1.160..33.906 rows=31 loops=1)
                                                                                ->  Nested Loop  (cost=7.75..9178.70 rows=2266 width=32) (actual time=0.238..25.550 rows=2266 loops=1)
                                                                                      ->  Nested Loop  (cost=7.19..4897.55 rows=90 width=16) (actual time=0.228..15.390 rows=90 loops=1)
                                                                                            ->  Nested Loop  (cost=6.77..3739.98 rows=414 width=4) (actual time=0.148..14.221 rows=414 loops=1)
                                                                                                  ->  Seq Scan on keyword k  (cost=0.00..2626.12 rows=1 width=4) (actual time=0.043..13.586 rows=1 loops=1)
                                                                                                        Filter: (keyword = 'computer-animation'::text)
                                                                                                        Rows Removed by Filter: 134169
                                                                                                  ->  Bitmap Heap Scan on movie_keyword mk  (cost=6.77..1110.84 rows=301 width=8) (actual time=0.104..0.554 rows=414 loops=1)
                                                                                                        Recheck Cond: (keyword_id = k.id)
                                                                                                        Heap Blocks: exact=358
                                                                                                        ->  Bitmap Index Scan on keyword_id_movie_keyword  (cost=0.00..6.69 rows=301 width=0) (actual time=0.054..0.054 rows=414 loops=1)
                                                                                                              Index Cond: (keyword_id = k.id)
                                                                                            ->  Index Scan using movie_id_complete_cast on complete_cast cc  (cost=0.42..2.78 rows=2 width=12) (actual time=0.002..0.002 rows=0 loops=414)
                                                                                                  Index Cond: (movie_id = mk.movie_id)
                                                                                      ->  Index Scan using movie_id_cast_info on cast_info ci  (cost=0.56..47.56 rows=1 width=16) (actual time=0.013..0.106 rows=25 loops=90)
                                                                                            Index Cond: (movie_id = mk.movie_id)
                                                                                            Filter: (note = ANY ('{(voice),"(voice) (uncredited)","(voice: English version)"}'::text[]))
                                                                                            Rows Removed by Filter: 90
                                                                                ->  Index Scan using name_pkey on name n  (cost=0.43..2.35 rows=1 width=19) (actual time=0.003..0.003 rows=0 loops=2266)
                                                                                      Index Cond: (id = ci.person_id)
                                                                                      Filter: ((name ~~ '%An%'::text) AND ((gender)::text = 'f'::text))
                                                                                      Rows Removed by Filter: 1
                                                                          ->  Index Scan using char_name_pkey on char_name chn  (cost=0.43..2.25 rows=1 width=20) (actual time=0.004..0.004 rows=0 loops=31)
                                                                                Index Cond: (id = ci.person_role_id)
                                                                                Filter: (name = 'Queen'::text)
                                                                                Rows Removed by Filter: 1
                                                              ->  Seq Scan on comp_cast_type cct1  (cost=0.00..1.05 rows=1 width=4) (actual time=0.002..0.002 rows=1 loops=3)
                                                                    Filter: ((kind)::text = 'cast'::text)
                                                        ->  Index Scan using movie_id_movie_companies on movie_companies mc  (cost=0.43..4.79 rows=5 width=8) (actual time=0.005..0.013 rows=25 loops=3)
                                                              Index Cond: (movie_id = mk.movie_id)
                                                  ->  Index Scan using company_name_pkey on company_name cn  (cost=0.42..2.03 rows=1 width=4) (actual time=0.003..0.003 rows=0 loops=76)
                                                        Index Cond: (id = mc.company_id)
                                                        Filter: ((country_code)::text = '[us]'::text)
                                                        Rows Removed by Filter: 1
                                            ->  Index Scan using movie_id_movie_info on movie_info mi  (cost=0.43..41.94 rows=1 width=8) (actual time=0.044..0.094 rows=1 loops=18)
                                                  Index Cond: (movie_id = mk.movie_id)
                                                  Filter: (info ~~ 'USA:%200%'::text)
                                                  Rows Removed by Filter: 351
                                ->  Index Scan using title_pkey on title t  (cost=0.43..2.14 rows=1 width=21) (actual time=0.003..0.003 rows=0 loops=15)
                                      Index Cond: (id = mk.movie_id)
                                      Filter: ((production_year >= 2000) AND (production_year <= 2005) AND (title = 'Shrek 2'::text))
                                      Rows Removed by Filter: 1
                          ->  Index Scan using person_id_person_info on person_info pi  (cost=0.43..19.23 rows=25 width=8) (actual time=0.003..0.039 rows=163 loops=5)
                                Index Cond: (person_id = ci.person_id)
              ->  Seq Scan on comp_cast_type cct2  (cost=0.00..1.05 rows=1 width=4) (actual time=0.001..0.001 rows=1 loops=5)
                    Filter: ((kind)::text = 'complete+verified'::text)
                    Rows Removed by Filter: 3
        ->  Index Only Scan using person_id_aka_name on aka_name an  (cost=0.42..2.87 rows=2 width=4) (actual time=0.004..0.005 rows=3 loops=5)
              Index Cond: (person_id = pi.person_id)
              Heap Fetches: 15
Planning time: 118.224 ms
Execution time: 36.867 ms
