Aggregate  (cost=5227.10..5227.11 rows=1 width=96) (actual time=21.047..21.047 rows=1 loops=1)
  ->  Nested Loop  (cost=11.18..5227.09 rows=1 width=48) (actual time=2.220..21.031 rows=15 loops=1)
        Join Filter: (cc.subject_id = cct1.id)
        ->  Nested Loop  (cost=11.18..5226.03 rows=1 width=52) (actual time=2.217..21.008 rows=15 loops=1)
              Join Filter: (ci.person_id = n.id)
              ->  Nested Loop  (cost=10.75..5221.56 rows=2 width=49) (actual time=2.210..20.949 rows=15 loops=1)
                    Join Filter: (ci.person_id = an.person_id)
                    ->  Nested Loop  (cost=10.33..5218.66 rows=1 width=45) (actual time=2.199..20.908 rows=5 loops=1)
                          Join Filter: (cc.status_id = cct2.id)
                          ->  Nested Loop  (cost=10.33..5217.60 rows=1 width=49) (actual time=2.195..20.891 rows=5 loops=1)
                                Join Filter: (it3.id = pi.info_type_id)
                                Rows Removed by Join Filter: 810
                                ->  Seq Scan on info_type it3  (cost=0.00..2.41 rows=1 width=4) (actual time=0.010..0.018 rows=1 loops=1)
                                      Filter: ((info)::text = 'height'::text)
                                      Rows Removed by Filter: 112
                                ->  Nested Loop  (cost=10.33..5214.87 rows=25 width=53) (actual time=2.125..20.810 rows=815 loops=1)
                                      ->  Nested Loop  (cost=9.90..5195.39 rows=1 width=45) (actual time=2.117..20.445 rows=5 loops=1)
                                            Join Filter: (rt.id = ci.role_id)
                                            ->  Seq Scan on role_type rt  (cost=0.00..1.15 rows=1 width=4) (actual time=0.002..0.003 rows=1 loops=1)
                                                  Filter: ((role)::text = 'actress'::text)
                                                  Rows Removed by Filter: 11
                                            ->  Nested Loop  (cost=9.90..5194.23 rows=1 width=49) (actual time=2.114..20.439 rows=5 loops=1)
                                                  ->  Nested Loop  (cost=9.47..5190.16 rows=1 width=37) (actual time=1.979..19.830 rows=190 loops=1)
                                                        Join Filter: (t.id = ci.movie_id)
                                                        ->  Nested Loop  (cost=8.90..5142.59 rows=1 width=45) (actual time=1.970..18.899 rows=5 loops=1)
                                                              ->  Nested Loop  (cost=8.48..5140.56 rows=1 width=49) (actual time=1.965..18.793 rows=22 loops=1)
                                                                    Join Filter: (it.id = mi.info_type_id)
                                                                    ->  Seq Scan on info_type it  (cost=0.00..2.41 rows=1 width=4) (actual time=0.005..0.013 rows=1 loops=1)
                                                                          Filter: ((info)::text = 'release dates'::text)
                                                                          Rows Removed by Filter: 112
                                                                    ->  Nested Loop  (cost=8.48..5138.13 rows=1 width=53) (actual time=1.959..18.772 rows=22 loops=1)
                                                                          Join Filter: (t.id = mi.movie_id)
                                                                          ->  Nested Loop  (cost=8.05..5096.19 rows=1 width=45) (actual time=1.936..16.141 rows=22 loops=1)
                                                                                Join Filter: (t.id = mc.movie_id)
                                                                                ->  Nested Loop  (cost=7.62..5091.33 rows=1 width=37) (actual time=1.927..16.116 rows=1 loops=1)
                                                                                      ->  Nested Loop  (cost=7.19..4897.55 rows=90 width=16) (actual time=0.247..15.611 rows=90 loops=1)
                                                                                            ->  Nested Loop  (cost=6.77..3739.98 rows=414 width=4) (actual time=0.152..14.237 rows=414 loops=1)
                                                                                                  ->  Seq Scan on keyword k  (cost=0.00..2626.12 rows=1 width=4) (actual time=0.042..13.613 rows=1 loops=1)
                                                                                                        Filter: (keyword = 'computer-animation'::text)
                                                                                                        Rows Removed by Filter: 134169
                                                                                                  ->  Bitmap Heap Scan on movie_keyword mk  (cost=6.77..1110.84 rows=301 width=8) (actual time=0.108..0.549 rows=414 loops=1)
                                                                                                        Recheck Cond: (keyword_id = k.id)
                                                                                                        Heap Blocks: exact=358
                                                                                                        ->  Bitmap Index Scan on keyword_id_movie_keyword  (cost=0.00..6.69 rows=301 width=0) (actual time=0.058..0.058 rows=414 loops=1)
                                                                                                              Index Cond: (keyword_id = k.id)
                                                                                            ->  Index Scan using movie_id_complete_cast on complete_cast cc  (cost=0.42..2.78 rows=2 width=12) (actual time=0.003..0.003 rows=0 loops=414)
                                                                                                  Index Cond: (movie_id = mk.movie_id)
                                                                                      ->  Index Scan using title_pkey on title t  (cost=0.43..2.14 rows=1 width=21) (actual time=0.005..0.005 rows=0 loops=90)
                                                                                            Index Cond: (id = mk.movie_id)
                                                                                            Filter: ((production_year >= 2000) AND (production_year <= 2005) AND (title = 'Shrek 2'::text))
                                                                                            Rows Removed by Filter: 1
                                                                                ->  Index Scan using movie_id_movie_companies on movie_companies mc  (cost=0.43..4.79 rows=5 width=8) (actual time=0.008..0.016 rows=22 loops=1)
                                                                                      Index Cond: (movie_id = mk.movie_id)
                                                                          ->  Index Scan using movie_id_movie_info on movie_info mi  (cost=0.43..41.94 rows=1 width=8) (actual time=0.015..0.119 rows=1 loops=22)
                                                                                Index Cond: (movie_id = mk.movie_id)
                                                                                Filter: (info ~~ 'USA:%200%'::text)
                                                                                Rows Removed by Filter: 456
                                                              ->  Index Scan using company_name_pkey on company_name cn  (cost=0.42..2.03 rows=1 width=4) (actual time=0.004..0.004 rows=0 loops=22)
                                                                    Index Cond: (id = mc.company_id)
                                                                    Filter: ((country_code)::text = '[us]'::text)
                                                                    Rows Removed by Filter: 1
                                                        ->  Index Scan using movie_id_cast_info on cast_info ci  (cost=0.56..47.56 rows=1 width=16) (actual time=0.005..0.176 rows=38 loops=5)
                                                              Index Cond: (movie_id = mk.movie_id)
                                                              Filter: (note = ANY ('{(voice),"(voice) (uncredited)","(voice: English version)"}'::text[]))
                                                              Rows Removed by Filter: 191
                                                  ->  Index Scan using char_name_pkey on char_name chn  (cost=0.43..2.25 rows=1 width=20) (actual time=0.003..0.003 rows=0 loops=190)
                                                        Index Cond: (id = ci.person_role_id)
                                                        Filter: (name = 'Queen'::text)
                                                        Rows Removed by Filter: 1
                                      ->  Index Scan using person_id_person_info on person_info pi  (cost=0.43..19.23 rows=25 width=8) (actual time=0.004..0.041 rows=163 loops=5)
                                            Index Cond: (person_id = ci.person_id)
                          ->  Seq Scan on comp_cast_type cct2  (cost=0.00..1.05 rows=1 width=4) (actual time=0.002..0.002 rows=1 loops=5)
                                Filter: ((kind)::text = 'complete+verified'::text)
                                Rows Removed by Filter: 3
                    ->  Index Only Scan using person_id_aka_name on aka_name an  (cost=0.42..2.87 rows=2 width=4) (actual time=0.005..0.007 rows=3 loops=5)
                          Index Cond: (person_id = pi.person_id)
                          Heap Fetches: 15
              ->  Index Scan using name_pkey on name n  (cost=0.43..2.22 rows=1 width=19) (actual time=0.003..0.003 rows=1 loops=15)
                    Index Cond: (id = pi.person_id)
                    Filter: ((name ~~ '%An%'::text) AND ((gender)::text = 'f'::text))
        ->  Seq Scan on comp_cast_type cct1  (cost=0.00..1.05 rows=1 width=4) (actual time=0.001..0.001 rows=1 loops=15)
              Filter: ((kind)::text = 'cast'::text)
Planning time: 117.682 ms
Execution time: 21.179 ms
