Aggregate  (cost=24694.62..24694.63 rows=1 width=96) (actual time=697.420..697.420 rows=1 loops=1)
  ->  Nested Loop  (cost=11.18..24694.61 rows=1 width=48) (actual time=156.993..687.054 rows=16308 loops=1)
        ->  Nested Loop  (cost=10.76..24692.59 rows=1 width=52) (actual time=156.970..499.302 rows=75240 loops=1)
              Join Filter: (t.id = mc.movie_id)
              ->  Nested Loop  (cost=10.33..24687.73 rows=1 width=68) (actual time=156.961..455.855 rows=2868 loops=1)
                    Join Filter: (ci.person_id = n.id)
                    ->  Nested Loop  (cost=9.90..24685.49 rows=1 width=65) (actual time=3.504..420.221 rows=13367 loops=1)
                          Join Filter: (mi.movie_id = t.id)
                          ->  Nested Loop  (cost=9.47..24683.34 rows=1 width=44) (actual time=3.497..383.912 rows=13677 loops=1)
                                Join Filter: (it3.id = pi.info_type_id)
                                Rows Removed by Join Filter: 37021
                                ->  Seq Scan on info_type it3  (cost=0.00..2.41 rows=1 width=4) (actual time=0.009..0.017 rows=1 loops=1)
                                      Filter: ((info)::text = 'trivia'::text)
                                      Rows Removed by Filter: 112
                                ->  Nested Loop  (cost=9.47..24680.29 rows=51 width=48) (actual time=3.484..377.646 rows=50698 loops=1)
                                      ->  Nested Loop  (cost=9.04..24641.35 rows=2 width=40) (actual time=3.442..53.797 rows=693 loops=1)
                                            ->  Nested Loop  (cost=8.62..24638.44 rows=1 width=36) (actual time=3.434..52.207 rows=331 loops=1)
                                                  Join Filter: (ci.role_id = rt.id)
                                                  Rows Removed by Join Filter: 1199
                                                  ->  Seq Scan on role_type rt  (cost=0.00..1.15 rows=1 width=4) (actual time=0.002..0.003 rows=1 loops=1)
                                                        Filter: ((role)::text = 'actress'::text)
                                                        Rows Removed by Filter: 11
                                                  ->  Nested Loop  (cost=8.62..24637.22 rows=5 width=40) (actual time=3.383..51.978 rows=1530 loops=1)
                                                        Join Filter: (cc.subject_id = cct1.id)
                                                        Rows Removed by Join Filter: 196
                                                        ->  Seq Scan on comp_cast_type cct1  (cost=0.00..1.05 rows=1 width=4) (actual time=0.002..0.004 rows=1 loops=1)
                                                              Filter: ((kind)::text = 'cast'::text)
                                                              Rows Removed by Filter: 3
                                                        ->  Nested Loop  (cost=8.62..24635.91 rows=21 width=44) (actual time=3.380..51.563 rows=1726 loops=1)
                                                              ->  Nested Loop  (cost=8.19..24539.31 rows=43 width=32) (actual time=3.373..44.939 rows=2075 loops=1)
                                                                    Join Filter: (mi.movie_id = ci.movie_id)
                                                                    ->  Nested Loop  (cost=7.62..22206.07 rows=49 width=16) (actual time=3.356..34.511 rows=70 loops=1)
                                                                          Join Filter: (cct2.id = cc.status_id)
                                                                          Rows Removed by Join Filter: 126
                                                                          ->  Seq Scan on comp_cast_type cct2  (cost=0.00..1.05 rows=1 width=4) (actual time=0.001..0.002 rows=1 loops=1)
                                                                                Filter: ((kind)::text = 'complete+verified'::text)
                                                                                Rows Removed by Filter: 3
                                                                          ->  Nested Loop  (cost=7.62..22202.57 rows=196 width=20) (actual time=1.946..34.461 rows=196 loops=1)
                                                                                ->  Nested Loop  (cost=7.20..21155.06 rows=374 width=8) (actual time=0.467..33.341 rows=374 loops=1)
                                                                                      Join Filter: (it.id = mi.info_type_id)
                                                                                      ->  Seq Scan on info_type it  (cost=0.00..2.41 rows=1 width=4) (actual time=0.004..0.014 rows=1 loops=1)
                                                                                            Filter: ((info)::text = 'release dates'::text)
                                                                                            Rows Removed by Filter: 112
                                                                                      ->  Nested Loop  (cost=7.20..21147.97 rows=374 width=12) (actual time=0.462..33.234 rows=374 loops=1)
                                                                                            ->  Nested Loop  (cost=6.77..3739.98 rows=414 width=4) (actual time=0.146..15.714 rows=414 loops=1)
                                                                                                  ->  Seq Scan on keyword k  (cost=0.00..2626.12 rows=1 width=4) (actual time=0.041..15.031 rows=1 loops=1)
                                                                                                        Filter: (keyword = 'computer-animation'::text)
                                                                                                        Rows Removed by Filter: 134169
                                                                                                  ->  Bitmap Heap Scan on movie_keyword mk  (cost=6.77..1110.84 rows=301 width=8) (actual time=0.102..0.592 rows=414 loops=1)
                                                                                                        Recheck Cond: (keyword_id = k.id)
                                                                                                        Heap Blocks: exact=358
                                                                                                        ->  Bitmap Index Scan on keyword_id_movie_keyword  (cost=0.00..6.69 rows=301 width=0) (actual time=0.055..0.055 rows=414 loops=1)
                                                                                                              Index Cond: (keyword_id = k.id)
                                                                                            ->  Index Scan using movie_id_movie_info on movie_info mi  (cost=0.43..42.04 rows=1 width=8) (actual time=0.020..0.042 rows=1 loops=414)
                                                                                                  Index Cond: (movie_id = mk.movie_id)
                                                                                                  Filter: ((info IS NOT NULL) AND ((info ~~ 'Japan:%200%'::text) OR (info ~~ 'USA:%200%'::text)))
                                                                                                  Rows Removed by Filter: 70
                                                                                ->  Index Scan using movie_id_complete_cast on complete_cast cc  (cost=0.42..2.78 rows=2 width=12) (actual time=0.002..0.003 rows=1 loops=374)
                                                                                      Index Cond: (movie_id = mi.movie_id)
                                                                    ->  Index Scan using movie_id_cast_info on cast_info ci  (cost=0.56..47.60 rows=1 width=16) (actual time=0.016..0.140 rows=30 loops=70)
                                                                          Index Cond: (movie_id = mk.movie_id)
                                                                          Filter: (note = ANY ('{(voice),"(voice: Japanese version)","(voice) (uncredited)","(voice: English version)"}'::text[]))
                                                                          Rows Removed by Filter: 140
                                                              ->  Index Scan using char_name_pkey on char_name chn  (cost=0.43..2.25 rows=1 width=20) (actual time=0.003..0.003 rows=1 loops=2075)
                                                                    Index Cond: (id = ci.person_role_id)
                                            ->  Index Only Scan using person_id_aka_name on aka_name an  (cost=0.42..2.90 rows=2 width=4) (actual time=0.003..0.004 rows=2 loops=331)
                                                  Index Cond: (person_id = ci.person_id)
                                                  Heap Fetches: 693
                                      ->  Index Scan using person_id_person_info on person_info pi  (cost=0.43..19.22 rows=25 width=8) (actual time=0.282..0.452 rows=73 loops=693)
                                            Index Cond: (person_id = ci.person_id)
                          ->  Index Scan using title_pkey on title t  (cost=0.43..2.14 rows=1 width=21) (actual time=0.002..0.002 rows=1 loops=13677)
                                Index Cond: (id = mk.movie_id)
                                Filter: ((production_year >= 2000) AND (production_year <= 2010))
                                Rows Removed by Filter: 0
                    ->  Index Scan using name_pkey on name n  (cost=0.43..2.22 rows=1 width=19) (actual time=0.002..0.002 rows=0 loops=13367)
                          Index Cond: (id = pi.person_id)
                          Filter: ((name ~~ '%An%'::text) AND ((gender)::text = 'f'::text))
                          Rows Removed by Filter: 1
              ->  Index Scan using movie_id_movie_companies on movie_companies mc  (cost=0.43..4.79 rows=5 width=8) (actual time=0.003..0.008 rows=26 loops=2868)
                    Index Cond: (movie_id = mk.movie_id)
        ->  Index Scan using company_name_pkey on company_name cn  (cost=0.42..2.03 rows=1 width=4) (actual time=0.002..0.002 rows=0 loops=75240)
              Index Cond: (id = mc.company_id)
              Filter: ((country_code)::text = '[us]'::text)
              Rows Removed by Filter: 1
Planning time: 117.907 ms
Execution time: 697.558 ms
