Aggregate  (cost=27281.15..27281.16 rows=1 width=96) (actual time=266.820..266.820 rows=1 loops=1)
  ->  Nested Loop  (cost=11.18..27281.14 rows=1 width=48) (actual time=46.943..258.330 rows=16308 loops=1)
        Join Filter: (cc.subject_id = cct1.id)
        ->  Nested Loop  (cost=11.18..27280.08 rows=1 width=52) (actual time=46.938..241.857 rows=16308 loops=1)
              Join Filter: (it3.id = pi.info_type_id)
              Rows Removed by Join Filter: 51519
              ->  Seq Scan on info_type it3  (cost=0.00..2.41 rows=1 width=4) (actual time=0.011..0.019 rows=1 loops=1)
                    Filter: ((info)::text = 'trivia'::text)
                    Rows Removed by Filter: 112
              ->  Nested Loop  (cost=11.18..27277.65 rows=1 width=56) (actual time=46.878..235.442 rows=67827 loops=1)
                    Join Filter: (n.id = pi.person_id)
                    ->  Nested Loop  (cost=10.75..27258.13 rows=1 width=64) (actual time=46.867..202.999 rows=189 loops=1)
                          ->  Nested Loop  (cost=10.32..27255.79 rows=1 width=45) (actual time=5.516..191.618 rows=3893 loops=1)
                                Join Filter: (mi.movie_id = t.id)
                                ->  Nested Loop  (cost=9.89..27253.63 rows=1 width=48) (actual time=5.508..179.203 rows=4583 loops=1)
                                      Join Filter: (mi.info_type_id = it.id)
                                      ->  Seq Scan on info_type it  (cost=0.00..2.41 rows=1 width=4) (actual time=0.004..0.013 rows=1 loops=1)
                                            Filter: ((info)::text = 'release dates'::text)
                                            Rows Removed by Filter: 112
                                      ->  Nested Loop  (cost=9.89..27251.08 rows=11 width=52) (actual time=5.503..178.033 rows=4583 loops=1)
                                            Join Filter: (rt.id = ci.role_id)
                                            Rows Removed by Join Filter: 13068
                                            ->  Seq Scan on role_type rt  (cost=0.00..1.15 rows=1 width=4) (actual time=0.002..0.004 rows=1 loops=1)
                                                  Filter: ((role)::text = 'actress'::text)
                                                  Rows Removed by Filter: 11
                                            ->  Nested Loop  (cost=9.89..27248.28 rows=132 width=56) (actual time=5.411..175.304 rows=17651 loops=1)
                                                  ->  Nested Loop  (cost=9.47..27085.02 rows=56 width=52) (actual time=5.402..140.271 rows=9690 loops=1)
                                                        ->  Nested Loop  (cost=9.04..26831.17 rows=113 width=40) (actual time=5.396..108.651 rows=11376 loops=1)
                                                              Join Filter: (mi.movie_id = ci.movie_id)
                                                              ->  Nested Loop  (cost=8.47..20736.18 rows=128 width=24) (actual time=5.376..51.673 rows=410 loops=1)
                                                                    Join Filter: (mc.movie_id = mi.movie_id)
                                                                    ->  Nested Loop  (cost=8.04..15017.27 rows=136 width=16) (actual time=2.384..33.340 rows=136 loops=1)
                                                                          Join Filter: (cct2.id = cc.status_id)
                                                                          Rows Removed by Join Filter: 295
                                                                          ->  Seq Scan on comp_cast_type cct2  (cost=0.00..1.05 rows=1 width=4) (actual time=0.002..0.003 rows=1 loops=1)
                                                                                Filter: ((kind)::text = 'complete+verified'::text)
                                                                                Rows Removed by Filter: 3
                                                                          ->  Nested Loop  (cost=8.04..15010.83 rows=431 width=20) (actual time=0.742..33.250 rows=431 loops=1)
                                                                                ->  Nested Loop  (cost=7.62..12267.51 rows=981 width=8) (actual time=0.180..30.586 rows=981 loops=1)
                                                                                      ->  Nested Loop  (cost=7.20..5745.68 rows=3218 width=12) (actual time=0.167..20.071 rows=3218 loops=1)
                                                                                            ->  Nested Loop  (cost=6.77..3739.98 rows=414 width=4) (actual time=0.157..15.693 rows=414 loops=1)
                                                                                                  ->  Seq Scan on keyword k  (cost=0.00..2626.12 rows=1 width=4) (actual time=0.049..14.922 rows=1 loops=1)
                                                                                                        Filter: (keyword = 'computer-animation'::text)
                                                                                                        Rows Removed by Filter: 134169
                                                                                                  ->  Bitmap Heap Scan on movie_keyword mk  (cost=6.77..1110.84 rows=301 width=8) (actual time=0.106..0.685 rows=414 loops=1)
                                                                                                        Recheck Cond: (keyword_id = k.id)
                                                                                                        Heap Blocks: exact=358
                                                                                                        ->  Bitmap Index Scan on keyword_id_movie_keyword  (cost=0.00..6.69 rows=301 width=0) (actual time=0.056..0.056 rows=414 loops=1)
                                                                                                              Index Cond: (keyword_id = k.id)
                                                                                            ->  Index Scan using movie_id_movie_companies on movie_companies mc  (cost=0.43..4.79 rows=5 width=8) (actual time=0.005..0.009 rows=8 loops=414)
                                                                                                  Index Cond: (movie_id = mk.movie_id)
                                                                                      ->  Index Scan using company_name_pkey on company_name cn  (cost=0.42..2.03 rows=1 width=4) (actual time=0.003..0.003 rows=0 loops=3218)
                                                                                            Index Cond: (id = mc.company_id)
                                                                                            Filter: ((country_code)::text = '[us]'::text)
                                                                                            Rows Removed by Filter: 1
                                                                                ->  Index Scan using movie_id_complete_cast on complete_cast cc  (cost=0.42..2.78 rows=2 width=12) (actual time=0.002..0.002 rows=0 loops=981)
                                                                                      Index Cond: (movie_id = mc.movie_id)
                                                                    ->  Index Scan using movie_id_movie_info on movie_info mi  (cost=0.43..42.04 rows=1 width=8) (actual time=0.024..0.133 rows=3 loops=136)
                                                                          Index Cond: (movie_id = mk.movie_id)
                                                                          Filter: ((info IS NOT NULL) AND ((info ~~ 'Japan:%200%'::text) OR (info ~~ 'USA:%200%'::text)))
                                                                          Rows Removed by Filter: 374
                                                              ->  Index Scan using movie_id_cast_info on cast_info ci  (cost=0.56..47.60 rows=1 width=16) (actual time=0.016..0.130 rows=28 loops=410)
                                                                    Index Cond: (movie_id = mk.movie_id)
                                                                    Filter: (note = ANY ('{(voice),"(voice: Japanese version)","(voice) (uncredited)","(voice: English version)"}'::text[]))
                                                                    Rows Removed by Filter: 142
                                                        ->  Index Scan using char_name_pkey on char_name chn  (cost=0.43..2.25 rows=1 width=20) (actual time=0.002..0.002 rows=1 loops=11376)
                                                              Index Cond: (id = ci.person_role_id)
                                                  ->  Index Only Scan using person_id_aka_name on aka_name an  (cost=0.42..2.90 rows=2 width=4) (actual time=0.002..0.003 rows=2 loops=9690)
                                                        Index Cond: (person_id = ci.person_id)
                                                        Heap Fetches: 17651
                                ->  Index Scan using title_pkey on title t  (cost=0.43..2.14 rows=1 width=21) (actual time=0.002..0.002 rows=1 loops=4583)
                                      Index Cond: (id = mk.movie_id)
                                      Filter: ((production_year >= 2000) AND (production_year <= 2010))
                                      Rows Removed by Filter: 0
                          ->  Index Scan using name_pkey on name n  (cost=0.43..2.34 rows=1 width=19) (actual time=0.003..0.003 rows=0 loops=3893)
                                Index Cond: (id = ci.person_id)
                                Filter: ((name ~~ '%An%'::text) AND ((gender)::text = 'f'::text))
                                Rows Removed by Filter: 1
                    ->  Index Scan using person_id_person_info on person_info pi  (cost=0.43..19.22 rows=25 width=8) (actual time=0.006..0.083 rows=359 loops=189)
                          Index Cond: (person_id = an.person_id)
        ->  Seq Scan on comp_cast_type cct1  (cost=0.00..1.05 rows=1 width=4) (actual time=0.001..0.001 rows=1 loops=16308)
              Filter: ((kind)::text = 'cast'::text)
Planning time: 117.457 ms
Execution time: 266.956 ms
