Aggregate  (cost=18739.45..18739.46 rows=1 width=96) (actual time=400.544..400.544 rows=1 loops=1)
  ->  Nested Loop  (cost=11.18..18739.44 rows=1 width=48) (actual time=8.793..389.944 rows=16308 loops=1)
        ->  Nested Loop  (cost=10.76..18737.41 rows=1 width=52) (actual time=8.770..201.012 rows=75240 loops=1)
              Join Filter: (t.id = mc.movie_id)
              ->  Nested Loop  (cost=10.33..18732.56 rows=1 width=68) (actual time=8.762..156.674 rows=2868 loops=1)
                    Join Filter: (cc.subject_id = cct1.id)
                    ->  Nested Loop  (cost=10.33..18731.49 rows=1 width=72) (actual time=8.758..151.906 rows=2868 loops=1)
                          Join Filter: (it.id = mi.info_type_id)
                          ->  Seq Scan on info_type it  (cost=0.00..2.41 rows=1 width=4) (actual time=0.009..0.017 rows=1 loops=1)
                                Filter: ((info)::text = 'release dates'::text)
                                Rows Removed by Filter: 112
                          ->  Nested Loop  (cost=10.33..18729.07 rows=1 width=76) (actual time=8.747..151.087 rows=2868 loops=1)
                                Join Filter: (t.id = mi.movie_id)
                                ->  Nested Loop  (cost=9.90..18687.02 rows=1 width=68) (actual time=8.727..44.323 rows=1010 loops=1)
                                      Join Filter: (n.id = an.person_id)
                                      ->  Nested Loop  (cost=9.47..18684.12 rows=1 width=80) (actual time=8.719..42.751 rows=240 loops=1)
                                            Join Filter: (ci.movie_id = t.id)
                                            ->  Nested Loop  (cost=9.04..18681.97 rows=1 width=59) (actual time=1.320..41.736 rows=280 loops=1)
                                                  Join Filter: (it3.id = pi.info_type_id)
                                                  Rows Removed by Join Filter: 810
                                                  ->  Seq Scan on info_type it3  (cost=0.00..2.41 rows=1 width=4) (actual time=0.005..0.013 rows=1 loops=1)
                                                        Filter: ((info)::text = 'trivia'::text)
                                                        Rows Removed by Filter: 112
                                                  ->  Nested Loop  (cost=9.04..18679.51 rows=4 width=63) (actual time=1.314..41.577 rows=1090 loops=1)
                                                        Join Filter: (n.id = pi.person_id)
                                                        ->  Nested Loop  (cost=8.61..18562.31 rows=6 width=55) (actual time=1.303..40.877 rows=5 loops=1)
                                                              Join Filter: (cc.status_id = cct2.id)
                                                              Rows Removed by Join Filter: 20
                                                              ->  Seq Scan on comp_cast_type cct2  (cost=0.00..1.05 rows=1 width=4) (actual time=0.002..0.003 rows=1 loops=1)
                                                                    Filter: ((kind)::text = 'complete+verified'::text)
                                                                    Rows Removed by Filter: 3
                                                              ->  Nested Loop  (cost=8.61..18560.94 rows=25 width=59) (actual time=1.300..40.868 rows=25 loops=1)
                                                                    Join Filter: (ci.role_id = rt.id)
                                                                    ->  Seq Scan on role_type rt  (cost=0.00..1.15 rows=1 width=4) (actual time=0.002..0.004 rows=1 loops=1)
                                                                          Filter: ((role)::text = 'actress'::text)
                                                                          Rows Removed by Filter: 11
                                                                    ->  Nested Loop  (cost=8.61..18559.48 rows=25 width=63) (actual time=1.297..40.853 rows=25 loops=1)
                                                                          ->  Nested Loop  (cost=8.18..14273.33 rows=1831 width=44) (actual time=0.257..33.793 rows=1831 loops=1)
                                                                                ->  Nested Loop  (cost=7.75..9182.87 rows=2266 width=32) (actual time=0.252..26.852 rows=2266 loops=1)
                                                                                      ->  Nested Loop  (cost=7.19..4897.55 rows=90 width=16) (actual time=0.242..16.179 rows=90 loops=1)
                                                                                            ->  Nested Loop  (cost=6.77..3739.98 rows=414 width=4) (actual time=0.148..14.956 rows=414 loops=1)
                                                                                                  ->  Seq Scan on keyword k  (cost=0.00..2626.12 rows=1 width=4) (actual time=0.041..14.261 rows=1 loops=1)
                                                                                                        Filter: (keyword = 'computer-animation'::text)
                                                                                                        Rows Removed by Filter: 134169
                                                                                                  ->  Bitmap Heap Scan on movie_keyword mk  (cost=6.77..1110.84 rows=301 width=8) (actual time=0.105..0.612 rows=414 loops=1)
                                                                                                        Recheck Cond: (keyword_id = k.id)
                                                                                                        Heap Blocks: exact=358
                                                                                                        ->  Bitmap Index Scan on keyword_id_movie_keyword  (cost=0.00..6.69 rows=301 width=0) (actual time=0.057..0.057 rows=414 loops=1)
                                                                                                              Index Cond: (keyword_id = k.id)
                                                                                            ->  Index Scan using movie_id_complete_cast on complete_cast cc  (cost=0.42..2.78 rows=2 width=12) (actual time=0.002..0.003 rows=0 loops=414)
                                                                                                  Index Cond: (movie_id = mk.movie_id)
                                                                                      ->  Index Scan using movie_id_cast_info on cast_info ci  (cost=0.56..47.60 rows=1 width=16) (actual time=0.014..0.112 rows=25 loops=90)
                                                                                            Index Cond: (movie_id = mk.movie_id)
                                                                                            Filter: (note = ANY ('{(voice),"(voice: Japanese version)","(voice) (uncredited)","(voice: English version)"}'::text[]))
                                                                                            Rows Removed by Filter: 90
                                                                                ->  Index Scan using char_name_pkey on char_name chn  (cost=0.43..2.25 rows=1 width=20) (actual time=0.003..0.003 rows=1 loops=2266)
                                                                                      Index Cond: (id = ci.person_role_id)
                                                                          ->  Index Scan using name_pkey on name n  (cost=0.43..2.34 rows=1 width=19) (actual time=0.004..0.004 rows=0 loops=1831)
                                                                                Index Cond: (id = ci.person_id)
                                                                                Filter: ((name ~~ '%An%'::text) AND ((gender)::text = 'f'::text))
                                                                                Rows Removed by Filter: 1
                                                        ->  Index Scan using person_id_person_info on person_info pi  (cost=0.43..19.22 rows=25 width=8) (actual time=0.007..0.073 rows=218 loops=5)
                                                              Index Cond: (person_id = ci.person_id)
                                            ->  Index Scan using title_pkey on title t  (cost=0.43..2.14 rows=1 width=21) (actual time=0.003..0.003 rows=1 loops=280)
                                                  Index Cond: (id = mk.movie_id)
                                                  Filter: ((production_year >= 2000) AND (production_year <= 2010))
                                                  Rows Removed by Filter: 0
                                      ->  Index Only Scan using person_id_aka_name on aka_name an  (cost=0.42..2.87 rows=2 width=4) (actual time=0.003..0.005 rows=4 loops=240)
                                            Index Cond: (person_id = pi.person_id)
                                            Heap Fetches: 1010
                                ->  Index Scan using movie_id_movie_info on movie_info mi  (cost=0.43..42.04 rows=1 width=8) (actual time=0.014..0.104 rows=3 loops=1010)
                                      Index Cond: (movie_id = mk.movie_id)
                                      Filter: ((info IS NOT NULL) AND ((info ~~ 'Japan:%200%'::text) OR (info ~~ 'USA:%200%'::text)))
                                      Rows Removed by Filter: 307
                    ->  Seq Scan on comp_cast_type cct1  (cost=0.00..1.05 rows=1 width=4) (actual time=0.001..0.001 rows=1 loops=2868)
                          Filter: ((kind)::text = 'cast'::text)
              ->  Index Scan using movie_id_movie_companies on movie_companies mc  (cost=0.43..4.79 rows=5 width=8) (actual time=0.003..0.009 rows=26 loops=2868)
                    Index Cond: (movie_id = mk.movie_id)
        ->  Index Scan using company_name_pkey on company_name cn  (cost=0.42..2.03 rows=1 width=4) (actual time=0.002..0.002 rows=0 loops=75240)
              Index Cond: (id = mc.company_id)
              Filter: ((country_code)::text = '[us]'::text)
              Rows Removed by Filter: 1
Planning time: 117.857 ms
Execution time: 400.687 ms
