Aggregate  (cost=5288.66..5288.67 rows=1 width=96) (actual time=103.109..103.109 rows=1 loops=1)
  ->  Nested Loop  (cost=11.18..5288.65 rows=1 width=48) (actual time=10.383..96.074 rows=16308 loops=1)
        Join Filter: (it3.id = pi.info_type_id)
        Rows Removed by Join Filter: 51519
        ->  Seq Scan on info_type it3  (cost=0.00..2.41 rows=1 width=4) (actual time=0.009..0.017 rows=1 loops=1)
              Filter: ((info)::text = 'trivia'::text)
              Rows Removed by Filter: 112
        ->  Nested Loop  (cost=11.18..5286.22 rows=1 width=52) (actual time=10.329..89.650 rows=67827 loops=1)
              Join Filter: (n.id = pi.person_id)
              ->  Nested Loop  (cost=10.75..5266.70 rows=1 width=60) (actual time=10.317..60.137 rows=189 loops=1)
                    Join Filter: (it.id = mi.info_type_id)
                    ->  Seq Scan on info_type it  (cost=0.00..2.41 rows=1 width=4) (actual time=0.004..0.013 rows=1 loops=1)
                          Filter: ((info)::text = 'release dates'::text)
                          Rows Removed by Filter: 112
                    ->  Nested Loop  (cost=10.75..5264.27 rows=1 width=64) (actual time=10.312..60.069 rows=189 loops=1)
                          Join Filter: (t.id = mi.movie_id)
                          ->  Nested Loop  (cost=10.32..5222.22 rows=1 width=80) (actual time=10.293..52.628 rows=68 loops=1)
                                ->  Nested Loop  (cost=9.89..5219.88 rows=1 width=61) (actual time=0.669..49.271 rows=1139 loops=1)
                                      ->  Nested Loop  (cost=9.46..5217.63 rows=1 width=49) (actual time=0.660..45.469 rows=1510 loops=1)
                                            Join Filter: (cc.subject_id = cct1.id)
                                            Rows Removed by Join Filter: 56
                                            ->  Nested Loop  (cost=9.46..5216.57 rows=1 width=53) (actual time=0.656..43.280 rows=1566 loops=1)
                                                  Join Filter: (rt.id = ci.role_id)
                                                  Rows Removed by Join Filter: 3752
                                                  ->  Seq Scan on role_type rt  (cost=0.00..1.15 rows=1 width=4) (actual time=0.002..0.005 rows=1 loops=1)
                                                        Filter: ((role)::text = 'actress'::text)
                                                        Rows Removed by Filter: 11
                                                  ->  Nested Loop  (cost=9.46..5215.39 rows=2 width=57) (actual time=0.582..42.435 rows=5318 loops=1)
                                                        ->  Nested Loop  (cost=9.03..5212.48 rows=1 width=53) (actual time=0.571..31.155 rows=2862 loops=1)
                                                              Join Filter: (t.id = ci.movie_id)
                                                              ->  Nested Loop  (cost=8.47..5022.01 rows=4 width=37) (actual time=0.552..17.677 rows=99 loops=1)
                                                                    ->  Nested Loop  (cost=8.05..5001.74 rows=10 width=41) (actual time=0.523..16.152 rows=438 loops=1)
                                                                          Join Filter: (t.id = mc.movie_id)
                                                                          ->  Nested Loop  (cost=7.62..4953.17 rows=10 width=33) (actual time=0.514..15.714 rows=19 loops=1)
                                                                                ->  Nested Loop  (cost=7.19..4899.72 rows=25 width=12) (actual time=0.387..15.558 rows=25 loops=1)
                                                                                      Join Filter: (cct2.id = cc.status_id)
                                                                                      Rows Removed by Join Filter: 65
                                                                                      ->  Seq Scan on comp_cast_type cct2  (cost=0.00..1.05 rows=1 width=4) (actual time=0.002..0.002 rows=1 loops=1)
                                                                                            Filter: ((kind)::text = 'complete+verified'::text)
                                                                                            Rows Removed by Filter: 3
                                                                                      ->  Nested Loop  (cost=7.19..4897.55 rows=90 width=16) (actual time=0.214..15.539 rows=90 loops=1)
                                                                                            ->  Nested Loop  (cost=6.77..3739.98 rows=414 width=4) (actual time=0.141..14.501 rows=414 loops=1)
                                                                                                  ->  Seq Scan on keyword k  (cost=0.00..2626.12 rows=1 width=4) (actual time=0.042..13.910 rows=1 loops=1)
                                                                                                        Filter: (keyword = 'computer-animation'::text)
                                                                                                        Rows Removed by Filter: 134169
                                                                                                  ->  Bitmap Heap Scan on movie_keyword mk  (cost=6.77..1110.84 rows=301 width=8) (actual time=0.097..0.514 rows=414 loops=1)
                                                                                                        Recheck Cond: (keyword_id = k.id)
                                                                                                        Heap Blocks: exact=358
                                                                                                        ->  Bitmap Index Scan on keyword_id_movie_keyword  (cost=0.00..6.69 rows=301 width=0) (actual time=0.050..0.050 rows=414 loops=1)
                                                                                                              Index Cond: (keyword_id = k.id)
                                                                                            ->  Index Scan using movie_id_complete_cast on complete_cast cc  (cost=0.42..2.78 rows=2 width=12) (actual time=0.002..0.002 rows=0 loops=414)
                                                                                                  Index Cond: (movie_id = mk.movie_id)
                                                                                ->  Index Scan using title_pkey on title t  (cost=0.43..2.14 rows=1 width=21) (actual time=0.006..0.006 rows=1 loops=25)
                                                                                      Index Cond: (id = mk.movie_id)
                                                                                      Filter: ((production_year >= 2000) AND (production_year <= 2010))
                                                                                      Rows Removed by Filter: 0
                                                                          ->  Index Scan using movie_id_movie_companies on movie_companies mc  (cost=0.43..4.79 rows=5 width=8) (actual time=0.005..0.015 rows=23 loops=19)
                                                                                Index Cond: (movie_id = mk.movie_id)
                                                                    ->  Index Scan using company_name_pkey on company_name cn  (cost=0.42..2.03 rows=1 width=4) (actual time=0.003..0.003 rows=0 loops=438)
                                                                          Index Cond: (id = mc.company_id)
                                                                          Filter: ((country_code)::text = '[us]'::text)
                                                                          Rows Removed by Filter: 1
                                                              ->  Index Scan using movie_id_cast_info on cast_info ci  (cost=0.56..47.60 rows=1 width=16) (actual time=0.016..0.127 rows=29 loops=99)
                                                                    Index Cond: (movie_id = mk.movie_id)
                                                                    Filter: (note = ANY ('{(voice),"(voice: Japanese version)","(voice) (uncredited)","(voice: English version)"}'::text[]))
                                                                    Rows Removed by Filter: 135
                                                        ->  Index Only Scan using person_id_aka_name on aka_name an  (cost=0.42..2.90 rows=2 width=4) (actual time=0.003..0.003 rows=2 loops=2862)
                                                              Index Cond: (person_id = ci.person_id)
                                                              Heap Fetches: 5318
                                            ->  Seq Scan on comp_cast_type cct1  (cost=0.00..1.05 rows=1 width=4) (actual time=0.001..0.001 rows=1 loops=1566)
                                                  Filter: ((kind)::text = 'cast'::text)
                                                  Rows Removed by Filter: 0
                                      ->  Index Scan using char_name_pkey on char_name chn  (cost=0.43..2.25 rows=1 width=20) (actual time=0.002..0.002 rows=1 loops=1510)
                                            Index Cond: (id = ci.person_role_id)
                                ->  Index Scan using name_pkey on name n  (cost=0.43..2.34 rows=1 width=19) (actual time=0.003..0.003 rows=0 loops=1139)
                                      Index Cond: (id = ci.person_id)
                                      Filter: ((name ~~ '%An%'::text) AND ((gender)::text = 'f'::text))
                                      Rows Removed by Filter: 1
                          ->  Index Scan using movie_id_movie_info on movie_info mi  (cost=0.43..42.04 rows=1 width=8) (actual time=0.015..0.108 rows=3 loops=68)
                                Index Cond: (movie_id = mk.movie_id)
                                Filter: ((info IS NOT NULL) AND ((info ~~ 'Japan:%200%'::text) OR (info ~~ 'USA:%200%'::text)))
                                Rows Removed by Filter: 315
              ->  Index Scan using person_id_person_info on person_info pi  (cost=0.43..19.22 rows=25 width=8) (actual time=0.005..0.076 rows=359 loops=189)
                    Index Cond: (person_id = an.person_id)
Planning time: 117.369 ms
Execution time: 103.246 ms
