Aggregate  (cost=13332.71..13332.72 rows=1 width=96) (actual time=687.805..687.806 rows=1 loops=1)
  ->  Nested Loop  (cost=11.18..13332.70 rows=1 width=48) (actual time=19.652..676.870 rows=16308 loops=1)
        ->  Nested Loop  (cost=10.75..13330.46 rows=1 width=36) (actual time=2.732..637.523 rows=16740 loops=1)
              Join Filter: (it.id = mi.info_type_id)
              ->  Seq Scan on info_type it  (cost=0.00..2.41 rows=1 width=4) (actual time=0.009..0.017 rows=1 loops=1)
                    Filter: ((info)::text = 'release dates'::text)
                    Rows Removed by Filter: 112
              ->  Nested Loop  (cost=10.75..13327.93 rows=9 width=40) (actual time=2.721..634.082 rows=16740 loops=1)
                    Join Filter: (t.id = mi.movie_id)
                    ->  Nested Loop  (cost=10.32..11099.24 rows=53 width=56) (actual time=2.708..40.002 rows=5850 loops=1)
                          Join Filter: (cc.subject_id = cct1.id)
                          ->  Seq Scan on comp_cast_type cct1  (cost=0.00..1.05 rows=1 width=4) (actual time=0.002..0.003 rows=1 loops=1)
                                Filter: ((kind)::text = 'cast'::text)
                                Rows Removed by Filter: 3
                          ->  Nested Loop  (cost=10.32..11095.53 rows=213 width=60) (actual time=2.705..38.541 rows=5850 loops=1)
                                Join Filter: (it3.id = pi.info_type_id)
                                Rows Removed by Join Filter: 18213
                                ->  Seq Scan on info_type it3  (cost=0.00..2.41 rows=1 width=4) (actual time=0.005..0.013 rows=1 loops=1)
                                      Filter: ((info)::text = 'trivia'::text)
                                      Rows Removed by Filter: 112
                                ->  Nested Loop  (cost=10.32..10792.33 rows=24063 width=64) (actual time=2.698..35.732 rows=24063 loops=1)
                                      Join Filter: (n.id = pi.person_id)
                                      ->  Nested Loop  (cost=9.89..9288.62 rows=77 width=72) (actual time=2.691..23.833 rows=77 loops=1)
                                            Join Filter: (mc.movie_id = t.id)
                                            ->  Nested Loop  (cost=9.46..9004.76 rows=132 width=51) (actual time=0.964..23.408 rows=132 loops=1)
                                                  ->  Nested Loop  (cost=9.04..7924.55 rows=533 width=55) (actual time=0.948..21.860 rows=533 loops=1)
                                                        Join Filter: (ci.movie_id = mc.movie_id)
                                                        ->  Nested Loop  (cost=8.61..7822.55 rows=21 width=47) (actual time=0.941..21.481 rows=21 loops=1)
                                                              Join Filter: (ci.role_id = rt.id)
                                                              ->  Seq Scan on role_type rt  (cost=0.00..1.15 rows=1 width=4) (actual time=0.002..0.003 rows=1 loops=1)
                                                                    Filter: ((role)::text = 'actress'::text)
                                                                    Rows Removed by Filter: 11
                                                              ->  Nested Loop  (cost=8.61..7821.13 rows=21 width=51) (actual time=0.939..21.469 rows=21 loops=1)
                                                                    Join Filter: (n.id = an.person_id)
                                                                    ->  Nested Loop  (cost=8.18..7803.61 rows=6 width=47) (actual time=0.931..21.412 rows=6 loops=1)
                                                                          ->  Nested Loop  (cost=7.75..6090.09 rows=732 width=28) (actual time=0.403..18.805 rows=732 loops=1)
                                                                                ->  Nested Loop  (cost=7.19..4899.72 rows=25 width=12) (actual time=0.391..15.344 rows=25 loops=1)
                                                                                      Join Filter: (cct2.id = cc.status_id)
                                                                                      Rows Removed by Join Filter: 65
                                                                                      ->  Seq Scan on comp_cast_type cct2  (cost=0.00..1.05 rows=1 width=4) (actual time=0.001..0.002 rows=1 loops=1)
                                                                                            Filter: ((kind)::text = 'complete+verified'::text)
                                                                                            Rows Removed by Filter: 3
                                                                                      ->  Nested Loop  (cost=7.19..4897.55 rows=90 width=16) (actual time=0.214..15.325 rows=90 loops=1)
                                                                                            ->  Nested Loop  (cost=6.77..3739.98 rows=414 width=4) (actual time=0.144..14.310 rows=414 loops=1)
                                                                                                  ->  Seq Scan on keyword k  (cost=0.00..2626.12 rows=1 width=4) (actual time=0.043..13.721 rows=1 loops=1)
                                                                                                        Filter: (keyword = 'computer-animation'::text)
                                                                                                        Rows Removed by Filter: 134169
                                                                                                  ->  Bitmap Heap Scan on movie_keyword mk  (cost=6.77..1110.84 rows=301 width=8) (actual time=0.099..0.510 rows=414 loops=1)
                                                                                                        Recheck Cond: (keyword_id = k.id)
                                                                                                        Heap Blocks: exact=358
                                                                                                        ->  Bitmap Index Scan on keyword_id_movie_keyword  (cost=0.00..6.69 rows=301 width=0) (actual time=0.051..0.051 rows=414 loops=1)
                                                                                                              Index Cond: (keyword_id = k.id)
                                                                                            ->  Index Scan using movie_id_complete_cast on complete_cast cc  (cost=0.42..2.78 rows=2 width=12) (actual time=0.002..0.002 rows=0 loops=414)
                                                                                                  Index Cond: (movie_id = mk.movie_id)
                                                                                ->  Index Scan using movie_id_cast_info on cast_info ci  (cost=0.56..47.60 rows=1 width=16) (actual time=0.015..0.132 rows=29 loops=25)
                                                                                      Index Cond: (movie_id = mk.movie_id)
                                                                                      Filter: (note = ANY ('{(voice),"(voice: Japanese version)","(voice) (uncredited)","(voice: English version)"}'::text[]))
                                                                                      Rows Removed by Filter: 116
                                                                          ->  Index Scan using name_pkey on name n  (cost=0.43..2.34 rows=1 width=19) (actual time=0.003..0.003 rows=0 loops=732)
                                                                                Index Cond: (id = ci.person_id)
                                                                                Filter: ((name ~~ '%An%'::text) AND ((gender)::text = 'f'::text))
                                                                                Rows Removed by Filter: 1
                                                                    ->  Index Only Scan using person_id_aka_name on aka_name an  (cost=0.42..2.90 rows=2 width=4) (actual time=0.005..0.008 rows=4 loops=6)
                                                                          Index Cond: (person_id = ci.person_id)
                                                                          Heap Fetches: 21
                                                        ->  Index Scan using movie_id_movie_companies on movie_companies mc  (cost=0.43..4.79 rows=5 width=8) (actual time=0.004..0.010 rows=25 loops=21)
                                                              Index Cond: (movie_id = mk.movie_id)
                                                  ->  Index Scan using company_name_pkey on company_name cn  (cost=0.42..2.03 rows=1 width=4) (actual time=0.003..0.003 rows=0 loops=533)
                                                        Index Cond: (id = mc.company_id)
                                                        Filter: ((country_code)::text = '[us]'::text)
                                                        Rows Removed by Filter: 1
                                            ->  Index Scan using title_pkey on title t  (cost=0.43..2.14 rows=1 width=21) (actual time=0.003..0.003 rows=1 loops=132)
                                                  Index Cond: (id = mk.movie_id)
                                                  Filter: ((production_year >= 2000) AND (production_year <= 2010))
                                                  Rows Removed by Filter: 0
                                      ->  Index Scan using person_id_person_info on person_info pi  (cost=0.43..19.22 rows=25 width=8) (actual time=0.005..0.069 rows=313 loops=77)
                                            Index Cond: (person_id = an.person_id)
                    ->  Index Scan using movie_id_movie_info on movie_info mi  (cost=0.43..42.04 rows=1 width=8) (actual time=0.013..0.100 rows=3 loops=5850)
                          Index Cond: (movie_id = mk.movie_id)
                          Filter: ((info IS NOT NULL) AND ((info ~~ 'Japan:%200%'::text) OR (info ~~ 'USA:%200%'::text)))
                          Rows Removed by Filter: 302
        ->  Index Scan using char_name_pkey on char_name chn  (cost=0.43..2.25 rows=1 width=20) (actual time=0.002..0.002 rows=1 loops=16740)
              Index Cond: (id = ci.person_role_id)
Planning time: 116.838 ms
Execution time: 687.945 ms
