Aggregate  (cost=3844.44..3844.45 rows=1 width=32) (actual time=622.287..622.287 rows=1 loops=1)
  ->  Nested Loop  (cost=8.05..3844.43 rows=2 width=17) (actual time=8.624..619.232 rows=5228 loops=1)
        Join Filter: (mc.movie_id = t.id)
        ->  Nested Loop  (cost=7.62..3843.44 rows=2 width=8) (actual time=8.613..601.527 rows=5228 loops=1)
              ->  Nested Loop  (cost=7.20..3760.05 rows=187 width=12) (actual time=6.838..238.801 rows=148552 loops=1)
                    ->  Nested Loop  (cost=6.77..3739.98 rows=34 width=4) (actual time=6.824..54.644 rows=41840 loops=1)
                          ->  Seq Scan on keyword k  (cost=0.00..2626.12 rows=1 width=4) (actual time=0.629..14.810 rows=1 loops=1)
                                Filter: (keyword = 'character-name-in-title'::text)
                                Rows Removed by Filter: 134169
                          ->  Bitmap Heap Scan on movie_keyword mk  (cost=6.77..1110.84 rows=301 width=8) (actual time=6.190..32.207 rows=41840 loops=1)
                                Recheck Cond: (keyword_id = k.id)
                                Heap Blocks: exact=11541
                                ->  Bitmap Index Scan on keyword_id_movie_keyword  (cost=0.00..6.69 rows=301 width=0) (actual time=4.050..4.050 rows=41840 loops=1)
                                      Index Cond: (keyword_id = k.id)
                    ->  Index Scan using movie_id_movie_companies on movie_companies mc  (cost=0.43..0.54 rows=5 width=8) (actual time=0.002..0.003 rows=4 loops=41840)
                          Index Cond: (movie_id = mk.movie_id)
              ->  Index Scan using company_name_pkey on company_name cn  (cost=0.42..0.45 rows=1 width=4) (actual time=0.002..0.002 rows=0 loops=148552)
                    Index Cond: (id = mc.company_id)
                    Filter: ((country_code)::text = '[nl]'::text)
                    Rows Removed by Filter: 1
        ->  Index Scan using title_pkey on title t  (cost=0.43..0.49 rows=1 width=21) (actual time=0.003..0.003 rows=1 loops=5228)
              Index Cond: (id = mk.movie_id)
Planning time: 1.248 ms
Execution time: 622.346 ms
