Aggregate  (cost=6297.19..6297.20 rows=1 width=32) (actual time=108.008..108.008 rows=1 loops=1)
  ->  Nested Loop  (cost=1.71..6297.19 rows=1 width=17) (actual time=108.003..108.003 rows=0 loops=1)
        Join Filter: (mc.movie_id = t.id)
        ->  Nested Loop  (cost=1.28..6296.69 rows=1 width=8) (actual time=108.003..108.003 rows=0 loops=1)
              ->  Nested Loop  (cost=0.86..6288.29 rows=19 width=12) (actual time=61.326..90.097 rows=2 loops=1)
                    ->  Nested Loop  (cost=0.43..6284.78 rows=2 width=4) (actual time=22.986..51.773 rows=2 loops=1)
                          ->  Seq Scan on company_name cn  (cost=0.00..5932.46 rows=1 width=4) (actual time=6.660..35.427 rows=1 loops=1)
                                Filter: ((country_code)::text = '[sm]'::text)
                                Rows Removed by Filter: 234996
                          ->  Index Scan using company_id_movie_companies on movie_companies mc  (cost=0.43..351.00 rows=132 width=8) (actual time=16.322..16.340 rows=2 loops=1)
                                Index Cond: (company_id = cn.id)
                    ->  Index Scan using movie_id_movie_keyword on movie_keyword mk  (cost=0.43..1.29 rows=46 width=8) (actual time=19.158..19.158 rows=1 loops=2)
                          Index Cond: (movie_id = mc.movie_id)
              ->  Index Scan using keyword_pkey on keyword k  (cost=0.42..0.44 rows=1 width=4) (actual time=8.951..8.951 rows=0 loops=2)
                    Index Cond: (id = mk.keyword_id)
                    Filter: (keyword = 'character-name-in-title'::text)
                    Rows Removed by Filter: 1
        ->  Index Scan using title_pkey on title t  (cost=0.43..0.49 rows=1 width=21) (never executed)
              Index Cond: (id = mk.movie_id)
Planning time: 1.242 ms
Execution time: 108.062 ms
