Aggregate  (cost=11310.74..11310.75 rows=1 width=128) (actual time=10196.063..10196.063 rows=1 loops=1)
  ->  Nested Loop  (cost=9.47..11310.73 rows=1 width=82) (actual time=141.058..10193.638 rows=757 loops=1)
        Join Filter: (it1.id = mi.info_type_id)
        ->  Seq Scan on info_type it1  (cost=0.00..2.41 rows=1 width=4) (actual time=0.010..0.023 rows=1 loops=1)
              Filter: ((info)::text = 'genres'::text)
              Rows Removed by Filter: 112
        ->  Nested Loop  (cost=9.47..11308.31 rows=1 width=86) (actual time=141.046..10192.930 rows=757 loops=1)
              Join Filter: (t.id = mi.movie_id)
              ->  Nested Loop  (cost=9.04..11290.68 rows=1 width=58) (actual time=21.043..9956.693 rows=1235 loops=1)
                    Join Filter: (cc.subject_id = cct1.id)
                    Rows Removed by Join Filter: 61
                    ->  Nested Loop  (cost=9.04..11289.60 rows=1 width=62) (actual time=21.034..9952.324 rows=1235 loops=1)
                          Join Filter: (cct2.id = cc.status_id)
                          Rows Removed by Join Filter: 2920
                          ->  Seq Scan on comp_cast_type cct2  (cost=0.00..1.05 rows=1 width=4) (actual time=0.002..0.002 rows=1 loops=1)
                                Filter: ((kind)::text = 'complete+verified'::text)
                                Rows Removed by Filter: 3
                          ->  Nested Loop  (cost=9.04..11288.54 rows=1 width=66) (actual time=21.030..9950.788 rows=4155 loops=1)
                                ->  Nested Loop  (cost=8.62..11287.71 rows=1 width=54) (actual time=4.851..9892.072 rows=9851 loops=1)
                                      ->  Nested Loop  (cost=8.19..11286.61 rows=1 width=43) (actual time=4.829..9625.414 rows=16315 loops=1)
                                            Join Filter: (t.id = ci.movie_id)
                                            ->  Nested Loop  (cost=7.62..11199.42 rows=3 width=35) (actual time=4.420..1755.536 rows=24904 loops=1)
                                                  Join Filter: (mi_idx.movie_id = t.id)
                                                  ->  Nested Loop  (cost=7.19..11194.25 rows=6 width=14) (actual time=4.398..1118.752 rows=63701 loops=1)
                                                        Join Filter: (it2.id = mi_idx.info_type_id)
                                                        Rows Removed by Join Filter: 127988
                                                        ->  Seq Scan on info_type it2  (cost=0.00..2.41 rows=1 width=4) (actual time=0.011..0.026 rows=1 loops=1)
                                                              Filter: ((info)::text = 'votes'::text)
                                                              Rows Removed by Filter: 112
                                                        ->  Nested Loop  (cost=7.19..11183.08 rows=700 width=18) (actual time=4.386..1085.699 rows=191689 loops=1)
                                                              ->  Nested Loop  (cost=6.77..10991.68 rows=236 width=4) (actual time=4.363..504.952 rows=76714 loops=1)
                                                                    ->  Seq Scan on keyword k  (cost=0.00..3464.69 rows=7 width=4) (actual time=1.048..45.144 rows=7 loops=1)
                                                                          Filter: (keyword = ANY ('{murder,violence,blood,gore,death,female-nudity,hospital}'::text[]))
                                                                          Rows Removed by Filter: 134163
                                                                    ->  Bitmap Heap Scan on movie_keyword mk  (cost=6.77..1072.28 rows=301 width=8) (actual time=3.019..63.025 rows=10959 loops=7)
                                                                          Recheck Cond: (keyword_id = k.id)
                                                                          Heap Blocks: exact=53234
                                                                          ->  Bitmap Index Scan on keyword_id_movie_keyword  (cost=0.00..6.69 rows=301 width=0) (actual time=1.659..1.659 rows=10959 loops=7)
                                                                                Index Cond: (keyword_id = k.id)
                                                              ->  Index Scan using movie_id_movie_info_idx on movie_info_idx mi_idx  (cost=0.43..0.78 rows=3 width=14) (actual time=0.006..0.007 rows=2 loops=76714)
                                                                    Index Cond: (movie_id = mk.movie_id)
                                                  ->  Index Scan using title_pkey on title t  (cost=0.43..0.85 rows=1 width=21) (actual time=0.009..0.009 rows=0 loops=63701)
                                                        Index Cond: (id = mk.movie_id)
                                                        Filter: (production_year > 2000)
                                                        Rows Removed by Filter: 1
                                            ->  Index Scan using movie_id_cast_info on cast_info ci  (cost=0.56..29.05 rows=1 width=8) (actual time=0.254..0.315 rows=1 loops=24904)
                                                  Index Cond: (movie_id = mk.movie_id)
                                                  Filter: (note = ANY ('{(writer),"(head writer)","(written by)",(story),"(story editor)"}'::text[]))
                                                  Rows Removed by Filter: 68
                                      ->  Index Scan using name_pkey on name n  (cost=0.43..1.10 rows=1 width=19) (actual time=0.016..0.016 rows=1 loops=16315)
                                            Index Cond: (id = ci.person_id)
                                            Filter: ((gender)::text = 'm'::text)
                                            Rows Removed by Filter: 0
                                ->  Index Scan using movie_id_complete_cast on complete_cast cc  (cost=0.42..0.81 rows=2 width=12) (actual time=0.005..0.005 rows=0 loops=9851)
                                      Index Cond: (movie_id = t.id)
                    ->  Seq Scan on comp_cast_type cct1  (cost=0.00..1.05 rows=2 width=4) (actual time=0.002..0.002 rows=1 loops=1235)
                          Filter: ((kind)::text = ANY ('{cast,crew}'::text[]))
              ->  Index Scan using movie_id_movie_info on movie_info mi  (cost=0.43..17.62 rows=1 width=52) (actual time=0.190..0.190 rows=1 loops=1235)
                    Index Cond: (movie_id = mk.movie_id)
                    Filter: (info = ANY ('{Horror,Thriller}'::text[]))
                    Rows Removed by Filter: 238
Planning time: 71.776 ms
Execution time: 10196.186 ms
