Aggregate  (cost=31611.82..31611.83 rows=1 width=128) (actual time=306.287..306.287 rows=1 loops=1)
  ->  Nested Loop  (cost=3781.77..31611.81 rows=1 width=82) (actual time=140.938..306.226 rows=28 loops=1)
        ->  Nested Loop  (cost=3781.34..31610.72 rows=1 width=71) (actual time=140.925..306.083 rows=28 loops=1)
              Join Filter: (t.id = ci.movie_id)
              ->  Nested Loop  (cost=3780.77..31581.66 rows=1 width=87) (actual time=140.840..304.843 rows=12 loops=1)
                    Join Filter: (it2.id = mi_idx.info_type_id)
                    Rows Removed by Join Filter: 24
                    ->  Seq Scan on info_type it2  (cost=0.00..2.41 rows=1 width=4) (actual time=0.017..0.020 rows=1 loops=1)
                          Filter: ((info)::text = 'votes'::text)
                          Rows Removed by Filter: 112
                    ->  Nested Loop  (cost=3780.77..31578.80 rows=36 width=91) (actual time=140.820..304.811 rows=36 loops=1)
                          Join Filter: (t.id = mi_idx.movie_id)
                          ->  Nested Loop  (cost=3780.35..31568.98 rows=12 width=77) (actual time=140.808..304.719 rows=12 loops=1)
                                ->  Nested Loop  (cost=3780.20..31567.00 rows=12 width=81) (actual time=140.801..304.671 rows=12 loops=1)
                                      Join Filter: (t.id = mi.movie_id)
                                      ->  Nested Loop  (cost=3779.77..31425.95 rows=8 width=29) (actual time=140.599..303.393 rows=8 loops=1)
                                            ->  Hash Join  (cost=3779.34..17426.10 rows=16336 width=8) (actual time=55.187..242.780 rows=16336 loops=1)
                                                  Hash Cond: (cc.subject_id = cct1.id)
                                                  ->  Hash Join  (cost=3778.26..17255.03 rows=16336 width=12) (actual time=55.173..237.644 rows=16336 loops=1)
                                                        Hash Cond: (cc.status_id = cct2.id)
                                                        ->  Hash Join  (cost=3777.20..16879.24 rows=36010 width=16) (actual time=55.138..230.938 rows=36010 loops=1)
                                                              Hash Cond: (mk.movie_id = cc.movie_id)
                                                              ->  Nested Loop  (cost=6.77..10991.68 rows=76714 width=4) (actual time=4.212..155.303 rows=76714 loops=1)
                                                                    ->  Seq Scan on keyword k  (cost=0.00..3464.69 rows=7 width=4) (actual time=1.132..40.826 rows=7 loops=1)
                                                                          Filter: (keyword = ANY ('{murder,violence,blood,gore,death,female-nudity,hospital}'::text[]))
                                                                          Rows Removed by Filter: 134163
                                                                    ->  Bitmap Heap Scan on movie_keyword mk  (cost=6.77..1072.28 rows=301 width=8) (actual time=2.784..14.515 rows=10959 loops=7)
                                                                          Recheck Cond: (keyword_id = k.id)
                                                                          Heap Blocks: exact=53234
                                                                          ->  Bitmap Index Scan on keyword_id_movie_keyword  (cost=0.00..6.69 rows=301 width=0) (actual time=1.425..1.425 rows=10959 loops=7)
                                                                                Index Cond: (keyword_id = k.id)
                                                              ->  Hash  (cost=2081.86..2081.86 rows=135086 width=12) (actual time=50.682..50.682 rows=135086 loops=1)
                                                                    Buckets: 262144  Batches: 1  Memory Usage: 7853kB
                                                                    ->  Seq Scan on complete_cast cc  (cost=0.00..2081.86 rows=135086 width=12) (actual time=0.009..26.973 rows=135086 loops=1)
                                                        ->  Hash  (cost=1.05..1.05 rows=1 width=4) (actual time=0.003..0.003 rows=1 loops=1)
                                                              Buckets: 1024  Batches: 1  Memory Usage: 9kB
                                                              ->  Seq Scan on comp_cast_type cct2  (cost=0.00..1.05 rows=1 width=4) (actual time=0.002..0.002 rows=1 loops=1)
                                                                    Filter: ((kind)::text = 'complete+verified'::text)
                                                                    Rows Removed by Filter: 3
                                                  ->  Hash  (cost=1.05..1.05 rows=2 width=4) (actual time=0.007..0.007 rows=2 loops=1)
                                                        Buckets: 1024  Batches: 1  Memory Usage: 9kB
                                                        ->  Seq Scan on comp_cast_type cct1  (cost=0.00..1.05 rows=2 width=4) (actual time=0.003..0.004 rows=2 loops=1)
                                                              Filter: ((kind)::text = ANY ('{cast,crew}'::text[]))
                                                              Rows Removed by Filter: 2
                                            ->  Index Scan using title_pkey on title t  (cost=0.43..0.86 rows=1 width=21) (actual time=0.003..0.003 rows=0 loops=16336)
                                                  Index Cond: (id = mk.movie_id)
                                                  Filter: ((production_year > 2000) AND ((title ~~ '%Freddy%'::text) OR (title ~~ '%Jason%'::text) OR (title ~~ 'Saw%'::text)))
                                                  Rows Removed by Filter: 1
                                      ->  Index Scan using movie_id_movie_info on movie_info mi  (cost=0.43..17.62 rows=1 width=52) (actual time=0.157..0.158 rows=2 loops=8)
                                            Index Cond: (movie_id = mk.movie_id)
                                            Filter: (info = ANY ('{Horror,Thriller}'::text[]))
                                            Rows Removed by Filter: 452
                                ->  Index Scan using info_type_pkey on info_type it1  (cost=0.14..0.16 rows=1 width=4) (actual time=0.003..0.003 rows=1 loops=12)
                                      Index Cond: (id = mi.info_type_id)
                                      Filter: ((info)::text = 'genres'::text)
                          ->  Index Scan using movie_id_movie_info_idx on movie_info_idx mi_idx  (cost=0.43..0.78 rows=3 width=14) (actual time=0.005..0.006 rows=3 loops=12)
                                Index Cond: (movie_id = mk.movie_id)
              ->  Index Scan using movie_id_cast_info on cast_info ci  (cost=0.56..29.05 rows=1 width=8) (actual time=0.044..0.101 rows=2 loops=12)
                    Index Cond: (movie_id = mk.movie_id)
                    Filter: (note = ANY ('{(writer),"(head writer)","(written by)",(story),"(story editor)"}'::text[]))
                    Rows Removed by Filter: 107
        ->  Index Scan using name_pkey on name n  (cost=0.43..1.09 rows=1 width=19) (actual time=0.004..0.004 rows=1 loops=28)
              Index Cond: (id = ci.person_id)
              Filter: ((gender)::text = 'm'::text)
Planning time: 71.115 ms
Execution time: 306.454 ms
