Aggregate  (cost=44893.11..44893.12 rows=1 width=128) (actual time=6526.057..6526.057 rows=1 loops=1)
  ->  Nested Loop  (cost=3781.76..44893.10 rows=1 width=82) (actual time=62.001..6514.124 rows=8024 loops=1)
        ->  Nested Loop  (cost=3781.61..44892.76 rows=2 width=86) (actual time=61.991..6488.198 rows=10485 loops=1)
              Join Filter: (t.id = mi.movie_id)
              ->  Hash Join  (cost=3781.18..44500.35 rows=22 width=58) (actual time=60.060..5526.680 rows=5777 loops=1)
                    Hash Cond: (cc.subject_id = cct1.id)
                    ->  Nested Loop  (cost=3780.12..44498.34 rows=90 width=62) (actual time=59.898..5521.380 rows=7165 loops=1)
                          ->  Nested Loop  (cost=3779.69..44262.71 rows=216 width=51) (actual time=59.176..5365.437 rows=11002 loops=1)
                                Join Filter: (t.id = ci.movie_id)
                                ->  Nested Loop  (cost=3779.12..31504.28 rows=439 width=43) (actual time=57.736..988.758 rows=16283 loops=1)
                                      Join Filter: (mi_idx.movie_id = t.id)
                                      ->  Nested Loop  (cost=3778.69..31126.96 rows=439 width=22) (actual time=57.713..803.033 rows=16283 loops=1)
                                            Join Filter: (it2.id = mi_idx.info_type_id)
                                            Rows Removed by Join Filter: 33372
                                            ->  Seq Scan on info_type it2  (cost=0.00..2.41 rows=1 width=4) (actual time=0.012..0.018 rows=1 loops=1)
                                                  Filter: ((info)::text = 'votes'::text)
                                                  Rows Removed by Filter: 112
                                            ->  Nested Loop  (cost=3778.69..30503.86 rows=49655 width=26) (actual time=57.698..792.819 rows=49655 loops=1)
                                                  ->  Hash Join  (cost=3778.26..17255.03 rows=16336 width=12) (actual time=57.672..594.753 rows=16336 loops=1)
                                                        Hash Cond: (cc.status_id = cct2.id)
                                                        ->  Hash Join  (cost=3777.20..16879.24 rows=36010 width=16) (actual time=57.588..582.930 rows=36010 loops=1)
                                                              Hash Cond: (mk.movie_id = cc.movie_id)
                                                              ->  Nested Loop  (cost=6.77..10991.68 rows=76714 width=4) (actual time=4.549..473.333 rows=76714 loops=1)
                                                                    ->  Seq Scan on keyword k  (cost=0.00..3464.69 rows=7 width=4) (actual time=1.208..45.685 rows=7 loops=1)
                                                                          Filter: (keyword = ANY ('{murder,violence,blood,gore,death,female-nudity,hospital}'::text[]))
                                                                          Rows Removed by Filter: 134163
                                                                    ->  Bitmap Heap Scan on movie_keyword mk  (cost=6.77..1072.28 rows=301 width=8) (actual time=3.025..58.844 rows=10959 loops=7)
                                                                          Recheck Cond: (keyword_id = k.id)
                                                                          Heap Blocks: exact=53234
                                                                          ->  Bitmap Index Scan on keyword_id_movie_keyword  (cost=0.00..6.69 rows=301 width=0) (actual time=1.653..1.653 rows=10959 loops=7)
                                                                                Index Cond: (keyword_id = k.id)
                                                              ->  Hash  (cost=2081.86..2081.86 rows=135086 width=12) (actual time=52.706..52.706 rows=135086 loops=1)
                                                                    Buckets: 262144  Batches: 1  Memory Usage: 7853kB
                                                                    ->  Seq Scan on complete_cast cc  (cost=0.00..2081.86 rows=135086 width=12) (actual time=0.015..28.769 rows=135086 loops=1)
                                                        ->  Hash  (cost=1.05..1.05 rows=1 width=4) (actual time=0.003..0.003 rows=1 loops=1)
                                                              Buckets: 1024  Batches: 1  Memory Usage: 9kB
                                                              ->  Seq Scan on comp_cast_type cct2  (cost=0.00..1.05 rows=1 width=4) (actual time=0.002..0.002 rows=1 loops=1)
                                                                    Filter: ((kind)::text = 'complete+verified'::text)
                                                                    Rows Removed by Filter: 3
                                                  ->  Index Scan using movie_id_movie_info_idx on movie_info_idx mi_idx  (cost=0.43..0.78 rows=3 width=14) (actual time=0.010..0.011 rows=3 loops=16336)
                                                        Index Cond: (movie_id = mk.movie_id)
                                      ->  Index Scan using title_pkey on title t  (cost=0.43..0.85 rows=1 width=21) (actual time=0.010..0.010 rows=1 loops=16283)
                                            Index Cond: (id = mk.movie_id)
                                ->  Index Scan using movie_id_cast_info on cast_info ci  (cost=0.56..29.05 rows=1 width=8) (actual time=0.213..0.268 rows=1 loops=16283)
                                      Index Cond: (movie_id = mk.movie_id)
                                      Filter: (note = ANY ('{(writer),"(head writer)","(written by)",(story),"(story editor)"}'::text[]))
                                      Rows Removed by Filter: 76
                          ->  Index Scan using name_pkey on name n  (cost=0.43..1.09 rows=1 width=19) (actual time=0.013..0.013 rows=1 loops=11002)
                                Index Cond: (id = ci.person_id)
                                Filter: ((gender)::text = 'm'::text)
                                Rows Removed by Filter: 0
                    ->  Hash  (cost=1.05..1.05 rows=1 width=4) (actual time=0.008..0.008 rows=1 loops=1)
                          Buckets: 1024  Batches: 1  Memory Usage: 9kB
                          ->  Seq Scan on comp_cast_type cct1  (cost=0.00..1.05 rows=1 width=4) (actual time=0.005..0.007 rows=1 loops=1)
                                Filter: ((kind)::text = 'cast'::text)
                                Rows Removed by Filter: 3
              ->  Index Scan using movie_id_movie_info on movie_info mi  (cost=0.43..17.82 rows=1 width=52) (actual time=0.152..0.165 rows=2 loops=5777)
                    Index Cond: (movie_id = mk.movie_id)
                    Filter: (info = ANY ('{Horror,Action,Sci-Fi,Thriller,Crime,War}'::text[]))
                    Rows Removed by Filter: 172
        ->  Index Scan using info_type_pkey on info_type it1  (cost=0.14..0.16 rows=1 width=4) (actual time=0.002..0.002 rows=1 loops=10485)
              Index Cond: (id = mi.info_type_id)
              Filter: ((info)::text = 'genres'::text)
              Rows Removed by Filter: 0
Planning time: 71.588 ms
Execution time: 6526.211 ms
