Aggregate  (cost=11265.15..11265.16 rows=1 width=128) (actual time=6255.853..6255.853 rows=1 loops=1)
  ->  Nested Loop  (cost=9.47..11265.14 rows=1 width=82) (actual time=9.852..6244.681 rows=8024 loops=1)
        Join Filter: (it1.id = mi.info_type_id)
        Rows Removed by Join Filter: 2461
        ->  Seq Scan on info_type it1  (cost=0.00..2.41 rows=1 width=4) (actual time=0.008..0.019 rows=1 loops=1)
              Filter: ((info)::text = 'genres'::text)
              Rows Removed by Filter: 112
        ->  Nested Loop  (cost=9.47..11262.71 rows=1 width=86) (actual time=9.842..6241.724 rows=10485 loops=1)
              Join Filter: (t.id = mi.movie_id)
              ->  Nested Loop  (cost=9.04..11244.87 rows=1 width=58) (actual time=7.222..5300.682 rows=5777 loops=1)
                    ->  Nested Loop  (cost=8.61..11243.78 rows=1 width=47) (actual time=6.528..5157.632 rows=8824 loops=1)
                          Join Filter: (t.id = ci.movie_id)
                          ->  Nested Loop  (cost=8.04..11214.72 rows=1 width=39) (actual time=4.769..1069.442 rows=12476 loops=1)
                                Join Filter: (mi_idx.movie_id = t.id)
                                ->  Nested Loop  (cost=7.61..11213.86 rows=1 width=18) (actual time=4.751..901.909 rows=12476 loops=1)
                                      Join Filter: (it2.id = mi_idx.info_type_id)
                                      Rows Removed by Join Filter: 25427
                                      ->  Seq Scan on info_type it2  (cost=0.00..2.41 rows=1 width=4) (actual time=0.011..0.014 rows=1 loops=1)
                                            Filter: ((info)::text = 'votes'::text)
                                            Rows Removed by Filter: 112
                                      ->  Nested Loop  (cost=7.61..11210.71 rows=59 width=22) (actual time=4.739..893.624 rows=37903 loops=1)
                                            ->  Nested Loop  (cost=7.19..11194.49 rows=20 width=8) (actual time=4.723..734.004 rows=12521 loops=1)
                                                  Join Filter: (cc.status_id = cct2.id)
                                                  Rows Removed by Join Filter: 12810
                                                  ->  Seq Scan on comp_cast_type cct2  (cost=0.00..1.05 rows=1 width=4) (actual time=0.002..0.002 rows=1 loops=1)
                                                        Filter: ((kind)::text = 'complete+verified'::text)
                                                        Rows Removed by Filter: 3
                                                  ->  Nested Loop  (cost=7.19..11192.42 rows=82 width=12) (actual time=4.585..728.128 rows=25331 loops=1)
                                                        Join Filter: (cct1.id = cc.subject_id)
                                                        Rows Removed by Join Filter: 10679
                                                        ->  Seq Scan on comp_cast_type cct1  (cost=0.00..1.05 rows=1 width=4) (actual time=0.001..0.005 rows=1 loops=1)
                                                              Filter: ((kind)::text = 'cast'::text)
                                                              Rows Removed by Filter: 3
                                                        ->  Nested Loop  (cost=7.19..11187.28 rows=327 width=16) (actual time=4.583..718.901 rows=36010 loops=1)
                                                              ->  Nested Loop  (cost=6.77..10991.68 rows=236 width=4) (actual time=4.482..470.501 rows=76714 loops=1)
                                                                    ->  Seq Scan on keyword k  (cost=0.00..3464.69 rows=7 width=4) (actual time=1.179..43.576 rows=7 loops=1)
                                                                          Filter: (keyword = ANY ('{murder,violence,blood,gore,death,female-nudity,hospital}'::text[]))
                                                                          Rows Removed by Filter: 134163
                                                                    ->  Bitmap Heap Scan on movie_keyword mk  (cost=6.77..1072.28 rows=301 width=8) (actual time=2.996..58.609 rows=10959 loops=7)
                                                                          Recheck Cond: (keyword_id = k.id)
                                                                          Heap Blocks: exact=53234
                                                                          ->  Bitmap Index Scan on keyword_id_movie_keyword  (cost=0.00..6.69 rows=301 width=0) (actual time=1.635..1.635 rows=10959 loops=7)
                                                                                Index Cond: (keyword_id = k.id)
                                                              ->  Index Scan using movie_id_complete_cast on complete_cast cc  (cost=0.42..0.81 rows=2 width=12) (actual time=0.002..0.003 rows=0 loops=76714)
                                                                    Index Cond: (movie_id = mk.movie_id)
                                            ->  Index Scan using movie_id_movie_info_idx on movie_info_idx mi_idx  (cost=0.43..0.78 rows=3 width=14) (actual time=0.010..0.011 rows=3 loops=12521)
                                                  Index Cond: (movie_id = mk.movie_id)
                                ->  Index Scan using title_pkey on title t  (cost=0.43..0.85 rows=1 width=21) (actual time=0.012..0.012 rows=1 loops=12476)
                                      Index Cond: (id = mk.movie_id)
                          ->  Index Scan using movie_id_cast_info on cast_info ci  (cost=0.56..29.05 rows=1 width=8) (actual time=0.260..0.327 rows=1 loops=12476)
                                Index Cond: (movie_id = mk.movie_id)
                                Filter: (note = ANY ('{(writer),"(head writer)","(written by)",(story),"(story editor)"}'::text[]))
                                Rows Removed by Filter: 78
                    ->  Index Scan using name_pkey on name n  (cost=0.43..1.09 rows=1 width=19) (actual time=0.015..0.015 rows=1 loops=8824)
                          Index Cond: (id = ci.person_id)
                          Filter: ((gender)::text = 'm'::text)
                          Rows Removed by Filter: 0
              ->  Index Scan using movie_id_movie_info on movie_info mi  (cost=0.43..17.82 rows=1 width=52) (actual time=0.149..0.162 rows=2 loops=5777)
                    Index Cond: (movie_id = mk.movie_id)
                    Filter: (info = ANY ('{Horror,Action,Sci-Fi,Thriller,Crime,War}'::text[]))
                    Rows Removed by Filter: 172
Planning time: 72.429 ms
Execution time: 6255.975 ms
