Aggregate  (cost=32890.87..32890.88 rows=1 width=128) (actual time=4990.706..4990.706 rows=1 loops=1)
  ->  Nested Loop  (cost=5.26..32890.86 rows=1 width=82) (actual time=0.967..4978.911 rows=8024 loops=1)
        Join Filter: (mi.movie_id = t.id)
        ->  Nested Loop  (cost=4.83..32890.00 rows=1 width=85) (actual time=0.943..4936.693 rows=8024 loops=1)
              ->  Nested Loop  (cost=4.42..32880.94 rows=13 width=89) (actual time=0.841..3855.602 rows=338545 loops=1)
                    Join Filter: (mi.movie_id = mk.movie_id)
                    ->  Nested Loop  (cost=3.98..32878.62 rows=1 width=81) (actual time=0.815..3639.174 rows=4385 loops=1)
                          ->  Nested Loop  (cost=3.55..32875.34 rows=3 width=70) (actual time=0.796..3554.524 rows=7247 loops=1)
                                Join Filter: (mi.movie_id = ci.movie_id)
                                ->  Nested Loop  (cost=2.99..32816.41 rows=2 width=62) (actual time=0.459..1471.744 rows=10291 loops=1)
                                      Join Filter: (it1.id = mi.info_type_id)
                                      Rows Removed by Join Filter: 1903
                                      ->  Seq Scan on info_type it1  (cost=0.00..2.41 rows=1 width=4) (actual time=0.009..0.021 rows=1 loops=1)
                                            Filter: ((info)::text = 'genres'::text)
                                            Rows Removed by Filter: 112
                                      ->  Nested Loop  (cost=2.99..32811.62 rows=190 width=66) (actual time=0.449..1467.388 rows=12194 loops=1)
                                            ->  Nested Loop  (cost=2.55..24305.31 rows=469 width=14) (actual time=0.066..201.712 rows=17018 loops=1)
                                                  Join Filter: (it2.id = mi_idx.info_type_id)
                                                  Rows Removed by Join Filter: 34231
                                                  ->  Seq Scan on info_type it2  (cost=0.00..2.41 rows=1 width=4) (actual time=0.011..0.015 rows=1 loops=1)
                                                        Filter: ((info)::text = 'votes'::text)
                                                        Rows Removed by Filter: 112
                                                  ->  Nested Loop  (cost=2.55..23639.95 rows=53036 width=18) (actual time=0.054..192.184 rows=51249 loops=1)
                                                        ->  Hash Join  (cost=2.12..3745.63 rows=17879 width=4) (actual time=0.033..54.314 rows=17879 loops=1)
                                                              Hash Cond: (cc.subject_id = cct1.id)
                                                              ->  Hash Join  (cost=1.06..3488.66 rows=24592 width=8) (actual time=0.021..46.786 rows=24592 loops=1)
                                                                    Hash Cond: (cc.status_id = cct2.id)
                                                                    ->  Seq Scan on complete_cast cc  (cost=0.00..2081.86 rows=135086 width=12) (actual time=0.012..21.055 rows=135086 loops=1)
                                                                    ->  Hash  (cost=1.05..1.05 rows=1 width=4) (actual time=0.003..0.003 rows=1 loops=1)
                                                                          Buckets: 1024  Batches: 1  Memory Usage: 9kB
                                                                          ->  Seq Scan on comp_cast_type cct2  (cost=0.00..1.05 rows=1 width=4) (actual time=0.002..0.002 rows=1 loops=1)
                                                                                Filter: ((kind)::text = 'complete+verified'::text)
                                                                                Rows Removed by Filter: 3
                                                              ->  Hash  (cost=1.05..1.05 rows=1 width=4) (actual time=0.005..0.005 rows=1 loops=1)
                                                                    Buckets: 1024  Batches: 1  Memory Usage: 9kB
                                                                    ->  Seq Scan on comp_cast_type cct1  (cost=0.00..1.05 rows=1 width=4) (actual time=0.002..0.003 rows=1 loops=1)
                                                                          Filter: ((kind)::text = 'cast'::text)
                                                                          Rows Removed by Filter: 3
                                                        ->  Index Scan using movie_id_movie_info_idx on movie_info_idx mi_idx  (cost=0.43..1.08 rows=3 width=14) (actual time=0.006..0.007 rows=3 loops=17879)
                                                              Index Cond: (movie_id = cc.movie_id)
                                            ->  Index Scan using movie_id_movie_info on movie_info mi  (cost=0.43..18.13 rows=1 width=52) (actual time=0.071..0.074 rows=1 loops=17018)
                                                  Index Cond: (movie_id = mi_idx.movie_id)
                                                  Filter: (info = ANY ('{Horror,Action,Sci-Fi,Thriller,Crime,War}'::text[]))
                                                  Rows Removed by Filter: 71
                                ->  Index Scan using movie_id_cast_info on cast_info ci  (cost=0.56..29.45 rows=1 width=8) (actual time=0.161..0.202 rows=1 loops=10291)
                                      Index Cond: (movie_id = mi_idx.movie_id)
                                      Filter: (note = ANY ('{(writer),"(head writer)","(written by)",(story),"(story editor)"}'::text[]))
                                      Rows Removed by Filter: 66
                          ->  Index Scan using name_pkey on name n  (cost=0.43..1.09 rows=1 width=19) (actual time=0.011..0.011 rows=1 loops=7247)
                                Index Cond: (id = ci.person_id)
                                Filter: ((gender)::text = 'm'::text)
                                Rows Removed by Filter: 0
                    ->  Index Scan using movie_id_movie_keyword on movie_keyword mk  (cost=0.43..1.75 rows=46 width=8) (actual time=0.009..0.026 rows=77 loops=4385)
                          Index Cond: (movie_id = mi_idx.movie_id)
              ->  Index Scan using keyword_pkey on keyword k  (cost=0.42..0.69 rows=1 width=4) (actual time=0.003..0.003 rows=0 loops=338545)
                    Index Cond: (id = mk.keyword_id)
                    Filter: (keyword = ANY ('{murder,violence,blood,gore,death,female-nudity,hospital}'::text[]))
                    Rows Removed by Filter: 1
        ->  Index Scan using title_pkey on title t  (cost=0.43..0.85 rows=1 width=21) (actual time=0.004..0.004 rows=1 loops=8024)
              Index Cond: (id = mk.movie_id)
Planning time: 72.202 ms
Execution time: 4990.832 ms
