Aggregate  (cost=11369.44..11369.45 rows=1 width=128) (actual time=4019.583..4019.583 rows=1 loops=1)
  ->  Nested Loop  (cost=9.90..11369.43 rows=1 width=82) (actual time=39.757..4017.506 rows=1273 loops=1)
        Join Filter: (mi.movie_id = t.id)
        ->  Nested Loop  (cost=9.47..11368.29 rows=1 width=85) (actual time=39.731..4010.040 rows=1273 loops=1)
              ->  Nested Loop  (cost=9.04..11366.93 rows=1 width=74) (actual time=39.701..3997.680 rows=1556 loops=1)
                    Join Filter: (mi.info_type_id = it1.id)
                    Rows Removed by Join Filter: 60
                    ->  Nested Loop  (cost=9.04..11364.51 rows=1 width=78) (actual time=39.689..3990.036 rows=1616 loops=1)
                          Join Filter: (mi_idx.movie_id = mi.movie_id)
                          ->  Nested Loop  (cost=8.61..11341.65 rows=1 width=26) (actual time=14.023..3865.980 rows=1471 loops=1)
                                Join Filter: (mi_idx.movie_id = ci.movie_id)
                                ->  Nested Loop  (cost=8.04..11308.63 rows=1 width=18) (actual time=13.903..3473.797 rows=1547 loops=1)
                                      ->  Nested Loop  (cost=7.62..11275.16 rows=34 width=22) (actual time=4.712..1721.821 rows=598256 loops=1)
                                            Join Filter: (mi_idx.movie_id = mc.movie_id)
                                            ->  Nested Loop  (cost=7.19..11261.89 rows=6 width=14) (actual time=4.691..922.959 rows=63701 loops=1)
                                                  Join Filter: (mi_idx.info_type_id = it2.id)
                                                  Rows Removed by Join Filter: 127988
                                                  ->  Seq Scan on info_type it2  (cost=0.00..2.41 rows=1 width=4) (actual time=0.017..0.021 rows=1 loops=1)
                                                        Filter: ((info)::text = 'votes'::text)
                                                        Rows Removed by Filter: 112
                                                  ->  Nested Loop  (cost=7.19..11250.73 rows=700 width=18) (actual time=4.672..893.697 rows=191689 loops=1)
                                                        ->  Nested Loop  (cost=6.77..10991.68 rows=236 width=4) (actual time=4.646..462.078 rows=76714 loops=1)
                                                              ->  Seq Scan on keyword k  (cost=0.00..3464.69 rows=7 width=4) (actual time=1.220..45.398 rows=7 loops=1)
                                                                    Filter: (keyword = ANY ('{murder,violence,blood,gore,death,female-nudity,hospital}'::text[]))
                                                                    Rows Removed by Filter: 134163
                                                              ->  Bitmap Heap Scan on movie_keyword mk  (cost=6.77..1072.28 rows=301 width=8) (actual time=3.089..57.158 rows=10959 loops=7)
                                                                    Recheck Cond: (keyword_id = k.id)
                                                                    Heap Blocks: exact=53234
                                                                    ->  Bitmap Index Scan on keyword_id_movie_keyword  (cost=0.00..6.69 rows=301 width=0) (actual time=1.708..1.708 rows=10959 loops=7)
                                                                          Index Cond: (keyword_id = k.id)
                                                        ->  Index Scan using movie_id_movie_info_idx on movie_info_idx mi_idx  (cost=0.43..1.07 rows=3 width=14) (actual time=0.004..0.005 rows=2 loops=76714)
                                                              Index Cond: (movie_id = mk.movie_id)
                                            ->  Index Scan using movie_id_movie_companies on movie_companies mc  (cost=0.43..2.15 rows=5 width=8) (actual time=0.005..0.010 rows=9 loops=63701)
                                                  Index Cond: (movie_id = mk.movie_id)
                                      ->  Index Scan using company_name_pkey on company_name cn  (cost=0.42..0.98 rows=1 width=4) (actual time=0.003..0.003 rows=0 loops=598256)
                                            Index Cond: (id = mc.company_id)
                                            Filter: (name ~~ 'Lionsgate%'::text)
                                            Rows Removed by Filter: 1
                                ->  Index Scan using movie_id_cast_info on cast_info ci  (cost=0.56..33.00 rows=1 width=8) (actual time=0.183..0.253 rows=1 loops=1547)
                                      Index Cond: (movie_id = mk.movie_id)
                                      Filter: (note = ANY ('{(writer),"(head writer)","(written by)",(story),"(story editor)"}'::text[]))
                                      Rows Removed by Filter: 119
                          ->  Index Scan using movie_id_movie_info on movie_info mi  (cost=0.43..22.85 rows=1 width=52) (actual time=0.082..0.083 rows=1 loops=1471)
                                Index Cond: (movie_id = mk.movie_id)
                                Filter: (info = ANY ('{Horror,Thriller}'::text[]))
                                Rows Removed by Filter: 173
                    ->  Seq Scan on info_type it1  (cost=0.00..2.41 rows=1 width=4) (actual time=0.003..0.004 rows=1 loops=1616)
                          Filter: ((info)::text = 'genres'::text)
                          Rows Removed by Filter: 6
              ->  Index Scan using name_pkey on name n  (cost=0.43..1.36 rows=1 width=19) (actual time=0.007..0.007 rows=1 loops=1556)
                    Index Cond: (id = ci.person_id)
                    Filter: ((gender)::text = 'm'::text)
                    Rows Removed by Filter: 0
        ->  Index Scan using title_pkey on title t  (cost=0.43..1.13 rows=1 width=21) (actual time=0.005..0.005 rows=1 loops=1273)
              Index Cond: (id = mk.movie_id)
Planning time: 45.990 ms
Execution time: 4019.725 ms
