Aggregate  (cost=72256.95..72256.96 rows=1 width=128) (actual time=248.011..248.011 rows=1 loops=1)
  ->  Nested Loop  (cost=3467.93..72256.94 rows=1 width=82) (actual time=41.378..246.588 rows=1273 loops=1)
        Join Filter: (mi.movie_id = t.id)
        ->  Hash Join  (cost=3467.50..72255.80 rows=1 width=85) (actual time=41.366..242.671 rows=1273 loops=1)
              Hash Cond: (mk.keyword_id = k.id)
              ->  Nested Loop  (cost=2.72..68483.84 rows=24332 width=89) (actual time=1.467..197.285 rows=47262 loops=1)
                    Join Filter: (mi.movie_id = mk.movie_id)
                    ->  Nested Loop  (cost=2.29..67361.18 rows=439 width=81) (actual time=1.456..173.938 rows=439 loops=1)
                          ->  Nested Loop  (cost=1.86..66569.04 rows=588 width=70) (actual time=1.348..170.664 rows=588 loops=1)
                                Join Filter: (mi.movie_id = ci.movie_id)
                                ->  Nested Loop  (cost=1.29..44666.84 rows=661 width=62) (actual time=1.118..95.755 rows=661 loops=1)
                                      Join Filter: (mi.info_type_id = it1.id)
                                      Rows Removed by Join Filter: 22
                                      ->  Seq Scan on info_type it1  (cost=0.00..2.41 rows=1 width=4) (actual time=0.010..0.021 rows=1 loops=1)
                                            Filter: ((info)::text = 'genres'::text)
                                            Rows Removed by Filter: 112
                                      ->  Nested Loop  (cost=1.29..44655.89 rows=683 width=66) (actual time=1.107..95.509 rows=683 loops=1)
                                            Join Filter: (mi_idx.movie_id = mi.movie_id)
                                            ->  Nested Loop  (cost=0.86..11400.59 rows=1449 width=14) (actual time=0.718..45.004 rows=1449 loops=1)
                                                  Join Filter: (mi_idx.info_type_id = it2.id)
                                                  Rows Removed by Join Filter: 2921
                                                  ->  Seq Scan on info_type it2  (cost=0.00..2.41 rows=1 width=4) (actual time=0.011..0.015 rows=1 loops=1)
                                                        Filter: ((info)::text = 'votes'::text)
                                                        Rows Removed by Filter: 112
                                                  ->  Nested Loop  (cost=0.86..11343.55 rows=4370 width=18) (actual time=0.705..44.315 rows=4370 loops=1)
                                                        ->  Nested Loop  (cost=0.43..9341.34 rows=1814 width=4) (actual time=0.697..35.798 rows=1814 loops=1)
                                                              ->  Seq Scan on company_name cn  (cost=0.00..5932.46 rows=10 width=4) (actual time=0.681..33.587 rows=10 loops=1)
                                                                    Filter: (name ~~ 'Lionsgate%'::text)
                                                                    Rows Removed by Filter: 234987
                                                              ->  Index Scan using company_id_movie_companies on movie_companies mc  (cost=0.43..339.57 rows=132 width=8) (actual time=0.009..0.182 rows=181 loops=10)
                                                                    Index Cond: (company_id = cn.id)
                                                        ->  Index Scan using movie_id_movie_info_idx on movie_info_idx mi_idx  (cost=0.43..1.07 rows=3 width=14) (actual time=0.003..0.004 rows=2 loops=1814)
                                                              Index Cond: (movie_id = mc.movie_id)
                                            ->  Index Scan using movie_id_movie_info on movie_info mi  (cost=0.43..22.94 rows=1 width=52) (actual time=0.034..0.034 rows=0 loops=1449)
                                                  Index Cond: (movie_id = mc.movie_id)
                                                  Filter: (info = ANY ('{Horror,Thriller}'::text[]))
                                                  Rows Removed by Filter: 75
                                ->  Index Scan using movie_id_cast_info on cast_info ci  (cost=0.56..33.12 rows=1 width=8) (actual time=0.084..0.113 rows=1 loops=661)
                                      Index Cond: (movie_id = mc.movie_id)
                                      Filter: (note = ANY ('{(writer),"(head writer)","(written by)",(story),"(story editor)"}'::text[]))
                                      Rows Removed by Filter: 93
                          ->  Index Scan using name_pkey on name n  (cost=0.43..1.35 rows=1 width=19) (actual time=0.005..0.005 rows=1 loops=588)
                                Index Cond: (id = ci.person_id)
                                Filter: ((gender)::text = 'm'::text)
                                Rows Removed by Filter: 0
                    ->  Index Scan using movie_id_movie_keyword on movie_keyword mk  (cost=0.43..1.98 rows=46 width=8) (actual time=0.005..0.025 rows=108 loops=439)
                          Index Cond: (movie_id = mc.movie_id)
              ->  Hash  (cost=3464.69..3464.69 rows=7 width=4) (actual time=39.883..39.883 rows=7 loops=1)
                    Buckets: 1024  Batches: 1  Memory Usage: 9kB
                    ->  Seq Scan on keyword k  (cost=0.00..3464.69 rows=7 width=4) (actual time=1.099..39.879 rows=7 loops=1)
                          Filter: (keyword = ANY ('{murder,violence,blood,gore,death,female-nudity,hospital}'::text[]))
                          Rows Removed by Filter: 134163
        ->  Index Scan using title_pkey on title t  (cost=0.43..1.13 rows=1 width=21) (actual time=0.002..0.002 rows=1 loops=1273)
              Index Cond: (id = mk.movie_id)
Planning time: 43.305 ms
Execution time: 248.132 ms
