Aggregate  (cost=10237.97..10237.98 rows=1 width=128) (actual time=244.004..244.004 rows=1 loops=1)
  ->  Nested Loop  (cost=3.57..10237.96 rows=1 width=82) (actual time=3.404..243.877 rows=84 loops=1)
        ->  Nested Loop  (cost=3.14..10236.61 rows=1 width=71) (actual time=3.397..243.553 rows=84 loops=1)
              ->  Nested Loop  (cost=2.72..10235.50 rows=1 width=75) (actual time=1.084..233.675 rows=2686 loops=1)
                    Join Filter: (mi.info_type_id = it1.id)
                    ->  Nested Loop  (cost=2.72..10233.07 rows=1 width=79) (actual time=1.078..223.710 rows=2686 loops=1)
                          Join Filter: (t.id = mi.movie_id)
                          ->  Nested Loop  (cost=2.28..10210.21 rows=1 width=51) (actual time=0.990..88.573 rows=1591 loops=1)
                                Join Filter: (t.id = ci.movie_id)
                                ->  Nested Loop  (cost=1.72..10177.19 rows=1 width=43) (actual time=0.912..35.838 rows=894 loops=1)
                                      Join Filter: (t.id = mk.movie_id)
                                      ->  Nested Loop  (cost=1.29..10174.60 rows=1 width=35) (actual time=0.900..35.088 rows=7 loops=1)
                                            ->  Nested Loop  (cost=0.86..10012.97 rows=134 width=14) (actual time=0.690..34.466 rows=134 loops=1)
                                                  Join Filter: (mi_idx.info_type_id = it2.id)
                                                  Rows Removed by Join Filter: 278
                                                  ->  Seq Scan on info_type it2  (cost=0.00..2.41 rows=1 width=4) (actual time=0.019..0.021 rows=1 loops=1)
                                                        Filter: ((info)::text = 'votes'::text)
                                                        Rows Removed by Filter: 112
                                                  ->  Nested Loop  (cost=0.86..10005.40 rows=412 width=18) (actual time=0.669..34.385 rows=412 loops=1)
                                                        ->  Nested Loop  (cost=0.43..9331.54 rows=135 width=4) (actual time=0.662..33.669 rows=135 loops=1)
                                                              ->  Seq Scan on company_name cn  (cost=0.00..5932.46 rows=10 width=4) (actual time=0.639..32.235 rows=10 loops=1)
                                                                    Filter: (name ~~ 'Lionsgate%'::text)
                                                                    Rows Removed by Filter: 234987
                                                              ->  Index Scan using company_id_movie_companies on movie_companies mc  (cost=0.43..339.90 rows=1 width=8) (actual time=0.041..0.140 rows=14 loops=10)
                                                                    Index Cond: (company_id = cn.id)
                                                                    Filter: (note ~~ '%(Blu-ray)%'::text)
                                                                    Rows Removed by Filter: 168
                                                        ->  Index Scan using movie_id_movie_info_idx on movie_info_idx mi_idx  (cost=0.43..4.96 rows=3 width=14) (actual time=0.004..0.004 rows=3 loops=135)
                                                              Index Cond: (movie_id = mc.movie_id)
                                            ->  Index Scan using title_pkey on title t  (cost=0.43..1.21 rows=1 width=21) (actual time=0.004..0.004 rows=0 loops=134)
                                                  Index Cond: (id = mi_idx.movie_id)
                                                  Filter: ((production_year > 2000) AND ((title ~~ '%Freddy%'::text) OR (title ~~ '%Jason%'::text) OR (title ~~ 'Saw%'::text)))
                                                  Rows Removed by Filter: 1
                                      ->  Index Scan using movie_id_movie_keyword on movie_keyword mk  (cost=0.43..2.02 rows=46 width=8) (actual time=0.007..0.060 rows=128 loops=7)
                                            Index Cond: (movie_id = mi_idx.movie_id)
                                ->  Index Scan using movie_id_cast_info on cast_info ci  (cost=0.56..33.00 rows=1 width=8) (actual time=0.043..0.058 rows=2 loops=894)
                                      Index Cond: (movie_id = mk.movie_id)
                                      Filter: (note = ANY ('{(writer),"(head writer)","(written by)",(story),"(story editor)"}'::text[]))
                                      Rows Removed by Filter: 86
                          ->  Index Scan using movie_id_movie_info on movie_info mi  (cost=0.43..22.85 rows=1 width=52) (actual time=0.084..0.084 rows=2 loops=1591)
                                Index Cond: (movie_id = mk.movie_id)
                                Filter: (info = ANY ('{Horror,Thriller}'::text[]))
                                Rows Removed by Filter: 275
                    ->  Seq Scan on info_type it1  (cost=0.00..2.41 rows=1 width=4) (actual time=0.003..0.003 rows=1 loops=2686)
                          Filter: ((info)::text = 'genres'::text)
                          Rows Removed by Filter: 2
              ->  Index Scan using keyword_pkey on keyword k  (cost=0.42..0.97 rows=1 width=4) (actual time=0.003..0.003 rows=0 loops=2686)
                    Index Cond: (id = mk.keyword_id)
                    Filter: (keyword = ANY ('{murder,violence,blood,gore,death,female-nudity,hospital}'::text[]))
                    Rows Removed by Filter: 1
        ->  Index Scan using name_pkey on name n  (cost=0.43..1.35 rows=1 width=19) (actual time=0.003..0.003 rows=1 loops=84)
              Index Cond: (id = ci.person_id)
              Filter: ((gender)::text = 'm'::text)
Planning time: 47.051 ms
Execution time: 244.151 ms
