Aggregate  (cost=9567.08..9567.09 rows=1 width=128) (actual time=620.273..620.273 rows=1 loops=1)
  ->  Nested Loop  (cost=3.57..9567.07 rows=1 width=82) (actual time=1.485..616.724 rows=2825 loops=1)
        Join Filter: (mi.movie_id = t.id)
        ->  Nested Loop  (cost=3.14..9565.93 rows=1 width=85) (actual time=1.476..608.167 rows=2825 loops=1)
              ->  Nested Loop  (cost=2.71..9564.59 rows=1 width=74) (actual time=1.465..597.670 rows=2825 loops=1)
                    Join Filter: (mi.info_type_id = it1.id)
                    Rows Removed by Join Filter: 182
                    ->  Nested Loop  (cost=2.71..9562.16 rows=1 width=78) (actual time=1.460..583.993 rows=3007 loops=1)
                          Join Filter: (mi_idx.movie_id = mi.movie_id)
                          ->  Nested Loop  (cost=2.27..9539.10 rows=1 width=26) (actual time=1.054..470.239 rows=1471 loops=1)
                                Join Filter: (mi_idx.movie_id = ci.movie_id)
                                ->  Nested Loop  (cost=1.71..9506.08 rows=1 width=18) (actual time=0.996..310.175 rows=1547 loops=1)
                                      ->  Nested Loop  (cost=1.29..9477.71 rows=29 width=22) (actual time=0.794..92.787 rows=72391 loops=1)
                                            ->  Nested Loop  (cost=0.86..9470.27 rows=3 width=14) (actual time=0.784..49.283 rows=1449 loops=1)
                                                  Join Filter: (mi_idx.info_type_id = it2.id)
                                                  Rows Removed by Join Filter: 2921
                                                  ->  Seq Scan on info_type it2  (cost=0.00..2.41 rows=1 width=4) (actual time=0.017..0.019 rows=1 loops=1)
                                                        Filter: ((info)::text = 'votes'::text)
                                                        Rows Removed by Filter: 112
                                                  ->  Nested Loop  (cost=0.86..9463.85 rows=320 width=18) (actual time=0.764..48.580 rows=4370 loops=1)
                                                        ->  Nested Loop  (cost=0.43..9341.34 rows=111 width=4) (actual time=0.753..38.789 rows=1814 loops=1)
                                                              ->  Seq Scan on company_name cn  (cost=0.00..5932.46 rows=10 width=4) (actual time=0.713..35.704 rows=10 loops=1)
                                                                    Filter: (name ~~ 'Lionsgate%'::text)
                                                                    Rows Removed by Filter: 234987
                                                              ->  Index Scan using company_id_movie_companies on movie_companies mc  (cost=0.43..339.57 rows=132 width=8) (actual time=0.012..0.269 rows=181 loops=10)
                                                                    Index Cond: (company_id = cn.id)
                                                        ->  Index Scan using movie_id_movie_info_idx on movie_info_idx mi_idx  (cost=0.43..1.07 rows=3 width=14) (actual time=0.004..0.005 rows=2 loops=1814)
                                                              Index Cond: (movie_id = mc.movie_id)
                                            ->  Index Scan using movie_id_movie_keyword on movie_keyword mk  (cost=0.43..2.02 rows=46 width=8) (actual time=0.005..0.020 rows=50 loops=1449)
                                                  Index Cond: (movie_id = mi_idx.movie_id)
                                      ->  Index Scan using keyword_pkey on keyword k  (cost=0.42..0.97 rows=1 width=4) (actual time=0.003..0.003 rows=0 loops=72391)
                                            Index Cond: (id = mk.keyword_id)
                                            Filter: (keyword = ANY ('{murder,violence,blood,gore,death,female-nudity,hospital}'::text[]))
                                            Rows Removed by Filter: 1
                                ->  Index Scan using movie_id_cast_info on cast_info ci  (cost=0.56..33.00 rows=1 width=8) (actual time=0.072..0.103 rows=1 loops=1547)
                                      Index Cond: (movie_id = mk.movie_id)
                                      Filter: (note = ANY ('{(writer),"(head writer)","(written by)",(story),"(story editor)"}'::text[]))
                                      Rows Removed by Filter: 119
                          ->  Index Scan using movie_id_movie_info on movie_info mi  (cost=0.43..23.05 rows=1 width=52) (actual time=0.073..0.076 rows=2 loops=1471)
                                Index Cond: (movie_id = mk.movie_id)
                                Filter: (info = ANY ('{Horror,Action,Sci-Fi,Thriller,Crime,War}'::text[]))
                                Rows Removed by Filter: 172
                    ->  Seq Scan on info_type it1  (cost=0.00..2.41 rows=1 width=4) (actual time=0.003..0.004 rows=1 loops=3007)
                          Filter: ((info)::text = 'genres'::text)
                          Rows Removed by Filter: 9
              ->  Index Scan using name_pkey on name n  (cost=0.43..1.34 rows=1 width=19) (actual time=0.003..0.003 rows=1 loops=2825)
                    Index Cond: (id = ci.person_id)
        ->  Index Scan using title_pkey on title t  (cost=0.43..1.13 rows=1 width=21) (actual time=0.002..0.002 rows=1 loops=2825)
              Index Cond: (id = mk.movie_id)
Planning time: 45.576 ms
Execution time: 620.390 ms
