Aggregate  (cost=97596.77..97596.78 rows=1 width=96) (actual time=13.259..13.259 rows=1 loops=1)
  ->  Hash Join  (cost=92895.85..97371.82 rows=29993 width=46) (actual time=13.257..13.257 rows=0 loops=1)
        Hash Cond: (ml.link_type_id = lt.id)
        ->  Hash Join  (cost=92894.44..97006.54 rows=29993 width=38) (actual time=13.241..13.241 rows=0 loops=1)
              Hash Cond: (ml.linked_movie_id = t2.id)
              ->  Nested Loop  (cost=7.48..3740.89 rows=29995 width=25) (actual time=13.241..13.241 rows=0 loops=1)
                    ->  Nested Loop  (cost=7.20..3740.47 rows=1 width=25) (actual time=12.951..13.237 rows=1 loops=1)
                          ->  Nested Loop  (cost=6.77..3739.98 rows=1 width=4) (actual time=12.945..13.232 rows=1 loops=1)
                                ->  Seq Scan on keyword k  (cost=0.00..2626.12 rows=1 width=4) (actual time=12.934..13.220 rows=1 loops=1)
                                      Filter: (keyword = '10,000-mile-club'::text)
                                      Rows Removed by Filter: 134169
                                ->  Bitmap Heap Scan on movie_keyword mk  (cost=6.77..1110.84 rows=301 width=8) (actual time=0.009..0.009 rows=1 loops=1)
                                      Recheck Cond: (keyword_id = k.id)
                                      Heap Blocks: exact=1
                                      ->  Bitmap Index Scan on keyword_id_movie_keyword  (cost=0.00..6.69 rows=301 width=0) (actual time=0.006..0.006 rows=1 loops=1)
                                            Index Cond: (keyword_id = k.id)
                          ->  Index Scan using title_pkey on title t1  (cost=0.43..0.49 rows=1 width=21) (actual time=0.004..0.004 rows=1 loops=1)
                                Index Cond: (id = mk.movie_id)
                    ->  Index Scan using movie_id_movie_link on movie_link ml  (cost=0.29..0.38 rows=5 width=12) (actual time=0.003..0.003 rows=0 loops=1)
                          Index Cond: (movie_id = t1.id)
              ->  Hash  (cost=61283.06..61283.06 rows=2528312 width=21) (never executed)
                    ->  Seq Scan on title t2  (cost=0.00..61283.06 rows=2528312 width=21) (never executed)
        ->  Hash  (cost=1.18..1.18 rows=18 width=16) (actual time=0.012..0.012 rows=18 loops=1)
              Buckets: 1024  Batches: 1  Memory Usage: 9kB
              ->  Seq Scan on link_type lt  (cost=0.00..1.18 rows=18 width=16) (actual time=0.004..0.007 rows=18 loops=1)
Planning time: 1.718 ms
Execution time: 13.316 ms
