Aggregate  (cost=9445428.21..9445428.22 rows=1 width=96) (actual time=249.545..249.545 rows=1 loops=1)
  ->  Hash Join  (cost=10251.01..33813.99 rows=1254881896 width=46) (actual time=165.832..246.011 rows=4388 loops=1)
        Hash Cond: (ml.link_type_id = lt.id)
        ->  Nested Loop  (cost=10249.60..33759.35 rows=4388 width=38) (actual time=165.812..244.286 rows=4388 loops=1)
              ->  Hash Join  (cost=10249.17..14144.25 rows=4388 width=25) (actual time=165.795..223.464 rows=4388 loops=1)
                    Hash Cond: (mk.movie_id = t1.id)
                    ->  Nested Loop  (cost=6.77..3739.98 rows=41840 width=4) (actual time=6.391..57.000 rows=41840 loops=1)
                          ->  Seq Scan on keyword k  (cost=0.00..2626.12 rows=1 width=4) (actual time=0.697..16.198 rows=1 loops=1)
                                Filter: (keyword = 'character-name-in-title'::text)
                                Rows Removed by Filter: 134169
                          ->  Bitmap Heap Scan on movie_keyword mk  (cost=6.77..1110.84 rows=301 width=8) (actual time=5.691..34.172 rows=41840 loops=1)
                                Recheck Cond: (keyword_id = k.id)
                                Heap Blocks: exact=11541
                                ->  Bitmap Index Scan on keyword_id_movie_keyword  (cost=0.00..6.69 rows=301 width=0) (actual time=3.552..3.552 rows=41840 loops=1)
                                      Index Cond: (keyword_id = k.id)
                    ->  Hash  (cost=9867.45..9867.45 rows=29997 width=33) (actual time=159.354..159.354 rows=29997 loops=1)
                          Buckets: 32768  Batches: 1  Memory Usage: 2307kB
                          ->  Merge Join  (cost=0.99..9867.45 rows=29997 width=33) (actual time=0.018..152.538 rows=29997 loops=1)
                                Merge Cond: (ml.movie_id = t1.id)
                                ->  Index Scan using movie_id_movie_link on movie_link ml  (cost=0.29..959.51 rows=29997 width=12) (actual time=0.008..7.661 rows=29997 loops=1)
                                ->  Index Scan using title_pkey on title t1  (cost=0.43..110309.25 rows=2528312 width=21) (actual time=0.004..117.350 rows=186175 loops=1)
              ->  Index Scan using title_pkey on title t2  (cost=0.43..4.47 rows=1 width=21) (actual time=0.004..0.004 rows=1 loops=4388)
                    Index Cond: (id = ml.linked_movie_id)
        ->  Hash  (cost=1.18..1.18 rows=18 width=16) (actual time=0.014..0.014 rows=18 loops=1)
              Buckets: 1024  Batches: 1  Memory Usage: 9kB
              ->  Seq Scan on link_type lt  (cost=0.00..1.18 rows=18 width=16) (actual time=0.005..0.008 rows=18 loops=1)
Planning time: 1.909 ms
Execution time: 249.642 ms
