Aggregate  (cost=9519830.53..9519830.54 rows=1 width=96) (actual time=1575.843..1575.843 rows=1 loops=1)
  ->  Hash Join  (cost=97152.34..108216.31 rows=1254881896 width=46) (actual time=1396.218..1572.919 rows=4388 loops=1)
        Hash Cond: (t1.id = mk.movie_id)
        ->  Hash Join  (cost=92889.36..103498.45 rows=29995 width=54) (actual time=1324.672..1501.187 rows=29997 loops=1)
              Hash Cond: (ml.linked_movie_id = t2.id)
              ->  Hash Join  (cost=2.40..10232.78 rows=29997 width=41) (actual time=0.064..161.929 rows=29997 loops=1)
                    Hash Cond: (ml.link_type_id = lt.id)
                    ->  Merge Join  (cost=0.99..9867.45 rows=29997 width=33) (actual time=0.032..153.668 rows=29997 loops=1)
                          Merge Cond: (ml.movie_id = t1.id)
                          ->  Index Scan using movie_id_movie_link on movie_link ml  (cost=0.29..959.51 rows=29997 width=12) (actual time=0.012..8.509 rows=29997 loops=1)
                          ->  Index Scan using title_pkey on title t1  (cost=0.43..110309.25 rows=2528312 width=21) (actual time=0.014..118.114 rows=186175 loops=1)
                    ->  Hash  (cost=1.18..1.18 rows=18 width=16) (actual time=0.015..0.015 rows=18 loops=1)
                          Buckets: 1024  Batches: 1  Memory Usage: 9kB
                          ->  Seq Scan on link_type lt  (cost=0.00..1.18 rows=18 width=16) (actual time=0.006..0.008 rows=18 loops=1)
              ->  Hash  (cost=61283.06..61283.06 rows=2528312 width=21) (actual time=1313.598..1313.598 rows=2528312 loops=1)
                    Buckets: 4194304  Batches: 1  Memory Usage: 168637kB
                    ->  Seq Scan on title t2  (cost=0.00..61283.06 rows=2528312 width=21) (actual time=0.020..573.099 rows=2528312 loops=1)
        ->  Hash  (cost=3739.98..3739.98 rows=41840 width=4) (actual time=66.023..66.023 rows=41840 loops=1)
              Buckets: 65536  Batches: 1  Memory Usage: 1983kB
              ->  Nested Loop  (cost=6.77..3739.98 rows=41840 width=4) (actual time=6.705..58.264 rows=41840 loops=1)
                    ->  Seq Scan on keyword k  (cost=0.00..2626.12 rows=1 width=4) (actual time=0.708..16.247 rows=1 loops=1)
                          Filter: (keyword = 'character-name-in-title'::text)
                          Rows Removed by Filter: 134169
                    ->  Bitmap Heap Scan on movie_keyword mk  (cost=6.77..1110.84 rows=301 width=8) (actual time=5.994..35.346 rows=41840 loops=1)
                          Recheck Cond: (keyword_id = k.id)
                          Heap Blocks: exact=11541
                          ->  Bitmap Index Scan on keyword_id_movie_keyword  (cost=0.00..6.69 rows=301 width=0) (actual time=3.849..3.849 rows=41840 loops=1)
                                Index Cond: (keyword_id = k.id)
Planning time: 1.951 ms
Execution time: 1576.834 ms
