Aggregate  (cost=69310.20..69310.21 rows=1 width=96) (actual time=119.560..119.560 rows=1 loops=1)
  ->  Hash Join  (cost=5.09..69214.05 rows=12820 width=46) (actual time=15.150..115.860 rows=4388 loops=1)
        Hash Cond: (ml.link_type_id = lt.id)
        ->  Nested Loop  (cost=3.68..69057.11 rows=12820 width=38) (actual time=15.128..113.961 rows=4388 loops=1)
              ->  Nested Loop  (cost=3.25..11745.07 rows=12821 width=25) (actual time=15.119..95.694 rows=4388 loops=1)
                    ->  Merge Join  (cost=2.82..5497.17 rows=12822 width=16) (actual time=15.110..84.169 rows=4388 loops=1)
                          Merge Cond: (mk.movie_id = ml.movie_id)
                          ->  Nested Loop  (cost=0.43..212481.20 rows=41840 width=4) (actual time=14.008..72.766 rows=2234 loops=1)
                                Join Filter: (k.id = mk.keyword_id)
                                Rows Removed by Join Filter: 95633
                                ->  Index Scan using movie_id_movie_keyword on movie_keyword mk  (cost=0.43..141996.12 rows=4523930 width=8) (actual time=0.007..22.799 rows=97867 loops=1)
                                ->  Materialize  (cost=0.00..2626.13 rows=1 width=4) (actual time=0.000..0.000 rows=1 loops=97867)
                                      ->  Seq Scan on keyword k  (cost=0.00..2626.12 rows=1 width=4) (actual time=0.666..13.919 rows=1 loops=1)
                                            Filter: (keyword = 'character-name-in-title'::text)
                                            Rows Removed by Filter: 134169
                          ->  Index Scan using movie_id_movie_link on movie_link ml  (cost=0.29..959.51 rows=29997 width=12) (actual time=0.007..7.306 rows=29997 loops=1)
                    ->  Index Scan using title_pkey on title t1  (cost=0.43..0.49 rows=1 width=21) (actual time=0.002..0.002 rows=1 loops=4388)
                          Index Cond: (id = mk.movie_id)
              ->  Index Scan using title_pkey on title t2  (cost=0.43..4.47 rows=1 width=21) (actual time=0.004..0.004 rows=1 loops=4388)
                    Index Cond: (id = ml.linked_movie_id)
        ->  Hash  (cost=1.18..1.18 rows=18 width=16) (actual time=0.014..0.014 rows=18 loops=1)
              Buckets: 1024  Batches: 1  Memory Usage: 9kB
              ->  Seq Scan on link_type lt  (cost=0.00..1.18 rows=18 width=16) (actual time=0.006..0.009 rows=18 loops=1)
Planning time: 1.694 ms
Execution time: 119.625 ms
