Aggregate  (cost=9519830.53..9519830.54 rows=1 width=96) (actual time=1585.112..1585.112 rows=1 loops=1)
  ->  Hash Join  (cost=97152.34..108216.31 rows=1254881896 width=46) (actual time=1398.316..1582.126 rows=4388 loops=1)
        Hash Cond: (t1.id = mk.movie_id)
        ->  Hash Join  (cost=92889.36..103498.45 rows=29995 width=54) (actual time=1319.463..1511.560 rows=29997 loops=1)
              Hash Cond: (ml.linked_movie_id = t2.id)
              ->  Hash Join  (cost=2.40..10232.78 rows=29997 width=41) (actual time=0.071..176.113 rows=29997 loops=1)
                    Hash Cond: (ml.link_type_id = lt.id)
                    ->  Merge Join  (cost=0.99..9867.45 rows=29997 width=33) (actual time=0.046..167.849 rows=29997 loops=1)
                          Merge Cond: (ml.movie_id = t1.id)
                          ->  Index Scan using movie_id_movie_link on movie_link ml  (cost=0.29..959.51 rows=29997 width=12) (actual time=0.014..8.899 rows=29997 loops=1)
                          ->  Index Scan using title_pkey on title t1  (cost=0.43..110309.25 rows=2528312 width=21) (actual time=0.009..131.609 rows=186175 loops=1)
                    ->  Hash  (cost=1.18..1.18 rows=18 width=16) (actual time=0.013..0.013 rows=18 loops=1)
                          Buckets: 1024  Batches: 1  Memory Usage: 9kB
                          ->  Seq Scan on link_type lt  (cost=0.00..1.18 rows=18 width=16) (actual time=0.005..0.008 rows=18 loops=1)
              ->  Hash  (cost=61283.06..61283.06 rows=2528312 width=21) (actual time=1308.363..1308.363 rows=2528312 loops=1)
                    Buckets: 4194304  Batches: 1  Memory Usage: 168637kB
                    ->  Seq Scan on title t2  (cost=0.00..61283.06 rows=2528312 width=21) (actual time=0.030..573.051 rows=2528312 loops=1)
        ->  Hash  (cost=3739.98..3739.98 rows=41840 width=4) (actual time=64.375..64.375 rows=41840 loops=1)
              Buckets: 65536  Batches: 1  Memory Usage: 1983kB
              ->  Nested Loop  (cost=6.77..3739.98 rows=41840 width=4) (actual time=6.301..57.072 rows=41840 loops=1)
                    ->  Seq Scan on keyword k  (cost=0.00..2626.12 rows=1 width=4) (actual time=0.652..16.022 rows=1 loops=1)
                          Filter: (keyword = 'character-name-in-title'::text)
                          Rows Removed by Filter: 134169
                    ->  Bitmap Heap Scan on movie_keyword mk  (cost=6.77..1110.84 rows=301 width=8) (actual time=5.645..33.448 rows=41840 loops=1)
                          Recheck Cond: (keyword_id = k.id)
                          Heap Blocks: exact=11541
                          ->  Bitmap Index Scan on keyword_id_movie_keyword  (cost=0.00..6.69 rows=301 width=0) (actual time=3.555..3.555 rows=41840 loops=1)
                                Index Cond: (keyword_id = k.id)
Planning time: 1.747 ms
Execution time: 1586.089 ms
