Aggregate  (cost=5695.84..5695.85 rows=1 width=192) (actual time=12.217..12.217 rows=1 loops=1)
  ->  Nested Loop  (cost=42.38..5695.83 rows=1 width=84) (actual time=0.987..12.202 rows=8 loops=1)
        Join Filter: (it1.id = mi_idx1.info_type_id)
        Rows Removed by Join Filter: 16
        ->  Nested Loop  (cost=41.95..5694.76 rows=2 width=94) (actual time=0.981..12.170 rows=8 loops=1)
              ->  Nested Loop  (cost=41.53..5693.87 rows=2 width=79) (actual time=0.978..12.146 rows=8 loops=1)
                    Join Filter: ((ml.linked_movie_id = t2.id) AND (kt2.id = t2.kind_id))
                    ->  Nested Loop  (cost=41.10..5659.00 rows=65 width=78) (actual time=0.972..12.048 rows=35 loops=1)
                          Join Filter: (ml.linked_movie_id = mc2.movie_id)
                          ->  Nested Loop  (cost=40.67..5650.15 rows=12 width=70) (actual time=0.967..11.985 rows=12 loops=1)
                                ->  Nested Loop  (cost=40.67..5648.91 rows=12 width=66) (actual time=0.964..11.974 rows=12 loops=1)
                                      Join Filter: (t1.kind_id = kt1.id)
                                      Rows Removed by Join Filter: 3
                                      ->  Nested Loop  (cost=40.67..5646.60 rows=81 width=70) (actual time=0.959..11.956 rows=15 loops=1)
                                            ->  Nested Loop  (cost=40.25..5547.17 rows=223 width=55) (actual time=0.947..11.684 rows=93 loops=1)
                                                  Join Filter: (ml.movie_id = t1.id)
                                                  ->  Nested Loop  (cost=39.82..5429.21 rows=223 width=30) (actual time=0.942..11.403 rows=93 loops=1)
                                                        ->  Nested Loop  (cost=39.39..5294.24 rows=34 width=22) (actual time=0.937..11.234 rows=34 loops=1)
                                                              ->  Index Scan using info_type_pkey on info_type it1  (cost=0.14..14.12 rows=1 width=4) (actual time=0.025..0.028 rows=1 loops=1)
                                                                    Filter: ((info)::text = 'rating'::text)
                                                                    Rows Removed by Filter: 112
                                                              ->  Nested Loop  (cost=39.25..5279.78 rows=34 width=18) (actual time=0.911..11.196 rows=34 loops=1)
                                                                    Join Filter: (mi_idx2.info_type_id = it2.id)
                                                                    Rows Removed by Join Filter: 2910
                                                                    ->  Seq Scan on info_type it2  (cost=0.00..2.41 rows=1 width=4) (actual time=0.013..0.014 rows=1 loops=1)
                                                                          Filter: ((info)::text = 'rating'::text)
                                                                          Rows Removed by Filter: 112
                                                                    ->  Nested Loop  (cost=39.25..5240.56 rows=2944 width=22) (actual time=0.092..10.846 rows=2944 loops=1)
                                                                          ->  Nested Loop  (cost=38.82..470.30 rows=2315 width=8) (actual time=0.084..1.179 rows=2315 loops=1)
                                                                                ->  Seq Scan on link_type lt  (cost=0.00..1.25 rows=2 width=4) (actual time=0.003..0.008 rows=2 loops=1)
                                                                                      Filter: ((link)::text = ANY ('{sequel,follows,"followed by"}'::text[]))
                                                                                      Rows Removed by Filter: 16
                                                                                ->  Bitmap Heap Scan on movie_link ml  (cost=38.82..215.78 rows=1875 width=12) (actual time=0.075..0.386 rows=1158 loops=2)
                                                                                      Recheck Cond: (link_type_id = lt.id)
                                                                                      Heap Blocks: exact=191
                                                                                      ->  Bitmap Index Scan on link_type_id_movie_link  (cost=0.00..38.35 rows=1875 width=0) (actual time=0.060..0.060 rows=1158 loops=2)
                                                                                            Index Cond: (link_type_id = lt.id)
                                                                          ->  Index Scan using movie_id_movie_info_idx on movie_info_idx mi_idx2  (cost=0.43..2.05 rows=1 width=14) (actual time=0.003..0.004 rows=1 loops=2315)
                                                                                Index Cond: (movie_id = ml.linked_movie_id)
                                                                                Filter: (info < '3.0'::text)
                                                                                Rows Removed by Filter: 1
                                                        ->  Index Scan using movie_id_movie_companies on movie_companies mc1  (cost=0.43..3.92 rows=5 width=8) (actual time=0.003..0.004 rows=3 loops=34)
                                                              Index Cond: (movie_id = ml.movie_id)
                                                  ->  Index Scan using title_pkey on title t1  (cost=0.43..0.52 rows=1 width=25) (actual time=0.002..0.002 rows=1 loops=93)
                                                        Index Cond: (id = mc1.movie_id)
                                            ->  Index Scan using company_name_pkey on company_name cn1  (cost=0.42..0.45 rows=1 width=23) (actual time=0.003..0.003 rows=0 loops=93)
                                                  Index Cond: (id = mc1.company_id)
                                                  Filter: ((country_code)::text = '[us]'::text)
                                                  Rows Removed by Filter: 1
                                      ->  Materialize  (cost=0.00..1.09 rows=1 width=4) (actual time=0.000..0.001 rows=1 loops=15)
                                            ->  Seq Scan on kind_type kt1  (cost=0.00..1.09 rows=1 width=4) (actual time=0.003..0.005 rows=1 loops=1)
                                                  Filter: ((kind)::text = 'tv series'::text)
                                                  Rows Removed by Filter: 6
                                ->  Materialize  (cost=0.00..1.09 rows=1 width=4) (actual time=0.000..0.000 rows=1 loops=12)
                                      ->  Seq Scan on kind_type kt2  (cost=0.00..1.09 rows=1 width=4) (actual time=0.001..0.002 rows=1 loops=1)
                                            Filter: ((kind)::text = 'tv series'::text)
                                            Rows Removed by Filter: 6
                          ->  Index Scan using movie_id_movie_companies on movie_companies mc2  (cost=0.43..0.68 rows=5 width=8) (actual time=0.003..0.004 rows=3 loops=12)
                                Index Cond: (movie_id = mi_idx2.movie_id)
                    ->  Index Scan using title_pkey on title t2  (cost=0.43..0.52 rows=1 width=25) (actual time=0.002..0.002 rows=0 loops=35)
                          Index Cond: (id = mc2.movie_id)
                          Filter: ((production_year >= 2005) AND (production_year <= 2008))
                          Rows Removed by Filter: 1
              ->  Index Scan using company_name_pkey on company_name cn2  (cost=0.42..0.44 rows=1 width=23) (actual time=0.002..0.002 rows=1 loops=8)
                    Index Cond: (id = mc2.company_id)
        ->  Index Scan using movie_id_movie_info_idx on movie_info_idx mi_idx1  (cost=0.43..0.50 rows=3 width=14) (actual time=0.002..0.003 rows=3 loops=8)
              Index Cond: (movie_id = t1.id)
Planning time: 89.819 ms
Execution time: 12.338 ms
