Aggregate  (cost=5705.51..5705.52 rows=1 width=192) (actual time=11.912..11.912 rows=1 loops=1)
  ->  Nested Loop  (cost=42.64..5705.50 rows=1 width=84) (actual time=0.876..11.901 rows=4 loops=1)
        ->  Nested Loop  (cost=42.51..5705.33 rows=1 width=88) (actual time=0.873..11.893 rows=4 loops=1)
              ->  Nested Loop  (cost=42.38..5705.15 rows=1 width=92) (actual time=0.870..11.885 rows=4 loops=1)
                    Join Filter: (ml.linked_movie_id = t2.id)
                    ->  Nested Loop  (cost=41.95..5704.62 rows=1 width=83) (actual time=0.866..11.853 rows=10 loops=1)
                          ->  Nested Loop  (cost=41.80..5703.79 rows=5 width=87) (actual time=0.858..11.798 rows=30 loops=1)
                                ->  Nested Loop  (cost=41.38..5698.50 rows=10 width=89) (actual time=0.854..11.755 rows=10 loops=1)
                                      Join Filter: (ml.movie_id = t1.id)
                                      ->  Nested Loop  (cost=40.95..5693.21 rows=10 width=64) (actual time=0.849..11.721 rows=10 loops=1)
                                            ->  Nested Loop  (cost=40.53..5604.93 rows=198 width=49) (actual time=0.845..11.204 rows=198 loops=1)
                                                  ->  Nested Loop  (cost=40.10..5334.98 rows=68 width=41) (actual time=0.842..10.914 rows=68 loops=1)
                                                        ->  Nested Loop  (cost=39.68..5304.83 rows=68 width=26) (actual time=0.837..10.696 rows=68 loops=1)
                                                              Join Filter: (ml.linked_movie_id = mc2.movie_id)
                                                              ->  Nested Loop  (cost=39.25..5279.75 rows=34 width=18) (actual time=0.832..10.505 rows=34 loops=1)
                                                                    Join Filter: (it2.id = mi_idx2.info_type_id)
                                                                    Rows Removed by Join Filter: 2910
                                                                    ->  Seq Scan on info_type it2  (cost=0.00..2.41 rows=1 width=4) (actual time=0.015..0.017 rows=1 loops=1)
                                                                          Filter: ((info)::text = 'rating'::text)
                                                                          Rows Removed by Filter: 112
                                                                    ->  Nested Loop  (cost=39.25..5240.54 rows=2944 width=22) (actual time=0.089..10.144 rows=2944 loops=1)
                                                                          ->  Nested Loop  (cost=38.82..470.28 rows=2315 width=8) (actual time=0.081..1.152 rows=2315 loops=1)
                                                                                ->  Seq Scan on link_type lt  (cost=0.00..1.23 rows=2 width=4) (actual time=0.002..0.007 rows=2 loops=1)
                                                                                      Filter: ((link)::text ~~ '%follow%'::text)
                                                                                      Rows Removed by Filter: 16
                                                                                ->  Bitmap Heap Scan on movie_link ml  (cost=38.82..215.78 rows=1875 width=12) (actual time=0.074..0.372 rows=1158 loops=2)
                                                                                      Recheck Cond: (link_type_id = lt.id)
                                                                                      Heap Blocks: exact=191
                                                                                      ->  Bitmap Index Scan on link_type_id_movie_link  (cost=0.00..38.35 rows=1875 width=0) (actual time=0.059..0.059 rows=1158 loops=2)
                                                                                            Index Cond: (link_type_id = lt.id)
                                                                          ->  Index Scan using movie_id_movie_info_idx on movie_info_idx mi_idx2  (cost=0.43..2.05 rows=1 width=14) (actual time=0.002..0.003 rows=1 loops=2315)
                                                                                Index Cond: (movie_id = ml.linked_movie_id)
                                                                                Filter: (info < '3.0'::text)
                                                                                Rows Removed by Filter: 1
                                                              ->  Index Scan using movie_id_movie_companies on movie_companies mc2  (cost=0.43..0.68 rows=5 width=8) (actual time=0.004..0.004 rows=2 loops=34)
                                                                    Index Cond: (movie_id = mi_idx2.movie_id)
                                                        ->  Index Scan using company_name_pkey on company_name cn2  (cost=0.42..0.44 rows=1 width=23) (actual time=0.003..0.003 rows=1 loops=68)
                                                              Index Cond: (id = mc2.company_id)
                                                  ->  Index Scan using movie_id_movie_companies on movie_companies mc1  (cost=0.43..3.92 rows=5 width=8) (actual time=0.002..0.003 rows=3 loops=68)
                                                        Index Cond: (movie_id = ml.movie_id)
                                            ->  Index Scan using company_name_pkey on company_name cn1  (cost=0.42..0.45 rows=1 width=23) (actual time=0.002..0.002 rows=0 loops=198)
                                                  Index Cond: (id = mc1.company_id)
                                                  Filter: ((country_code)::text = '[nl]'::text)
                                                  Rows Removed by Filter: 1
                                      ->  Index Scan using title_pkey on title t1  (cost=0.43..0.52 rows=1 width=25) (actual time=0.003..0.003 rows=1 loops=10)
                                            Index Cond: (id = mc1.movie_id)
                                ->  Index Scan using movie_id_movie_info_idx on movie_info_idx mi_idx1  (cost=0.43..0.50 rows=3 width=14) (actual time=0.002..0.003 rows=3 loops=10)
                                      Index Cond: (movie_id = t1.id)
                          ->  Index Scan using info_type_pkey on info_type it1  (cost=0.14..0.16 rows=1 width=4) (actual time=0.001..0.001 rows=0 loops=30)
                                Index Cond: (id = mi_idx1.info_type_id)
                                Filter: ((info)::text = 'rating'::text)
                                Rows Removed by Filter: 1
                    ->  Index Scan using title_pkey on title t2  (cost=0.43..0.52 rows=1 width=25) (actual time=0.003..0.003 rows=0 loops=10)
                          Index Cond: (id = mc2.movie_id)
                          Filter: (production_year = 2007)
                          Rows Removed by Filter: 1
              ->  Index Scan using kind_type_pkey on kind_type kt2  (cost=0.13..0.15 rows=1 width=4) (actual time=0.001..0.001 rows=1 loops=4)
                    Index Cond: (id = t2.kind_id)
                    Filter: ((kind)::text = 'tv series'::text)
        ->  Index Scan using kind_type_pkey on kind_type kt1  (cost=0.13..0.15 rows=1 width=4) (actual time=0.001..0.001 rows=1 loops=4)
              Index Cond: (id = t1.kind_id)
              Filter: ((kind)::text = 'tv series'::text)
Planning time: 89.432 ms
Execution time: 12.033 ms
