Aggregate  (cost=7700.69..7700.70 rows=1 width=192) (actual time=20.907..20.907 rows=1 loops=1)
  ->  Nested Loop  (cost=42.38..7700.68 rows=1 width=84) (actual time=1.487..20.744 rows=114 loops=1)
        ->  Nested Loop  (cost=41.96..7700.23 rows=1 width=69) (actual time=1.483..20.426 rows=114 loops=1)
              ->  Nested Loop  (cost=41.53..7699.57 rows=1 width=77) (actual time=1.479..20.223 rows=46 loops=1)
                    Join Filter: (it1.id = mi_idx1.info_type_id)
                    Rows Removed by Join Filter: 92
                    ->  Nested Loop  (cost=41.10..7684.02 rows=29 width=87) (actual time=1.474..20.043 rows=49 loops=1)
                          ->  Nested Loop  (cost=40.68..7659.94 rows=54 width=72) (actual time=1.469..19.863 rows=54 loops=1)
                                ->  Nested Loop  (cost=40.25..7647.16 rows=21 width=64) (actual time=1.463..19.755 rows=21 loops=1)
                                      Join Filter: (t2.kind_id = kt2.id)
                                      Rows Removed by Join Filter: 16
                                      ->  Nested Loop  (cost=40.25..7645.24 rows=29 width=68) (actual time=1.460..19.730 rows=29 loops=1)
                                            Join Filter: (kt1.id = t1.kind_id)
                                            ->  Nested Loop  (cost=40.25..7643.32 rows=29 width=72) (actual time=1.453..19.701 rows=29 loops=1)
                                                  ->  Nested Loop  (cost=39.82..7513.68 rows=29 width=47) (actual time=1.449..19.605 rows=29 loops=1)
                                                        ->  Index Scan using info_type_pkey on info_type it1  (cost=0.14..14.12 rows=1 width=4) (actual time=0.025..0.028 rows=1 loops=1)
                                                              Filter: ((info)::text = 'rating'::text)
                                                              Rows Removed by Filter: 112
                                                        ->  Nested Loop  (cost=39.68..7499.27 rows=29 width=43) (actual time=1.423..19.568 rows=29 loops=1)
                                                              Join Filter: (mi_idx2.info_type_id = it2.id)
                                                              Rows Removed by Join Filter: 1289
                                                              ->  Seq Scan on info_type it2  (cost=0.00..2.41 rows=1 width=4) (actual time=0.012..0.014 rows=1 loops=1)
                                                                    Filter: ((info)::text = 'rating'::text)
                                                                    Rows Removed by Filter: 112
                                                              ->  Nested Loop  (cost=39.68..7480.39 rows=1318 width=47) (actual time=0.092..19.380 rows=1318 loops=1)
                                                                    Join Filter: (ml.linked_movie_id = t2.id)
                                                                    ->  Nested Loop  (cost=39.25..5263.71 rows=3080 width=22) (actual time=0.087..10.575 rows=3080 loops=1)
                                                                          ->  Nested Loop  (cost=38.82..470.30 rows=2315 width=8) (actual time=0.080..1.237 rows=2315 loops=1)
                                                                                ->  Seq Scan on link_type lt  (cost=0.00..1.25 rows=2 width=4) (actual time=0.002..0.007 rows=2 loops=1)
                                                                                      Filter: ((link)::text = ANY ('{sequel,follows,"followed by"}'::text[]))
                                                                                      Rows Removed by Filter: 16
                                                                                ->  Bitmap Heap Scan on movie_link ml  (cost=38.82..215.78 rows=1875 width=12) (actual time=0.073..0.398 rows=1158 loops=2)
                                                                                      Recheck Cond: (link_type_id = lt.id)
                                                                                      Heap Blocks: exact=191
                                                                                      ->  Bitmap Index Scan on link_type_id_movie_link  (cost=0.00..38.35 rows=1875 width=0) (actual time=0.059..0.059 rows=1158 loops=2)
                                                                                            Index Cond: (link_type_id = lt.id)
                                                                          ->  Index Scan using movie_id_movie_info_idx on movie_info_idx mi_idx2  (cost=0.43..2.05 rows=2 width=14) (actual time=0.003..0.003 rows=1 loops=2315)
                                                                                Index Cond: (movie_id = ml.linked_movie_id)
                                                                                Filter: (info < '3.5'::text)
                                                                                Rows Removed by Filter: 1
                                                                    ->  Index Scan using title_pkey on title t2  (cost=0.43..0.71 rows=1 width=25) (actual time=0.002..0.002 rows=0 loops=3080)
                                                                          Index Cond: (id = mi_idx2.movie_id)
                                                                          Filter: ((production_year >= 2000) AND (production_year <= 2010))
                                                                          Rows Removed by Filter: 1
                                                  ->  Index Scan using title_pkey on title t1  (cost=0.43..4.47 rows=1 width=25) (actual time=0.003..0.003 rows=1 loops=29)
                                                        Index Cond: (id = ml.movie_id)
                                            ->  Materialize  (cost=0.00..1.10 rows=2 width=4) (actual time=0.000..0.000 rows=1 loops=29)
                                                  ->  Seq Scan on kind_type kt1  (cost=0.00..1.09 rows=2 width=4) (actual time=0.005..0.005 rows=1 loops=1)
                                                        Filter: ((kind)::text = ANY ('{"tv series",episode}'::text[]))
                                                        Rows Removed by Filter: 1
                                      ->  Materialize  (cost=0.00..1.10 rows=2 width=4) (actual time=0.000..0.000 rows=1 loops=29)
                                            ->  Seq Scan on kind_type kt2  (cost=0.00..1.09 rows=2 width=4) (actual time=0.002..0.004 rows=2 loops=1)
                                                  Filter: ((kind)::text = ANY ('{"tv series",episode}'::text[]))
                                                  Rows Removed by Filter: 5
                                ->  Index Scan using movie_id_movie_companies on movie_companies mc1  (cost=0.43..0.56 rows=5 width=8) (actual time=0.003..0.004 rows=3 loops=21)
                                      Index Cond: (movie_id = t1.id)
                          ->  Index Scan using company_name_pkey on company_name cn1  (cost=0.42..0.45 rows=1 width=23) (actual time=0.003..0.003 rows=1 loops=54)
                                Index Cond: (id = mc1.company_id)
                                Filter: ((country_code)::text <> '[us]'::text)
                                Rows Removed by Filter: 0
                    ->  Index Scan using movie_id_movie_info_idx on movie_info_idx mi_idx1  (cost=0.43..0.50 rows=3 width=14) (actual time=0.002..0.003 rows=3 loops=49)
                          Index Cond: (movie_id = t1.id)
              ->  Index Scan using movie_id_movie_companies on movie_companies mc2  (cost=0.43..0.62 rows=5 width=8) (actual time=0.002..0.003 rows=2 loops=46)
                    Index Cond: (movie_id = t2.id)
        ->  Index Scan using company_name_pkey on company_name cn2  (cost=0.42..0.44 rows=1 width=23) (actual time=0.002..0.002 rows=1 loops=114)
              Index Cond: (id = mc2.company_id)
Planning time: 86.999 ms
Execution time: 21.029 ms
