Aggregate  (cost=19338.42..19338.43 rows=1 width=192) (actual time=103.539..103.539 rows=1 loops=1)
  ->  Nested Loop  (cost=6.66..19337.93 rows=33 width=84) (actual time=12.192..103.371 rows=114 loops=1)
        Join Filter: (t1.kind_id = kt1.id)
        ->  Nested Loop  (cost=6.66..19333.57 rows=114 width=88) (actual time=12.186..103.305 rows=114 loops=1)
              ->  Nested Loop  (cost=6.24..19275.16 rows=131 width=73) (actual time=12.182..102.911 rows=131 loops=1)
                    Join Filter: (ml.movie_id = t1.id)
                    ->  Nested Loop  (cost=5.81..19205.87 rows=131 width=64) (actual time=12.177..102.530 rows=131 loops=1)
                          Join Filter: (ml.movie_id = mc1.movie_id)
                          ->  Nested Loop  (cost=5.38..19177.04 rows=44 width=56) (actual time=12.173..102.296 rows=44 loops=1)
                                ->  Nested Loop  (cost=4.96..19157.53 rows=44 width=41) (actual time=12.167..102.153 rows=44 loops=1)
                                      Join Filter: ((t2.id = mi_idx2.movie_id) AND (it2.id = mi_idx2.info_type_id))
                                      Rows Removed by Join Filter: 4270
                                      ->  Nested Loop  (cost=4.54..17517.38 rows=3063 width=51) (actual time=0.714..90.180 rows=3063 loops=1)
                                            Join Filter: (kt2.id = t2.kind_id)
                                            Rows Removed by Join Filter: 3132
                                            ->  Nested Loop  (cost=4.54..17415.66 rows=3522 width=55) (actual time=0.177..87.987 rows=3522 loops=1)
                                                  Join Filter: (ml.linked_movie_id = t2.id)
                                                  ->  Nested Loop  (cost=4.11..12810.67 rows=8624 width=30) (actual time=0.158..65.335 rows=8624 loops=1)
                                                        ->  Seq Scan on info_type it2  (cost=0.00..2.41 rows=1 width=4) (actual time=0.018..0.021 rows=1 loops=1)
                                                              Filter: ((info)::text = 'rating'::text)
                                                              Rows Removed by Filter: 112
                                                        ->  Nested Loop  (cost=4.11..12722.02 rows=8624 width=26) (actual time=0.138..63.756 rows=8624 loops=1)
                                                              ->  Hash Join  (cost=3.68..4528.45 rows=2064 width=18) (actual time=0.130..53.318 rows=2064 loops=1)
                                                                    Hash Cond: (ml.link_type_id = lt.id)
                                                                    ->  Merge Join  (cost=2.40..4273.75 rows=20890 width=22) (actual time=0.033..50.715 rows=20890 loops=1)
                                                                          Merge Cond: (mi_idx1.movie_id = ml.movie_id)
                                                                          ->  Nested Loop  (cost=0.43..64513.48 rows=459925 width=10) (actual time=0.025..36.867 rows=21301 loops=1)
                                                                                Join Filter: (it1.id = mi_idx1.info_type_id)
                                                                                Rows Removed by Join Filter: 42602
                                                                                ->  Index Scan using movie_id_movie_info_idx on movie_info_idx mi_idx1  (cost=0.43..43810.54 rows=1380035 width=14) (actual time=0.008..12.490 rows=63903 loops=1)
                                                                                ->  Materialize  (cost=0.00..2.42 rows=1 width=4) (actual time=0.000..0.000 rows=1 loops=63903)
                                                                                      ->  Seq Scan on info_type it1  (cost=0.00..2.41 rows=1 width=4) (actual time=0.011..0.013 rows=1 loops=1)
                                                                                            Filter: ((info)::text = 'rating'::text)
                                                                                            Rows Removed by Filter: 112
                                                                          ->  Index Scan using movie_id_movie_link on movie_link ml  (cost=0.29..959.51 rows=29997 width=12) (actual time=0.005..5.902 rows=29997 loops=1)
                                                                    ->  Hash  (cost=1.25..1.25 rows=2 width=4) (actual time=0.009..0.009 rows=2 loops=1)
                                                                          Buckets: 1024  Batches: 1  Memory Usage: 9kB
                                                                          ->  Seq Scan on link_type lt  (cost=0.00..1.25 rows=2 width=4) (actual time=0.003..0.007 rows=2 loops=1)
                                                                                Filter: ((link)::text = ANY ('{sequel,follows,"followed by"}'::text[]))
                                                                                Rows Removed by Filter: 16
                                                              ->  Index Scan using movie_id_movie_companies on movie_companies mc2  (cost=0.43..3.92 rows=5 width=8) (actual time=0.003..0.004 rows=4 loops=2064)
                                                                    Index Cond: (movie_id = ml.linked_movie_id)
                                                  ->  Index Scan using title_pkey on title t2  (cost=0.43..0.52 rows=1 width=25) (actual time=0.002..0.002 rows=0 loops=8624)
                                                        Index Cond: (id = mc2.movie_id)
                                                        Filter: ((production_year >= 2000) AND (production_year <= 2010))
                                                        Rows Removed by Filter: 1
                                            ->  Materialize  (cost=0.00..1.10 rows=2 width=4) (actual time=0.000..0.000 rows=2 loops=3522)
                                                  ->  Seq Scan on kind_type kt2  (cost=0.00..1.09 rows=2 width=4) (actual time=0.003..0.004 rows=2 loops=1)
                                                        Filter: ((kind)::text = ANY ('{"tv series",episode}'::text[]))
                                                        Rows Removed by Filter: 5
                                      ->  Index Scan using movie_id_movie_info_idx on movie_info_idx mi_idx2  (cost=0.43..0.51 rows=2 width=14) (actual time=0.002..0.003 rows=1 loops=3063)
                                            Index Cond: (movie_id = mc2.movie_id)
                                            Filter: (info < '3.5'::text)
                                            Rows Removed by Filter: 2
                                ->  Index Scan using company_name_pkey on company_name cn2  (cost=0.42..0.44 rows=1 width=23) (actual time=0.003..0.003 rows=1 loops=44)
                                      Index Cond: (id = mc2.company_id)
                          ->  Index Scan using movie_id_movie_companies on movie_companies mc1  (cost=0.43..0.59 rows=5 width=8) (actual time=0.002..0.004 rows=3 loops=44)
                                Index Cond: (movie_id = mi_idx1.movie_id)
                    ->  Index Scan using title_pkey on title t1  (cost=0.43..0.52 rows=1 width=25) (actual time=0.002..0.002 rows=1 loops=131)
                          Index Cond: (id = mc1.movie_id)
              ->  Index Scan using company_name_pkey on company_name cn1  (cost=0.42..0.45 rows=1 width=23) (actual time=0.002..0.002 rows=1 loops=131)
                    Index Cond: (id = mc1.company_id)
                    Filter: ((country_code)::text <> '[us]'::text)
                    Rows Removed by Filter: 0
        ->  Materialize  (cost=0.00..1.10 rows=2 width=4) (actual time=0.000..0.000 rows=1 loops=114)
              ->  Seq Scan on kind_type kt1  (cost=0.00..1.09 rows=2 width=4) (actual time=0.004..0.004 rows=1 loops=1)
                    Filter: ((kind)::text = ANY ('{"tv series",episode}'::text[]))
                    Rows Removed by Filter: 1
Planning time: 86.912 ms
Execution time: 103.662 ms
