Aggregate  (cost=33096.24..33096.25 rows=1 width=32) (actual time=293.237..293.237 rows=1 loops=1)
  ->  Nested Loop  (cost=7.63..33092.79 rows=1381 width=17) (actual time=3.563..289.652 rows=7250 loops=1)
        Join Filter: (t.id = mi.movie_id)
        ->  Nested Loop  (cost=7.20..31784.34 rows=700 width=25) (actual time=3.499..86.616 rows=7874 loops=1)
              ->  Nested Loop  (cost=6.77..31288.69 rows=1012 width=4) (actual time=3.488..42.823 rows=12951 loops=1)
                    ->  Seq Scan on keyword k  (cost=0.00..2626.12 rows=30 width=4) (actual time=1.379..26.827 rows=30 loops=1)
                          Filter: (keyword ~~ '%sequel%'::text)
                          Rows Removed by Filter: 134140
                    ->  Bitmap Heap Scan on movie_keyword mk  (cost=6.77..952.41 rows=301 width=8) (actual time=0.092..0.454 rows=432 loops=30)
                          Recheck Cond: (keyword_id = k.id)
                          Heap Blocks: exact=6979
                          ->  Bitmap Index Scan on keyword_id_movie_keyword  (cost=0.00..6.69 rows=301 width=0) (actual time=0.052..0.052 rows=432 loops=30)
                                Index Cond: (keyword_id = k.id)
              ->  Index Scan using title_pkey on title t  (cost=0.43..0.49 rows=1 width=21) (actual time=0.003..0.003 rows=1 loops=12951)
                    Index Cond: (id = mk.movie_id)
                    Filter: (production_year > 1990)
                    Rows Removed by Filter: 0
        ->  Index Scan using movie_id_movie_info on movie_info mi  (cost=0.43..1.84 rows=2 width=4) (actual time=0.022..0.025 rows=1 loops=7874)
              Index Cond: (movie_id = mk.movie_id)
              Filter: (info = ANY ('{Sweden,Norway,Germany,Denmark,Swedish,Denish,Norwegian,German,USA,American}'::text[]))
              Rows Removed by Filter: 35
Planning time: 1.102 ms
Execution time: 293.286 ms
