Aggregate  (cost=30758.22..30758.23 rows=1 width=64) (actual time=7995.285..7995.285 rows=1 loops=1)
  ->  Hash Join  (cost=9035.95..30758.20 rows=4 width=23) (actual time=2130.023..7994.381 rows=740 loops=1)
        Hash Cond: (mk.keyword_id = k.id)
        ->  Nested Loop  (cost=6409.45..27904.64 rows=17985 width=27) (actual time=73.838..7892.781 rows=697651 loops=1)
              ->  Nested Loop  (cost=6409.02..24494.97 rows=1850 width=31) (actual time=73.825..5837.927 rows=106021 loops=1)
                    ->  Nested Loop  (cost=6408.59..20824.76 rows=4617 width=10) (actual time=65.712..420.658 rows=352990 loops=1)
                          ->  Seq Scan on info_type it  (cost=0.00..2.41 rows=1 width=4) (actual time=0.015..0.022 rows=1 loops=1)
                                Filter: ((info)::text = 'rating'::text)
                                Rows Removed by Filter: 112
                          ->  Bitmap Heap Scan on movie_info_idx mi_idx  (cost=6408.59..19518.72 rows=130363 width=14) (actual time=65.695..360.031 rows=352990 loops=1)
                                Recheck Cond: (info_type_id = it.id)
                                Filter: (info > '5.0'::text)
                                Rows Removed by Filter: 106935
                                Heap Blocks: exact=7934
                                ->  Bitmap Index Scan on info_type_id_movie_info_idx  (cost=0.00..6375.99 rows=345009 width=0) (actual time=64.208..64.208 rows=459925 loops=1)
                                      Index Cond: (info_type_id = it.id)
                    ->  Index Scan using title_pkey on title t  (cost=0.43..0.79 rows=1 width=21) (actual time=0.015..0.015 rows=0 loops=352990)
                          Index Cond: (id = mi_idx.movie_id)
                          Filter: (production_year > 2005)
                          Rows Removed by Filter: 1
              ->  Index Scan using movie_id_movie_keyword on movie_keyword mk  (cost=0.43..1.38 rows=46 width=8) (actual time=0.014..0.018 rows=7 loops=106021)
                    Index Cond: (movie_id = t.id)
        ->  Hash  (cost=2626.12..2626.12 rows=30 width=4) (actual time=25.230..25.230 rows=30 loops=1)
              Buckets: 1024  Batches: 1  Memory Usage: 10kB
              ->  Seq Scan on keyword k  (cost=0.00..2626.12 rows=30 width=4) (actual time=1.386..25.216 rows=30 loops=1)
                    Filter: (keyword ~~ '%sequel%'::text)
                    Rows Removed by Filter: 134140
Planning time: 1.323 ms
Execution time: 7995.351 ms
