Aggregate  (cost=20050.72..20050.73 rows=1 width=64) (actual time=250.725..250.725 rows=1 loops=1)
  ->  Nested Loop  (cost=6377.78..20050.71 rows=1 width=23) (actual time=157.990..250.690 rows=6 loops=1)
        ->  Nested Loop  (cost=6377.36..20004.82 rows=104 width=27) (actual time=38.937..198.341 rows=1070 loops=1)
              ->  Nested Loop  (cost=6376.93..19982.01 rows=11 width=31) (actual time=32.982..197.302 rows=72 loops=1)
                    ->  Nested Loop  (cost=6376.50..19509.35 rows=69 width=10) (actual time=32.956..194.729 rows=305 loops=1)
                          ->  Seq Scan on info_type it  (cost=0.00..2.41 rows=1 width=4) (actual time=0.015..0.022 rows=1 loops=1)
                                Filter: ((info)::text = 'rating'::text)
                                Rows Removed by Filter: 112
                          ->  Bitmap Heap Scan on movie_info_idx mi_idx  (cost=6376.50..19486.64 rows=2030 width=14) (actual time=32.937..194.627 rows=305 loops=1)
                                Recheck Cond: (info_type_id = it.id)
                                Filter: (info > '9.0'::text)
                                Rows Removed by Filter: 459620
                                Heap Blocks: exact=7934
                                ->  Bitmap Index Scan on info_type_id_movie_info_idx  (cost=0.00..6375.99 rows=345009 width=0) (actual time=29.597..29.597 rows=459925 loops=1)
                                      Index Cond: (info_type_id = it.id)
                    ->  Index Scan using title_pkey on title t  (cost=0.43..6.85 rows=1 width=21) (actual time=0.008..0.008 rows=0 loops=305)
                          Index Cond: (id = mi_idx.movie_id)
                          Filter: (production_year > 2010)
                          Rows Removed by Filter: 1
              ->  Index Scan using movie_id_movie_keyword on movie_keyword mk  (cost=0.43..1.61 rows=46 width=8) (actual time=0.007..0.011 rows=15 loops=72)
                    Index Cond: (movie_id = t.id)
        ->  Index Scan using keyword_pkey on keyword k  (cost=0.42..0.44 rows=1 width=4) (actual time=0.049..0.049 rows=0 loops=1070)
              Index Cond: (id = mk.keyword_id)
              Filter: (keyword ~~ '%sequel%'::text)
              Rows Removed by Filter: 1
Planning time: 1.259 ms
Execution time: 250.784 ms
