Aggregate  (cost=31846.53..31846.54 rows=1 width=64) (actual time=122.718..122.718 rows=1 loops=1)
  ->  Nested Loop  (cost=7.62..31846.48 rows=11 width=23) (actual time=3.469..119.619 rows=4700 loops=1)
        Join Filter: (mi_idx.movie_id = t.id)
        ->  Nested Loop  (cost=7.19..31838.44 rows=16 width=14) (actual time=3.462..92.040 rows=8092 loops=1)
              Join Filter: (mi_idx.info_type_id = it.id)
              Rows Removed by Join Filter: 6809
              ->  Seq Scan on info_type it  (cost=0.00..2.41 rows=1 width=4) (actual time=0.016..0.021 rows=1 loops=1)
                    Filter: ((info)::text = 'rating'::text)
                    Rows Removed by Filter: 112
              ->  Nested Loop  (cost=7.19..31812.77 rows=1861 width=18) (actual time=3.445..89.418 rows=14901 loops=1)
                    ->  Nested Loop  (cost=6.77..31288.69 rows=1012 width=4) (actual time=3.433..42.833 rows=12951 loops=1)
                          ->  Seq Scan on keyword k  (cost=0.00..2626.12 rows=30 width=4) (actual time=1.354..26.705 rows=30 loops=1)
                                Filter: (keyword ~~ '%sequel%'::text)
                                Rows Removed by Filter: 134140
                          ->  Bitmap Heap Scan on movie_keyword mk  (cost=6.77..952.41 rows=301 width=8) (actual time=0.089..0.454 rows=432 loops=30)
                                Recheck Cond: (keyword_id = k.id)
                                Heap Blocks: exact=6979
                                ->  Bitmap Index Scan on keyword_id_movie_keyword  (cost=0.00..6.69 rows=301 width=0) (actual time=0.050..0.050 rows=432 loops=30)
                                      Index Cond: (keyword_id = k.id)
                    ->  Index Scan using movie_id_movie_info_idx on movie_info_idx mi_idx  (cost=0.43..0.50 rows=2 width=14) (actual time=0.003..0.003 rows=1 loops=12951)
                          Index Cond: (movie_id = mk.movie_id)
                          Filter: (info > '2.0'::text)
                          Rows Removed by Filter: 1
        ->  Index Scan using title_pkey on title t  (cost=0.43..0.49 rows=1 width=21) (actual time=0.003..0.003 rows=1 loops=8092)
              Index Cond: (id = mk.movie_id)
              Filter: (production_year > 1990)
              Rows Removed by Filter: 0
Planning time: 1.476 ms
Execution time: 122.783 ms
