Aggregate  (cost=41884.73..41884.74 rows=1 width=64) (actual time=115.511..115.512 rows=1 loops=1)
  ->  Nested Loop  (cost=7.62..41861.23 rows=4700 width=23) (actual time=3.483..112.967 rows=4700 loops=1)
        Join Filter: (mi_idx.info_type_id = it.id)
        Rows Removed by Join Filter: 4097
        ->  Seq Scan on info_type it  (cost=0.00..2.41 rows=1 width=4) (actual time=0.015..0.018 rows=1 loops=1)
              Filter: ((info)::text = 'rating'::text)
              Rows Removed by Filter: 112
        ->  Nested Loop  (cost=7.62..41748.86 rows=8797 width=27) (actual time=3.466..111.379 rows=8797 loops=1)
              Join Filter: (t.id = mi_idx.movie_id)
              ->  Nested Loop  (cost=7.20..37631.82 rows=7874 width=25) (actual time=3.457..82.757 rows=7874 loops=1)
                    ->  Nested Loop  (cost=6.77..31288.69 rows=12951 width=4) (actual time=3.446..42.569 rows=12951 loops=1)
                          ->  Seq Scan on keyword k  (cost=0.00..2626.12 rows=30 width=4) (actual time=1.364..26.659 rows=30 loops=1)
                                Filter: (keyword ~~ '%sequel%'::text)
                                Rows Removed by Filter: 134140
                          ->  Bitmap Heap Scan on movie_keyword mk  (cost=6.77..952.41 rows=301 width=8) (actual time=0.090..0.453 rows=432 loops=30)
                                Recheck Cond: (keyword_id = k.id)
                                Heap Blocks: exact=6979
                                ->  Bitmap Index Scan on keyword_id_movie_keyword  (cost=0.00..6.69 rows=301 width=0) (actual time=0.050..0.050 rows=432 loops=30)
                                      Index Cond: (keyword_id = k.id)
                    ->  Index Scan using title_pkey on title t  (cost=0.43..0.49 rows=1 width=21) (actual time=0.003..0.003 rows=1 loops=12951)
                          Index Cond: (id = mk.movie_id)
                          Filter: (production_year > 1990)
                          Rows Removed by Filter: 0
              ->  Index Scan using movie_id_movie_info_idx on movie_info_idx mi_idx  (cost=0.43..0.50 rows=2 width=14) (actual time=0.003..0.003 rows=1 loops=7874)
                    Index Cond: (movie_id = mk.movie_id)
                    Filter: (info > '2.0'::text)
                    Rows Removed by Filter: 1
Planning time: 1.466 ms
Execution time: 115.575 ms
