Aggregate  (cost=55325.94..55325.95 rows=1 width=32) (actual time=277.813..277.813 rows=1 loops=1)
  ->  Nested Loop  (cost=1.29..55325.87 rows=27 width=17) (actual time=277.808..277.808 rows=0 loops=1)
        Join Filter: (mi.info_type_id = it.id)
        ->  Seq Scan on info_type it  (cost=0.00..2.13 rows=113 width=4) (actual time=0.008..0.020 rows=113 loops=1)
        ->  Materialize  (cost=1.29..55278.05 rows=27 width=21) (actual time=2.458..2.458 rows=0 loops=113)
              ->  Nested Loop  (cost=1.29..55277.91 rows=27 width=21) (actual time=277.759..277.759 rows=0 loops=1)
                    ->  Nested Loop  (cost=0.86..55048.50 rows=97 width=25) (actual time=277.759..277.759 rows=0 loops=1)
                          ->  Nested Loop  (cost=0.43..53072.99 rows=241 width=4) (actual time=277.758..277.758 rows=0 loops=1)
                                ->  Seq Scan on company_type ct  (cost=0.00..1.05 rows=1 width=4) (actual time=0.003..0.007 rows=1 loops=1)
                                      Filter: ((kind)::text = 'production companies'::text)
                                      Rows Removed by Filter: 3
                                ->  Index Scan using company_type_id_movie_companies on movie_companies mc  (cost=0.43..53067.12 rows=482 width=8) (actual time=277.747..277.747 rows=0 loops=1)
                                      Index Cond: (company_type_id = ct.id)
                                      Filter: ((note ~~ '%(theatrical)%'::text) AND (note ~~ '%(France)%'::text))
                                      Rows Removed by Filter: 1334883
                          ->  Index Scan using title_pkey on title t  (cost=0.43..8.20 rows=1 width=21) (never executed)
                                Index Cond: (id = mc.movie_id)
                                Filter: (production_year > 2005)
                    ->  Index Scan using movie_id_movie_info on movie_info mi  (cost=0.43..2.36 rows=1 width=8) (never executed)
                          Index Cond: (movie_id = t.id)
                          Filter: (info = ANY ('{Sweden,Norway,Germany,Denmark,Swedish,Denish,Norwegian,German}'::text[]))
Planning time: 1.645 ms
Execution time: 277.883 ms
