Aggregate  (cost=189125.99..189126.00 rows=1 width=32) (actual time=8195.374..8195.374 rows=1 loops=1)
  ->  Hash Join  (cost=4.84..189011.01 rows=45990 width=17) (actual time=35.381..8193.918 rows=669 loops=1)
        Hash Cond: (mi.info_type_id = it.id)
        ->  Nested Loop  (cost=1.29..188430.46 rows=45990 width=21) (actual time=35.324..8192.739 rows=669 loops=1)
              ->  Nested Loop  (cost=0.86..119696.73 rows=32031 width=25) (actual time=3.799..307.034 rows=767 loops=1)
                    ->  Nested Loop  (cost=0.43..53988.97 rows=46040 width=4) (actual time=3.760..297.296 rows=798 loops=1)
                          ->  Seq Scan on company_type ct  (cost=0.00..1.05 rows=1 width=4) (actual time=0.006..0.011 rows=1 loops=1)
                                Filter: ((kind)::text = 'production companies'::text)
                                Rows Removed by Filter: 3
                          ->  Index Scan using company_type_id_movie_companies on movie_companies mc  (cost=0.43..53067.12 rows=92080 width=8) (actual time=3.749..296.978 rows=798 loops=1)
                                Index Cond: (company_type_id = ct.id)
                                Filter: ((note !~~ '%(TV)%'::text) AND (note ~~ '%(USA)%'::text))
                                Rows Removed by Filter: 1334085
                    ->  Index Scan using title_pkey on title t  (cost=0.43..1.43 rows=1 width=21) (actual time=0.010..0.010 rows=1 loops=798)
                          Index Cond: (id = mc.movie_id)
                          Filter: (production_year > 1990)
                          Rows Removed by Filter: 0
              ->  Index Scan using movie_id_movie_info on movie_info mi  (cost=0.43..2.13 rows=2 width=8) (actual time=9.424..10.280 rows=1 loops=767)
                    Index Cond: (movie_id = t.id)
                    Filter: (info = ANY ('{Sweden,Norway,Germany,Denmark,Swedish,Denish,Norwegian,German,USA,American}'::text[]))
                    Rows Removed by Filter: 10
        ->  Hash  (cost=2.13..2.13 rows=113 width=4) (actual time=0.041..0.041 rows=113 loops=1)
              Buckets: 1024  Batches: 1  Memory Usage: 12kB
              ->  Seq Scan on info_type it  (cost=0.00..2.13 rows=113 width=4) (actual time=0.007..0.021 rows=113 loops=1)
Planning time: 1.386 ms
Execution time: 8195.432 ms
