Aggregate  (cost=56559.36..56559.37 rows=1 width=32) (actual time=312.235..312.236 rows=1 loops=1)
  ->  Nested Loop  (cost=1.44..56558.17 rows=478 width=17) (actual time=3.756..311.711 rows=669 loops=1)
        ->  Nested Loop  (cost=1.29..56481.75 rows=478 width=21) (actual time=3.752..310.485 rows=669 loops=1)
              ->  Nested Loop  (cost=0.86..54833.84 rows=767 width=25) (actual time=3.743..297.744 rows=767 loops=1)
                    ->  Nested Loop  (cost=0.43..53988.97 rows=798 width=4) (actual time=3.733..293.710 rows=798 loops=1)
                          ->  Seq Scan on company_type ct  (cost=0.00..1.05 rows=1 width=4) (actual time=0.006..0.009 rows=1 loops=1)
                                Filter: ((kind)::text = 'production companies'::text)
                                Rows Removed by Filter: 3
                          ->  Index Scan using company_type_id_movie_companies on movie_companies mc  (cost=0.43..53067.12 rows=92080 width=8) (actual time=3.725..293.528 rows=798 loops=1)
                                Index Cond: (company_type_id = ct.id)
                                Filter: ((note !~~ '%(TV)%'::text) AND (note ~~ '%(USA)%'::text))
                                Rows Removed by Filter: 1334085
                    ->  Index Scan using title_pkey on title t  (cost=0.43..1.06 rows=1 width=21) (actual time=0.004..0.004 rows=1 loops=798)
                          Index Cond: (id = mc.movie_id)
                          Filter: (production_year > 1990)
                          Rows Removed by Filter: 0
              ->  Index Scan using movie_id_movie_info on movie_info mi  (cost=0.43..2.13 rows=2 width=8) (actual time=0.014..0.016 rows=1 loops=767)
                    Index Cond: (movie_id = t.id)
                    Filter: (info = ANY ('{Sweden,Norway,Germany,Denmark,Swedish,Denish,Norwegian,German,USA,American}'::text[]))
                    Rows Removed by Filter: 10
        ->  Index Only Scan using info_type_pkey on info_type it  (cost=0.14..0.16 rows=1 width=4) (actual time=0.001..0.001 rows=1 loops=669)
              Index Cond: (id = mi.info_type_id)
              Heap Fetches: 669
Planning time: 1.653 ms
Execution time: 312.298 ms
