Aggregate  (cost=12313.66..12313.67 rows=1 width=96) (actual time=192.891..192.891 rows=1 loops=1)
  ->  Nested Loop  (cost=8.19..12313.66 rows=1 width=48) (actual time=8.453..192.858 rows=12 loops=1)
        ->  Nested Loop  (cost=7.76..12312.72 rows=2 width=37) (actual time=2.729..191.474 rows=383 loops=1)
              Join Filter: (t.id = ci.movie_id)
              ->  Nested Loop  (cost=7.20..12310.74 rows=1 width=41) (actual time=2.722..190.952 rows=36 loops=1)
                    ->  Nested Loop  (cost=6.77..12178.50 rows=270 width=20) (actual time=0.642..86.994 rows=35548 loops=1)
                          ->  Seq Scan on keyword k  (cost=0.00..3632.40 rows=8 width=20) (actual time=0.149..43.462 rows=8 loops=1)
                                Filter: (keyword = ANY ('{superhero,sequel,second-part,marvel-comics,based-on-comic,tv-special,fight,violence}'::text[]))
                                Rows Removed by Filter: 134162
                          ->  Bitmap Heap Scan on movie_keyword mk  (cost=6.77..1065.25 rows=301 width=8) (actual time=1.049..4.684 rows=4444 loops=8)
                                Recheck Cond: (keyword_id = k.id)
                                Heap Blocks: exact=23488
                                ->  Bitmap Index Scan on keyword_id_movie_keyword  (cost=0.00..6.69 rows=301 width=0) (actual time=0.554..0.554 rows=4444 loops=8)
                                      Index Cond: (keyword_id = k.id)
                    ->  Index Scan using title_pkey on title t  (cost=0.43..0.49 rows=1 width=21) (actual time=0.003..0.003 rows=0 loops=35548)
                          Index Cond: (id = mk.movie_id)
                          Filter: (production_year > 2014)
                          Rows Removed by Filter: 1
              ->  Index Scan using movie_id_cast_info on cast_info ci  (cost=0.56..1.52 rows=37 width=8) (actual time=0.005..0.011 rows=11 loops=36)
                    Index Cond: (movie_id = mk.movie_id)
        ->  Index Scan using name_pkey on name n  (cost=0.43..0.46 rows=1 width=19) (actual time=0.003..0.003 rows=0 loops=383)
              Index Cond: (id = ci.person_id)
              Filter: (name ~~ '%Downey%Robert%'::text)
              Rows Removed by Filter: 1
Planning time: 1.494 ms
Execution time: 192.967 ms
