Aggregate  (cost=113119.88..113119.89 rows=1 width=96) (actual time=990.276..990.276 rows=1 loops=1)
  ->  Nested Loop  (cost=1.85..113119.87 rows=1 width=48) (actual time=113.538..990.133 rows=88 loops=1)
        ->  Nested Loop  (cost=1.43..110651.61 rows=5500 width=36) (actual time=112.316..936.194 rows=5202 loops=1)
              ->  Nested Loop  (cost=0.99..110099.52 rows=306 width=40) (actual time=112.292..931.990 rows=306 loops=1)
                    ->  Nested Loop  (cost=0.56..109878.41 rows=486 width=19) (actual time=112.232..927.346 rows=486 loops=1)
                          ->  Seq Scan on name n  (cost=0.00..107708.24 rows=2 width=19) (actual time=87.895..902.271 rows=2 loops=1)
                                Filter: (name ~~ '%Downey%Robert%'::text)
                                Rows Removed by Filter: 4167489
                          ->  Index Scan using person_id_cast_info on cast_info ci  (cost=0.56..1079.96 rows=512 width=8) (actual time=12.398..12.478 rows=243 loops=2)
                                Index Cond: (person_id = n.id)
                    ->  Index Scan using title_pkey on title t  (cost=0.43..0.45 rows=1 width=21) (actual time=0.009..0.009 rows=1 loops=486)
                          Index Cond: (id = ci.movie_id)
                          Filter: (production_year > 2000)
                          Rows Removed by Filter: 0
              ->  Index Scan using movie_id_movie_keyword on movie_keyword mk  (cost=0.43..1.34 rows=46 width=8) (actual time=0.006..0.010 rows=17 loops=306)
                    Index Cond: (movie_id = t.id)
        ->  Index Scan using keyword_pkey on keyword k  (cost=0.42..0.45 rows=1 width=20) (actual time=0.010..0.010 rows=0 loops=5202)
              Index Cond: (id = mk.keyword_id)
              Filter: (keyword = ANY ('{superhero,sequel,second-part,marvel-comics,based-on-comic,tv-special,fight,violence}'::text[]))
              Rows Removed by Filter: 1
Planning time: 1.292 ms
Execution time: 990.344 ms
