Aggregate  (cost=113119.88..113119.89 rows=1 width=96) (actual time=893.332..893.332 rows=1 loops=1)
  ->  Nested Loop  (cost=1.85..113119.87 rows=1 width=48) (actual time=88.456..893.210 rows=88 loops=1)
        ->  Nested Loop  (cost=1.43..110651.61 rows=5500 width=36) (actual time=87.858..877.833 rows=5202 loops=1)
              ->  Nested Loop  (cost=0.99..110099.52 rows=306 width=40) (actual time=87.849..874.581 rows=306 loops=1)
                    ->  Nested Loop  (cost=0.56..109878.41 rows=486 width=19) (actual time=87.825..872.666 rows=486 loops=1)
                          ->  Seq Scan on name n  (cost=0.00..107708.24 rows=2 width=19) (actual time=87.795..872.390 rows=2 loops=1)
                                Filter: (name ~~ '%Downey%Robert%'::text)
                                Rows Removed by Filter: 4167489
                          ->  Index Scan using person_id_cast_info on cast_info ci  (cost=0.56..1079.96 rows=512 width=8) (actual time=0.018..0.088 rows=243 loops=2)
                                Index Cond: (person_id = n.id)
                    ->  Index Scan using title_pkey on title t  (cost=0.43..0.45 rows=1 width=21) (actual time=0.004..0.004 rows=1 loops=486)
                          Index Cond: (id = ci.movie_id)
                          Filter: (production_year > 2000)
                          Rows Removed by Filter: 0
              ->  Index Scan using movie_id_movie_keyword on movie_keyword mk  (cost=0.43..1.34 rows=46 width=8) (actual time=0.003..0.007 rows=17 loops=306)
                    Index Cond: (movie_id = t.id)
        ->  Index Scan using keyword_pkey on keyword k  (cost=0.42..0.45 rows=1 width=20) (actual time=0.003..0.003 rows=0 loops=5202)
              Index Cond: (id = mk.keyword_id)
              Filter: (keyword = ANY ('{superhero,sequel,second-part,marvel-comics,based-on-comic,tv-special,fight,violence}'::text[]))
              Rows Removed by Filter: 1
Planning time: 1.571 ms
Execution time: 893.419 ms
