Aggregate  (cost=56133.91..56133.92 rows=1 width=64) (actual time=3088.631..3088.631 rows=1 loops=1)
  ->  Nested Loop  (cost=2492.84..56133.90 rows=1 width=32) (actual time=232.508..3088.567 rows=32 loops=1)
        ->  Nested Loop  (cost=2492.41..56133.44 rows=1 width=23) (actual time=232.498..3087.809 rows=151 loops=1)
              ->  Nested Loop  (cost=2492.28..56133.27 rows=1 width=27) (actual time=232.487..3086.934 rows=510 loops=1)
                    ->  Nested Loop  (cost=2491.99..56132.92 rows=1 width=19) (actual time=207.361..3045.922 rows=3354 loops=1)
                          ->  Nested Loop  (cost=2491.42..56115.69 rows=1 width=27) (actual time=185.642..2760.370 rows=20 loops=1)
                                ->  Nested Loop  (cost=2491.00..56105.71 rows=17 width=23) (actual time=184.664..2759.659 rows=17 loops=1)
                                      ->  Nested Loop  (cost=2490.57..55564.27 rows=64 width=4) (actual time=165.542..2758.298 rows=64 loops=1)
                                            ->  Seq Scan on info_type it  (cost=0.00..2.41 rows=1 width=4) (actual time=0.010..0.022 rows=1 loops=1)
                                                  Filter: ((info)::text = 'mini biography'::text)
                                                  Rows Removed by Filter: 112
                                            ->  Bitmap Heap Scan on person_info pi  (cost=2490.57..55561.84 rows=1 width=8) (actual time=165.529..2758.217 rows=64 loops=1)
                                                  Recheck Cond: (info_type_id = it.id)
                                                  Filter: (note = 'Volker Boehm'::text)
                                                  Rows Removed by Filter: 84120
                                                  Heap Blocks: exact=40387
                                                  ->  Bitmap Index Scan on info_type_id_person_info  (cost=0.00..2490.57 rows=134685 width=0) (actual time=94.455..94.455 rows=84184 loops=1)
                                                        Index Cond: (info_type_id = it.id)
                                      ->  Index Scan using name_pkey on name n  (cost=0.43..8.46 rows=1 width=19) (actual time=0.019..0.019 rows=0 loops=64)
                                            Index Cond: (id = pi.person_id)
                                            Filter: (((name_pcode_cf)::text >= 'A'::text) AND ((name_pcode_cf)::text <= 'F'::text) AND (((gender)::text = 'm'::text) OR (((gender)::text = 'f'::text) AND (name ~~ 'B%'::text))))
                                            Rows Removed by Filter: 1
                                ->  Index Scan using person_id_aka_name on aka_name an  (cost=0.42..0.57 rows=2 width=4) (actual time=0.039..0.041 rows=1 loops=17)
                                      Index Cond: (person_id = n.id)
                                      Filter: (name ~~ '%a%'::text)
                                      Rows Removed by Filter: 1
                          ->  Index Scan using person_id_cast_info on cast_info ci  (cost=0.56..12.12 rows=512 width=8) (actual time=9.780..14.244 rows=168 loops=20)
                                Index Cond: (person_id = n.id)
                    ->  Index Scan using linked_movie_id_movie_link on movie_link ml  (cost=0.29..0.32 rows=2 width=8) (actual time=0.012..0.012 rows=0 loops=3354)
                          Index Cond: (linked_movie_id = ci.movie_id)
              ->  Index Scan using link_type_pkey on link_type lt  (cost=0.14..0.16 rows=1 width=4) (actual time=0.001..0.001 rows=0 loops=510)
                    Index Cond: (id = ml.link_type_id)
                    Filter: ((link)::text = 'features'::text)
                    Rows Removed by Filter: 1
        ->  Index Scan using title_pkey on title t  (cost=0.43..0.46 rows=1 width=21) (actual time=0.005..0.005 rows=0 loops=151)
              Index Cond: (id = ci.movie_id)
              Filter: ((production_year >= 1980) AND (production_year <= 1995))
              Rows Removed by Filter: 1
Planning time: 5.577 ms
Execution time: 3088.837 ms
