Aggregate  (cost=246146.92..246146.93 rows=1 width=64) (actual time=5633.552..5633.552 rows=1 loops=1)
  ->  Nested Loop  (cost=145883.90..246146.83 rows=18 width=111) (actual time=3882.598..5160.052 rows=68185 loops=1)
        Join Filter: (n.id = an.person_id)
        ->  Nested Loop  (cost=145883.47..246134.42 rows=25 width=123) (actual time=3882.568..4980.147 rows=40157 loops=1)
              Join Filter: (pi.person_id = n.id)
              ->  Hash Join  (cost=145883.04..245315.98 rows=1704 width=104) (actual time=3882.477..4234.810 rows=204549 loops=1)
                    Hash Cond: (pi.person_id = ci.person_id)
                    ->  Nested Loop  (cost=2491.56..55268.13 rows=84183 width=100) (actual time=20.650..277.675 rows=84183 loops=1)
                          ->  Seq Scan on info_type it  (cost=0.00..2.41 rows=1 width=4) (actual time=0.010..0.030 rows=1 loops=1)
                                Filter: ((info)::text = 'mini biography'::text)
                                Rows Removed by Filter: 112
                          ->  Bitmap Heap Scan on person_info pi  (cost=2491.56..55226.12 rows=3960 width=104) (actual time=20.638..263.335 rows=84183 loops=1)
                                Recheck Cond: (info_type_id = it.id)
                                Filter: (note IS NOT NULL)
                                Rows Removed by Filter: 1
                                Heap Blocks: exact=40387
                                ->  Bitmap Index Scan on info_type_id_person_info  (cost=0.00..2490.57 rows=134685 width=0) (actual time=12.153..12.153 rows=84184 loops=1)
                                      Index Cond: (info_type_id = it.id)
                    ->  Hash  (cost=129676.37..129676.37 rows=1097209 width=4) (actual time=3856.061..3856.061 rows=1097209 loops=1)
                          Buckets: 2097152  Batches: 1  Memory Usage: 54958kB
                          ->  Nested Loop  (cost=93406.94..129676.37 rows=1097209 width=4) (actual time=923.387..3530.420 rows=1097209 loops=1)
                                ->  Hash Join  (cost=93406.37..94364.59 rows=14194 width=8) (actual time=923.328..954.830 rows=14194 loops=1)
                                      Hash Cond: (ml.linked_movie_id = t.id)
                                      ->  Nested Loop  (cost=35.82..722.54 rows=21505 width=4) (actual time=0.581..15.445 rows=21505 loops=1)
                                            ->  Seq Scan on link_type lt  (cost=0.00..1.27 rows=4 width=4) (actual time=0.014..0.050 rows=4 loops=1)
                                                  Filter: ((link)::text = ANY ('{references,"referenced in",features,"featured in"}'::text[]))
                                                  Rows Removed by Filter: 14
                                            ->  Bitmap Heap Scan on movie_link ml  (cost=35.82..161.57 rows=1875 width=8) (actual time=0.365..2.678 rows=5376 loops=4)
                                                  Recheck Cond: (link_type_id = lt.id)
                                                  Heap Blocks: exact=542
                                                  ->  Bitmap Index Scan on link_type_id_movie_link  (cost=0.00..35.35 rows=1875 width=0) (actual time=0.335..0.335 rows=5376 loops=4)
                                                        Index Cond: (link_type_id = lt.id)
                                      ->  Hash  (cost=73925.59..73925.59 rows=1555597 width=4) (actual time=916.972..916.972 rows=1555597 loops=1)
                                            Buckets: 2097152  Batches: 1  Memory Usage: 71073kB
                                            ->  Seq Scan on title t  (cost=0.00..73925.59 rows=1555597 width=4) (actual time=0.018..550.418 rows=1555597 loops=1)
                                                  Filter: ((production_year >= 1980) AND (production_year <= 2010))
                                                  Rows Removed by Filter: 972715
                                ->  Index Scan using movie_id_cast_info on cast_info ci  (cost=0.56..2.12 rows=37 width=8) (actual time=0.011..0.166 rows=77 loops=14194)
                                      Index Cond: (movie_id = t.id)
              ->  Index Scan using name_pkey on name n  (cost=0.43..0.47 rows=1 width=19) (actual time=0.003..0.003 rows=0 loops=204549)
                    Index Cond: (id = ci.person_id)
                    Filter: (((name_pcode_cf)::text >= 'A'::text) AND ((name_pcode_cf)::text <= 'F'::text) AND (((gender)::text = 'm'::text) OR (((gender)::text = 'f'::text) AND (name ~~ 'A%'::text))))
                    Rows Removed by Filter: 1
        ->  Index Scan using person_id_aka_name on aka_name an  (cost=0.42..0.47 rows=2 width=4) (actual time=0.003..0.004 rows=2 loops=40157)
              Index Cond: (person_id = ci.person_id)
              Filter: ((name IS NOT NULL) AND ((name ~~ '%a%'::text) OR (name ~~ 'A%'::text)))
              Rows Removed by Filter: 1
Planning time: 6.551 ms
Execution time: 5634.135 ms
