Aggregate  (cost=265021.23..265021.24 rows=1 width=64) (actual time=7045.178..7045.178 rows=1 loops=1)
  ->  Nested Loop  (cost=200592.69..265021.08 rows=30 width=111) (actual time=1728.408..6419.232 rows=68185 loops=1)
        Join Filter: (an.person_id = n.id)
        ->  Hash Join  (cost=200592.26..263643.08 rows=2869 width=108) (actual time=1728.377..4955.181 rows=345472 loops=1)
              Hash Cond: (ci.person_id = an.person_id)
              ->  Nested Loop  (cost=93406.94..129676.37 rows=1097209 width=4) (actual time=923.038..3726.633 rows=1097209 loops=1)
                    ->  Hash Join  (cost=93406.37..94364.59 rows=14194 width=8) (actual time=922.987..954.979 rows=14194 loops=1)
                          Hash Cond: (ml.linked_movie_id = t.id)
                          ->  Nested Loop  (cost=35.82..722.54 rows=21505 width=4) (actual time=0.551..16.586 rows=21505 loops=1)
                                ->  Seq Scan on link_type lt  (cost=0.00..1.27 rows=4 width=4) (actual time=0.008..0.037 rows=4 loops=1)
                                      Filter: ((link)::text = ANY ('{references,"referenced in",features,"featured in"}'::text[]))
                                      Rows Removed by Filter: 14
                                ->  Bitmap Heap Scan on movie_link ml  (cost=35.82..161.57 rows=1875 width=8) (actual time=0.363..2.881 rows=5376 loops=4)
                                      Recheck Cond: (link_type_id = lt.id)
                                      Heap Blocks: exact=542
                                      ->  Bitmap Index Scan on link_type_id_movie_link  (cost=0.00..35.35 rows=1875 width=0) (actual time=0.331..0.331 rows=5376 loops=4)
                                            Index Cond: (link_type_id = lt.id)
                          ->  Hash  (cost=73925.59..73925.59 rows=1555597 width=4) (actual time=916.755..916.755 rows=1555597 loops=1)
                                Buckets: 2097152  Batches: 1  Memory Usage: 71073kB
                                ->  Seq Scan on title t  (cost=0.00..73925.59 rows=1555597 width=4) (actual time=0.016..549.012 rows=1555597 loops=1)
                                      Filter: ((production_year >= 1980) AND (production_year <= 2010))
                                      Rows Removed by Filter: 972715
                    ->  Index Scan using movie_id_cast_info on cast_info ci  (cost=0.56..2.12 rows=37 width=8) (actual time=0.011..0.180 rows=77 loops=14194)
                          Index Cond: (movie_id = t.id)
              ->  Hash  (cost=106273.09..106273.09 rows=72979 width=104) (actual time=804.600..804.600 rows=72979 loops=1)
                    Buckets: 131072  Batches: 1  Memory Usage: 60638kB
                    ->  Hash Join  (cost=35983.89..106273.09 rows=72979 width=104) (actual time=442.771..735.849 rows=72979 loops=1)
                          Hash Cond: (pi.person_id = an.person_id)
                          ->  Nested Loop  (cost=2491.56..55268.13 rows=84183 width=100) (actual time=21.735..267.731 rows=84183 loops=1)
                                ->  Seq Scan on info_type it  (cost=0.00..2.41 rows=1 width=4) (actual time=0.018..0.033 rows=1 loops=1)
                                      Filter: ((info)::text = 'mini biography'::text)
                                      Rows Removed by Filter: 112
                                ->  Bitmap Heap Scan on person_info pi  (cost=2491.56..55226.12 rows=3960 width=104) (actual time=21.712..253.546 rows=84183 loops=1)
                                      Recheck Cond: (info_type_id = it.id)
                                      Filter: (note IS NOT NULL)
                                      Rows Removed by Filter: 1
                                      Heap Blocks: exact=40387
                                      ->  Bitmap Index Scan on info_type_id_person_info  (cost=0.00..2490.57 rows=134685 width=0) (actual time=12.942..12.942 rows=84184 loops=1)
                                            Index Cond: (info_type_id = it.id)
                          ->  Hash  (cost=24916.14..24916.14 rows=686095 width=4) (actual time=417.948..417.948 rows=686095 loops=1)
                                Buckets: 1048576  Batches: 1  Memory Usage: 32313kB
                                ->  Seq Scan on aka_name an  (cost=0.00..24916.14 rows=686095 width=4) (actual time=0.012..270.053 rows=686095 loops=1)
                                      Filter: ((name IS NOT NULL) AND ((name ~~ '%a%'::text) OR (name ~~ 'A%'::text)))
                                      Rows Removed by Filter: 215248
        ->  Index Scan using name_pkey on name n  (cost=0.43..0.47 rows=1 width=19) (actual time=0.004..0.004 rows=0 loops=345472)
              Index Cond: (id = ci.person_id)
              Filter: (((name_pcode_cf)::text >= 'A'::text) AND ((name_pcode_cf)::text <= 'F'::text) AND (((gender)::text = 'm'::text) OR (((gender)::text = 'f'::text) AND (name ~~ 'A%'::text))))
              Rows Removed by Filter: 1
Planning time: 6.314 ms
Execution time: 7045.993 ms
