Aggregate  (cost=304260.46..304260.47 rows=1 width=64) (actual time=5584.736..5584.736 rows=1 loops=1)
  ->  Hash Join  (cost=263505.45..303922.58 rows=67577 width=111) (actual time=2121.179..4975.988 rows=68185 loops=1)
        Hash Cond: (ci.person_id = n.id)
        ->  Nested Loop  (cost=93406.94..129676.37 rows=1097209 width=4) (actual time=924.389..3531.907 rows=1097209 loops=1)
              ->  Hash Join  (cost=93406.37..94364.59 rows=14194 width=8) (actual time=924.334..955.753 rows=14194 loops=1)
                    Hash Cond: (ml.linked_movie_id = t.id)
                    ->  Nested Loop  (cost=35.82..722.54 rows=21505 width=4) (actual time=0.539..15.970 rows=21505 loops=1)
                          ->  Seq Scan on link_type lt  (cost=0.00..1.27 rows=4 width=4) (actual time=0.007..0.041 rows=4 loops=1)
                                Filter: ((link)::text = ANY ('{references,"referenced in",features,"featured in"}'::text[]))
                                Rows Removed by Filter: 14
                          ->  Bitmap Heap Scan on movie_link ml  (cost=35.82..161.57 rows=1875 width=8) (actual time=0.360..2.740 rows=5376 loops=4)
                                Recheck Cond: (link_type_id = lt.id)
                                Heap Blocks: exact=542
                                ->  Bitmap Index Scan on link_type_id_movie_link  (cost=0.00..35.35 rows=1875 width=0) (actual time=0.328..0.328 rows=5376 loops=4)
                                      Index Cond: (link_type_id = lt.id)
                    ->  Hash  (cost=73925.59..73925.59 rows=1555597 width=4) (actual time=918.133..918.133 rows=1555597 loops=1)
                          Buckets: 2097152  Batches: 1  Memory Usage: 71073kB
                          ->  Seq Scan on title t  (cost=0.00..73925.59 rows=1555597 width=4) (actual time=0.015..547.136 rows=1555597 loops=1)
                                Filter: ((production_year >= 1980) AND (production_year <= 2010))
                                Rows Removed by Filter: 972715
              ->  Index Scan using movie_id_cast_info on cast_info ci  (cost=0.56..2.12 rows=37 width=8) (actual time=0.011..0.167 rows=77 loops=14194)
                    Index Cond: (movie_id = t.id)
        ->  Hash  (cost=169941.07..169941.07 rows=12595 width=123) (actual time=1196.503..1196.503 rows=12595 loops=1)
              Buckets: 16384  Batches: 1  Memory Usage: 10512kB
              ->  Nested Loop  (cost=35984.32..169941.07 rows=12595 width=123) (actual time=441.460..1180.367 rows=12595 loops=1)
                    ->  Hash Join  (cost=35983.89..106273.09 rows=72979 width=104) (actual time=441.344..752.808 rows=72979 loops=1)
                          Hash Cond: (pi.person_id = an.person_id)
                          ->  Nested Loop  (cost=2491.56..55268.13 rows=84183 width=100) (actual time=20.880..278.633 rows=84183 loops=1)
                                ->  Seq Scan on info_type it  (cost=0.00..2.41 rows=1 width=4) (actual time=0.017..0.033 rows=1 loops=1)
                                      Filter: ((info)::text = 'mini biography'::text)
                                      Rows Removed by Filter: 112
                                ->  Bitmap Heap Scan on person_info pi  (cost=2491.56..55226.12 rows=3960 width=104) (actual time=20.858..263.869 rows=84183 loops=1)
                                      Recheck Cond: (info_type_id = it.id)
                                      Filter: (note IS NOT NULL)
                                      Rows Removed by Filter: 1
                                      Heap Blocks: exact=40387
                                      ->  Bitmap Index Scan on info_type_id_person_info  (cost=0.00..2490.57 rows=134685 width=0) (actual time=12.442..12.442 rows=84184 loops=1)
                                            Index Cond: (info_type_id = it.id)
                          ->  Hash  (cost=24916.14..24916.14 rows=686095 width=4) (actual time=417.386..417.386 rows=686095 loops=1)
                                Buckets: 1048576  Batches: 1  Memory Usage: 32313kB
                                ->  Seq Scan on aka_name an  (cost=0.00..24916.14 rows=686095 width=4) (actual time=0.013..269.989 rows=686095 loops=1)
                                      Filter: ((name IS NOT NULL) AND ((name ~~ '%a%'::text) OR (name ~~ 'A%'::text)))
                                      Rows Removed by Filter: 215248
                    ->  Index Scan using name_pkey on name n  (cost=0.43..0.87 rows=1 width=19) (actual time=0.005..0.005 rows=0 loops=72979)
                          Index Cond: (id = an.person_id)
                          Filter: (((name_pcode_cf)::text >= 'A'::text) AND ((name_pcode_cf)::text <= 'F'::text) AND (((gender)::text = 'm'::text) OR (((gender)::text = 'f'::text) AND (name ~~ 'A%'::text))))
                          Rows Removed by Filter: 1
Planning time: 6.311 ms
Execution time: 5585.317 ms
