Aggregate  (cost=72234.96..72234.97 rows=1 width=64) (actual time=3963.414..3963.414 rows=1 loops=1)
  ->  Nested Loop  (cost=6019.87..72234.95 rows=1 width=33) (actual time=285.786..3963.233 rows=62 loops=1)
        ->  Nested Loop  (cost=6019.44..72215.02 rows=26 width=41) (actual time=46.525..3911.047 rows=17379 loops=1)
              ->  Hash Join  (cost=6019.02..72203.19 rows=11 width=21) (actual time=46.514..3871.568 rows=7438 loops=1)
                    Hash Cond: (ci.role_id = rt.id)
                    ->  Nested Loop  (cost=6017.86..72200.44 rows=133 width=25) (actual time=46.493..3867.096 rows=19600 loops=1)
                          ->  Nested Loop  (cost=6017.29..69570.28 rows=1405 width=25) (actual time=46.397..943.558 rows=48328 loops=1)
                                ->  Hash Join  (cost=6016.86..64561.12 rows=1405 width=4) (actual time=46.357..637.980 rows=48328 loops=1)
                                      Hash Cond: (mc.company_id = cn.id)
                                      ->  Seq Scan on movie_companies mc  (cost=0.00..57926.93 rows=48897 width=8) (actual time=0.136..561.179 rows=48897 loops=1)
                                            Filter: ((note ~~ '%(Japan)%'::text) AND (note !~~ '%(USA)%'::text))
                                            Rows Removed by Filter: 2560232
                                      ->  Hash  (cost=5932.46..5932.46 rows=6752 width=4) (actual time=46.202..46.202 rows=6752 loops=1)
                                            Buckets: 8192  Batches: 1  Memory Usage: 302kB
                                            ->  Seq Scan on company_name cn  (cost=0.00..5932.46 rows=6752 width=4) (actual time=0.012..44.893 rows=6752 loops=1)
                                                  Filter: ((country_code)::text = '[jp]'::text)
                                                  Rows Removed by Filter: 228245
                                ->  Index Scan using title_pkey on title t  (cost=0.43..3.57 rows=1 width=21) (actual time=0.006..0.006 rows=1 loops=48328)
                                      Index Cond: (id = mc.movie_id)
                          ->  Index Scan using movie_id_cast_info on cast_info ci  (cost=0.56..1.86 rows=1 width=12) (actual time=0.058..0.060 rows=0 loops=48328)
                                Index Cond: (movie_id = t.id)
                                Filter: (note = '(voice: English version)'::text)
                                Rows Removed by Filter: 32
                    ->  Hash  (cost=1.15..1.15 rows=1 width=4) (actual time=0.011..0.011 rows=1 loops=1)
                          Buckets: 1024  Batches: 1  Memory Usage: 9kB
                          ->  Seq Scan on role_type rt  (cost=0.00..1.15 rows=1 width=4) (actual time=0.007..0.009 rows=1 loops=1)
                                Filter: ((role)::text = 'actress'::text)
                                Rows Removed by Filter: 11
              ->  Index Scan using person_id_aka_name on aka_name an1  (cost=0.42..1.06 rows=2 width=20) (actual time=0.004..0.004 rows=2 loops=7438)
                    Index Cond: (person_id = ci.person_id)
        ->  Index Scan using name_pkey on name n1  (cost=0.43..0.77 rows=1 width=4) (actual time=0.003..0.003 rows=0 loops=17379)
              Index Cond: (id = an1.person_id)
              Filter: ((name ~~ '%Yo%'::text) AND (name !~~ '%Yu%'::text))
              Rows Removed by Filter: 1
Planning time: 3.169 ms
Execution time: 3963.503 ms
