Aggregate  (cost=659983.91..659983.92 rows=1 width=64) (actual time=9957.501..9957.501 rows=1 loops=1)
  ->  Hash Join  (cost=594167.41..626376.83 rows=6721416 width=33) (actual time=8258.294..9030.037 rows=2487611 loops=1)
        Hash Cond: (a1.person_id = n1.id)
        ->  Seq Scan on aka_name a1  (cost=0.00..20409.43 rows=901343 width=20) (actual time=0.009..106.761 rows=901343 loops=1)
        ->  Hash  (cost=558526.09..558526.09 rows=2851305 width=25) (actual time=8247.285..8247.285 rows=1970658 loops=1)
              Buckets: 4194304  Batches: 1  Memory Usage: 145567kB
              ->  Hash Join  (cost=350388.67..558526.09 rows=2851305 width=25) (actual time=4849.701..7754.996 rows=1970658 loops=1)
                    Hash Cond: (ci.person_id = n1.id)
                    ->  Hash Join  (cost=201004.24..373143.95 rows=2851305 width=21) (actual time=3100.226..5388.573 rows=1970658 loops=1)
                          Hash Cond: (ci.movie_id = t.id)
                          ->  Nested Loop  (cost=0.56..149728.64 rows=3020398 width=8) (actual time=0.065..1120.304 rows=2728943 loops=1)
                                ->  Seq Scan on role_type rt  (cost=0.00..1.15 rows=1 width=4) (actual time=0.011..0.022 rows=1 loops=1)
                                      Filter: ((role)::text = 'writer'::text)
                                      Rows Removed by Filter: 11
                                ->  Index Scan using role_id_cast_info on cast_info ci  (cost=0.56..116777.70 rows=3294979 width=12) (actual time=0.049..680.683 rows=2728943 loops=1)
                                      Index Cond: (role_id = rt.id)
                          ->  Hash  (cost=189403.87..189403.87 rows=927985 width=25) (actual time=3097.069..3097.069 rows=1153798 loops=1)
                                Buckets: 2097152 (originally 1048576)  Batches: 1 (originally 1)  Memory Usage: 84892kB
                                ->  Hash Join  (cost=99866.61..189403.87 rows=927985 width=25) (actual time=1297.889..2705.595 rows=1153798 loops=1)
                                      Hash Cond: (mc.movie_id = t.id)
                                      ->  Hash Join  (cost=6977.22..84798.67 rows=927985 width=4) (actual time=61.315..966.473 rows=1153798 loops=1)
                                            Hash Cond: (mc.company_id = cn.id)
                                            ->  Seq Scan on movie_companies mc  (cost=0.00..44881.29 rows=2609129 width=8) (actual time=0.010..324.473 rows=2609129 loops=1)
                                            ->  Hash  (cost=5932.46..5932.46 rows=83581 width=4) (actual time=60.762..60.762 rows=84843 loops=1)
                                                  Buckets: 131072  Batches: 1  Memory Usage: 4007kB
                                                  ->  Seq Scan on company_name cn  (cost=0.00..5932.46 rows=83581 width=4) (actual time=0.009..45.751 rows=84843 loops=1)
                                                        Filter: ((country_code)::text = '[us]'::text)
                                                        Rows Removed by Filter: 150154
                                      ->  Hash  (cost=61283.06..61283.06 rows=2528506 width=21) (actual time=1225.590..1225.590 rows=2528312 loops=1)
                                            Buckets: 4194304  Batches: 1  Memory Usage: 168637kB
                                            ->  Seq Scan on title t  (cost=0.00..61283.06 rows=2528506 width=21) (actual time=0.029..486.176 rows=2528312 loops=1)
                    ->  Hash  (cost=97289.19..97289.19 rows=4167619 width=4) (actual time=1738.377..1738.377 rows=4167491 loops=1)
                          Buckets: 4194304  Batches: 1  Memory Usage: 179282kB
                          ->  Seq Scan on name n1  (cost=0.00..97289.19 rows=4167619 width=4) (actual time=0.036..729.642 rows=4167491 loops=1)
Planning time: 3.398 ms
Execution time: 9964.303 ms
