Aggregate  (cost=662182.89..662182.90 rows=1 width=64) (actual time=9879.536..9879.536 rows=1 loops=1)
  ->  Hash Join  (cost=595770.65..628072.44 rows=6822090 width=33) (actual time=8105.800..8952.033 rows=2487611 loops=1)
        Hash Cond: (a1.person_id = n1.id)
        ->  Seq Scan on aka_name a1  (cost=0.00..20409.43 rows=901343 width=20) (actual time=0.008..120.338 rows=901343 loops=1)
        ->  Hash  (cost=559595.50..559595.50 rows=2894012 width=25) (actual time=8094.780..8094.780 rows=1970658 loops=1)
              Buckets: 4194304  Batches: 1  Memory Usage: 145567kB
              ->  Hash Join  (cost=350751.55..559595.50 rows=2894012 width=25) (actual time=4850.461..7609.234 rows=1970658 loops=1)
                    Hash Cond: (ci.person_id = n1.id)
                    ->  Hash Join  (cost=201368.72..373674.66 rows=2894101 width=21) (actual time=3100.993..5266.599 rows=1970658 loops=1)
                          Hash Cond: (ci.movie_id = t.id)
                          ->  Nested Loop  (cost=0.56..149728.64 rows=3020362 width=8) (actual time=0.043..1033.813 rows=2728943 loops=1)
                                ->  Seq Scan on role_type rt  (cost=0.00..1.15 rows=1 width=4) (actual time=0.011..0.020 rows=1 loops=1)
                                      Filter: ((role)::text = 'writer'::text)
                                      Rows Removed by Filter: 11
                                ->  Index Scan using role_id_cast_info on cast_info ci  (cost=0.56..116777.70 rows=3294979 width=12) (actual time=0.027..596.439 rows=2728943 loops=1)
                                      Index Cond: (role_id = rt.id)
                          ->  Hash  (cost=189594.11..189594.11 rows=941924 width=25) (actual time=3097.870..3097.870 rows=1153798 loops=1)
                                Buckets: 2097152 (originally 1048576)  Batches: 1 (originally 1)  Memory Usage: 84892kB
                                ->  Hash Join  (cost=99879.96..189594.11 rows=941924 width=25) (actual time=1297.389..2706.413 rows=1153798 loops=1)
                                      Hash Cond: (mc.movie_id = t.id)
                                      ->  Hash Join  (cost=6993.00..84814.45 rows=941996 width=4) (actual time=61.340..967.773 rows=1153798 loops=1)
                                            Hash Cond: (mc.company_id = cn.id)
                                            ->  Seq Scan on movie_companies mc  (cost=0.00..44881.29 rows=2609129 width=8) (actual time=0.010..325.188 rows=2609129 loops=1)
                                            ->  Hash  (cost=5932.46..5932.46 rows=84843 width=4) (actual time=60.786..60.786 rows=84843 loops=1)
                                                  Buckets: 131072  Batches: 1  Memory Usage: 4007kB
                                                  ->  Seq Scan on company_name cn  (cost=0.00..5932.46 rows=84843 width=4) (actual time=0.008..45.754 rows=84843 loops=1)
                                                        Filter: ((country_code)::text = '[us]'::text)
                                                        Rows Removed by Filter: 150154
                                      ->  Hash  (cost=61283.06..61283.06 rows=2528312 width=21) (actual time=1225.018..1225.018 rows=2528312 loops=1)
                                            Buckets: 4194304  Batches: 1  Memory Usage: 168637kB
                                            ->  Seq Scan on title t  (cost=0.00..61283.06 rows=2528312 width=21) (actual time=0.029..486.010 rows=2528312 loops=1)
                    ->  Hash  (cost=97289.19..97289.19 rows=4167491 width=4) (actual time=1738.424..1738.424 rows=4167491 loops=1)
                          Buckets: 4194304  Batches: 1  Memory Usage: 179282kB
                          ->  Seq Scan on name n1  (cost=0.00..97289.19 rows=4167491 width=4) (actual time=0.035..729.561 rows=4167491 loops=1)
Planning time: 3.384 ms
Execution time: 9884.601 ms
