Aggregate  (cost=633839.95..633839.96 rows=1 width=64) (actual time=10353.252..10353.252 rows=1 loops=1)
  ->  Hash Join  (cost=589161.81..619300.76 rows=2907838 width=33) (actual time=8543.082..9425.697 rows=2487611 loops=1)
        Hash Cond: (a1.person_id = n1.id)
        ->  Seq Scan on aka_name a1  (cost=0.00..20409.43 rows=901343 width=20) (actual time=0.011..113.789 rows=901343 loops=1)
        ->  Hash  (cost=558975.36..558975.36 rows=2414916 width=25) (actual time=8531.825..8531.825 rows=1970658 loops=1)
              Buckets: 4194304  Batches: 1  Memory Usage: 145567kB
              ->  Hash Join  (cost=356072.86..558975.36 rows=2414916 width=25) (actual time=5127.546..7986.016 rows=1970658 loops=1)
                    Hash Cond: (ci.person_id = n1.id)
                    ->  Hash Join  (cost=206690.03..379103.29 rows=2414990 width=21) (actual time=3082.661..5280.901 rows=1970658 loops=1)
                          Hash Cond: (ci.movie_id = t.id)
                          ->  Nested Loop  (cost=0.56..149728.64 rows=2728943 width=8) (actual time=0.048..1037.914 rows=2728943 loops=1)
                                ->  Seq Scan on role_type rt  (cost=0.00..1.15 rows=1 width=4) (actual time=0.013..0.020 rows=1 loops=1)
                                      Filter: ((role)::text = 'writer'::text)
                                      Rows Removed by Filter: 11
                                ->  Index Scan using role_id_cast_info on cast_info ci  (cost=0.56..116777.70 rows=3294979 width=12) (actual time=0.029..600.387 rows=2728943 loops=1)
                                      Index Cond: (role_id = rt.id)
                          ->  Hash  (cost=192268.11..192268.11 rows=1153709 width=25) (actual time=3076.860..3076.860 rows=1153798 loops=1)
                                Buckets: 2097152  Batches: 1  Memory Usage: 84892kB
                                ->  Hash Join  (cost=99879.96..192268.11 rows=1153709 width=25) (actual time=1300.629..2709.407 rows=1153798 loops=1)
                                      Hash Cond: (mc.movie_id = t.id)
                                      ->  Hash Join  (cost=6993.00..84814.45 rows=1153798 width=4) (actual time=61.543..967.732 rows=1153798 loops=1)
                                            Hash Cond: (mc.company_id = cn.id)
                                            ->  Seq Scan on movie_companies mc  (cost=0.00..44881.29 rows=2609129 width=8) (actual time=0.011..326.044 rows=2609129 loops=1)
                                            ->  Hash  (cost=5932.46..5932.46 rows=84843 width=4) (actual time=60.983..60.983 rows=84843 loops=1)
                                                  Buckets: 131072  Batches: 1  Memory Usage: 4007kB
                                                  ->  Seq Scan on company_name cn  (cost=0.00..5932.46 rows=84843 width=4) (actual time=0.009..45.884 rows=84843 loops=1)
                                                        Filter: ((country_code)::text = '[us]'::text)
                                                        Rows Removed by Filter: 150154
                                      ->  Hash  (cost=61283.06..61283.06 rows=2528312 width=21) (actual time=1227.977..1227.977 rows=2528312 loops=1)
                                            Buckets: 4194304  Batches: 1  Memory Usage: 168637kB
                                            ->  Seq Scan on title t  (cost=0.00..61283.06 rows=2528312 width=21) (actual time=0.049..487.522 rows=2528312 loops=1)
                    ->  Hash  (cost=97289.19..97289.19 rows=4167491 width=4) (actual time=2033.604..2033.604 rows=4167491 loops=1)
                          Buckets: 4194304  Batches: 1  Memory Usage: 179282kB
                          ->  Seq Scan on name n1  (cost=0.00..97289.19 rows=4167491 width=4) (actual time=0.064..761.715 rows=4167491 loops=1)
Planning time: 3.045 ms
Execution time: 10358.499 ms
