Aggregate  (cost=644662.54..644662.55 rows=1 width=64) (actual time=9840.077..9840.077 rows=1 loops=1)
  ->  Hash Join  (cost=574366.73..631540.22 rows=2624465 width=33) (actual time=7327.087..8908.036 rows=2487611 loops=1)
        Hash Cond: (ci.movie_id = t.id)
        ->  Hash Join  (cost=367676.15..399620.93 rows=3034791 width=20) (actual time=4237.456..4921.441 rows=2343724 loops=1)
              Hash Cond: (a1.person_id = n1.id)
              ->  Seq Scan on aka_name a1  (cost=0.00..20409.43 rows=901343 width=20) (actual time=0.010..112.651 rows=901343 loops=1)
              ->  Hash  (cost=333564.36..333564.36 rows=2728943 width=12) (actual time=4226.349..4226.349 rows=2728943 loops=1)
                    Buckets: 4194304  Batches: 1  Memory Usage: 150028kB
                    ->  Hash Join  (cost=149383.39..333564.36 rows=2728943 width=12) (actual time=1738.658..3608.361 rows=2728943 loops=1)
                          Hash Cond: (ci.person_id = n1.id)
                          ->  Nested Loop  (cost=0.56..149728.64 rows=2728943 width=8) (actual time=0.057..1029.943 rows=2728943 loops=1)
                                ->  Seq Scan on role_type rt  (cost=0.00..1.15 rows=1 width=4) (actual time=0.017..0.024 rows=1 loops=1)
                                      Filter: ((role)::text = 'writer'::text)
                                      Rows Removed by Filter: 11
                                ->  Index Scan using role_id_cast_info on cast_info ci  (cost=0.56..116777.70 rows=3294979 width=12) (actual time=0.033..598.325 rows=2728943 loops=1)
                                      Index Cond: (role_id = rt.id)
                          ->  Hash  (cost=97289.19..97289.19 rows=4167491 width=4) (actual time=1727.493..1727.493 rows=4167491 loops=1)
                                Buckets: 4194304  Batches: 1  Memory Usage: 179282kB
                                ->  Seq Scan on name n1  (cost=0.00..97289.19 rows=4167491 width=4) (actual time=0.045..713.717 rows=4167491 loops=1)
        ->  Hash  (cost=192268.11..192268.11 rows=1153798 width=25) (actual time=3083.862..3083.862 rows=1153798 loops=1)
              Buckets: 2097152  Batches: 1  Memory Usage: 84892kB
              ->  Hash Join  (cost=99879.96..192268.11 rows=1153798 width=25) (actual time=1313.173..2718.114 rows=1153798 loops=1)
                    Hash Cond: (mc.movie_id = t.id)
                    ->  Hash Join  (cost=6993.00..84814.45 rows=1153798 width=4) (actual time=61.262..962.944 rows=1153798 loops=1)
                          Hash Cond: (mc.company_id = cn.id)
                          ->  Seq Scan on movie_companies mc  (cost=0.00..44881.29 rows=2609129 width=8) (actual time=0.012..324.220 rows=2609129 loops=1)
                          ->  Hash  (cost=5932.46..5932.46 rows=84843 width=4) (actual time=61.077..61.077 rows=84843 loops=1)
                                Buckets: 131072  Batches: 1  Memory Usage: 4007kB
                                ->  Seq Scan on company_name cn  (cost=0.00..5932.46 rows=84843 width=4) (actual time=0.009..45.969 rows=84843 loops=1)
                                      Filter: ((country_code)::text = '[us]'::text)
                                      Rows Removed by Filter: 150154
                    ->  Hash  (cost=61283.06..61283.06 rows=2528312 width=21) (actual time=1240.849..1240.849 rows=2528312 loops=1)
                          Buckets: 4194304  Batches: 1  Memory Usage: 168637kB
                          ->  Seq Scan on title t  (cost=0.00..61283.06 rows=2528312 width=21) (actual time=0.048..497.455 rows=2528312 loops=1)
Planning time: 3.041 ms
Execution time: 9843.244 ms
