Aggregate  (cost=659983.91..659983.92 rows=1 width=64) (actual time=5713.028..5713.028 rows=1 loops=1)
  ->  Hash Join  (cost=594167.41..626376.83 rows=6721416 width=33) (actual time=5267.633..5591.860 rows=323005 loops=1)
        Hash Cond: (an1.person_id = n1.id)
        ->  Seq Scan on aka_name an1  (cost=0.00..20409.43 rows=901343 width=20) (actual time=0.009..106.169 rows=901343 loops=1)
        ->  Hash  (cost=558526.09..558526.09 rows=2851305 width=25) (actual time=5256.581..5256.581 rows=285538 loops=1)
              Buckets: 4194304  Batches: 1  Memory Usage: 48720kB
              ->  Hash Join  (cost=350388.67..558526.09 rows=2851305 width=25) (actual time=4864.521..5190.404 rows=285538 loops=1)
                    Hash Cond: (ci.person_id = n1.id)
                    ->  Hash Join  (cost=201004.24..373143.95 rows=2851305 width=21) (actual time=3108.159..3348.618 rows=285538 loops=1)
                          Hash Cond: (ci.movie_id = t.id)
                          ->  Nested Loop  (cost=0.56..149728.64 rows=3020398 width=8) (actual time=0.051..102.469 rows=276403 loops=1)
                                ->  Seq Scan on role_type rt  (cost=0.00..1.15 rows=1 width=4) (actual time=0.013..0.021 rows=1 loops=1)
                                      Filter: ((role)::text = 'costume designer'::text)
                                      Rows Removed by Filter: 11
                                ->  Index Scan using role_id_cast_info on cast_info ci  (cost=0.56..116777.70 rows=3294979 width=12) (actual time=0.030..57.935 rows=276403 loops=1)
                                      Index Cond: (role_id = rt.id)
                          ->  Hash  (cost=189403.87..189403.87 rows=927985 width=25) (actual time=3105.020..3105.020 rows=1153798 loops=1)
                                Buckets: 2097152 (originally 1048576)  Batches: 1 (originally 1)  Memory Usage: 84892kB
                                ->  Hash Join  (cost=99866.61..189403.87 rows=927985 width=25) (actual time=1302.250..2713.662 rows=1153798 loops=1)
                                      Hash Cond: (mc.movie_id = t.id)
                                      ->  Hash Join  (cost=6977.22..84798.67 rows=927985 width=4) (actual time=62.312..970.489 rows=1153798 loops=1)
                                            Hash Cond: (mc.company_id = cn.id)
                                            ->  Seq Scan on movie_companies mc  (cost=0.00..44881.29 rows=2609129 width=8) (actual time=0.010..327.690 rows=2609129 loops=1)
                                            ->  Hash  (cost=5932.46..5932.46 rows=83581 width=4) (actual time=61.740..61.740 rows=84843 loops=1)
                                                  Buckets: 131072  Batches: 1  Memory Usage: 4007kB
                                                  ->  Seq Scan on company_name cn  (cost=0.00..5932.46 rows=83581 width=4) (actual time=0.009..46.728 rows=84843 loops=1)
                                                        Filter: ((country_code)::text = '[us]'::text)
                                                        Rows Removed by Filter: 150154
                                      ->  Hash  (cost=61283.06..61283.06 rows=2528506 width=21) (actual time=1228.909..1228.909 rows=2528312 loops=1)
                                            Buckets: 4194304  Batches: 1  Memory Usage: 168637kB
                                            ->  Seq Scan on title t  (cost=0.00..61283.06 rows=2528506 width=21) (actual time=0.037..489.474 rows=2528312 loops=1)
                    ->  Hash  (cost=97289.19..97289.19 rows=4167619 width=4) (actual time=1745.440..1745.440 rows=4167491 loops=1)
                          Buckets: 4194304  Batches: 1  Memory Usage: 179282kB
                          ->  Seq Scan on name n1  (cost=0.00..97289.19 rows=4167619 width=4) (actual time=0.037..735.603 rows=4167491 loops=1)
Planning time: 3.396 ms
Execution time: 5715.888 ms
