Aggregate  (cost=582238.58..582238.59 rows=1 width=64) (actual time=4608.850..4608.850 rows=1 loops=1)
  ->  Hash Join  (cost=537560.44..567699.39 rows=2907838 width=33) (actual time=4161.166..4486.583 rows=323005 loops=1)
        Hash Cond: (an1.person_id = n1.id)
        ->  Seq Scan on aka_name an1  (cost=0.00..20409.43 rows=901343 width=20) (actual time=0.008..106.367 rows=901343 loops=1)
        ->  Hash  (cost=507373.99..507373.99 rows=2414916 width=25) (actual time=4150.036..4150.036 rows=285538 loops=1)
              Buckets: 4194304  Batches: 1  Memory Usage: 48720kB
              ->  Hash Join  (cost=206690.46..507373.99 rows=2414916 width=25) (actual time=3101.455..4072.441 rows=285538 loops=1)
                    Hash Cond: (ci.movie_id = t.id)
                    ->  Nested Loop  (cost=0.99..275576.83 rows=3020362 width=12) (actual time=0.594..805.119 rows=276403 loops=1)
                          ->  Nested Loop  (cost=0.56..149728.64 rows=276403 width=8) (actual time=0.051..116.828 rows=276403 loops=1)
                                ->  Seq Scan on role_type rt  (cost=0.00..1.15 rows=1 width=4) (actual time=0.017..0.023 rows=1 loops=1)
                                      Filter: ((role)::text = 'costume designer'::text)
                                      Rows Removed by Filter: 11
                                ->  Index Scan using role_id_cast_info on cast_info ci  (cost=0.56..116777.70 rows=3294979 width=12) (actual time=0.028..73.242 rows=276403 loops=1)
                                      Index Cond: (role_id = rt.id)
                          ->  Index Only Scan using name_pkey on name n1  (cost=0.43..0.46 rows=1 width=4) (actual time=0.002..0.002 rows=1 loops=276403)
                                Index Cond: (id = ci.person_id)
                                Heap Fetches: 276403
                    ->  Hash  (cost=192268.11..192268.11 rows=1153709 width=25) (actual time=3095.005..3095.005 rows=1153798 loops=1)
                          Buckets: 2097152  Batches: 1  Memory Usage: 84892kB
                          ->  Hash Join  (cost=99879.96..192268.11 rows=1153709 width=25) (actual time=1305.274..2726.748 rows=1153798 loops=1)
                                Hash Cond: (mc.movie_id = t.id)
                                ->  Hash Join  (cost=6993.00..84814.45 rows=1153798 width=4) (actual time=61.968..978.280 rows=1153798 loops=1)
                                      Hash Cond: (mc.company_id = cn.id)
                                      ->  Seq Scan on movie_companies mc  (cost=0.00..44881.29 rows=2609129 width=8) (actual time=0.014..331.685 rows=2609129 loops=1)
                                      ->  Hash  (cost=5932.46..5932.46 rows=84843 width=4) (actual time=61.794..61.794 rows=84843 loops=1)
                                            Buckets: 131072  Batches: 1  Memory Usage: 4007kB
                                            ->  Seq Scan on company_name cn  (cost=0.00..5932.46 rows=84843 width=4) (actual time=0.013..46.710 rows=84843 loops=1)
                                                  Filter: ((country_code)::text = '[us]'::text)
                                                  Rows Removed by Filter: 150154
                                ->  Hash  (cost=61283.06..61283.06 rows=2528312 width=21) (actual time=1232.233..1232.233 rows=2528312 loops=1)
                                      Buckets: 4194304  Batches: 1  Memory Usage: 168637kB
                                      ->  Seq Scan on title t  (cost=0.00..61283.06 rows=2528312 width=21) (actual time=0.031..490.399 rows=2528312 loops=1)
Planning time: 3.111 ms
Execution time: 4610.650 ms
