Aggregate  (cost=548460.73..548460.74 rows=1 width=64) (actual time=4655.631..4655.631 rows=1 loops=1)
  ->  Hash Join  (cost=485722.45..535338.40 rows=2624465 width=33) (actual time=4095.031..4533.781 rows=323005 loops=1)
        Hash Cond: (ci.movie_id = t.id)
        ->  Hash Join  (cost=279031.87..303419.11 rows=3034791 width=20) (actual time=831.874..1153.462 rows=218966 loops=1)
              Hash Cond: (an1.person_id = n1.id)
              ->  Seq Scan on aka_name an1  (cost=0.00..20409.43 rows=901343 width=20) (actual time=0.014..147.379 rows=901343 loops=1)
              ->  Hash  (cost=275576.83..275576.83 rows=276403 width=12) (actual time=830.036..830.036 rows=276403 loops=1)
                    Buckets: 524288  Batches: 1  Memory Usage: 15973kB
                    ->  Nested Loop  (cost=0.99..275576.83 rows=276403 width=12) (actual time=0.084..754.852 rows=276403 loops=1)
                          ->  Nested Loop  (cost=0.56..149728.64 rows=276403 width=8) (actual time=0.058..126.175 rows=276403 loops=1)
                                ->  Seq Scan on role_type rt  (cost=0.00..1.15 rows=1 width=4) (actual time=0.011..0.017 rows=1 loops=1)
                                      Filter: ((role)::text = 'costume designer'::text)
                                      Rows Removed by Filter: 11
                                ->  Index Scan using role_id_cast_info on cast_info ci  (cost=0.56..116777.70 rows=3294979 width=12) (actual time=0.041..82.178 rows=276403 loops=1)
                                      Index Cond: (role_id = rt.id)
                          ->  Index Only Scan using name_pkey on name n1  (cost=0.43..0.46 rows=1 width=4) (actual time=0.002..0.002 rows=1 loops=276403)
                                Index Cond: (id = ci.person_id)
                                Heap Fetches: 276403
        ->  Hash  (cost=192268.11..192268.11 rows=1153798 width=25) (actual time=3257.434..3257.434 rows=1153798 loops=1)
              Buckets: 2097152  Batches: 1  Memory Usage: 84892kB
              ->  Hash Join  (cost=99879.96..192268.11 rows=1153798 width=25) (actual time=1396.322..2886.538 rows=1153798 loops=1)
                    Hash Cond: (mc.movie_id = t.id)
                    ->  Hash Join  (cost=6993.00..84814.45 rows=1153798 width=4) (actual time=66.875..1052.460 rows=1153798 loops=1)
                          Hash Cond: (mc.company_id = cn.id)
                          ->  Seq Scan on movie_companies mc  (cost=0.00..44881.29 rows=2609129 width=8) (actual time=0.016..383.035 rows=2609129 loops=1)
                          ->  Hash  (cost=5932.46..5932.46 rows=84843 width=4) (actual time=66.639..66.639 rows=84843 loops=1)
                                Buckets: 131072  Batches: 1  Memory Usage: 4007kB
                                ->  Seq Scan on company_name cn  (cost=0.00..5932.46 rows=84843 width=4) (actual time=0.011..51.149 rows=84843 loops=1)
                                      Filter: ((country_code)::text = '[us]'::text)
                                      Rows Removed by Filter: 150154
                    ->  Hash  (cost=61283.06..61283.06 rows=2528312 width=21) (actual time=1318.229..1318.229 rows=2528312 loops=1)
                          Buckets: 4194304  Batches: 1  Memory Usage: 168637kB
                          ->  Seq Scan on title t  (cost=0.00..61283.06 rows=2528312 width=21) (actual time=0.058..570.542 rows=2528312 loops=1)
Planning time: 3.049 ms
Execution time: 4661.010 ms
