Aggregate  (cost=529140.18..529140.19 rows=1 width=64) (actual time=4480.671..4480.671 rows=1 loops=1)
  ->  Hash Join  (cost=485722.45..511930.00 rows=3442036 width=33) (actual time=3909.453..4357.774 rows=323005 loops=1)
        Hash Cond: (ci.movie_id = t.id)
        ->  Hash Join  (cost=279031.87..303419.11 rows=218966 width=20) (actual time=830.702..1144.403 rows=218966 loops=1)
              Hash Cond: (an1.person_id = n1.id)
              ->  Seq Scan on aka_name an1  (cost=0.00..20409.43 rows=901343 width=20) (actual time=0.010..129.970 rows=901343 loops=1)
              ->  Hash  (cost=275576.83..275576.83 rows=276403 width=12) (actual time=828.930..828.930 rows=276403 loops=1)
                    Buckets: 524288  Batches: 1  Memory Usage: 15973kB
                    ->  Nested Loop  (cost=0.99..275576.83 rows=276403 width=12) (actual time=0.062..752.001 rows=276403 loops=1)
                          ->  Nested Loop  (cost=0.56..149728.64 rows=276403 width=8) (actual time=0.042..124.749 rows=276403 loops=1)
                                ->  Seq Scan on role_type rt  (cost=0.00..1.15 rows=1 width=4) (actual time=0.009..0.015 rows=1 loops=1)
                                      Filter: ((role)::text = 'costume designer'::text)
                                      Rows Removed by Filter: 11
                                ->  Index Scan using role_id_cast_info on cast_info ci  (cost=0.56..116777.70 rows=3294979 width=12) (actual time=0.027..80.234 rows=276403 loops=1)
                                      Index Cond: (role_id = rt.id)
                          ->  Index Only Scan using name_pkey on name n1  (cost=0.43..0.46 rows=1 width=4) (actual time=0.002..0.002 rows=1 loops=276403)
                                Index Cond: (id = ci.person_id)
                                Heap Fetches: 276403
        ->  Hash  (cost=192268.11..192268.11 rows=1153798 width=25) (actual time=3073.340..3073.340 rows=1153798 loops=1)
              Buckets: 2097152  Batches: 1  Memory Usage: 84892kB
              ->  Hash Join  (cost=99879.96..192268.11 rows=1153798 width=25) (actual time=1303.683..2708.121 rows=1153798 loops=1)
                    Hash Cond: (mc.movie_id = t.id)
                    ->  Hash Join  (cost=6993.00..84814.45 rows=1153798 width=4) (actual time=62.029..963.941 rows=1153798 loops=1)
                          Hash Cond: (mc.company_id = cn.id)
                          ->  Seq Scan on movie_companies mc  (cost=0.00..44881.29 rows=2609129 width=8) (actual time=0.013..326.442 rows=2609129 loops=1)
                          ->  Hash  (cost=5932.46..5932.46 rows=84843 width=4) (actual time=61.849..61.849 rows=84843 loops=1)
                                Buckets: 131072  Batches: 1  Memory Usage: 4007kB
                                ->  Seq Scan on company_name cn  (cost=0.00..5932.46 rows=84843 width=4) (actual time=0.009..46.784 rows=84843 loops=1)
                                      Filter: ((country_code)::text = '[us]'::text)
                                      Rows Removed by Filter: 150154
                    ->  Hash  (cost=61283.06..61283.06 rows=2528312 width=21) (actual time=1230.638..1230.638 rows=2528312 loops=1)
                          Buckets: 4194304  Batches: 1  Memory Usage: 168637kB
                          ->  Seq Scan on title t  (cost=0.00..61283.06 rows=2528312 width=21) (actual time=0.048..490.172 rows=2528312 loops=1)
Planning time: 3.434 ms
Execution time: 4482.831 ms
