Aggregate  (cost=173129.04..173129.05 rows=1 width=96) (actual time=1467.089..1467.089 rows=1 loops=1)
  ->  Hash Join  (cost=31679.65..173128.13 rows=121 width=49) (actual time=866.975..1466.930 rows=121 loops=1)
        Hash Cond: (ci.role_id = rt.id)
        ->  Nested Loop  (cost=31678.49..173125.53 rows=121 width=53) (actual time=866.956..1466.851 rows=121 loops=1)
              ->  Nested Loop  (cost=31678.07..173068.21 rows=123 width=57) (actual time=866.934..1466.380 rows=123 loops=1)
                    ->  Nested Loop  (cost=31677.64..172981.47 rows=130 width=45) (actual time=865.117..1465.913 rows=130 loops=1)
                          Join Filter: (ci.movie_id = mc.movie_id)
                          ->  Nested Loop  (cost=31677.21..172880.92 rows=155 width=49) (actual time=864.739..1464.674 rows=155 loops=1)
                                ->  Nested Loop  (cost=31676.78..172600.44 rows=425 width=28) (actual time=863.055..1462.742 rows=425 loops=1)
                                      Join Filter: (n.id = ci.person_id)
                                      ->  Hash Join  (cost=31676.22..151104.06 rows=1558 width=24) (actual time=854.620..1436.007 rows=1558 loops=1)
                                            Hash Cond: (n.id = an.person_id)
                                            ->  Seq Scan on name n  (cost=0.00..118127.29 rows=6768 width=4) (actual time=428.424..1005.920 rows=6768 loops=1)
                                                  Filter: ((name ~~ '%Ang%'::text) AND ((gender)::text = 'f'::text))
                                                  Rows Removed by Filter: 4160723
                                            ->  Hash  (cost=20409.43..20409.43 rows=901343 width=20) (actual time=422.078..422.078 rows=901343 loops=1)
                                                  Buckets: 1048576  Batches: 1  Memory Usage: 55917kB
                                                  ->  Seq Scan on aka_name an  (cost=0.00..20409.43 rows=901343 width=20) (actual time=0.013..199.810 rows=901343 loops=1)
                                      ->  Index Scan using person_id_cast_info on cast_info ci  (cost=0.56..13.65 rows=12 width=16) (actual time=0.015..0.017 rows=0 loops=1558)
                                            Index Cond: (person_id = an.person_id)
                                            Filter: (note = ANY ('{(voice),"(voice: Japanese version)","(voice) (uncredited)","(voice: English version)"}'::text[]))
                                            Rows Removed by Filter: 44
                                ->  Index Scan using title_pkey on title t  (cost=0.43..0.66 rows=1 width=21) (actual time=0.004..0.004 rows=0 loops=425)
                                      Index Cond: (id = ci.movie_id)
                                      Filter: ((production_year >= 2005) AND (production_year <= 2015))
                                      Rows Removed by Filter: 1
                          ->  Index Scan using movie_id_movie_companies on movie_companies mc  (cost=0.43..0.64 rows=1 width=8) (actual time=0.005..0.007 rows=1 loops=155)
                                Index Cond: (movie_id = t.id)
                                Filter: ((note IS NOT NULL) AND ((note ~~ '%(USA)%'::text) OR (note ~~ '%(worldwide)%'::text)))
                                Rows Removed by Filter: 5
                    ->  Index Scan using char_name_pkey on char_name chn  (cost=0.43..0.67 rows=1 width=20) (actual time=0.003..0.003 rows=1 loops=130)
                          Index Cond: (id = ci.person_role_id)
              ->  Index Scan using company_name_pkey on company_name cn  (cost=0.42..0.47 rows=1 width=4) (actual time=0.003..0.003 rows=1 loops=123)
                    Index Cond: (id = mc.company_id)
                    Filter: ((country_code)::text = '[us]'::text)
                    Rows Removed by Filter: 0
        ->  Hash  (cost=1.15..1.15 rows=1 width=4) (actual time=0.011..0.011 rows=1 loops=1)
              Buckets: 1024  Batches: 1  Memory Usage: 9kB
              ->  Seq Scan on role_type rt  (cost=0.00..1.15 rows=1 width=4) (actual time=0.008..0.010 rows=1 loops=1)
                    Filter: ((role)::text = 'actress'::text)
                    Rows Removed by Filter: 11
Planning time: 5.405 ms
Execution time: 1467.429 ms
