Aggregate  (cost=167200.21..167200.22 rows=1 width=128) (actual time=1459.458..1459.458 rows=1 loops=1)
  ->  Nested Loop  (cost=31679.65..167200.20 rows=1 width=64) (actual time=876.041..1459.368 rows=40 loops=1)
        ->  Nested Loop  (cost=31679.22..167198.77 rows=2 width=52) (actual time=876.022..1459.203 rows=40 loops=1)
              ->  Nested Loop  (cost=31678.79..167190.32 rows=12 width=43) (actual time=864.522..1458.770 rows=97 loops=1)
                    ->  Nested Loop  (cost=31678.38..167173.24 rows=33 width=47) (actual time=864.507..1458.344 rows=103 loops=1)
                          ->  Hash Join  (cost=31677.94..167057.45 rows=163 width=39) (actual time=864.492..1456.584 rows=265 loops=1)
                                Hash Cond: (ci.role_id = rt.id)
                                ->  Nested Loop  (cost=31676.78..167033.09 rows=1952 width=43) (actual time=864.472..1456.454 rows=265 loops=1)
                                      Join Filter: (n.id = ci.person_id)
                                      ->  Hash Join  (cost=31676.22..150842.91 rows=1296 width=39) (actual time=856.478..1437.504 rows=1296 loops=1)
                                            Hash Cond: (n.id = an.person_id)
                                            ->  Seq Scan on name n  (cost=0.00..118127.29 rows=5409 width=19) (actual time=428.733..1006.602 rows=5409 loops=1)
                                                  Filter: ((name ~~ '%Angel%'::text) AND ((gender)::text = 'f'::text))
                                                  Rows Removed by Filter: 4162082
                                            ->  Hash  (cost=20409.43..20409.43 rows=901343 width=20) (actual time=423.475..423.475 rows=901343 loops=1)
                                                  Buckets: 1048576  Batches: 1  Memory Usage: 55917kB
                                                  ->  Seq Scan on aka_name an  (cost=0.00..20409.43 rows=901343 width=20) (actual time=0.014..200.999 rows=901343 loops=1)
                                      ->  Index Scan using person_id_cast_info on cast_info ci  (cost=0.56..12.37 rows=10 width=16) (actual time=0.013..0.014 rows=0 loops=1296)
                                            Index Cond: (person_id = an.person_id)
                                            Filter: (note = '(voice)'::text)
                                            Rows Removed by Filter: 43
                                ->  Hash  (cost=1.15..1.15 rows=1 width=4) (actual time=0.011..0.011 rows=1 loops=1)
                                      Buckets: 1024  Batches: 1  Memory Usage: 9kB
                                      ->  Seq Scan on role_type rt  (cost=0.00..1.15 rows=1 width=4) (actual time=0.008..0.009 rows=1 loops=1)
                                            Filter: ((role)::text = 'actress'::text)
                                            Rows Removed by Filter: 11
                          ->  Index Scan using movie_id_movie_companies on movie_companies mc  (cost=0.43..0.70 rows=1 width=8) (actual time=0.005..0.006 rows=0 loops=265)
                                Index Cond: (movie_id = ci.movie_id)
                                Filter: ((note ~~ '%(200%)%'::text) AND ((note ~~ '%(USA)%'::text) OR (note ~~ '%(worldwide)%'::text)))
                                Rows Removed by Filter: 4
                    ->  Index Scan using company_name_pkey on company_name cn  (cost=0.42..0.52 rows=1 width=4) (actual time=0.004..0.004 rows=1 loops=103)
                          Index Cond: (id = mc.company_id)
                          Filter: ((country_code)::text = '[us]'::text)
                          Rows Removed by Filter: 0
              ->  Index Scan using title_pkey on title t  (cost=0.43..0.70 rows=1 width=21) (actual time=0.004..0.004 rows=0 loops=97)
                    Index Cond: (id = ci.movie_id)
                    Filter: ((production_year >= 2007) AND (production_year <= 2010))
                    Rows Removed by Filter: 1
        ->  Index Scan using char_name_pkey on char_name chn  (cost=0.43..0.71 rows=1 width=20) (actual time=0.003..0.003 rows=1 loops=40)
              Index Cond: (id = ci.person_role_id)
Planning time: 5.413 ms
Execution time: 1459.799 ms
