Aggregate  (cost=258453.28..258453.29 rows=1 width=128) (actual time=3467.946..3467.946 rows=1 loops=1)
  ->  Nested Loop  (cost=118755.12..258444.75 rows=853 width=64) (actual time=1056.664..3460.403 rows=8144 loops=1)
        Join Filter: (n.id = an.person_id)
        ->  Nested Loop  (cost=118754.70..258023.15 rows=768 width=56) (actual time=1037.912..3443.346 rows=4503 loops=1)
              ->  Nested Loop  (cost=118754.27..257650.17 rows=559 width=44) (actual time=1037.887..3417.878 rows=4938 loops=1)
                    Join Filter: (ci.movie_id = t.id)
                    ->  Nested Loop  (cost=118753.84..257354.47 rows=559 width=35) (actual time=1037.853..3386.633 rows=4938 loops=1)
                          ->  Nested Loop  (cost=118753.42..256664.23 rows=1548 width=39) (actual time=1037.826..3322.110 rows=14547 loops=1)
                                ->  Hash Join  (cost=118752.99..256289.05 rows=546 width=31) (actual time=1037.778..3262.592 rows=6552 loops=1)
                                      Hash Cond: (ci.person_id = n.id)
                                      ->  Nested Loop  (cost=0.56..134050.03 rows=276166 width=12) (actual time=0.242..2181.651 rows=276166 loops=1)
                                            ->  Seq Scan on role_type rt  (cost=0.00..1.15 rows=1 width=4) (actual time=0.007..0.015 rows=1 loops=1)
                                                  Filter: ((role)::text = 'actress'::text)
                                                  Rows Removed by Filter: 11
                                            ->  Index Scan using role_id_cast_info on cast_info ci  (cost=0.56..133252.59 rows=79629 width=16) (actual time=0.233..2140.099 rows=276166 loops=1)
                                                  Index Cond: (role_id = rt.id)
                                                  Filter: (note = ANY ('{(voice),"(voice: Japanese version)","(voice) (uncredited)","(voice: English version)"}'::text[]))
                                                  Rows Removed by Filter: 7175807
                                      ->  Hash  (cost=118127.29..118127.29 rows=50011 width=19) (actual time=1030.018..1030.018 rows=50011 loops=1)
                                            Buckets: 65536  Batches: 1  Memory Usage: 3135kB
                                            ->  Seq Scan on name n  (cost=0.00..118127.29 rows=50011 width=19) (actual time=426.800..1015.779 rows=50011 loops=1)
                                                  Filter: ((name ~~ '%An%'::text) AND ((gender)::text = 'f'::text))
                                                  Rows Removed by Filter: 4117480
                                ->  Index Scan using movie_id_movie_companies on movie_companies mc  (cost=0.43..0.64 rows=5 width=8) (actual time=0.006..0.008 rows=2 loops=6552)
                                      Index Cond: (movie_id = ci.movie_id)
                          ->  Index Scan using company_name_pkey on company_name cn  (cost=0.42..0.45 rows=1 width=4) (actual time=0.004..0.004 rows=0 loops=14547)
                                Index Cond: (id = mc.company_id)
                                Filter: ((country_code)::text = '[us]'::text)
                                Rows Removed by Filter: 1
                    ->  Index Scan using title_pkey on title t  (cost=0.43..0.52 rows=1 width=21) (actual time=0.006..0.006 rows=1 loops=4938)
                          Index Cond: (id = mc.movie_id)
              ->  Index Scan using char_name_pkey on char_name chn  (cost=0.43..0.67 rows=1 width=20) (actual time=0.005..0.005 rows=1 loops=4938)
                    Index Cond: (id = ci.person_role_id)
        ->  Index Scan using person_id_aka_name on aka_name an  (cost=0.42..0.52 rows=2 width=20) (actual time=0.002..0.003 rows=2 loops=4503)
              Index Cond: (person_id = ci.person_id)
Planning time: 5.243 ms
Execution time: 3468.045 ms
