Aggregate  (cost=223491.44..223491.45 rows=1 width=128) (actual time=7351.978..7351.978 rows=1 loops=1)
  ->  Nested Loop  (cost=6979.93..223304.38 rows=18706 width=64) (actual time=74.091..6959.384 rows=483082 loops=1)
        ->  Nested Loop  (cost=6979.51..219043.52 rows=7935 width=56) (actual time=74.061..6341.829 rows=173567 loops=1)
              Join Filter: (ci.movie_id = t.id)
              ->  Hash Join  (cost=6979.08..214846.11 rows=7935 width=47) (actual time=74.035..5559.451 rows=173567 loops=1)
                    Hash Cond: (mc.company_id = cn.id)
                    ->  Nested Loop  (cost=1.85..207587.21 rows=22311 width=51) (actual time=0.286..5312.284 rows=426400 loops=1)
                          ->  Nested Loop  (cost=1.42..201820.77 rows=8406 width=43) (actual time=0.279..4181.304 rows=255493 loops=1)
                                ->  Nested Loop  (cost=0.99..190476.58 rows=17056 width=31) (actual time=0.265..3097.897 rows=276005 loops=1)
                                      ->  Nested Loop  (cost=0.56..134050.03 rows=72993 width=12) (actual time=0.235..2253.376 rows=276166 loops=1)
                                            ->  Seq Scan on role_type rt  (cost=0.00..1.15 rows=1 width=4) (actual time=0.008..0.013 rows=1 loops=1)
                                                  Filter: ((role)::text = 'actress'::text)
                                                  Rows Removed by Filter: 11
                                            ->  Index Scan using role_id_cast_info on cast_info ci  (cost=0.56..133252.59 rows=79629 width=16) (actual time=0.226..2202.855 rows=276166 loops=1)
                                                  Index Cond: (role_id = rt.id)
                                                  Filter: (note = ANY ('{(voice),"(voice: Japanese version)","(voice) (uncredited)","(voice: English version)"}'::text[]))
                                                  Rows Removed by Filter: 7175807
                                      ->  Index Scan using name_pkey on name n  (cost=0.43..0.77 rows=1 width=19) (actual time=0.003..0.003 rows=1 loops=276166)
                                            Index Cond: (id = ci.person_id)
                                            Filter: ((gender)::text = 'f'::text)
                                            Rows Removed by Filter: 0
                                ->  Index Scan using char_name_pkey on char_name chn  (cost=0.43..0.67 rows=1 width=20) (actual time=0.003..0.003 rows=1 loops=276005)
                                      Index Cond: (id = ci.person_role_id)
                          ->  Index Scan using movie_id_movie_companies on movie_companies mc  (cost=0.43..0.64 rows=5 width=8) (actual time=0.003..0.004 rows=2 loops=255493)
                                Index Cond: (movie_id = ci.movie_id)
                    ->  Hash  (cost=5932.46..5932.46 rows=83581 width=4) (actual time=73.002..73.002 rows=84843 loops=1)
                          Buckets: 131072  Batches: 1  Memory Usage: 4007kB
                          ->  Seq Scan on company_name cn  (cost=0.00..5932.46 rows=83581 width=4) (actual time=0.013..58.599 rows=84843 loops=1)
                                Filter: ((country_code)::text = '[us]'::text)
                                Rows Removed by Filter: 150154
              ->  Index Scan using title_pkey on title t  (cost=0.43..0.52 rows=1 width=21) (actual time=0.004..0.004 rows=1 loops=173567)
                    Index Cond: (id = mc.movie_id)
        ->  Index Scan using person_id_aka_name on aka_name an  (cost=0.42..0.52 rows=2 width=20) (actual time=0.002..0.003 rows=3 loops=173567)
              Index Cond: (person_id = n.id)
Planning time: 6.331 ms
Execution time: 7352.087 ms
