Aggregate  (cost=339704.34..339704.35 rows=1 width=128) (actual time=6680.312..6680.312 rows=1 loops=1)
  ->  Nested Loop  (cost=99239.20..339385.20 rows=31914 width=64) (actual time=1317.131..6290.197 rows=483082 loops=1)
        ->  Nested Loop  (cost=99238.78..334140.49 rows=9754 width=56) (actual time=1317.099..5679.379 rows=173567 loops=1)
              Join Filter: (ci.movie_id = t.id)
              ->  Nested Loop  (cost=99238.35..328980.36 rows=9755 width=47) (actual time=1317.072..4982.979 rows=173567 loops=1)
                    ->  Nested Loop  (cost=99237.92..320363.73 rows=12914 width=35) (actual time=1317.042..4305.260 rows=189464 loops=1)
                          ->  Hash Join  (cost=99237.49..276917.68 rows=55974 width=16) (actual time=1317.004..3693.882 rows=189554 loops=1)
                                Hash Cond: (ci.movie_id = mc.movie_id)
                                ->  Nested Loop  (cost=0.56..134050.03 rows=276166 width=12) (actual time=0.216..2197.681 rows=276166 loops=1)
                                      ->  Seq Scan on role_type rt  (cost=0.00..1.15 rows=1 width=4) (actual time=0.007..0.016 rows=1 loops=1)
                                            Filter: ((role)::text = 'actress'::text)
                                            Rows Removed by Filter: 11
                                      ->  Index Scan using role_id_cast_info on cast_info ci  (cost=0.56..133252.59 rows=79629 width=16) (actual time=0.207..2153.195 rows=276166 loops=1)
                                            Index Cond: (role_id = rt.id)
                                            Filter: (note = ANY ('{(voice),"(voice: Japanese version)","(voice) (uncredited)","(voice: English version)"}'::text[]))
                                            Rows Removed by Filter: 7175807
                                ->  Hash  (cost=84814.45..84814.45 rows=1153798 width=4) (actual time=1311.167..1311.167 rows=1153798 loops=1)
                                      Buckets: 2097152  Batches: 1  Memory Usage: 56948kB
                                      ->  Hash Join  (cost=6993.00..84814.45 rows=1153798 width=4) (actual time=73.435..1022.936 rows=1153798 loops=1)
                                            Hash Cond: (mc.company_id = cn.id)
                                            ->  Seq Scan on movie_companies mc  (cost=0.00..44881.29 rows=2609129 width=8) (actual time=0.010..362.934 rows=2609129 loops=1)
                                            ->  Hash  (cost=5932.46..5932.46 rows=84843 width=4) (actual time=72.840..72.840 rows=84843 loops=1)
                                                  Buckets: 131072  Batches: 1  Memory Usage: 4007kB
                                                  ->  Seq Scan on company_name cn  (cost=0.00..5932.46 rows=84843 width=4) (actual time=0.015..56.725 rows=84843 loops=1)
                                                        Filter: ((country_code)::text = '[us]'::text)
                                                        Rows Removed by Filter: 150154
                          ->  Index Scan using name_pkey on name n  (cost=0.43..0.78 rows=1 width=19) (actual time=0.003..0.003 rows=1 loops=189554)
                                Index Cond: (id = ci.person_id)
                                Filter: ((gender)::text = 'f'::text)
                                Rows Removed by Filter: 0
                    ->  Index Scan using char_name_pkey on char_name chn  (cost=0.43..0.67 rows=1 width=20) (actual time=0.003..0.003 rows=1 loops=189464)
                          Index Cond: (id = ci.person_role_id)
              ->  Index Scan using title_pkey on title t  (cost=0.43..0.52 rows=1 width=21) (actual time=0.003..0.003 rows=1 loops=173567)
                    Index Cond: (id = mc.movie_id)
        ->  Index Scan using person_id_aka_name on aka_name an  (cost=0.42..0.52 rows=2 width=20) (actual time=0.002..0.003 rows=3 loops=173567)
              Index Cond: (person_id = n.id)
Planning time: 6.369 ms
Execution time: 6680.608 ms
