Aggregate  (cost=422552.50..422552.51 rows=1 width=128) (actual time=7211.252..7211.252 rows=1 loops=1)
  ->  Nested Loop  (cost=218966.45..422316.13 rows=23637 width=64) (actual time=2401.118..6819.641 rows=483082 loops=1)
        ->  Nested Loop  (cost=218966.02..415903.00 rows=11927 width=56) (actual time=2401.089..6218.022 rows=173567 loops=1)
              Join Filter: (ci.movie_id = t.id)
              ->  Nested Loop  (cost=218965.59..409593.41 rows=11928 width=47) (actual time=2401.056..5544.346 rows=173567 loops=1)
                    ->  Hash Join  (cost=218965.16..399038.48 rows=15819 width=35) (actual time=2401.020..4852.176 rows=189464 loops=1)
                          Hash Cond: (ci.person_id = n.id)
                          ->  Hash Join  (cost=99237.49..276917.68 rows=189554 width=16) (actual time=1341.180..3702.194 rows=189554 loops=1)
                                Hash Cond: (ci.movie_id = mc.movie_id)
                                ->  Nested Loop  (cost=0.56..134050.03 rows=276166 width=12) (actual time=0.223..2197.759 rows=276166 loops=1)
                                      ->  Seq Scan on role_type rt  (cost=0.00..1.15 rows=1 width=4) (actual time=0.008..0.015 rows=1 loops=1)
                                            Filter: ((role)::text = 'actress'::text)
                                            Rows Removed by Filter: 11
                                      ->  Index Scan using role_id_cast_info on cast_info ci  (cost=0.56..133252.59 rows=79629 width=16) (actual time=0.214..2154.100 rows=276166 loops=1)
                                            Index Cond: (role_id = rt.id)
                                            Filter: (note = ANY ('{(voice),"(voice: Japanese version)","(voice) (uncredited)","(voice: English version)"}'::text[]))
                                            Rows Removed by Filter: 7175807
                                ->  Hash  (cost=84814.45..84814.45 rows=1153798 width=4) (actual time=1335.014..1335.014 rows=1153798 loops=1)
                                      Buckets: 2097152  Batches: 1  Memory Usage: 56948kB
                                      ->  Hash Join  (cost=6993.00..84814.45 rows=1153798 width=4) (actual time=75.183..1047.666 rows=1153798 loops=1)
                                            Hash Cond: (mc.company_id = cn.id)
                                            ->  Seq Scan on movie_companies mc  (cost=0.00..44881.29 rows=2609129 width=8) (actual time=0.009..385.027 rows=2609129 loops=1)
                                            ->  Hash  (cost=5932.46..5932.46 rows=84843 width=4) (actual time=74.586..74.586 rows=84843 loops=1)
                                                  Buckets: 131072  Batches: 1  Memory Usage: 4007kB
                                                  ->  Seq Scan on company_name cn  (cost=0.00..5932.46 rows=84843 width=4) (actual time=0.015..58.569 rows=84843 loops=1)
                                                        Filter: ((country_code)::text = '[us]'::text)
                                                        Rows Removed by Filter: 150154
                          ->  Hash  (cost=107708.24..107708.24 rows=961555 width=19) (actual time=1056.700..1056.700 rows=961555 loops=1)
                                Buckets: 1048576  Batches: 1  Memory Usage: 58170kB
                                ->  Seq Scan on name n  (cost=0.00..107708.24 rows=961555 width=19) (actual time=323.899..809.096 rows=961555 loops=1)
                                      Filter: ((gender)::text = 'f'::text)
                                      Rows Removed by Filter: 3205936
                    ->  Index Scan using char_name_pkey on char_name chn  (cost=0.43..0.67 rows=1 width=20) (actual time=0.003..0.003 rows=1 loops=189464)
                          Index Cond: (id = ci.person_role_id)
              ->  Index Scan using title_pkey on title t  (cost=0.43..0.52 rows=1 width=21) (actual time=0.003..0.003 rows=1 loops=173567)
                    Index Cond: (id = mc.movie_id)
        ->  Index Scan using person_id_aka_name on aka_name an  (cost=0.42..0.52 rows=2 width=20) (actual time=0.002..0.003 rows=3 loops=173567)
              Index Cond: (person_id = n.id)
Planning time: 6.133 ms
Execution time: 7211.787 ms
